{"type":"operationStart","subtype":"profile","data":{"_id":"71hNKVLhlQZyB5TK","timestamp":"2023-05-18T15:32:10.676Z","state":"queued","mode":"standard","timeout":60000,"creationDate":"2023-05-18T15:32:10.679Z","modificationDate":"2023-05-18T15:32:10.679Z","shortid":"dC4gIS1","$entitySet":"profiles"},"doDiffs":false,"timestamp":1684423930678,"id":"0scw3janeutv5zi","previousOperationId":null,"operationId":"e1eza5iwlul35ob"}
{"type":"log","level":"info","message":"Render request 1 queued for execution and waiting for available worker","previousOperationId":"e1eza5iwlul35ob","timestamp":1684423930678,"id":"485rszc8sfs6lps"}
{"type":"operationStart","subtype":"render","name":"anonymous","previousOperationId":"e1eza5iwlul35ob","timestamp":1684423930696,"id":"ffsslf3nu1qm9m4","previousEventId":"0scw3janeutv5zi","operationId":"qzd4pd2blwfzbae"}
{"type":"log","timestamp":1684423930697,"level":"info","message":"Starting rendering request 1","meta":{"rootId":"04w2jdqqhh4tnh3","id":"04w2jdqqhh4tnh3"},"id":"7kjx6hs8dbuk44v","previousOperationId":"qzd4pd2blwfzbae"}
{"type":"log","timestamp":1684423930699,"level":"info","message":"Rendering anonymous template { recipe: chrome-pdf, engine: handlebars }","meta":{"rootId":"04w2jdqqhh4tnh3","id":"04w2jdqqhh4tnh3"},"id":"fczvod5s5w97905","previousOperationId":"qzd4pd2blwfzbae"}
{"type":"log","timestamp":1684423930699,"level":"debug","message":"Inline data specified.","meta":{"rootId":"04w2jdqqhh4tnh3","id":"04w2jdqqhh4tnh3"},"id":"9ojnb4m4lg01dlq","previousOperationId":"qzd4pd2blwfzbae"}
{"type":"log","timestamp":1684423930709,"level":"debug","message":"Base url not specified, skipping its injection.","meta":{"rootId":"04w2jdqqhh4tnh3","id":"04w2jdqqhh4tnh3"},"id":"bktl0p5laz1q5cl","previousOperationId":"qzd4pd2blwfzbae"}
{"type":"operationStart","subtype":"engine","name":"handlebars","timestamp":1684423930711,"id":"o0td66m9p1omt42","previousEventId":"ffsslf3nu1qm9m4","operationId":"kohzq3kpt392jtu","previousOperationId":"qzd4pd2blwfzbae"}
{"type":"log","timestamp":1684423930711,"level":"debug","message":"Rendering engine handlebars","meta":{"rootId":"04w2jdqqhh4tnh3","id":"04w2jdqqhh4tnh3"},"id":"9pa6fpputw1yozc","previousOperationId":"kohzq3kpt392jtu"}
{"type":"operationEnd","operationId":"kohzq3kpt392jtu","timestamp":1684423931236,"id":"olhf5823d3e7z1m","previousEventId":"o0td66m9p1omt42","previousOperationId":"kohzq3kpt392jtu"}
{"type":"operationStart","subtype":"recipe","name":"chrome-pdf","timestamp":1684423931237,"id":"ltnqudje5wg3msz","previousEventId":"olhf5823d3e7z1m","operationId":"z5zif32ck9en1re","previousOperationId":"kohzq3kpt392jtu"}
{"type":"log","timestamp":1684423931237,"level":"debug","message":"Executing recipe chrome-pdf","meta":{"rootId":"04w2jdqqhh4tnh3","id":"04w2jdqqhh4tnh3"},"id":"ugfw0wy7ry5db4n","previousOperationId":"z5zif32ck9en1re"}
{"type":"log","timestamp":1684423931663,"level":"debug","message":"Converting with chrome HeadlessChrome/105.0.5173.0 using chrome-pool strategy","meta":{"rootId":"04w2jdqqhh4tnh3","id":"04w2jdqqhh4tnh3"},"id":"b4csss0cwnlwhph","previousOperationId":"z5zif32ck9en1re"}
{"type":"log","timestamp":1684423931835,"level":"debug","message":"Page request: GET (document) file:///C:/Users/hp/AppData/Local/Temp/jsreport/autocleanup/e2c5239e-4e61-4b2f-8b23-b1059eca2858-chrome-pdf.html","meta":{"rootId":"04w2jdqqhh4tnh3","id":"04w2jdqqhh4tnh3"},"id":"4uaseyjts18xwue","previousOperationId":"z5zif32ck9en1re"}
{"type":"log","timestamp":1684423931846,"level":"debug","message":"Page request finished: GET (document) 200 file:///C:/Users/hp/AppData/Local/Temp/jsreport/autocleanup/e2c5239e-4e61-4b2f-8b23-b1059eca2858-chrome-pdf.html","meta":{"rootId":"04w2jdqqhh4tnh3","id":"04w2jdqqhh4tnh3"},"id":"67nvastvzbsshyq","previousOperationId":"z5zif32ck9en1re"}
{"type":"log","timestamp":1684423931940,"level":"debug","message":"Running chrome with params {\"timeout\":59282,\"margin\":{},\"printBackground\":true}","meta":{"rootId":"04w2jdqqhh4tnh3","id":"04w2jdqqhh4tnh3"},"id":"0bzosk0tjdg116g","previousOperationId":"z5zif32ck9en1re"}
{"type":"operationEnd","operationId":"z5zif32ck9en1re","timestamp":1684423932386,"id":"oukwqz7emt1umd1","previousEventId":"ltnqudje5wg3msz","previousOperationId":"z5zif32ck9en1re"}
{"type":"log","timestamp":1684423932387,"level":"debug","message":"Skipping storing report.","meta":{"rootId":"04w2jdqqhh4tnh3","id":"04w2jdqqhh4tnh3"},"id":"5m2vpkdqgju7hxb","previousOperationId":"z5zif32ck9en1re"}
{"type":"log","timestamp":1684423932387,"level":"info","message":"Rendering request 1 finished in 1712 ms","meta":{"rootId":"04w2jdqqhh4tnh3","id":"04w2jdqqhh4tnh3"},"id":"0y8q48csetc8y6j","previousOperationId":"z5zif32ck9en1re"}
{"type":"operationEnd","subtype":"render","operationId":"qzd4pd2blwfzbae","timestamp":1684423932387,"id":"diaxkcl8he36w91","previousEventId":"oukwqz7emt1umd1","previousOperationId":"z5zif32ck9en1re"}
{"type":"operationEnd","doDiffs":false,"previousEventId":"0scw3janeutv5zi","previousOperationId":"e1eza5iwlul35ob","operationId":"e1eza5iwlul35ob","timestamp":1684423932391,"id":"5i9fwyenw5s63r1"}
