{"type":"operationStart","subtype":"profile","data":{"_id":"ZQNtFWpNlfXFm7l2","timestamp":"2023-05-19T06:12:43.210Z","state":"queued","mode":"standard","timeout":60000,"creationDate":"2023-05-19T06:12:43.214Z","modificationDate":"2023-05-19T06:12:43.214Z","shortid":"lldHVg8","$entitySet":"profiles"},"doDiffs":false,"timestamp":1684476763213,"id":"0g05z494ql63r31","previousOperationId":null,"operationId":"pgxkue0fm5934rk"}
{"type":"log","level":"info","message":"Render request 2 queued for execution and waiting for available worker","previousOperationId":"pgxkue0fm5934rk","timestamp":1684476763213,"id":"txz43rec3q6q72h"}
{"type":"operationStart","subtype":"render","name":"anonymous","previousOperationId":"pgxkue0fm5934rk","timestamp":1684476763222,"id":"vxny7lr0tsxbclz","previousEventId":"0g05z494ql63r31","operationId":"rbx2be6x7kunf6k"}
{"type":"log","timestamp":1684476763222,"level":"info","message":"Starting rendering request 2","meta":{"rootId":"064n0cwnr1o5jzm","id":"064n0cwnr1o5jzm"},"id":"ua1k1rxxfmvnoux","previousOperationId":"rbx2be6x7kunf6k"}
{"type":"log","timestamp":1684476763222,"level":"info","message":"Rendering anonymous template { recipe: chrome-pdf, engine: handlebars }","meta":{"rootId":"064n0cwnr1o5jzm","id":"064n0cwnr1o5jzm"},"id":"xtsv8xe0nmkwfew","previousOperationId":"rbx2be6x7kunf6k"}
{"type":"log","timestamp":1684476763222,"level":"debug","message":"Inline data specified.","meta":{"rootId":"064n0cwnr1o5jzm","id":"064n0cwnr1o5jzm"},"id":"3xoy8qhs6y1m9ab","previousOperationId":"rbx2be6x7kunf6k"}
{"type":"log","timestamp":1684476763225,"level":"debug","message":"Base url not specified, skipping its injection.","meta":{"rootId":"064n0cwnr1o5jzm","id":"064n0cwnr1o5jzm"},"id":"315lfu3s0q4zs8n","previousOperationId":"rbx2be6x7kunf6k"}
{"type":"operationStart","subtype":"engine","name":"handlebars","timestamp":1684476763226,"id":"vpwrdob3e7ssem5","previousEventId":"vxny7lr0tsxbclz","operationId":"jupk44cii8752dk","previousOperationId":"rbx2be6x7kunf6k"}
{"type":"log","timestamp":1684476763226,"level":"debug","message":"Rendering engine handlebars","meta":{"rootId":"064n0cwnr1o5jzm","id":"064n0cwnr1o5jzm"},"id":"zsebja0yh1wpiwl","previousOperationId":"jupk44cii8752dk"}
{"type":"operationEnd","operationId":"jupk44cii8752dk","timestamp":1684476763248,"id":"0c2splnwu71at7g","previousEventId":"vpwrdob3e7ssem5","previousOperationId":"jupk44cii8752dk"}
{"type":"operationStart","subtype":"recipe","name":"chrome-pdf","timestamp":1684476763249,"id":"dzfm9nu53g6875j","previousEventId":"0c2splnwu71at7g","operationId":"punicjwv1v9o95u","previousOperationId":"jupk44cii8752dk"}
{"type":"log","timestamp":1684476763249,"level":"debug","message":"Executing recipe chrome-pdf","meta":{"rootId":"064n0cwnr1o5jzm","id":"064n0cwnr1o5jzm"},"id":"0udl320g43i3ed7","previousOperationId":"punicjwv1v9o95u"}
{"type":"log","timestamp":1684476763257,"level":"debug","message":"Converting with chrome HeadlessChrome/105.0.5173.0 using chrome-pool strategy","meta":{"rootId":"064n0cwnr1o5jzm","id":"064n0cwnr1o5jzm"},"id":"f2w6hywstwjg7qe","previousOperationId":"punicjwv1v9o95u"}
{"type":"log","timestamp":1684476763422,"level":"debug","message":"Page request: GET (document) file:///C:/Users/hp/AppData/Local/Temp/jsreport/autocleanup/378040e6-3550-43f7-b496-61d8804114d1-chrome-pdf.html","meta":{"rootId":"064n0cwnr1o5jzm","id":"064n0cwnr1o5jzm"},"id":"vdu05t13ut7rhxq","previousOperationId":"punicjwv1v9o95u"}
{"type":"log","timestamp":1684476763434,"level":"debug","message":"Page request finished: GET (document) 200 file:///C:/Users/hp/AppData/Local/Temp/jsreport/autocleanup/378040e6-3550-43f7-b496-61d8804114d1-chrome-pdf.html","meta":{"rootId":"064n0cwnr1o5jzm","id":"064n0cwnr1o5jzm"},"id":"krs97vtef1yfxhv","previousOperationId":"punicjwv1v9o95u"}
{"type":"log","timestamp":1684476763570,"level":"debug","message":"Running chrome with params {\"timeout\":59958,\"margin\":{},\"printBackground\":true}","meta":{"rootId":"064n0cwnr1o5jzm","id":"064n0cwnr1o5jzm"},"id":"7plkeshempwht7s","previousOperationId":"punicjwv1v9o95u"}
{"type":"operationEnd","operationId":"punicjwv1v9o95u","timestamp":1684476763962,"id":"olhoohxz9ckgaz1","previousEventId":"dzfm9nu53g6875j","previousOperationId":"punicjwv1v9o95u"}
{"type":"log","timestamp":1684476763962,"level":"debug","message":"Skipping storing report.","meta":{"rootId":"064n0cwnr1o5jzm","id":"064n0cwnr1o5jzm"},"id":"8znxkty9s1c3rw9","previousOperationId":"punicjwv1v9o95u"}
{"type":"log","timestamp":1684476763962,"level":"info","message":"Rendering request 2 finished in 752 ms","meta":{"rootId":"064n0cwnr1o5jzm","id":"064n0cwnr1o5jzm"},"id":"59x3ch8vczo19ro","previousOperationId":"punicjwv1v9o95u"}
{"type":"operationEnd","subtype":"render","operationId":"rbx2be6x7kunf6k","timestamp":1684476763962,"id":"8i1048bgwc9t3aj","previousEventId":"olhoohxz9ckgaz1","previousOperationId":"punicjwv1v9o95u"}
{"type":"operationEnd","doDiffs":false,"previousEventId":"0g05z494ql63r31","previousOperationId":"pgxkue0fm5934rk","operationId":"pgxkue0fm5934rk","timestamp":1684476763965,"id":"o9ihqv1x1ygwacz"}
