{"type":"operationStart","subtype":"profile","data":{"_id":"EaB4CTZgvQPMKjv0","timestamp":"2023-04-18T13:48:22.801Z","state":"queued","mode":"standard","timeout":60000,"creationDate":"2023-04-18T13:48:22.806Z","modificationDate":"2023-04-18T13:48:22.806Z","shortid":"ATbmVrH","$entitySet":"profiles"},"doDiffs":false,"timestamp":1681825702804,"id":"88krf7o3wpstm9k","previousOperationId":null,"operationId":"bf3nfdbgx7jg1l3"}
{"type":"log","level":"info","message":"Render request 12 queued for execution and waiting for available worker","previousOperationId":"bf3nfdbgx7jg1l3","timestamp":1681825702804,"id":"4p8xggj29pgv09t"}
{"type":"operationStart","subtype":"render","name":"anonymous","previousOperationId":"bf3nfdbgx7jg1l3","timestamp":1681825702815,"id":"mq59j5irxnt3frw","previousEventId":"88krf7o3wpstm9k","operationId":"n43wiwppnk9ftmr"}
{"type":"log","timestamp":1681825702815,"level":"info","message":"Starting rendering request 12","meta":{"rootId":"0d9ykpxp5o6yptb","id":"0d9ykpxp5o6yptb"},"id":"q8ryiif3r9l4mw6","previousOperationId":"n43wiwppnk9ftmr"}
{"type":"log","timestamp":1681825702816,"level":"info","message":"Rendering anonymous template { recipe: chrome-pdf, engine: handlebars }","meta":{"rootId":"0d9ykpxp5o6yptb","id":"0d9ykpxp5o6yptb"},"id":"am5h3j45ip92n2h","previousOperationId":"n43wiwppnk9ftmr"}
{"type":"log","timestamp":1681825702816,"level":"debug","message":"Inline data specified.","meta":{"rootId":"0d9ykpxp5o6yptb","id":"0d9ykpxp5o6yptb"},"id":"pnazp651i4ji7tp","previousOperationId":"n43wiwppnk9ftmr"}
{"type":"log","timestamp":1681825702819,"level":"debug","message":"Base url not specified, skipping its injection.","meta":{"rootId":"0d9ykpxp5o6yptb","id":"0d9ykpxp5o6yptb"},"id":"yi3jy1047us3rqs","previousOperationId":"n43wiwppnk9ftmr"}
{"type":"operationStart","subtype":"engine","name":"handlebars","timestamp":1681825702820,"id":"1vegqwh4btl0vn8","previousEventId":"mq59j5irxnt3frw","operationId":"iiozsum122ccenm","previousOperationId":"n43wiwppnk9ftmr"}
{"type":"log","timestamp":1681825702820,"level":"debug","message":"Rendering engine handlebars","meta":{"rootId":"0d9ykpxp5o6yptb","id":"0d9ykpxp5o6yptb"},"id":"gfyc4yaev6bz7xx","previousOperationId":"iiozsum122ccenm"}
{"type":"operationEnd","operationId":"iiozsum122ccenm","timestamp":1681825702836,"id":"m8d9f9idxxeo187","previousEventId":"1vegqwh4btl0vn8","previousOperationId":"iiozsum122ccenm"}
{"type":"operationStart","subtype":"recipe","name":"chrome-pdf","timestamp":1681825702836,"id":"0sslez6px9z16ko","previousEventId":"m8d9f9idxxeo187","operationId":"ac7n41t8f8a6j9j","previousOperationId":"iiozsum122ccenm"}
{"type":"log","timestamp":1681825702836,"level":"debug","message":"Executing recipe chrome-pdf","meta":{"rootId":"0d9ykpxp5o6yptb","id":"0d9ykpxp5o6yptb"},"id":"wxt3vy1xkchdetv","previousOperationId":"ac7n41t8f8a6j9j"}
{"type":"log","timestamp":1681825702841,"level":"debug","message":"Converting with chrome HeadlessChrome/105.0.5173.0 using chrome-pool strategy","meta":{"rootId":"0d9ykpxp5o6yptb","id":"0d9ykpxp5o6yptb"},"id":"w8zxix7c3n47ni0","previousOperationId":"ac7n41t8f8a6j9j"}
{"type":"log","timestamp":1681825703000,"level":"debug","message":"Page request: GET (document) file:///C:/Users/SACHIN~1/AppData/Local/Temp/jsreport/autocleanup/d6a36668-f0eb-4270-995d-099d85f7e32a-chrome-pdf.html","meta":{"rootId":"0d9ykpxp5o6yptb","id":"0d9ykpxp5o6yptb"},"id":"5swgiearu224lpe","previousOperationId":"ac7n41t8f8a6j9j"}
{"type":"log","timestamp":1681825703011,"level":"debug","message":"Page request finished: GET (document) 200 file:///C:/Users/SACHIN~1/AppData/Local/Temp/jsreport/autocleanup/d6a36668-f0eb-4270-995d-099d85f7e32a-chrome-pdf.html","meta":{"rootId":"0d9ykpxp5o6yptb","id":"0d9ykpxp5o6yptb"},"id":"pirplu2ru5f5l2y","previousOperationId":"ac7n41t8f8a6j9j"}
{"type":"log","timestamp":1681825703012,"level":"debug","message":"Page request: GET (stylesheet) https://stackpath.bootstrapcdn.com/bootstrap/4.4.1/css/bootstrap.min.css","meta":{"rootId":"0d9ykpxp5o6yptb","id":"0d9ykpxp5o6yptb"},"id":"9mcdiwb3be5rnmp","previousOperationId":"ac7n41t8f8a6j9j"}
{"type":"log","timestamp":1681825703012,"level":"debug","message":"Page request: GET (image) https://assets-global.website-files.com/5ca4d1fd374efbecd845739f/611be296e1ecb589c495418a_JAS%20and%20Greencarrier.png","meta":{"rootId":"0d9ykpxp5o6yptb","id":"0d9ykpxp5o6yptb"},"id":"nvh8a86ol8qwoou","previousOperationId":"ac7n41t8f8a6j9j"}
{"type":"log","timestamp":1681825703017,"level":"debug","message":"Page request finished: GET (image) 200 https://assets-global.website-files.com/5ca4d1fd374efbecd845739f/611be296e1ecb589c495418a_JAS%20and%20Greencarrier.png","meta":{"rootId":"0d9ykpxp5o6yptb","id":"0d9ykpxp5o6yptb"},"id":"d8q5twh5kum8od9","previousOperationId":"ac7n41t8f8a6j9j"}
{"type":"log","timestamp":1681825703021,"level":"debug","message":"Page request finished: GET (stylesheet) 200 https://stackpath.bootstrapcdn.com/bootstrap/4.4.1/css/bootstrap.min.css","meta":{"rootId":"0d9ykpxp5o6yptb","id":"0d9ykpxp5o6yptb"},"id":"7ltcorqnoaccjni","previousOperationId":"ac7n41t8f8a6j9j"}
{"type":"log","timestamp":1681825703080,"level":"debug","message":"Running chrome with params {\"timeout\":59961,\"margin\":{},\"printBackground\":true}","meta":{"rootId":"0d9ykpxp5o6yptb","id":"0d9ykpxp5o6yptb"},"id":"7uha9o80xb1kt7m","previousOperationId":"ac7n41t8f8a6j9j"}
{"type":"operationEnd","operationId":"ac7n41t8f8a6j9j","timestamp":1681825703307,"id":"z9b9grz14bil527","previousEventId":"0sslez6px9z16ko","previousOperationId":"ac7n41t8f8a6j9j"}
{"type":"log","timestamp":1681825703307,"level":"debug","message":"Skipping storing report.","meta":{"rootId":"0d9ykpxp5o6yptb","id":"0d9ykpxp5o6yptb"},"id":"1bfpyxeueq5d6b1","previousOperationId":"ac7n41t8f8a6j9j"}
{"type":"log","timestamp":1681825703307,"level":"info","message":"Rendering request 12 finished in 506 ms","meta":{"rootId":"0d9ykpxp5o6yptb","id":"0d9ykpxp5o6yptb"},"id":"kt7ce28fwtsfb12","previousOperationId":"ac7n41t8f8a6j9j"}
{"type":"operationEnd","subtype":"render","operationId":"n43wiwppnk9ftmr","timestamp":1681825703307,"id":"tgaukhaqtcbd8wy","previousEventId":"z9b9grz14bil527","previousOperationId":"ac7n41t8f8a6j9j"}
{"type":"operationEnd","doDiffs":false,"previousEventId":"88krf7o3wpstm9k","previousOperationId":"bf3nfdbgx7jg1l3","operationId":"bf3nfdbgx7jg1l3","timestamp":1681825703310,"id":"xce8gh5ayavr6q1"}
