{"type":"operationStart","subtype":"profile","data":{"_id":"YRxsKgldKctAW85W","timestamp":"2023-05-18T18:14:27.848Z","state":"queued","mode":"standard","timeout":60000,"creationDate":"2023-05-18T18:14:27.853Z","modificationDate":"2023-05-18T18:14:27.853Z","shortid":"jltW-R2","$entitySet":"profiles"},"doDiffs":false,"timestamp":1684433667852,"id":"d22omhagwy0j7ue","previousOperationId":null,"operationId":"a3eodqdm9ry58pg"}
{"type":"log","level":"info","message":"Render request 3 queued for execution and waiting for available worker","previousOperationId":"a3eodqdm9ry58pg","timestamp":1684433667852,"id":"75h7nfdwxatjhsq"}
{"type":"operationStart","subtype":"render","name":"anonymous","previousOperationId":"a3eodqdm9ry58pg","timestamp":1684433667858,"id":"0gni1b2gyaqts0m","previousEventId":"d22omhagwy0j7ue","operationId":"5y7knuw6lfi3zqh"}
{"type":"log","timestamp":1684433667858,"level":"info","message":"Starting rendering request 3","meta":{"rootId":"0gj9xhcijzo80qo","id":"0gj9xhcijzo80qo"},"id":"ay4i5owiimm4zas","previousOperationId":"5y7knuw6lfi3zqh"}
{"type":"log","timestamp":1684433667858,"level":"info","message":"Rendering anonymous template { recipe: chrome-pdf, engine: handlebars }","meta":{"rootId":"0gj9xhcijzo80qo","id":"0gj9xhcijzo80qo"},"id":"doh1n561zsl7mul","previousOperationId":"5y7knuw6lfi3zqh"}
{"type":"log","timestamp":1684433667858,"level":"debug","message":"Inline data specified.","meta":{"rootId":"0gj9xhcijzo80qo","id":"0gj9xhcijzo80qo"},"id":"0pravuoqtsk449z","previousOperationId":"5y7knuw6lfi3zqh"}
{"type":"log","timestamp":1684433667860,"level":"debug","message":"Base url not specified, skipping its injection.","meta":{"rootId":"0gj9xhcijzo80qo","id":"0gj9xhcijzo80qo"},"id":"jutqlwjsk0gay6h","previousOperationId":"5y7knuw6lfi3zqh"}
{"type":"operationStart","subtype":"engine","name":"handlebars","timestamp":1684433667861,"id":"7wlviymyotcubfy","previousEventId":"0gni1b2gyaqts0m","operationId":"tleq5g4ld0bqn1y","previousOperationId":"5y7knuw6lfi3zqh"}
{"type":"log","timestamp":1684433667861,"level":"debug","message":"Rendering engine handlebars","meta":{"rootId":"0gj9xhcijzo80qo","id":"0gj9xhcijzo80qo"},"id":"vcamyx0jdqt6br6","previousOperationId":"tleq5g4ld0bqn1y"}
{"type":"operationEnd","operationId":"tleq5g4ld0bqn1y","timestamp":1684433667890,"id":"dibg2oyzahd4ixc","previousEventId":"7wlviymyotcubfy","previousOperationId":"tleq5g4ld0bqn1y"}
{"type":"operationStart","subtype":"recipe","name":"chrome-pdf","timestamp":1684433667891,"id":"mnf8bhz811cf5yp","previousEventId":"dibg2oyzahd4ixc","operationId":"7x2cqyyrcol8kco","previousOperationId":"tleq5g4ld0bqn1y"}
{"type":"log","timestamp":1684433667891,"level":"debug","message":"Executing recipe chrome-pdf","meta":{"rootId":"0gj9xhcijzo80qo","id":"0gj9xhcijzo80qo"},"id":"tt49j91anog7vfp","previousOperationId":"7x2cqyyrcol8kco"}
{"type":"log","timestamp":1684433667905,"level":"debug","message":"Converting with chrome HeadlessChrome/105.0.5173.0 using chrome-pool strategy","meta":{"rootId":"0gj9xhcijzo80qo","id":"0gj9xhcijzo80qo"},"id":"9mii1q8bys2uebp","previousOperationId":"7x2cqyyrcol8kco"}
{"type":"log","timestamp":1684433668080,"level":"debug","message":"Page request: GET (document) file:///C:/Users/hp/AppData/Local/Temp/jsreport/autocleanup/41f5771d-882d-465c-8d20-9a4c8576cb94-chrome-pdf.html","meta":{"rootId":"0gj9xhcijzo80qo","id":"0gj9xhcijzo80qo"},"id":"ve7tk4zjba2t3s9","previousOperationId":"7x2cqyyrcol8kco"}
{"type":"log","timestamp":1684433668094,"level":"debug","message":"Page request finished: GET (document) 200 file:///C:/Users/hp/AppData/Local/Temp/jsreport/autocleanup/41f5771d-882d-465c-8d20-9a4c8576cb94-chrome-pdf.html","meta":{"rootId":"0gj9xhcijzo80qo","id":"0gj9xhcijzo80qo"},"id":"bybj7kl08tisbat","previousOperationId":"7x2cqyyrcol8kco"}
{"type":"log","timestamp":1684433668192,"level":"debug","message":"Running chrome with params {\"timeout\":59954,\"margin\":{},\"printBackground\":true}","meta":{"rootId":"0gj9xhcijzo80qo","id":"0gj9xhcijzo80qo"},"id":"06fq7chcd9zhjcy","previousOperationId":"7x2cqyyrcol8kco"}
{"type":"operationEnd","operationId":"7x2cqyyrcol8kco","timestamp":1684433668687,"id":"gfra1nycrof3ofx","previousEventId":"mnf8bhz811cf5yp","previousOperationId":"7x2cqyyrcol8kco"}
{"type":"log","timestamp":1684433668687,"level":"debug","message":"Skipping storing report.","meta":{"rootId":"0gj9xhcijzo80qo","id":"0gj9xhcijzo80qo"},"id":"dephtftqbynn54l","previousOperationId":"7x2cqyyrcol8kco"}
{"type":"log","timestamp":1684433668688,"level":"info","message":"Rendering request 3 finished in 840 ms","meta":{"rootId":"0gj9xhcijzo80qo","id":"0gj9xhcijzo80qo"},"id":"jr5mvhv1sdqkoep","previousOperationId":"7x2cqyyrcol8kco"}
{"type":"operationEnd","subtype":"render","operationId":"5y7knuw6lfi3zqh","timestamp":1684433668688,"id":"j09f79vv2xkwlq8","previousEventId":"gfra1nycrof3ofx","previousOperationId":"7x2cqyyrcol8kco"}
{"type":"operationEnd","doDiffs":false,"previousEventId":"d22omhagwy0j7ue","previousOperationId":"a3eodqdm9ry58pg","operationId":"a3eodqdm9ry58pg","timestamp":1684433668691,"id":"0p5w29egllfkeyh"}
