{"type":"operationStart","subtype":"profile","data":{"_id":"j4P7zZ6gaxtt5rOD","timestamp":"2023-05-17T20:01:48.115Z","state":"queued","mode":"standard","timeout":60000,"creationDate":"2023-05-17T20:01:48.124Z","modificationDate":"2023-05-17T20:01:48.124Z","shortid":"LQVrfPP","$entitySet":"profiles"},"doDiffs":false,"timestamp":1684353708124,"id":"orqzqxxt7c0snlg","previousOperationId":null,"operationId":"n7mdvemeqrz0qsy"}
{"type":"log","level":"info","message":"Render request 17 queued for execution and waiting for available worker","previousOperationId":"n7mdvemeqrz0qsy","timestamp":1684353708124,"id":"xy35svytk6alott"}
{"type":"operationStart","subtype":"render","name":"anonymous","previousOperationId":"n7mdvemeqrz0qsy","timestamp":1684353710469,"id":"of1eeoy26tldea8","previousEventId":"orqzqxxt7c0snlg","operationId":"7dzr27eg4rftlee"}
{"type":"log","timestamp":1684353710469,"level":"info","message":"Starting rendering request 17","meta":{"rootId":"0gl5vg0fxhi5zsw","id":"0gl5vg0fxhi5zsw"},"id":"ypvi85lrze6yudu","previousOperationId":"7dzr27eg4rftlee"}
{"type":"log","timestamp":1684353710469,"level":"info","message":"Rendering anonymous template { recipe: chrome-pdf, engine: handlebars }","meta":{"rootId":"0gl5vg0fxhi5zsw","id":"0gl5vg0fxhi5zsw"},"id":"r7uub3ywrzogxxa","previousOperationId":"7dzr27eg4rftlee"}
{"type":"log","timestamp":1684353710469,"level":"debug","message":"Inline data specified.","meta":{"rootId":"0gl5vg0fxhi5zsw","id":"0gl5vg0fxhi5zsw"},"id":"b1w2s9541kcihjk","previousOperationId":"7dzr27eg4rftlee"}
{"type":"log","timestamp":1684353710474,"level":"debug","message":"Base url not specified, skipping its injection.","meta":{"rootId":"0gl5vg0fxhi5zsw","id":"0gl5vg0fxhi5zsw"},"id":"gdfei05bm9o6jlh","previousOperationId":"7dzr27eg4rftlee"}
{"type":"operationStart","subtype":"engine","name":"handlebars","timestamp":1684353710475,"id":"gghuykdyi75qdq7","previousEventId":"of1eeoy26tldea8","operationId":"3vg6bong3qkntrh","previousOperationId":"7dzr27eg4rftlee"}
{"type":"log","timestamp":1684353710475,"level":"debug","message":"Rendering engine handlebars","meta":{"rootId":"0gl5vg0fxhi5zsw","id":"0gl5vg0fxhi5zsw"},"id":"py5x2u3rmf967y7","previousOperationId":"3vg6bong3qkntrh"}
{"type":"operationEnd","operationId":"3vg6bong3qkntrh","timestamp":1684353710497,"id":"rqlvpgwb0ft524g","previousEventId":"gghuykdyi75qdq7","previousOperationId":"3vg6bong3qkntrh"}
{"type":"operationStart","subtype":"recipe","name":"chrome-pdf","timestamp":1684353710498,"id":"2ym01wwoxzzqphx","previousEventId":"rqlvpgwb0ft524g","operationId":"bdnel9a02y6qwh4","previousOperationId":"3vg6bong3qkntrh"}
{"type":"log","timestamp":1684353710498,"level":"debug","message":"Executing recipe chrome-pdf","meta":{"rootId":"0gl5vg0fxhi5zsw","id":"0gl5vg0fxhi5zsw"},"id":"nvy7v240h6hx5g0","previousOperationId":"bdnel9a02y6qwh4"}
{"type":"log","timestamp":1684353710504,"level":"debug","message":"Converting with chrome HeadlessChrome/105.0.5173.0 using chrome-pool strategy","meta":{"rootId":"0gl5vg0fxhi5zsw","id":"0gl5vg0fxhi5zsw"},"id":"2zvbnrld5rhog0c","previousOperationId":"bdnel9a02y6qwh4"}
{"type":"log","timestamp":1684353710700,"level":"debug","message":"Page request: GET (document) file:///C:/Users/hp/AppData/Local/Temp/jsreport/autocleanup/baf82777-77b2-4ae2-8b34-76d4cd084e0d-chrome-pdf.html","meta":{"rootId":"0gl5vg0fxhi5zsw","id":"0gl5vg0fxhi5zsw"},"id":"73z5humqngc0l2f","previousOperationId":"bdnel9a02y6qwh4"}
{"type":"log","timestamp":1684353710720,"level":"debug","message":"Page request finished: GET (document) 200 file:///C:/Users/hp/AppData/Local/Temp/jsreport/autocleanup/baf82777-77b2-4ae2-8b34-76d4cd084e0d-chrome-pdf.html","meta":{"rootId":"0gl5vg0fxhi5zsw","id":"0gl5vg0fxhi5zsw"},"id":"18cy6u0972vtknc","previousOperationId":"bdnel9a02y6qwh4"}
{"type":"log","timestamp":1684353710931,"level":"debug","message":"Running chrome with params {\"timeout\":57614,\"margin\":{},\"printBackground\":true}","meta":{"rootId":"0gl5vg0fxhi5zsw","id":"0gl5vg0fxhi5zsw"},"id":"bx67fmh3uonp0ow","previousOperationId":"bdnel9a02y6qwh4"}
{"type":"operationEnd","operationId":"bdnel9a02y6qwh4","timestamp":1684353711556,"id":"tr875udj29e0fz0","previousEventId":"2ym01wwoxzzqphx","previousOperationId":"bdnel9a02y6qwh4"}
{"type":"log","timestamp":1684353711556,"level":"debug","message":"Skipping storing report.","meta":{"rootId":"0gl5vg0fxhi5zsw","id":"0gl5vg0fxhi5zsw"},"id":"eofjy30g01365qj","previousOperationId":"bdnel9a02y6qwh4"}
{"type":"log","timestamp":1684353711557,"level":"info","message":"Rendering request 17 finished in 3442 ms","meta":{"rootId":"0gl5vg0fxhi5zsw","id":"0gl5vg0fxhi5zsw"},"id":"h741d560moz7fs7","previousOperationId":"bdnel9a02y6qwh4"}
{"type":"operationEnd","subtype":"render","operationId":"7dzr27eg4rftlee","timestamp":1684353711557,"id":"ud6qexhjs5oohqt","previousEventId":"tr875udj29e0fz0","previousOperationId":"bdnel9a02y6qwh4"}
{"type":"operationEnd","doDiffs":false,"previousEventId":"orqzqxxt7c0snlg","previousOperationId":"n7mdvemeqrz0qsy","operationId":"n7mdvemeqrz0qsy","timestamp":1684353711565,"id":"v1k3snhmoqx66ji"}
