{"type":"operationStart","subtype":"profile","data":{"_id":"hXCbDcxJySQ69JCo","timestamp":"2023-05-16T07:11:04.045Z","state":"queued","mode":"standard","timeout":60000,"creationDate":"2023-05-16T07:11:04.049Z","modificationDate":"2023-05-16T07:11:04.049Z","shortid":"cvJClAF","$entitySet":"profiles"},"doDiffs":false,"timestamp":1684221064048,"id":"gncc4klv8ef5wps","previousOperationId":null,"operationId":"sq5po01046p51gz"}
{"type":"log","level":"info","message":"Render request 1 queued for execution and waiting for available worker","previousOperationId":"sq5po01046p51gz","timestamp":1684221064048,"id":"q2s6bbnz3lbikrl"}
{"type":"operationStart","subtype":"render","name":"anonymous","previousOperationId":"sq5po01046p51gz","timestamp":1684221064070,"id":"1hy3mg3pj8pa8od","previousEventId":"gncc4klv8ef5wps","operationId":"xuw2qu7cgej2sz2"}
{"type":"log","timestamp":1684221064072,"level":"info","message":"Starting rendering request 1","meta":{"rootId":"0kk3xordu6u3rny","id":"0kk3xordu6u3rny"},"id":"x4gjrx63x0c8qet","previousOperationId":"xuw2qu7cgej2sz2"}
{"type":"log","timestamp":1684221064074,"level":"info","message":"Rendering anonymous template { recipe: chrome-pdf, engine: handlebars }","meta":{"rootId":"0kk3xordu6u3rny","id":"0kk3xordu6u3rny"},"id":"t0vpipf3v26x6q1","previousOperationId":"xuw2qu7cgej2sz2"}
{"type":"log","timestamp":1684221064074,"level":"debug","message":"Inline data specified.","meta":{"rootId":"0kk3xordu6u3rny","id":"0kk3xordu6u3rny"},"id":"11xn58a3srymi0a","previousOperationId":"xuw2qu7cgej2sz2"}
{"type":"log","timestamp":1684221064080,"level":"debug","message":"Base url not specified, skipping its injection.","meta":{"rootId":"0kk3xordu6u3rny","id":"0kk3xordu6u3rny"},"id":"p9pfpy6cyhwygq0","previousOperationId":"xuw2qu7cgej2sz2"}
{"type":"operationStart","subtype":"engine","name":"handlebars","timestamp":1684221064081,"id":"6suqxhjrg2u6g4v","previousEventId":"1hy3mg3pj8pa8od","operationId":"y4mdcr1u9u0wxa0","previousOperationId":"xuw2qu7cgej2sz2"}
{"type":"log","timestamp":1684221064081,"level":"debug","message":"Rendering engine handlebars","meta":{"rootId":"0kk3xordu6u3rny","id":"0kk3xordu6u3rny"},"id":"a8n8bm0ys6rcwd4","previousOperationId":"y4mdcr1u9u0wxa0"}
{"type":"operationEnd","operationId":"y4mdcr1u9u0wxa0","timestamp":1684221064619,"id":"cj61sirl1wju9h1","previousEventId":"6suqxhjrg2u6g4v","previousOperationId":"y4mdcr1u9u0wxa0"}
{"type":"operationStart","subtype":"recipe","name":"chrome-pdf","timestamp":1684221064619,"id":"azgti8q72jc0yfy","previousEventId":"cj61sirl1wju9h1","operationId":"2ebe956zr1sted3","previousOperationId":"y4mdcr1u9u0wxa0"}
{"type":"log","timestamp":1684221064619,"level":"debug","message":"Executing recipe chrome-pdf","meta":{"rootId":"0kk3xordu6u3rny","id":"0kk3xordu6u3rny"},"id":"8asl7som1ghmo4k","previousOperationId":"2ebe956zr1sted3"}
{"type":"log","timestamp":1684221064968,"level":"debug","message":"Converting with chrome HeadlessChrome/105.0.5173.0 using chrome-pool strategy","meta":{"rootId":"0kk3xordu6u3rny","id":"0kk3xordu6u3rny"},"id":"46ldvgzjcsxmzne","previousOperationId":"2ebe956zr1sted3"}
{"type":"log","timestamp":1684221066381,"level":"debug","message":"Page request: GET (document) file:///C:/Users/hp/AppData/Local/Temp/jsreport/autocleanup/52662ef5-9a68-4eaf-9602-7ea92443fbde-chrome-pdf.html","meta":{"rootId":"0kk3xordu6u3rny","id":"0kk3xordu6u3rny"},"id":"evyis9xd6c7p6jq","previousOperationId":"2ebe956zr1sted3"}
{"type":"log","timestamp":1684221066393,"level":"debug","message":"Page request finished: GET (document) 200 file:///C:/Users/hp/AppData/Local/Temp/jsreport/autocleanup/52662ef5-9a68-4eaf-9602-7ea92443fbde-chrome-pdf.html","meta":{"rootId":"0kk3xordu6u3rny","id":"0kk3xordu6u3rny"},"id":"3s56bk1hww8j83k","previousOperationId":"2ebe956zr1sted3"}
{"type":"log","timestamp":1684221066439,"level":"debug","message":"Running chrome with params {\"timeout\":59252,\"margin\":{},\"printBackground\":true}","meta":{"rootId":"0kk3xordu6u3rny","id":"0kk3xordu6u3rny"},"id":"02yvmvlbq8pcscb","previousOperationId":"2ebe956zr1sted3"}
{"type":"operationEnd","operationId":"2ebe956zr1sted3","timestamp":1684221066630,"id":"no3zbro5sbgnmrs","previousEventId":"azgti8q72jc0yfy","previousOperationId":"2ebe956zr1sted3"}
{"type":"log","timestamp":1684221066631,"level":"debug","message":"Skipping storing report.","meta":{"rootId":"0kk3xordu6u3rny","id":"0kk3xordu6u3rny"},"id":"rhdq37n8t6x36sh","previousOperationId":"2ebe956zr1sted3"}
{"type":"log","timestamp":1684221066631,"level":"info","message":"Rendering request 1 finished in 2587 ms","meta":{"rootId":"0kk3xordu6u3rny","id":"0kk3xordu6u3rny"},"id":"uckaqby013b8isp","previousOperationId":"2ebe956zr1sted3"}
{"type":"operationEnd","subtype":"render","operationId":"xuw2qu7cgej2sz2","timestamp":1684221066631,"id":"2e53r9lz0j0gxlw","previousEventId":"no3zbro5sbgnmrs","previousOperationId":"2ebe956zr1sted3"}
{"type":"operationEnd","doDiffs":false,"previousEventId":"gncc4klv8ef5wps","previousOperationId":"sq5po01046p51gz","operationId":"sq5po01046p51gz","timestamp":1684221066635,"id":"dgvfyoadam63peb"}
