{"type":"operationStart","subtype":"profile","data":{"_id":"5v6a3tLvlwvw1R9r","timestamp":"2023-04-10T10:08:00.915Z","state":"queued","mode":"standard","timeout":60000,"creationDate":"2023-04-10T10:08:00.922Z","modificationDate":"2023-04-10T10:08:00.922Z","shortid":"uKqbnr_","$entitySet":"profiles"},"doDiffs":false,"timestamp":1681121280921,"id":"14odo6oe82ryaf6","previousOperationId":null,"operationId":"i77v85usv7eatpw"}
{"type":"log","level":"info","message":"Render request 1 queued for execution and waiting for available worker","previousOperationId":"i77v85usv7eatpw","timestamp":1681121280921,"id":"c01b64m7bm0thch"}
{"type":"operationStart","subtype":"render","name":"anonymous","previousOperationId":"i77v85usv7eatpw","timestamp":1681121280946,"id":"m8gcsqvwypt4cgn","previousEventId":"14odo6oe82ryaf6","operationId":"vt1hohjclb7v4vs"}
{"type":"log","timestamp":1681121280947,"level":"info","message":"Starting rendering request 1","meta":{"rootId":"0mr6sv7i8ldfni8","id":"0mr6sv7i8ldfni8"},"id":"sa6hot1es40h49o","previousOperationId":"vt1hohjclb7v4vs"}
{"type":"log","timestamp":1681121280948,"level":"info","message":"Rendering anonymous template { recipe: chrome-pdf, engine: handlebars }","meta":{"rootId":"0mr6sv7i8ldfni8","id":"0mr6sv7i8ldfni8"},"id":"54mxnovxku9o9o0","previousOperationId":"vt1hohjclb7v4vs"}
{"type":"log","timestamp":1681121280949,"level":"debug","message":"Inline data specified.","meta":{"rootId":"0mr6sv7i8ldfni8","id":"0mr6sv7i8ldfni8"},"id":"6qldn5prsqbrtxs","previousOperationId":"vt1hohjclb7v4vs"}
{"type":"log","timestamp":1681121280957,"level":"debug","message":"Base url not specified, skipping its injection.","meta":{"rootId":"0mr6sv7i8ldfni8","id":"0mr6sv7i8ldfni8"},"id":"9gzh8c2uaanu63e","previousOperationId":"vt1hohjclb7v4vs"}
{"type":"operationStart","subtype":"engine","name":"handlebars","timestamp":1681121280960,"id":"tuyuh0msi5hnabo","previousEventId":"m8gcsqvwypt4cgn","operationId":"j59k0lq5h491qol","previousOperationId":"vt1hohjclb7v4vs"}
{"type":"log","timestamp":1681121280960,"level":"debug","message":"Rendering engine handlebars","meta":{"rootId":"0mr6sv7i8ldfni8","id":"0mr6sv7i8ldfni8"},"id":"cnk0sundsitt3s5","previousOperationId":"j59k0lq5h491qol"}
{"type":"operationEnd","operationId":"j59k0lq5h491qol","timestamp":1681121281630,"id":"3ftzrg5imq44wsy","previousEventId":"tuyuh0msi5hnabo","previousOperationId":"j59k0lq5h491qol"}
{"type":"operationStart","subtype":"recipe","name":"chrome-pdf","timestamp":1681121281631,"id":"er3ntuo75cy05gj","previousEventId":"3ftzrg5imq44wsy","operationId":"82dthmvreblw5k3","previousOperationId":"j59k0lq5h491qol"}
{"type":"log","timestamp":1681121281631,"level":"debug","message":"Executing recipe chrome-pdf","meta":{"rootId":"0mr6sv7i8ldfni8","id":"0mr6sv7i8ldfni8"},"id":"iigu3e0wyixohnu","previousOperationId":"82dthmvreblw5k3"}
{"type":"log","timestamp":1681121282493,"level":"debug","message":"Converting with chrome HeadlessChrome/105.0.5173.0 using chrome-pool strategy","meta":{"rootId":"0mr6sv7i8ldfni8","id":"0mr6sv7i8ldfni8"},"id":"kh1k48y1bmk42fo","previousOperationId":"82dthmvreblw5k3"}
{"type":"log","timestamp":1681121282737,"level":"debug","message":"Page request: GET (document) file:///C:/Users/SACHIN~1/AppData/Local/Temp/jsreport/autocleanup/70189129-6ac4-4558-88d4-c35f2d65939a-chrome-pdf.html","meta":{"rootId":"0mr6sv7i8ldfni8","id":"0mr6sv7i8ldfni8"},"id":"s7h2bd26ouracni","previousOperationId":"82dthmvreblw5k3"}
{"type":"log","timestamp":1681121282756,"level":"debug","message":"Page request: GET (stylesheet) https://stackpath.bootstrapcdn.com/bootstrap/4.4.1/css/bootstrap.min.css","meta":{"rootId":"0mr6sv7i8ldfni8","id":"0mr6sv7i8ldfni8"},"id":"duq3al3711we6n6","previousOperationId":"82dthmvreblw5k3"}
{"type":"log","timestamp":1681121282757,"level":"debug","message":"Page request finished: GET (document) 200 file:///C:/Users/SACHIN~1/AppData/Local/Temp/jsreport/autocleanup/70189129-6ac4-4558-88d4-c35f2d65939a-chrome-pdf.html","meta":{"rootId":"0mr6sv7i8ldfni8","id":"0mr6sv7i8ldfni8"},"id":"2hu3ud8d7a1hn96","previousOperationId":"82dthmvreblw5k3"}
{"type":"log","timestamp":1681121282758,"level":"debug","message":"Page request: GET (image) https://assets-global.website-files.com/5ca4d1fd374efbecd845739f/611be296e1ecb589c495418a_JAS%20and%20Greencarrier.png","meta":{"rootId":"0mr6sv7i8ldfni8","id":"0mr6sv7i8ldfni8"},"id":"ey717huqgyfw49y","previousOperationId":"82dthmvreblw5k3"}
{"type":"log","timestamp":1681121283639,"level":"debug","message":"Page request finished: GET (stylesheet) 200 https://stackpath.bootstrapcdn.com/bootstrap/4.4.1/css/bootstrap.min.css","meta":{"rootId":"0mr6sv7i8ldfni8","id":"0mr6sv7i8ldfni8"},"id":"gq16dmwi6co4851","previousOperationId":"82dthmvreblw5k3"}
{"type":"log","timestamp":1681121283812,"level":"debug","message":"Page request finished: GET (image) 200 https://assets-global.website-files.com/5ca4d1fd374efbecd845739f/611be296e1ecb589c495418a_JAS%20and%20Greencarrier.png","meta":{"rootId":"0mr6sv7i8ldfni8","id":"0mr6sv7i8ldfni8"},"id":"ififznrrkrl4meb","previousOperationId":"82dthmvreblw5k3"}
{"type":"log","timestamp":1681121283815,"level":"debug","message":"Running chrome with params {\"timeout\":59066,\"margin\":{},\"printBackground\":true}","meta":{"rootId":"0mr6sv7i8ldfni8","id":"0mr6sv7i8ldfni8"},"id":"ogujj3hx99sfgdq","previousOperationId":"82dthmvreblw5k3"}
{"type":"operationEnd","operationId":"82dthmvreblw5k3","timestamp":1681121284151,"id":"wjlpfegpmfm9np8","previousEventId":"er3ntuo75cy05gj","previousOperationId":"82dthmvreblw5k3"}
{"type":"log","timestamp":1681121284152,"level":"debug","message":"Skipping storing report.","meta":{"rootId":"0mr6sv7i8ldfni8","id":"0mr6sv7i8ldfni8"},"id":"k3lt4dcdb7thtrh","previousOperationId":"82dthmvreblw5k3"}
{"type":"log","timestamp":1681121284152,"level":"info","message":"Rendering request 1 finished in 3237 ms","meta":{"rootId":"0mr6sv7i8ldfni8","id":"0mr6sv7i8ldfni8"},"id":"dsi5t0oew8g3em3","previousOperationId":"82dthmvreblw5k3"}
{"type":"operationEnd","subtype":"render","operationId":"vt1hohjclb7v4vs","timestamp":1681121284152,"id":"j03p61kjln5245x","previousEventId":"wjlpfegpmfm9np8","previousOperationId":"82dthmvreblw5k3"}
{"type":"operationEnd","doDiffs":false,"previousEventId":"14odo6oe82ryaf6","previousOperationId":"i77v85usv7eatpw","operationId":"i77v85usv7eatpw","timestamp":1681121284154,"id":"uyt4c1bjxisex2y"}
