{"type":"operationStart","subtype":"profile","data":{"_id":"YBesYjrdSHcWIEXf","timestamp":"2023-05-18T18:52:14.589Z","state":"queued","mode":"standard","timeout":60000,"creationDate":"2023-05-18T18:52:14.593Z","modificationDate":"2023-05-18T18:52:14.593Z","shortid":"Nu0aGq8","$entitySet":"profiles"},"doDiffs":false,"timestamp":1684435934592,"id":"r004ecje7l0l9ro","previousOperationId":null,"operationId":"n5uvq0l1pjma4kv"}
{"type":"log","level":"info","message":"Render request 2 queued for execution and waiting for available worker","previousOperationId":"n5uvq0l1pjma4kv","timestamp":1684435934592,"id":"me4g1ve7c0rkips"}
{"type":"operationStart","subtype":"render","name":"anonymous","previousOperationId":"n5uvq0l1pjma4kv","timestamp":1684435934598,"id":"v7o9a6w20rl1t0a","previousEventId":"r004ecje7l0l9ro","operationId":"g0kf0uyygp5lbm9"}
{"type":"log","timestamp":1684435934598,"level":"info","message":"Starting rendering request 2","meta":{"rootId":"0pf733zzfj6wo47","id":"0pf733zzfj6wo47"},"id":"kucijhytt00x4dx","previousOperationId":"g0kf0uyygp5lbm9"}
{"type":"log","timestamp":1684435934599,"level":"info","message":"Rendering anonymous template { recipe: chrome-pdf, engine: handlebars }","meta":{"rootId":"0pf733zzfj6wo47","id":"0pf733zzfj6wo47"},"id":"ujelfitakqhsihy","previousOperationId":"g0kf0uyygp5lbm9"}
{"type":"log","timestamp":1684435934599,"level":"debug","message":"Inline data specified.","meta":{"rootId":"0pf733zzfj6wo47","id":"0pf733zzfj6wo47"},"id":"5kt73qtgnp5rqm6","previousOperationId":"g0kf0uyygp5lbm9"}
{"type":"log","timestamp":1684435934601,"level":"debug","message":"Base url not specified, skipping its injection.","meta":{"rootId":"0pf733zzfj6wo47","id":"0pf733zzfj6wo47"},"id":"9vyfcexti2ay66c","previousOperationId":"g0kf0uyygp5lbm9"}
{"type":"operationStart","subtype":"engine","name":"handlebars","timestamp":1684435934601,"id":"cmrmhzu8wykj0jo","previousEventId":"v7o9a6w20rl1t0a","operationId":"vl7dbcf58aoek2m","previousOperationId":"g0kf0uyygp5lbm9"}
{"type":"log","timestamp":1684435934601,"level":"debug","message":"Rendering engine handlebars","meta":{"rootId":"0pf733zzfj6wo47","id":"0pf733zzfj6wo47"},"id":"xlm22q2q06jyzdh","previousOperationId":"vl7dbcf58aoek2m"}
{"type":"operationEnd","operationId":"vl7dbcf58aoek2m","timestamp":1684435934626,"id":"6puqjk5te3o8m1p","previousEventId":"cmrmhzu8wykj0jo","previousOperationId":"vl7dbcf58aoek2m"}
{"type":"operationStart","subtype":"recipe","name":"chrome-pdf","timestamp":1684435934627,"id":"5nrx2rovaz0mx6q","previousEventId":"6puqjk5te3o8m1p","operationId":"277svihqdf705kk","previousOperationId":"vl7dbcf58aoek2m"}
{"type":"log","timestamp":1684435934627,"level":"debug","message":"Executing recipe chrome-pdf","meta":{"rootId":"0pf733zzfj6wo47","id":"0pf733zzfj6wo47"},"id":"furmmeibcybvd1e","previousOperationId":"277svihqdf705kk"}
{"type":"log","timestamp":1684435934643,"level":"debug","message":"Converting with chrome HeadlessChrome/105.0.5173.0 using chrome-pool strategy","meta":{"rootId":"0pf733zzfj6wo47","id":"0pf733zzfj6wo47"},"id":"1jydxwqgf0koezx","previousOperationId":"277svihqdf705kk"}
{"type":"log","timestamp":1684435934822,"level":"debug","message":"Page request: GET (document) file:///C:/Users/hp/AppData/Local/Temp/jsreport/autocleanup/824bcc09-ce78-4400-a587-c372be647834-chrome-pdf.html","meta":{"rootId":"0pf733zzfj6wo47","id":"0pf733zzfj6wo47"},"id":"klg3kb0w195vsn9","previousOperationId":"277svihqdf705kk"}
{"type":"log","timestamp":1684435934833,"level":"debug","message":"Page request finished: GET (document) 200 file:///C:/Users/hp/AppData/Local/Temp/jsreport/autocleanup/824bcc09-ce78-4400-a587-c372be647834-chrome-pdf.html","meta":{"rootId":"0pf733zzfj6wo47","id":"0pf733zzfj6wo47"},"id":"ave2usitmsasufk","previousOperationId":"277svihqdf705kk"}
{"type":"log","timestamp":1684435934924,"level":"debug","message":"Running chrome with params {\"timeout\":59956,\"margin\":{},\"printBackground\":true}","meta":{"rootId":"0pf733zzfj6wo47","id":"0pf733zzfj6wo47"},"id":"h75ilr12ydinwfs","previousOperationId":"277svihqdf705kk"}
{"type":"operationEnd","operationId":"277svihqdf705kk","timestamp":1684435935352,"id":"saopzy5p7rkyfsy","previousEventId":"5nrx2rovaz0mx6q","previousOperationId":"277svihqdf705kk"}
{"type":"log","timestamp":1684435935352,"level":"debug","message":"Skipping storing report.","meta":{"rootId":"0pf733zzfj6wo47","id":"0pf733zzfj6wo47"},"id":"1892kdjeezjcfe6","previousOperationId":"277svihqdf705kk"}
{"type":"log","timestamp":1684435935352,"level":"info","message":"Rendering request 2 finished in 764 ms","meta":{"rootId":"0pf733zzfj6wo47","id":"0pf733zzfj6wo47"},"id":"kj7vn415lcshmuv","previousOperationId":"277svihqdf705kk"}
{"type":"operationEnd","subtype":"render","operationId":"g0kf0uyygp5lbm9","timestamp":1684435935352,"id":"pjoy1l10wa7e3e7","previousEventId":"saopzy5p7rkyfsy","previousOperationId":"277svihqdf705kk"}
{"type":"operationEnd","doDiffs":false,"previousEventId":"r004ecje7l0l9ro","previousOperationId":"n5uvq0l1pjma4kv","operationId":"n5uvq0l1pjma4kv","timestamp":1684435935357,"id":"mfjyetzbw9scyhh"}
