{"type":"operationStart","subtype":"profile","data":{"_id":"yfSXypGlRy2zcNXa","timestamp":"2023-04-18T13:47:38.703Z","state":"queued","mode":"standard","timeout":60000,"creationDate":"2023-04-18T13:47:38.708Z","modificationDate":"2023-04-18T13:47:38.708Z","shortid":"6hI9SOW","$entitySet":"profiles"},"doDiffs":false,"timestamp":1681825658706,"id":"glwxg3kl4zfy7rn","previousOperationId":null,"operationId":"nrtzc3hwpuwua3v"}
{"type":"log","level":"info","message":"Render request 5 queued for execution and waiting for available worker","previousOperationId":"nrtzc3hwpuwua3v","timestamp":1681825658706,"id":"oykcq7knwvpx6b0"}
{"type":"operationStart","subtype":"render","name":"anonymous","previousOperationId":"nrtzc3hwpuwua3v","timestamp":1681825658716,"id":"a6y93z14z48j98l","previousEventId":"glwxg3kl4zfy7rn","operationId":"34505oihtij6nno"}
{"type":"log","timestamp":1681825658716,"level":"info","message":"Starting rendering request 5","meta":{"rootId":"0vmg06zmi6ww4mf","id":"0vmg06zmi6ww4mf"},"id":"fe9afsue8mbchgx","previousOperationId":"34505oihtij6nno"}
{"type":"log","timestamp":1681825658716,"level":"info","message":"Rendering anonymous template { recipe: chrome-pdf, engine: handlebars }","meta":{"rootId":"0vmg06zmi6ww4mf","id":"0vmg06zmi6ww4mf"},"id":"d0362zbhvlkk3oh","previousOperationId":"34505oihtij6nno"}
{"type":"log","timestamp":1681825658716,"level":"debug","message":"Inline data specified.","meta":{"rootId":"0vmg06zmi6ww4mf","id":"0vmg06zmi6ww4mf"},"id":"s5tfnr4gqmktlqc","previousOperationId":"34505oihtij6nno"}
{"type":"log","timestamp":1681825658719,"level":"debug","message":"Base url not specified, skipping its injection.","meta":{"rootId":"0vmg06zmi6ww4mf","id":"0vmg06zmi6ww4mf"},"id":"r1q1h9w7ss2ma3d","previousOperationId":"34505oihtij6nno"}
{"type":"operationStart","subtype":"engine","name":"handlebars","timestamp":1681825658720,"id":"4ddopja8dmqore1","previousEventId":"a6y93z14z48j98l","operationId":"7jb215jkbwxh1wk","previousOperationId":"34505oihtij6nno"}
{"type":"log","timestamp":1681825658720,"level":"debug","message":"Rendering engine handlebars","meta":{"rootId":"0vmg06zmi6ww4mf","id":"0vmg06zmi6ww4mf"},"id":"sdeimr3z6h8h5bw","previousOperationId":"7jb215jkbwxh1wk"}
{"type":"operationEnd","operationId":"7jb215jkbwxh1wk","timestamp":1681825658732,"id":"h2w3v4x6s23c8nn","previousEventId":"4ddopja8dmqore1","previousOperationId":"7jb215jkbwxh1wk"}
{"type":"operationStart","subtype":"recipe","name":"chrome-pdf","timestamp":1681825658733,"id":"qluuutvvw2x3jxp","previousEventId":"h2w3v4x6s23c8nn","operationId":"llomo7i3v6w90kc","previousOperationId":"7jb215jkbwxh1wk"}
{"type":"log","timestamp":1681825658733,"level":"debug","message":"Executing recipe chrome-pdf","meta":{"rootId":"0vmg06zmi6ww4mf","id":"0vmg06zmi6ww4mf"},"id":"xt4fzflqpnfq4t4","previousOperationId":"llomo7i3v6w90kc"}
{"type":"log","timestamp":1681825658735,"level":"debug","message":"Converting with chrome HeadlessChrome/105.0.5173.0 using chrome-pool strategy","meta":{"rootId":"0vmg06zmi6ww4mf","id":"0vmg06zmi6ww4mf"},"id":"rm8eewhj27mp660","previousOperationId":"llomo7i3v6w90kc"}
{"type":"log","timestamp":1681825658985,"level":"debug","message":"Page request: GET (document) file:///C:/Users/SACHIN~1/AppData/Local/Temp/jsreport/autocleanup/034f4f01-ecbb-4056-a430-1ff37b035a71-chrome-pdf.html","meta":{"rootId":"0vmg06zmi6ww4mf","id":"0vmg06zmi6ww4mf"},"id":"elff0m0qz8bzp5d","previousOperationId":"llomo7i3v6w90kc"}
{"type":"log","timestamp":1681825658994,"level":"debug","message":"Page request: GET (stylesheet) https://stackpath.bootstrapcdn.com/bootstrap/4.4.1/css/bootstrap.min.css","meta":{"rootId":"0vmg06zmi6ww4mf","id":"0vmg06zmi6ww4mf"},"id":"akczs2tk4dfeitz","previousOperationId":"llomo7i3v6w90kc"}
{"type":"log","timestamp":1681825658994,"level":"debug","message":"Page request finished: GET (document) 200 file:///C:/Users/SACHIN~1/AppData/Local/Temp/jsreport/autocleanup/034f4f01-ecbb-4056-a430-1ff37b035a71-chrome-pdf.html","meta":{"rootId":"0vmg06zmi6ww4mf","id":"0vmg06zmi6ww4mf"},"id":"s1bxyaz4cqwjngv","previousOperationId":"llomo7i3v6w90kc"}
{"type":"log","timestamp":1681825658994,"level":"debug","message":"Page request: GET (image) https://assets-global.website-files.com/5ca4d1fd374efbecd845739f/611be296e1ecb589c495418a_JAS%20and%20Greencarrier.png","meta":{"rootId":"0vmg06zmi6ww4mf","id":"0vmg06zmi6ww4mf"},"id":"j5egwfrnc2r2k6h","previousOperationId":"llomo7i3v6w90kc"}
{"type":"log","timestamp":1681825658999,"level":"debug","message":"Page request finished: GET (image) 200 https://assets-global.website-files.com/5ca4d1fd374efbecd845739f/611be296e1ecb589c495418a_JAS%20and%20Greencarrier.png","meta":{"rootId":"0vmg06zmi6ww4mf","id":"0vmg06zmi6ww4mf"},"id":"44jgpsh3oihoms4","previousOperationId":"llomo7i3v6w90kc"}
{"type":"log","timestamp":1681825659003,"level":"debug","message":"Page request finished: GET (stylesheet) 200 https://stackpath.bootstrapcdn.com/bootstrap/4.4.1/css/bootstrap.min.css","meta":{"rootId":"0vmg06zmi6ww4mf","id":"0vmg06zmi6ww4mf"},"id":"13phifk9utk2u96","previousOperationId":"llomo7i3v6w90kc"}
{"type":"log","timestamp":1681825659072,"level":"debug","message":"Running chrome with params {\"timeout\":59969,\"margin\":{},\"printBackground\":true}","meta":{"rootId":"0vmg06zmi6ww4mf","id":"0vmg06zmi6ww4mf"},"id":"dnh2emuwmxe1s4s","previousOperationId":"llomo7i3v6w90kc"}
{"type":"operationEnd","operationId":"llomo7i3v6w90kc","timestamp":1681825659323,"id":"qtfgh95czgzcepa","previousEventId":"qluuutvvw2x3jxp","previousOperationId":"llomo7i3v6w90kc"}
{"type":"log","timestamp":1681825659323,"level":"debug","message":"Skipping storing report.","meta":{"rootId":"0vmg06zmi6ww4mf","id":"0vmg06zmi6ww4mf"},"id":"5c0gzrdzhe5fb9b","previousOperationId":"llomo7i3v6w90kc"}
{"type":"log","timestamp":1681825659323,"level":"info","message":"Rendering request 5 finished in 620 ms","meta":{"rootId":"0vmg06zmi6ww4mf","id":"0vmg06zmi6ww4mf"},"id":"rpj65dpl15if4cv","previousOperationId":"llomo7i3v6w90kc"}
{"type":"operationEnd","subtype":"render","operationId":"34505oihtij6nno","timestamp":1681825659323,"id":"2vtk5ci5hg4uxl4","previousEventId":"qtfgh95czgzcepa","previousOperationId":"llomo7i3v6w90kc"}
{"type":"operationEnd","doDiffs":false,"previousEventId":"glwxg3kl4zfy7rn","previousOperationId":"nrtzc3hwpuwua3v","operationId":"nrtzc3hwpuwua3v","timestamp":1681825659326,"id":"2w0t3ulxti0jbaq"}
