{"type":"operationStart","subtype":"profile","data":{"_id":"Zyus6Pp6qCzSdybH","timestamp":"2023-05-18T18:50:50.205Z","state":"queued","mode":"standard","timeout":60000,"creationDate":"2023-05-18T18:50:50.208Z","modificationDate":"2023-05-18T18:50:50.208Z","shortid":"qLdNQAm","$entitySet":"profiles"},"doDiffs":false,"timestamp":1684435850207,"id":"whu0eni9zaxk7fi","previousOperationId":null,"operationId":"8d8vudp66ubo6cx"}
{"type":"log","level":"info","message":"Render request 1 queued for execution and waiting for available worker","previousOperationId":"8d8vudp66ubo6cx","timestamp":1684435850207,"id":"6fhrbcrtonrabvb"}
{"type":"operationStart","subtype":"render","name":"anonymous","previousOperationId":"8d8vudp66ubo6cx","timestamp":1684435850226,"id":"9964183ez4poo83","previousEventId":"whu0eni9zaxk7fi","operationId":"8zx3qi0jwmiwpo8"}
{"type":"log","timestamp":1684435850228,"level":"info","message":"Starting rendering request 1","meta":{"rootId":"12ypiebfbrbup36","id":"12ypiebfbrbup36"},"id":"djh1c2qqorsyow4","previousOperationId":"8zx3qi0jwmiwpo8"}
{"type":"log","timestamp":1684435850229,"level":"info","message":"Rendering anonymous template { recipe: chrome-pdf, engine: handlebars }","meta":{"rootId":"12ypiebfbrbup36","id":"12ypiebfbrbup36"},"id":"ukf3ab60t1fwuv2","previousOperationId":"8zx3qi0jwmiwpo8"}
{"type":"log","timestamp":1684435850230,"level":"debug","message":"Inline data specified.","meta":{"rootId":"12ypiebfbrbup36","id":"12ypiebfbrbup36"},"id":"22fa30dzgwra5y3","previousOperationId":"8zx3qi0jwmiwpo8"}
{"type":"log","timestamp":1684435850237,"level":"debug","message":"Base url not specified, skipping its injection.","meta":{"rootId":"12ypiebfbrbup36","id":"12ypiebfbrbup36"},"id":"z8ptrswc6eep9m9","previousOperationId":"8zx3qi0jwmiwpo8"}
{"type":"operationStart","subtype":"engine","name":"handlebars","timestamp":1684435850239,"id":"qgvuczz0jiquhjk","previousEventId":"9964183ez4poo83","operationId":"ditswp1y2xfxjac","previousOperationId":"8zx3qi0jwmiwpo8"}
{"type":"log","timestamp":1684435850239,"level":"debug","message":"Rendering engine handlebars","meta":{"rootId":"12ypiebfbrbup36","id":"12ypiebfbrbup36"},"id":"zvokc8jf7r6rwoe","previousOperationId":"ditswp1y2xfxjac"}
{"type":"operationEnd","operationId":"ditswp1y2xfxjac","timestamp":1684435850792,"id":"l9dw1gsaa1mrf7f","previousEventId":"qgvuczz0jiquhjk","previousOperationId":"ditswp1y2xfxjac"}
{"type":"operationStart","subtype":"recipe","name":"chrome-pdf","timestamp":1684435850793,"id":"wg42zcbpk28xlpv","previousEventId":"l9dw1gsaa1mrf7f","operationId":"7epd20fojzvi9o8","previousOperationId":"ditswp1y2xfxjac"}
{"type":"log","timestamp":1684435850793,"level":"debug","message":"Executing recipe chrome-pdf","meta":{"rootId":"12ypiebfbrbup36","id":"12ypiebfbrbup36"},"id":"gm4jpraobogzms7","previousOperationId":"7epd20fojzvi9o8"}
{"type":"log","timestamp":1684435851112,"level":"debug","message":"Converting with chrome HeadlessChrome/105.0.5173.0 using chrome-pool strategy","meta":{"rootId":"12ypiebfbrbup36","id":"12ypiebfbrbup36"},"id":"7kxgo1id3c2jg4s","previousOperationId":"7epd20fojzvi9o8"}
{"type":"log","timestamp":1684435851983,"level":"debug","message":"Page request: GET (document) file:///C:/Users/hp/AppData/Local/Temp/jsreport/autocleanup/eaf8f3d8-8bb7-4c9d-8f77-94136ea4a4db-chrome-pdf.html","meta":{"rootId":"12ypiebfbrbup36","id":"12ypiebfbrbup36"},"id":"w87whduc6nzy8o2","previousOperationId":"7epd20fojzvi9o8"}
{"type":"log","timestamp":1684435851995,"level":"debug","message":"Page request finished: GET (document) 200 file:///C:/Users/hp/AppData/Local/Temp/jsreport/autocleanup/eaf8f3d8-8bb7-4c9d-8f77-94136ea4a4db-chrome-pdf.html","meta":{"rootId":"12ypiebfbrbup36","id":"12ypiebfbrbup36"},"id":"ybwuc3lqvyiyaqk","previousOperationId":"7epd20fojzvi9o8"}
{"type":"log","timestamp":1684435852081,"level":"debug","message":"Running chrome with params {\"timeout\":59255,\"margin\":{},\"printBackground\":true}","meta":{"rootId":"12ypiebfbrbup36","id":"12ypiebfbrbup36"},"id":"s0dr3e10bq4v7nm","previousOperationId":"7epd20fojzvi9o8"}
{"type":"operationEnd","operationId":"7epd20fojzvi9o8","timestamp":1684435852500,"id":"ujfsleq5ba1p7kb","previousEventId":"wg42zcbpk28xlpv","previousOperationId":"7epd20fojzvi9o8"}
{"type":"log","timestamp":1684435852501,"level":"debug","message":"Skipping storing report.","meta":{"rootId":"12ypiebfbrbup36","id":"12ypiebfbrbup36"},"id":"k4ons67rihzfcad","previousOperationId":"7epd20fojzvi9o8"}
{"type":"log","timestamp":1684435852501,"level":"info","message":"Rendering request 1 finished in 2297 ms","meta":{"rootId":"12ypiebfbrbup36","id":"12ypiebfbrbup36"},"id":"sfsv4f1jsuhkvpa","previousOperationId":"7epd20fojzvi9o8"}
{"type":"operationEnd","subtype":"render","operationId":"8zx3qi0jwmiwpo8","timestamp":1684435852501,"id":"xkbak7sfon9ps9s","previousEventId":"ujfsleq5ba1p7kb","previousOperationId":"7epd20fojzvi9o8"}
{"type":"operationEnd","doDiffs":false,"previousEventId":"whu0eni9zaxk7fi","previousOperationId":"8d8vudp66ubo6cx","operationId":"8d8vudp66ubo6cx","timestamp":1684435852505,"id":"f8d83jzouszntcq"}
