{"type":"operationStart","subtype":"profile","data":{"_id":"JBzYdvgJNOLRNyfl","timestamp":"2023-05-03T14:46:55.076Z","state":"queued","mode":"standard","timeout":60000,"creationDate":"2023-05-03T14:46:55.079Z","modificationDate":"2023-05-03T14:46:55.079Z","shortid":"4OXGdv-","$entitySet":"profiles"},"doDiffs":false,"timestamp":1683125215078,"id":"r9ow38l9pwe4b3x","previousOperationId":null,"operationId":"es7dd7lv1ueer69"}
{"type":"log","level":"info","message":"Render request 1 queued for execution and waiting for available worker","previousOperationId":"es7dd7lv1ueer69","timestamp":1683125215078,"id":"9p3rhunzjdq10oz"}
{"type":"operationStart","subtype":"render","name":"anonymous","previousOperationId":"es7dd7lv1ueer69","timestamp":1683125215099,"id":"p0q27nmz0vsgnpn","previousEventId":"r9ow38l9pwe4b3x","operationId":"10xadk0gzisgwk2"}
{"type":"log","timestamp":1683125215101,"level":"info","message":"Starting rendering request 1","meta":{"rootId":"1hwq2xpm28a057r","id":"1hwq2xpm28a057r"},"id":"bxhnydkunecvh79","previousOperationId":"10xadk0gzisgwk2"}
{"type":"log","timestamp":1683125215104,"level":"info","message":"Rendering anonymous template { recipe: chrome-pdf, engine: handlebars }","meta":{"rootId":"1hwq2xpm28a057r","id":"1hwq2xpm28a057r"},"id":"9q3rybv099s7zpi","previousOperationId":"10xadk0gzisgwk2"}
{"type":"log","timestamp":1683125215104,"level":"debug","message":"Inline data specified.","meta":{"rootId":"1hwq2xpm28a057r","id":"1hwq2xpm28a057r"},"id":"t8hxboolwtwr6y7","previousOperationId":"10xadk0gzisgwk2"}
{"type":"log","timestamp":1683125215109,"level":"debug","message":"Base url not specified, skipping its injection.","meta":{"rootId":"1hwq2xpm28a057r","id":"1hwq2xpm28a057r"},"id":"v0sp7b2vmsm7ppc","previousOperationId":"10xadk0gzisgwk2"}
{"type":"operationStart","subtype":"engine","name":"handlebars","timestamp":1683125215113,"id":"09l27v62r4h9icb","previousEventId":"p0q27nmz0vsgnpn","operationId":"m1cvn23vugv9v7u","previousOperationId":"10xadk0gzisgwk2"}
{"type":"log","timestamp":1683125215113,"level":"debug","message":"Rendering engine handlebars","meta":{"rootId":"1hwq2xpm28a057r","id":"1hwq2xpm28a057r"},"id":"ls29goonlqw3nzq","previousOperationId":"m1cvn23vugv9v7u"}
{"type":"operationEnd","operationId":"m1cvn23vugv9v7u","timestamp":1683125217903,"id":"23cy3qq50lm2wzp","previousEventId":"09l27v62r4h9icb","previousOperationId":"m1cvn23vugv9v7u"}
{"type":"operationStart","subtype":"recipe","name":"chrome-pdf","timestamp":1683125217903,"id":"j2phfgtp6mybcyq","previousEventId":"23cy3qq50lm2wzp","operationId":"638bsndlkfohfkn","previousOperationId":"m1cvn23vugv9v7u"}
{"type":"log","timestamp":1683125217903,"level":"debug","message":"Executing recipe chrome-pdf","meta":{"rootId":"1hwq2xpm28a057r","id":"1hwq2xpm28a057r"},"id":"xjd3o85j891a1jp","previousOperationId":"638bsndlkfohfkn"}
{"type":"log","timestamp":1683125218528,"level":"debug","message":"Converting with chrome HeadlessChrome/105.0.5173.0 using chrome-pool strategy","meta":{"rootId":"1hwq2xpm28a057r","id":"1hwq2xpm28a057r"},"id":"7s32iqr4ms4ddbm","previousOperationId":"638bsndlkfohfkn"}
{"type":"log","timestamp":1683125219552,"level":"debug","message":"Page request: GET (document) file:///C:/Users/hp/AppData/Local/Temp/jsreport/autocleanup/ff010f5e-be12-49ee-be6f-ab34c39e4efd-chrome-pdf.html","meta":{"rootId":"1hwq2xpm28a057r","id":"1hwq2xpm28a057r"},"id":"0q8tm1a1uk95316","previousOperationId":"638bsndlkfohfkn"}
{"type":"log","timestamp":1683125219565,"level":"debug","message":"Page request finished: GET (document) 200 file:///C:/Users/hp/AppData/Local/Temp/jsreport/autocleanup/ff010f5e-be12-49ee-be6f-ab34c39e4efd-chrome-pdf.html","meta":{"rootId":"1hwq2xpm28a057r","id":"1hwq2xpm28a057r"},"id":"f15s3rozbwntkpj","previousOperationId":"638bsndlkfohfkn"}
{"type":"log","timestamp":1683125219603,"level":"debug","message":"Running chrome with params {\"timeout\":57028,\"margin\":{},\"printBackground\":true}","meta":{"rootId":"1hwq2xpm28a057r","id":"1hwq2xpm28a057r"},"id":"2idubb26ieeg6ur","previousOperationId":"638bsndlkfohfkn"}
{"type":"operationEnd","operationId":"638bsndlkfohfkn","timestamp":1683125219725,"id":"wzws2pdb85fkt84","previousEventId":"j2phfgtp6mybcyq","previousOperationId":"638bsndlkfohfkn"}
{"type":"log","timestamp":1683125219725,"level":"debug","message":"Skipping storing report.","meta":{"rootId":"1hwq2xpm28a057r","id":"1hwq2xpm28a057r"},"id":"h9uix91yu0npyad","previousOperationId":"638bsndlkfohfkn"}
{"type":"log","timestamp":1683125219725,"level":"info","message":"Rendering request 1 finished in 4650 ms","meta":{"rootId":"1hwq2xpm28a057r","id":"1hwq2xpm28a057r"},"id":"rr39ojlyzb29m99","previousOperationId":"638bsndlkfohfkn"}
{"type":"operationEnd","subtype":"render","operationId":"10xadk0gzisgwk2","timestamp":1683125219726,"id":"c3nx8rsx6aep1tl","previousEventId":"wzws2pdb85fkt84","previousOperationId":"638bsndlkfohfkn"}
{"type":"operationEnd","doDiffs":false,"previousEventId":"r9ow38l9pwe4b3x","previousOperationId":"es7dd7lv1ueer69","operationId":"es7dd7lv1ueer69","timestamp":1683125219728,"id":"ycrff35mlqffm5n"}
