{"type":"operationStart","subtype":"profile","data":{"_id":"MuHhsmJdkjpBfupH","timestamp":"2023-05-18T09:31:40.070Z","state":"queued","mode":"standard","timeout":60000,"creationDate":"2023-05-18T09:31:40.073Z","modificationDate":"2023-05-18T09:31:40.073Z","shortid":"z0l-6Au","$entitySet":"profiles"},"doDiffs":false,"timestamp":1684402300072,"id":"saf08kgt6y3qd1h","previousOperationId":null,"operationId":"6kbuqewrwxvcs4l"}
{"type":"log","level":"info","message":"Render request 2 queued for execution and waiting for available worker","previousOperationId":"6kbuqewrwxvcs4l","timestamp":1684402300072,"id":"qkoc09k4njv5c2g"}
{"type":"operationStart","subtype":"render","name":"anonymous","previousOperationId":"6kbuqewrwxvcs4l","timestamp":1684402300079,"id":"9yyy861wagmayji","previousEventId":"saf08kgt6y3qd1h","operationId":"pcftczwb1ht9tbr"}
{"type":"log","timestamp":1684402300079,"level":"info","message":"Starting rendering request 2","meta":{"rootId":"1nwyxjfv1281t2v","id":"1nwyxjfv1281t2v"},"id":"4dh2hswl86h4slv","previousOperationId":"pcftczwb1ht9tbr"}
{"type":"log","timestamp":1684402300079,"level":"info","message":"Rendering anonymous template { recipe: chrome-pdf, engine: handlebars }","meta":{"rootId":"1nwyxjfv1281t2v","id":"1nwyxjfv1281t2v"},"id":"re0v47kx5i315f2","previousOperationId":"pcftczwb1ht9tbr"}
{"type":"log","timestamp":1684402300080,"level":"debug","message":"Inline data specified.","meta":{"rootId":"1nwyxjfv1281t2v","id":"1nwyxjfv1281t2v"},"id":"lpt28g97lgrasro","previousOperationId":"pcftczwb1ht9tbr"}
{"type":"log","timestamp":1684402300082,"level":"debug","message":"Base url not specified, skipping its injection.","meta":{"rootId":"1nwyxjfv1281t2v","id":"1nwyxjfv1281t2v"},"id":"ql2y0mhm4iauvvi","previousOperationId":"pcftczwb1ht9tbr"}
{"type":"operationStart","subtype":"engine","name":"handlebars","timestamp":1684402300082,"id":"phcbqbcuy4q8tgm","previousEventId":"9yyy861wagmayji","operationId":"i7t90pbz3ngcmgp","previousOperationId":"pcftczwb1ht9tbr"}
{"type":"log","timestamp":1684402300082,"level":"debug","message":"Rendering engine handlebars","meta":{"rootId":"1nwyxjfv1281t2v","id":"1nwyxjfv1281t2v"},"id":"pnw6ydk809punw8","previousOperationId":"i7t90pbz3ngcmgp"}
{"type":"operationEnd","operationId":"i7t90pbz3ngcmgp","timestamp":1684402300093,"id":"olmbjl5z2nuxk80","previousEventId":"phcbqbcuy4q8tgm","previousOperationId":"i7t90pbz3ngcmgp"}
{"type":"operationStart","subtype":"recipe","name":"chrome-pdf","timestamp":1684402300094,"id":"85hothyh89me2o5","previousEventId":"olmbjl5z2nuxk80","operationId":"uv8l0vwhj1cumgq","previousOperationId":"i7t90pbz3ngcmgp"}
{"type":"log","timestamp":1684402300094,"level":"debug","message":"Executing recipe chrome-pdf","meta":{"rootId":"1nwyxjfv1281t2v","id":"1nwyxjfv1281t2v"},"id":"4pcloriyhx3aoow","previousOperationId":"uv8l0vwhj1cumgq"}
{"type":"log","timestamp":1684402300426,"level":"debug","message":"Converting with chrome HeadlessChrome/105.0.5173.0 using chrome-pool strategy","meta":{"rootId":"1nwyxjfv1281t2v","id":"1nwyxjfv1281t2v"},"id":"jovfggrhksnw9jn","previousOperationId":"uv8l0vwhj1cumgq"}
{"type":"log","timestamp":1684402301849,"level":"debug","message":"Page request: GET (document) file:///C:/Users/hp/AppData/Local/Temp/jsreport/autocleanup/2712ebb2-a9de-4d1e-9b27-c8bed51402b5-chrome-pdf.html","meta":{"rootId":"1nwyxjfv1281t2v","id":"1nwyxjfv1281t2v"},"id":"jlpmxumh3w0ryl2","previousOperationId":"uv8l0vwhj1cumgq"}
{"type":"log","timestamp":1684402301864,"level":"debug","message":"Page request finished: GET (document) 200 file:///C:/Users/hp/AppData/Local/Temp/jsreport/autocleanup/2712ebb2-a9de-4d1e-9b27-c8bed51402b5-chrome-pdf.html","meta":{"rootId":"1nwyxjfv1281t2v","id":"1nwyxjfv1281t2v"},"id":"l0gmm2zfwewcw6y","previousOperationId":"uv8l0vwhj1cumgq"}
{"type":"log","timestamp":1684402301969,"level":"debug","message":"Running chrome with params {\"timeout\":59973,\"margin\":{},\"printBackground\":true}","meta":{"rootId":"1nwyxjfv1281t2v","id":"1nwyxjfv1281t2v"},"id":"pm44m4uyr8jdjx4","previousOperationId":"uv8l0vwhj1cumgq"}
{"type":"operationEnd","operationId":"uv8l0vwhj1cumgq","timestamp":1684402302396,"id":"9l8oc81888goexw","previousEventId":"85hothyh89me2o5","previousOperationId":"uv8l0vwhj1cumgq"}
{"type":"log","timestamp":1684402302396,"level":"debug","message":"Skipping storing report.","meta":{"rootId":"1nwyxjfv1281t2v","id":"1nwyxjfv1281t2v"},"id":"yztmo7qzdn9n3ng","previousOperationId":"uv8l0vwhj1cumgq"}
{"type":"log","timestamp":1684402302396,"level":"info","message":"Rendering request 2 finished in 2327 ms","meta":{"rootId":"1nwyxjfv1281t2v","id":"1nwyxjfv1281t2v"},"id":"92jqxgxo0gcy0ua","previousOperationId":"uv8l0vwhj1cumgq"}
{"type":"operationEnd","subtype":"render","operationId":"pcftczwb1ht9tbr","timestamp":1684402302396,"id":"sf02m4j6zqhvgjw","previousEventId":"9l8oc81888goexw","previousOperationId":"uv8l0vwhj1cumgq"}
{"type":"operationEnd","doDiffs":false,"previousEventId":"saf08kgt6y3qd1h","previousOperationId":"6kbuqewrwxvcs4l","operationId":"6kbuqewrwxvcs4l","timestamp":1684402302399,"id":"q6vfs89osnmquuj"}
