{"type":"operationStart","subtype":"profile","data":{"_id":"xTlJASdjK3Sz6PVX","timestamp":"2023-04-10T10:28:12.862Z","state":"queued","mode":"standard","timeout":60000,"creationDate":"2023-04-10T10:28:12.875Z","modificationDate":"2023-04-10T10:28:12.875Z","shortid":"WUytfZ3","$entitySet":"profiles"},"doDiffs":false,"timestamp":1681122492875,"id":"l6nfcmw7ll0nh31","previousOperationId":null,"operationId":"h4d6yk6sibyuf6j"}
{"type":"log","level":"info","message":"Render request 3 queued for execution and waiting for available worker","previousOperationId":"h4d6yk6sibyuf6j","timestamp":1681122492875,"id":"1agkxhfu874pfky"}
{"type":"operationStart","subtype":"render","name":"anonymous","previousOperationId":"h4d6yk6sibyuf6j","timestamp":1681122492911,"id":"o07ehrmpfqfcts2","previousEventId":"l6nfcmw7ll0nh31","operationId":"xcpeu5foy5dqg61"}
{"type":"log","timestamp":1681122492911,"level":"info","message":"Starting rendering request 3","meta":{"rootId":"1u38nwvyv7zxcsm","id":"1u38nwvyv7zxcsm"},"id":"i3rdstujzm04raf","previousOperationId":"xcpeu5foy5dqg61"}
{"type":"log","timestamp":1681122492911,"level":"info","message":"Rendering anonymous template { recipe: chrome-pdf, engine: handlebars }","meta":{"rootId":"1u38nwvyv7zxcsm","id":"1u38nwvyv7zxcsm"},"id":"84g3wjrgv8crq0s","previousOperationId":"xcpeu5foy5dqg61"}
{"type":"log","timestamp":1681122492912,"level":"debug","message":"Inline data specified.","meta":{"rootId":"1u38nwvyv7zxcsm","id":"1u38nwvyv7zxcsm"},"id":"bc33ywlt3oonlfy","previousOperationId":"xcpeu5foy5dqg61"}
{"type":"log","timestamp":1681122492919,"level":"debug","message":"Base url not specified, skipping its injection.","meta":{"rootId":"1u38nwvyv7zxcsm","id":"1u38nwvyv7zxcsm"},"id":"jjhkvjyvu18pzfc","previousOperationId":"xcpeu5foy5dqg61"}
{"type":"operationStart","subtype":"engine","name":"handlebars","timestamp":1681122492920,"id":"w08vbvtihptd3zk","previousEventId":"o07ehrmpfqfcts2","operationId":"r190ggu8rzcnizy","previousOperationId":"xcpeu5foy5dqg61"}
{"type":"log","timestamp":1681122492920,"level":"debug","message":"Rendering engine handlebars","meta":{"rootId":"1u38nwvyv7zxcsm","id":"1u38nwvyv7zxcsm"},"id":"ensu7en3bxnuqli","previousOperationId":"r190ggu8rzcnizy"}
{"type":"operationEnd","operationId":"r190ggu8rzcnizy","timestamp":1681122492942,"id":"0v88yx5pjno0cvh","previousEventId":"w08vbvtihptd3zk","previousOperationId":"r190ggu8rzcnizy"}
{"type":"operationStart","subtype":"recipe","name":"chrome-pdf","timestamp":1681122492943,"id":"30b9vcl64f05alg","previousEventId":"0v88yx5pjno0cvh","operationId":"zd8m5jrh0cf01pt","previousOperationId":"r190ggu8rzcnizy"}
{"type":"log","timestamp":1681122492943,"level":"debug","message":"Executing recipe chrome-pdf","meta":{"rootId":"1u38nwvyv7zxcsm","id":"1u38nwvyv7zxcsm"},"id":"pix580xo7wwavuk","previousOperationId":"zd8m5jrh0cf01pt"}
{"type":"log","timestamp":1681122492977,"level":"debug","message":"Converting with chrome HeadlessChrome/105.0.5173.0 using chrome-pool strategy","meta":{"rootId":"1u38nwvyv7zxcsm","id":"1u38nwvyv7zxcsm"},"id":"0ot6qukeptpnyys","previousOperationId":"zd8m5jrh0cf01pt"}
{"type":"log","timestamp":1681122493114,"level":"debug","message":"Page request: GET (document) file:///C:/Users/SACHIN~1/AppData/Local/Temp/jsreport/autocleanup/c6d9bf8c-c381-4312-99ae-3d21523bc7d1-chrome-pdf.html","meta":{"rootId":"1u38nwvyv7zxcsm","id":"1u38nwvyv7zxcsm"},"id":"1ezc11jp5umji0f","previousOperationId":"zd8m5jrh0cf01pt"}
{"type":"log","timestamp":1681122493127,"level":"debug","message":"Page request finished: GET (document) 200 file:///C:/Users/SACHIN~1/AppData/Local/Temp/jsreport/autocleanup/c6d9bf8c-c381-4312-99ae-3d21523bc7d1-chrome-pdf.html","meta":{"rootId":"1u38nwvyv7zxcsm","id":"1u38nwvyv7zxcsm"},"id":"ay9mp2ltjsi3bpg","previousOperationId":"zd8m5jrh0cf01pt"}
{"type":"log","timestamp":1681122493127,"level":"debug","message":"Page request: GET (stylesheet) https://stackpath.bootstrapcdn.com/bootstrap/4.4.1/css/bootstrap.min.css","meta":{"rootId":"1u38nwvyv7zxcsm","id":"1u38nwvyv7zxcsm"},"id":"hmjf00798rafqct","previousOperationId":"zd8m5jrh0cf01pt"}
{"type":"log","timestamp":1681122493127,"level":"debug","message":"Page request: GET (image) https://assets-global.website-files.com/5ca4d1fd374efbecd845739f/611be296e1ecb589c495418a_JAS%20and%20Greencarrier.png","meta":{"rootId":"1u38nwvyv7zxcsm","id":"1u38nwvyv7zxcsm"},"id":"cwsfd1oz0wb43hx","previousOperationId":"zd8m5jrh0cf01pt"}
{"type":"log","timestamp":1681122493136,"level":"debug","message":"Page request finished: GET (image) 200 https://assets-global.website-files.com/5ca4d1fd374efbecd845739f/611be296e1ecb589c495418a_JAS%20and%20Greencarrier.png","meta":{"rootId":"1u38nwvyv7zxcsm","id":"1u38nwvyv7zxcsm"},"id":"8bqqjw0no46fuii","previousOperationId":"zd8m5jrh0cf01pt"}
{"type":"log","timestamp":1681122493143,"level":"debug","message":"Page request finished: GET (stylesheet) 200 https://stackpath.bootstrapcdn.com/bootstrap/4.4.1/css/bootstrap.min.css","meta":{"rootId":"1u38nwvyv7zxcsm","id":"1u38nwvyv7zxcsm"},"id":"xtlek41w4gxgpyy","previousOperationId":"zd8m5jrh0cf01pt"}
{"type":"log","timestamp":1681122493221,"level":"debug","message":"Running chrome with params {\"timeout\":59915,\"margin\":{},\"printBackground\":true}","meta":{"rootId":"1u38nwvyv7zxcsm","id":"1u38nwvyv7zxcsm"},"id":"n041242m21olnj7","previousOperationId":"zd8m5jrh0cf01pt"}
{"type":"operationEnd","operationId":"zd8m5jrh0cf01pt","timestamp":1681122493509,"id":"d982krxsmtimw64","previousEventId":"30b9vcl64f05alg","previousOperationId":"zd8m5jrh0cf01pt"}
{"type":"log","timestamp":1681122493509,"level":"debug","message":"Skipping storing report.","meta":{"rootId":"1u38nwvyv7zxcsm","id":"1u38nwvyv7zxcsm"},"id":"v49cqn68uipdi9g","previousOperationId":"zd8m5jrh0cf01pt"}
{"type":"log","timestamp":1681122493509,"level":"info","message":"Rendering request 3 finished in 648 ms","meta":{"rootId":"1u38nwvyv7zxcsm","id":"1u38nwvyv7zxcsm"},"id":"18fdupeixtj61jb","previousOperationId":"zd8m5jrh0cf01pt"}
{"type":"operationEnd","subtype":"render","operationId":"xcpeu5foy5dqg61","timestamp":1681122493510,"id":"a02kay6cugmkoy5","previousEventId":"d982krxsmtimw64","previousOperationId":"zd8m5jrh0cf01pt"}
{"type":"operationEnd","doDiffs":false,"previousEventId":"l6nfcmw7ll0nh31","previousOperationId":"h4d6yk6sibyuf6j","operationId":"h4d6yk6sibyuf6j","timestamp":1681122493511,"id":"0ip6f5ee16yod4e"}
