{"type":"operationStart","subtype":"profile","data":{"_id":"8iyBRk3ulZshHdyQ","timestamp":"2023-05-15T15:55:34.663Z","state":"queued","mode":"standard","timeout":60000,"creationDate":"2023-05-15T15:55:34.667Z","modificationDate":"2023-05-15T15:55:34.667Z","shortid":"FKdhSjn","$entitySet":"profiles"},"doDiffs":false,"timestamp":1684166134666,"id":"8zk9qaws2hm2run","previousOperationId":null,"operationId":"5120c58wu83ntkp"}
{"type":"log","level":"info","message":"Render request 1 queued for execution and waiting for available worker","previousOperationId":"5120c58wu83ntkp","timestamp":1684166134666,"id":"zrvshjrwn8ae3is"}
{"type":"operationStart","subtype":"render","name":"anonymous","previousOperationId":"5120c58wu83ntkp","timestamp":1684166134685,"id":"li96vcdbwxzb2ol","previousEventId":"8zk9qaws2hm2run","operationId":"vmdfgupbpm3pemx"}
{"type":"log","timestamp":1684166134687,"level":"info","message":"Starting rendering request 1","meta":{"rootId":"1w4nedtnh7w49ic","id":"1w4nedtnh7w49ic"},"id":"x4hvb3qzdzrbny5","previousOperationId":"vmdfgupbpm3pemx"}
{"type":"log","timestamp":1684166134689,"level":"info","message":"Rendering anonymous template { recipe: chrome-pdf, engine: handlebars }","meta":{"rootId":"1w4nedtnh7w49ic","id":"1w4nedtnh7w49ic"},"id":"6i5kisems9stnrw","previousOperationId":"vmdfgupbpm3pemx"}
{"type":"log","timestamp":1684166134689,"level":"debug","message":"Inline data specified.","meta":{"rootId":"1w4nedtnh7w49ic","id":"1w4nedtnh7w49ic"},"id":"ql1gxj1ezxrn6mu","previousOperationId":"vmdfgupbpm3pemx"}
{"type":"log","timestamp":1684166134694,"level":"debug","message":"Base url not specified, skipping its injection.","meta":{"rootId":"1w4nedtnh7w49ic","id":"1w4nedtnh7w49ic"},"id":"m13jna2x4sicfu6","previousOperationId":"vmdfgupbpm3pemx"}
{"type":"operationStart","subtype":"engine","name":"handlebars","timestamp":1684166134695,"id":"rqq2gay4qoau55k","previousEventId":"li96vcdbwxzb2ol","operationId":"zvhu45gwkiuj2gh","previousOperationId":"vmdfgupbpm3pemx"}
{"type":"log","timestamp":1684166134695,"level":"debug","message":"Rendering engine handlebars","meta":{"rootId":"1w4nedtnh7w49ic","id":"1w4nedtnh7w49ic"},"id":"2052rhtofx5ce7w","previousOperationId":"zvhu45gwkiuj2gh"}
{"type":"operationEnd","operationId":"zvhu45gwkiuj2gh","timestamp":1684166138293,"id":"oo5qhcczsfpa3i7","previousEventId":"rqq2gay4qoau55k","previousOperationId":"zvhu45gwkiuj2gh"}
{"type":"operationStart","subtype":"recipe","name":"chrome-pdf","timestamp":1684166138294,"id":"997k6ny1y20y4pk","previousEventId":"oo5qhcczsfpa3i7","operationId":"xdu6q81wxwzd5a5","previousOperationId":"zvhu45gwkiuj2gh"}
{"type":"log","timestamp":1684166138294,"level":"debug","message":"Executing recipe chrome-pdf","meta":{"rootId":"1w4nedtnh7w49ic","id":"1w4nedtnh7w49ic"},"id":"sti9bltcmlu8slm","previousOperationId":"xdu6q81wxwzd5a5"}
{"type":"log","timestamp":1684166138816,"level":"debug","message":"Converting with chrome HeadlessChrome/105.0.5173.0 using chrome-pool strategy","meta":{"rootId":"1w4nedtnh7w49ic","id":"1w4nedtnh7w49ic"},"id":"xosh5u0st7ditpr","previousOperationId":"xdu6q81wxwzd5a5"}
{"type":"log","timestamp":1684166140429,"level":"debug","message":"Page request: GET (document) file:///C:/Users/hp/AppData/Local/Temp/jsreport/autocleanup/473a62b7-e707-49c9-9359-b73cabbd6195-chrome-pdf.html","meta":{"rootId":"1w4nedtnh7w49ic","id":"1w4nedtnh7w49ic"},"id":"p2rk2z9tl57e8hz","previousOperationId":"xdu6q81wxwzd5a5"}
{"type":"log","timestamp":1684166140442,"level":"debug","message":"Page request finished: GET (document) 200 file:///C:/Users/hp/AppData/Local/Temp/jsreport/autocleanup/473a62b7-e707-49c9-9359-b73cabbd6195-chrome-pdf.html","meta":{"rootId":"1w4nedtnh7w49ic","id":"1w4nedtnh7w49ic"},"id":"s1a3frx4izumbyj","previousOperationId":"xdu6q81wxwzd5a5"}
{"type":"log","timestamp":1684166140489,"level":"debug","message":"Running chrome with params {\"timeout\":56191,\"margin\":{},\"printBackground\":true}","meta":{"rootId":"1w4nedtnh7w49ic","id":"1w4nedtnh7w49ic"},"id":"5docvl8ytt2ua4m","previousOperationId":"xdu6q81wxwzd5a5"}
{"type":"operationEnd","operationId":"xdu6q81wxwzd5a5","timestamp":1684166140679,"id":"16ezrzwqwqmc30m","previousEventId":"997k6ny1y20y4pk","previousOperationId":"xdu6q81wxwzd5a5"}
{"type":"log","timestamp":1684166140680,"level":"debug","message":"Skipping storing report.","meta":{"rootId":"1w4nedtnh7w49ic","id":"1w4nedtnh7w49ic"},"id":"yht6w06sn335nxl","previousOperationId":"xdu6q81wxwzd5a5"}
{"type":"log","timestamp":1684166140681,"level":"info","message":"Rendering request 1 finished in 6019 ms","meta":{"rootId":"1w4nedtnh7w49ic","id":"1w4nedtnh7w49ic"},"id":"xcqij75zgrmhwlg","previousOperationId":"xdu6q81wxwzd5a5"}
{"type":"operationEnd","subtype":"render","operationId":"vmdfgupbpm3pemx","timestamp":1684166140681,"id":"4jkp9vs1rymbbad","previousEventId":"16ezrzwqwqmc30m","previousOperationId":"xdu6q81wxwzd5a5"}
{"type":"operationEnd","doDiffs":false,"previousEventId":"8zk9qaws2hm2run","previousOperationId":"5120c58wu83ntkp","operationId":"5120c58wu83ntkp","timestamp":1684166140685,"id":"n2ijqga5db6dnjb"}
