{"type":"operationStart","subtype":"profile","data":{"_id":"r2cSlk41sH7W4INm","timestamp":"2023-05-17T20:01:47.576Z","state":"queued","mode":"standard","timeout":60000,"creationDate":"2023-05-17T20:01:48.121Z","modificationDate":"2023-05-17T20:01:48.121Z","shortid":"7IUHYy1","$entitySet":"profiles"},"doDiffs":false,"timestamp":1684353708121,"id":"fgjdd2c71ideg3q","previousOperationId":null,"operationId":"ol691pz4h3ej4rt"}
{"type":"log","level":"info","message":"Render request 13 queued for execution and waiting for available worker","previousOperationId":"ol691pz4h3ej4rt","timestamp":1684353708121,"id":"y3fudwme2u0b9yg"}
{"type":"operationStart","subtype":"render","name":"anonymous","previousOperationId":"ol691pz4h3ej4rt","timestamp":1684353709290,"id":"r8xe0k4nff2nxyi","previousEventId":"fgjdd2c71ideg3q","operationId":"mb03q4uluhfj6zr"}
{"type":"log","timestamp":1684353709290,"level":"info","message":"Starting rendering request 13","meta":{"rootId":"1yx6d54a7hzagoh","id":"1yx6d54a7hzagoh"},"id":"uql57hruul0ahv5","previousOperationId":"mb03q4uluhfj6zr"}
{"type":"log","timestamp":1684353709290,"level":"info","message":"Rendering anonymous template { recipe: chrome-pdf, engine: handlebars }","meta":{"rootId":"1yx6d54a7hzagoh","id":"1yx6d54a7hzagoh"},"id":"sped0mtt2fc1943","previousOperationId":"mb03q4uluhfj6zr"}
{"type":"log","timestamp":1684353709290,"level":"debug","message":"Inline data specified.","meta":{"rootId":"1yx6d54a7hzagoh","id":"1yx6d54a7hzagoh"},"id":"iknkhbdhy0zfwpx","previousOperationId":"mb03q4uluhfj6zr"}
{"type":"log","timestamp":1684353709293,"level":"debug","message":"Base url not specified, skipping its injection.","meta":{"rootId":"1yx6d54a7hzagoh","id":"1yx6d54a7hzagoh"},"id":"xwcf14ftjo8fkql","previousOperationId":"mb03q4uluhfj6zr"}
{"type":"operationStart","subtype":"engine","name":"handlebars","timestamp":1684353709294,"id":"acml41ba7z1ogxe","previousEventId":"r8xe0k4nff2nxyi","operationId":"ujbn36y5xr1w2w7","previousOperationId":"mb03q4uluhfj6zr"}
{"type":"log","timestamp":1684353709294,"level":"debug","message":"Rendering engine handlebars","meta":{"rootId":"1yx6d54a7hzagoh","id":"1yx6d54a7hzagoh"},"id":"v8a0ck06dhuv8zc","previousOperationId":"ujbn36y5xr1w2w7"}
{"type":"operationEnd","operationId":"ujbn36y5xr1w2w7","timestamp":1684353709312,"id":"36j3qt3pd5xfbqp","previousEventId":"acml41ba7z1ogxe","previousOperationId":"ujbn36y5xr1w2w7"}
{"type":"operationStart","subtype":"recipe","name":"chrome-pdf","timestamp":1684353709313,"id":"x5zeps9mjh7oqmw","previousEventId":"36j3qt3pd5xfbqp","operationId":"ipypudcifa9gds8","previousOperationId":"ujbn36y5xr1w2w7"}
{"type":"log","timestamp":1684353709313,"level":"debug","message":"Executing recipe chrome-pdf","meta":{"rootId":"1yx6d54a7hzagoh","id":"1yx6d54a7hzagoh"},"id":"wtyiqjpodznl91q","previousOperationId":"ipypudcifa9gds8"}
{"type":"log","timestamp":1684353709320,"level":"debug","message":"Converting with chrome HeadlessChrome/105.0.5173.0 using chrome-pool strategy","meta":{"rootId":"1yx6d54a7hzagoh","id":"1yx6d54a7hzagoh"},"id":"6gt2llajxbjdrfv","previousOperationId":"ipypudcifa9gds8"}
{"type":"log","timestamp":1684353709483,"level":"debug","message":"Page request: GET (document) file:///C:/Users/hp/AppData/Local/Temp/jsreport/autocleanup/3a9578a4-3ef5-4329-a5b3-86d8363f2c0a-chrome-pdf.html","meta":{"rootId":"1yx6d54a7hzagoh","id":"1yx6d54a7hzagoh"},"id":"5fu0w0unfqtuski","previousOperationId":"ipypudcifa9gds8"}
{"type":"log","timestamp":1684353709498,"level":"debug","message":"Page request finished: GET (document) 200 file:///C:/Users/hp/AppData/Local/Temp/jsreport/autocleanup/3a9578a4-3ef5-4329-a5b3-86d8363f2c0a-chrome-pdf.html","meta":{"rootId":"1yx6d54a7hzagoh","id":"1yx6d54a7hzagoh"},"id":"fxl3t38w0gm2sdg","previousOperationId":"ipypudcifa9gds8"}
{"type":"log","timestamp":1684353709619,"level":"debug","message":"Running chrome with params {\"timeout\":58257,\"margin\":{},\"printBackground\":true}","meta":{"rootId":"1yx6d54a7hzagoh","id":"1yx6d54a7hzagoh"},"id":"wcria8c2ndghy8e","previousOperationId":"ipypudcifa9gds8"}
{"type":"operationEnd","operationId":"ipypudcifa9gds8","timestamp":1684353710256,"id":"tsf4tbx5xbnr9so","previousEventId":"x5zeps9mjh7oqmw","previousOperationId":"ipypudcifa9gds8"}
{"type":"log","timestamp":1684353710256,"level":"debug","message":"Skipping storing report.","meta":{"rootId":"1yx6d54a7hzagoh","id":"1yx6d54a7hzagoh"},"id":"l630hpnbwn4k5j6","previousOperationId":"ipypudcifa9gds8"}
{"type":"log","timestamp":1684353710256,"level":"info","message":"Rendering request 13 finished in 2681 ms","meta":{"rootId":"1yx6d54a7hzagoh","id":"1yx6d54a7hzagoh"},"id":"b294jircgyml506","previousOperationId":"ipypudcifa9gds8"}
{"type":"operationEnd","subtype":"render","operationId":"mb03q4uluhfj6zr","timestamp":1684353710256,"id":"nhhdxbhef82on7s","previousEventId":"tsf4tbx5xbnr9so","previousOperationId":"ipypudcifa9gds8"}
{"type":"operationEnd","doDiffs":false,"previousEventId":"fgjdd2c71ideg3q","previousOperationId":"ol691pz4h3ej4rt","operationId":"ol691pz4h3ej4rt","timestamp":1684353710261,"id":"g25qxrcovqrtydm"}
