{"type":"operationStart","subtype":"profile","data":{"_id":"81Ib72Emm5zwhnYL","timestamp":"2023-05-17T20:01:10.262Z","state":"queued","mode":"standard","timeout":60000,"creationDate":"2023-05-17T20:01:10.399Z","modificationDate":"2023-05-17T20:01:10.399Z","shortid":"KaKXWLH","$entitySet":"profiles"},"doDiffs":false,"timestamp":1684353670399,"id":"5ehsdy8uwx4ggzq","previousOperationId":null,"operationId":"256ewujplqqum3u"}
{"type":"log","level":"info","message":"Render request 6 queued for execution and waiting for available worker","previousOperationId":"256ewujplqqum3u","timestamp":1684353670399,"id":"y7drvmqe3kwfb59"}
{"type":"operationStart","subtype":"render","name":"anonymous","previousOperationId":"256ewujplqqum3u","timestamp":1684353672795,"id":"86arun0xhiyplzq","previousEventId":"5ehsdy8uwx4ggzq","operationId":"722jpz9kp6eqw5z"}
{"type":"log","timestamp":1684353672795,"level":"info","message":"Starting rendering request 6","meta":{"rootId":"2f5lqa54w04s5ei","id":"2f5lqa54w04s5ei"},"id":"kkgkozhs098h7wa","previousOperationId":"722jpz9kp6eqw5z"}
{"type":"log","timestamp":1684353672795,"level":"info","message":"Rendering anonymous template { recipe: chrome-pdf, engine: handlebars }","meta":{"rootId":"2f5lqa54w04s5ei","id":"2f5lqa54w04s5ei"},"id":"p5nctrq1vpcwgdc","previousOperationId":"722jpz9kp6eqw5z"}
{"type":"log","timestamp":1684353672796,"level":"debug","message":"Inline data specified.","meta":{"rootId":"2f5lqa54w04s5ei","id":"2f5lqa54w04s5ei"},"id":"0x8lyjmyf4efgk0","previousOperationId":"722jpz9kp6eqw5z"}
{"type":"log","timestamp":1684353672798,"level":"debug","message":"Base url not specified, skipping its injection.","meta":{"rootId":"2f5lqa54w04s5ei","id":"2f5lqa54w04s5ei"},"id":"id3hiootcq5qkps","previousOperationId":"722jpz9kp6eqw5z"}
{"type":"operationStart","subtype":"engine","name":"handlebars","timestamp":1684353672799,"id":"pqe33aaj8m81luv","previousEventId":"86arun0xhiyplzq","operationId":"cek02w045ovig4g","previousOperationId":"722jpz9kp6eqw5z"}
{"type":"log","timestamp":1684353672799,"level":"debug","message":"Rendering engine handlebars","meta":{"rootId":"2f5lqa54w04s5ei","id":"2f5lqa54w04s5ei"},"id":"k0a1p34slacvnl5","previousOperationId":"cek02w045ovig4g"}
{"type":"operationEnd","operationId":"cek02w045ovig4g","timestamp":1684353672814,"id":"aa46mns03d107td","previousEventId":"pqe33aaj8m81luv","previousOperationId":"cek02w045ovig4g"}
{"type":"operationStart","subtype":"recipe","name":"chrome-pdf","timestamp":1684353672815,"id":"4jvzvk6gkdl79ty","previousEventId":"aa46mns03d107td","operationId":"i3azfr8oj8z30th","previousOperationId":"cek02w045ovig4g"}
{"type":"log","timestamp":1684353672815,"level":"debug","message":"Executing recipe chrome-pdf","meta":{"rootId":"2f5lqa54w04s5ei","id":"2f5lqa54w04s5ei"},"id":"uofwa2bdhva9eq4","previousOperationId":"i3azfr8oj8z30th"}
{"type":"log","timestamp":1684353672821,"level":"debug","message":"Converting with chrome HeadlessChrome/105.0.5173.0 using chrome-pool strategy","meta":{"rootId":"2f5lqa54w04s5ei","id":"2f5lqa54w04s5ei"},"id":"2lep2mwly7yj1ho","previousOperationId":"i3azfr8oj8z30th"}
{"type":"log","timestamp":1684353672979,"level":"debug","message":"Page request: GET (document) file:///C:/Users/hp/AppData/Local/Temp/jsreport/autocleanup/3c51d5e9-5429-4d79-987c-80d8e288b48c-chrome-pdf.html","meta":{"rootId":"2f5lqa54w04s5ei","id":"2f5lqa54w04s5ei"},"id":"xq68illbqzgtcta","previousOperationId":"i3azfr8oj8z30th"}
{"type":"log","timestamp":1684353672993,"level":"debug","message":"Page request finished: GET (document) 200 file:///C:/Users/hp/AppData/Local/Temp/jsreport/autocleanup/3c51d5e9-5429-4d79-987c-80d8e288b48c-chrome-pdf.html","meta":{"rootId":"2f5lqa54w04s5ei","id":"2f5lqa54w04s5ei"},"id":"s6einyvd5oml7rl","previousOperationId":"i3azfr8oj8z30th"}
{"type":"log","timestamp":1684353673131,"level":"debug","message":"Running chrome with params {\"timeout\":57444,\"margin\":{},\"printBackground\":true}","meta":{"rootId":"2f5lqa54w04s5ei","id":"2f5lqa54w04s5ei"},"id":"owvnv6qllmywqm3","previousOperationId":"i3azfr8oj8z30th"}
{"type":"operationEnd","operationId":"i3azfr8oj8z30th","timestamp":1684353673747,"id":"pkqgedyg3tugzg3","previousEventId":"4jvzvk6gkdl79ty","previousOperationId":"i3azfr8oj8z30th"}
{"type":"log","timestamp":1684353673747,"level":"debug","message":"Skipping storing report.","meta":{"rootId":"2f5lqa54w04s5ei","id":"2f5lqa54w04s5ei"},"id":"zvbqn6os7gfrr4n","previousOperationId":"i3azfr8oj8z30th"}
{"type":"log","timestamp":1684353673747,"level":"info","message":"Rendering request 6 finished in 3485 ms","meta":{"rootId":"2f5lqa54w04s5ei","id":"2f5lqa54w04s5ei"},"id":"6km206lfsh80e1i","previousOperationId":"i3azfr8oj8z30th"}
{"type":"operationEnd","subtype":"render","operationId":"722jpz9kp6eqw5z","timestamp":1684353673747,"id":"53svrbkt9kvtnix","previousEventId":"pkqgedyg3tugzg3","previousOperationId":"i3azfr8oj8z30th"}
{"type":"operationEnd","doDiffs":false,"previousEventId":"5ehsdy8uwx4ggzq","previousOperationId":"256ewujplqqum3u","operationId":"256ewujplqqum3u","timestamp":1684353673750,"id":"7f2tqnvcjo18kgh"}
