{"type":"operationStart","subtype":"profile","data":{"_id":"LqGyYOSulin0zwAR","timestamp":"2023-05-17T20:01:47.864Z","state":"queued","mode":"standard","timeout":60000,"creationDate":"2023-05-17T20:01:48.122Z","modificationDate":"2023-05-17T20:01:48.122Z","shortid":"39drgYD","$entitySet":"profiles"},"doDiffs":false,"timestamp":1684353708122,"id":"xfrsxtbuunvv8gn","previousOperationId":null,"operationId":"dltc8e87ekiwak1"}
{"type":"log","level":"info","message":"Render request 15 queued for execution and waiting for available worker","previousOperationId":"dltc8e87ekiwak1","timestamp":1684353708122,"id":"yfhjwq3q0zzlrgp"}
{"type":"operationStart","subtype":"render","name":"anonymous","previousOperationId":"dltc8e87ekiwak1","timestamp":1684353709306,"id":"7v9vtlgc6xgpy5f","previousEventId":"xfrsxtbuunvv8gn","operationId":"zbt2ws39q5h4n6o"}
{"type":"log","timestamp":1684353709306,"level":"info","message":"Starting rendering request 15","meta":{"rootId":"339hfrl3fifiz6p","id":"339hfrl3fifiz6p"},"id":"j4k4sevbiekz71a","previousOperationId":"zbt2ws39q5h4n6o"}
{"type":"log","timestamp":1684353709306,"level":"info","message":"Rendering anonymous template { recipe: chrome-pdf, engine: handlebars }","meta":{"rootId":"339hfrl3fifiz6p","id":"339hfrl3fifiz6p"},"id":"qv282o8fxqp30st","previousOperationId":"zbt2ws39q5h4n6o"}
{"type":"log","timestamp":1684353709306,"level":"debug","message":"Inline data specified.","meta":{"rootId":"339hfrl3fifiz6p","id":"339hfrl3fifiz6p"},"id":"xacn44b46qucf4j","previousOperationId":"zbt2ws39q5h4n6o"}
{"type":"log","timestamp":1684353709311,"level":"debug","message":"Base url not specified, skipping its injection.","meta":{"rootId":"339hfrl3fifiz6p","id":"339hfrl3fifiz6p"},"id":"8syfkvgkajt72n5","previousOperationId":"zbt2ws39q5h4n6o"}
{"type":"operationStart","subtype":"engine","name":"handlebars","timestamp":1684353709311,"id":"hpjhka67xcnnnq6","previousEventId":"7v9vtlgc6xgpy5f","operationId":"e8spyb3opf7tvgc","previousOperationId":"zbt2ws39q5h4n6o"}
{"type":"log","timestamp":1684353709311,"level":"debug","message":"Rendering engine handlebars","meta":{"rootId":"339hfrl3fifiz6p","id":"339hfrl3fifiz6p"},"id":"piiubdnew496u5u","previousOperationId":"e8spyb3opf7tvgc"}
{"type":"operationEnd","operationId":"e8spyb3opf7tvgc","timestamp":1684353709332,"id":"a6s0n3bspc7y06i","previousEventId":"hpjhka67xcnnnq6","previousOperationId":"e8spyb3opf7tvgc"}
{"type":"operationStart","subtype":"recipe","name":"chrome-pdf","timestamp":1684353709333,"id":"j1ehe1grzmdnti6","previousEventId":"a6s0n3bspc7y06i","operationId":"3n46wgd89ef8std","previousOperationId":"e8spyb3opf7tvgc"}
{"type":"log","timestamp":1684353709333,"level":"debug","message":"Executing recipe chrome-pdf","meta":{"rootId":"339hfrl3fifiz6p","id":"339hfrl3fifiz6p"},"id":"ec1k8ae293glgrs","previousOperationId":"3n46wgd89ef8std"}
{"type":"log","timestamp":1684353709338,"level":"debug","message":"Converting with chrome HeadlessChrome/105.0.5173.0 using chrome-pool strategy","meta":{"rootId":"339hfrl3fifiz6p","id":"339hfrl3fifiz6p"},"id":"lexk90x76fa6vov","previousOperationId":"3n46wgd89ef8std"}
{"type":"log","timestamp":1684353709505,"level":"debug","message":"Page request: GET (document) file:///C:/Users/hp/AppData/Local/Temp/jsreport/autocleanup/27a2fd8a-95db-416b-b483-29824c846f41-chrome-pdf.html","meta":{"rootId":"339hfrl3fifiz6p","id":"339hfrl3fifiz6p"},"id":"lz15dxedg5vb17j","previousOperationId":"3n46wgd89ef8std"}
{"type":"log","timestamp":1684353709518,"level":"debug","message":"Page request finished: GET (document) 200 file:///C:/Users/hp/AppData/Local/Temp/jsreport/autocleanup/27a2fd8a-95db-416b-b483-29824c846f41-chrome-pdf.html","meta":{"rootId":"339hfrl3fifiz6p","id":"339hfrl3fifiz6p"},"id":"qs491u91pozkf3j","previousOperationId":"3n46wgd89ef8std"}
{"type":"log","timestamp":1684353709660,"level":"debug","message":"Running chrome with params {\"timeout\":58526,\"margin\":{},\"printBackground\":true}","meta":{"rootId":"339hfrl3fifiz6p","id":"339hfrl3fifiz6p"},"id":"ir0q2b9i8dlco79","previousOperationId":"3n46wgd89ef8std"}
{"type":"operationEnd","operationId":"3n46wgd89ef8std","timestamp":1684353710258,"id":"fau74ym9ac6ckg4","previousEventId":"j1ehe1grzmdnti6","previousOperationId":"3n46wgd89ef8std"}
{"type":"log","timestamp":1684353710258,"level":"debug","message":"Skipping storing report.","meta":{"rootId":"339hfrl3fifiz6p","id":"339hfrl3fifiz6p"},"id":"pn3lbkwll8vxbw4","previousOperationId":"3n46wgd89ef8std"}
{"type":"log","timestamp":1684353710258,"level":"info","message":"Rendering request 15 finished in 2395 ms","meta":{"rootId":"339hfrl3fifiz6p","id":"339hfrl3fifiz6p"},"id":"7fc5wnj4we117ug","previousOperationId":"3n46wgd89ef8std"}
{"type":"operationEnd","subtype":"render","operationId":"zbt2ws39q5h4n6o","timestamp":1684353710258,"id":"s8b5oftxg22ra5j","previousEventId":"fau74ym9ac6ckg4","previousOperationId":"3n46wgd89ef8std"}
{"type":"operationEnd","doDiffs":false,"previousEventId":"xfrsxtbuunvv8gn","previousOperationId":"dltc8e87ekiwak1","operationId":"dltc8e87ekiwak1","timestamp":1684353710326,"id":"znii2wsqkj0bkc9"}
