{"type":"operationStart","subtype":"profile","data":{"_id":"yqSkyqqCN0mKS3wc","timestamp":"2023-04-10T09:46:02.220Z","state":"queued","mode":"standard","timeout":60000,"creationDate":"2023-04-10T09:46:02.230Z","modificationDate":"2023-04-10T09:46:02.230Z","shortid":"RZY0LVv","$entitySet":"profiles"},"doDiffs":false,"timestamp":1681119962228,"id":"sl6qg6y2huqtpfp","previousOperationId":null,"operationId":"hxmohmj2iwjjuhl"}
{"type":"log","level":"info","message":"Render request 1 queued for execution and waiting for available worker","previousOperationId":"hxmohmj2iwjjuhl","timestamp":1681119962228,"id":"wbqdj5khl297s08"}
{"type":"operationStart","subtype":"render","name":"anonymous","previousOperationId":"hxmohmj2iwjjuhl","timestamp":1681119962256,"id":"5v6b4qmj7x2ob1p","previousEventId":"sl6qg6y2huqtpfp","operationId":"iorxn5i2enm2aj9"}
{"type":"log","timestamp":1681119962257,"level":"info","message":"Starting rendering request 1","meta":{"rootId":"3hufcp0uherb38q","id":"3hufcp0uherb38q"},"id":"cow86ctwy3g69hb","previousOperationId":"iorxn5i2enm2aj9"}
{"type":"log","timestamp":1681119962259,"level":"info","message":"Rendering anonymous template { recipe: chrome-pdf, engine: handlebars }","meta":{"rootId":"3hufcp0uherb38q","id":"3hufcp0uherb38q"},"id":"9bz32v6903ep7i9","previousOperationId":"iorxn5i2enm2aj9"}
{"type":"log","timestamp":1681119962259,"level":"debug","message":"Inline data specified.","meta":{"rootId":"3hufcp0uherb38q","id":"3hufcp0uherb38q"},"id":"rj8hr34ujfuvewl","previousOperationId":"iorxn5i2enm2aj9"}
{"type":"log","timestamp":1681119962264,"level":"debug","message":"Base url not specified, skipping its injection.","meta":{"rootId":"3hufcp0uherb38q","id":"3hufcp0uherb38q"},"id":"xo6hakcke3wm19t","previousOperationId":"iorxn5i2enm2aj9"}
{"type":"operationStart","subtype":"engine","name":"handlebars","timestamp":1681119962265,"id":"qa1hmbehml7x8fu","previousEventId":"5v6b4qmj7x2ob1p","operationId":"mamzcrzvppvu1e5","previousOperationId":"iorxn5i2enm2aj9"}
{"type":"log","timestamp":1681119962265,"level":"debug","message":"Rendering engine handlebars","meta":{"rootId":"3hufcp0uherb38q","id":"3hufcp0uherb38q"},"id":"69t4ythl45mq3yh","previousOperationId":"mamzcrzvppvu1e5"}
{"type":"operationEnd","operationId":"mamzcrzvppvu1e5","timestamp":1681119963927,"id":"xzpao2vitcq2ds2","previousEventId":"qa1hmbehml7x8fu","previousOperationId":"mamzcrzvppvu1e5"}
{"type":"operationStart","subtype":"recipe","name":"chrome-pdf","timestamp":1681119963928,"id":"i80ssrs8ue6s636","previousEventId":"xzpao2vitcq2ds2","operationId":"pom7i21kaor6nw4","previousOperationId":"mamzcrzvppvu1e5"}
{"type":"log","timestamp":1681119963928,"level":"debug","message":"Executing recipe chrome-pdf","meta":{"rootId":"3hufcp0uherb38q","id":"3hufcp0uherb38q"},"id":"squz304d8bllm0y","previousOperationId":"pom7i21kaor6nw4"}
{"type":"log","timestamp":1681119965236,"level":"debug","message":"Converting with chrome HeadlessChrome/105.0.5173.0 using chrome-pool strategy","meta":{"rootId":"3hufcp0uherb38q","id":"3hufcp0uherb38q"},"id":"e1sdprcnbz0hmdt","previousOperationId":"pom7i21kaor6nw4"}
{"type":"log","timestamp":1681119967787,"level":"debug","message":"Page request: GET (document) file:///C:/Users/SACHIN~1/AppData/Local/Temp/jsreport/autocleanup/6fc2de8f-ff7e-43c5-ac92-3d6522c2eb29-chrome-pdf.html","meta":{"rootId":"3hufcp0uherb38q","id":"3hufcp0uherb38q"},"id":"agd7i5zbuwpsjuv","previousOperationId":"pom7i21kaor6nw4"}
{"type":"log","timestamp":1681119967822,"level":"debug","message":"Page request finished: GET (document) 200 file:///C:/Users/SACHIN~1/AppData/Local/Temp/jsreport/autocleanup/6fc2de8f-ff7e-43c5-ac92-3d6522c2eb29-chrome-pdf.html","meta":{"rootId":"3hufcp0uherb38q","id":"3hufcp0uherb38q"},"id":"o2w3q0q97pgh6x4","previousOperationId":"pom7i21kaor6nw4"}
{"type":"log","timestamp":1681119967823,"level":"debug","message":"Page request: GET (stylesheet) https://stackpath.bootstrapcdn.com/bootstrap/4.4.1/css/bootstrap.min.css","meta":{"rootId":"3hufcp0uherb38q","id":"3hufcp0uherb38q"},"id":"tzwzjen7zyywe90","previousOperationId":"pom7i21kaor6nw4"}
{"type":"log","timestamp":1681119967824,"level":"debug","message":"Page request: GET (image) https://assets-global.website-files.com/5ca4d1fd374efbecd845739f/611be296e1ecb589c495418a_JAS%20and%20Greencarrier.png","meta":{"rootId":"3hufcp0uherb38q","id":"3hufcp0uherb38q"},"id":"mxi8jh5fxqsgefa","previousOperationId":"pom7i21kaor6nw4"}
{"type":"log","timestamp":1681119971098,"level":"debug","message":"Page request finished: GET (stylesheet) 200 https://stackpath.bootstrapcdn.com/bootstrap/4.4.1/css/bootstrap.min.css","meta":{"rootId":"3hufcp0uherb38q","id":"3hufcp0uherb38q"},"id":"26a4uu8c440t13v","previousOperationId":"pom7i21kaor6nw4"}
{"type":"log","timestamp":1681119971279,"level":"debug","message":"Page request finished: GET (image) 200 https://assets-global.website-files.com/5ca4d1fd374efbecd845739f/611be296e1ecb589c495418a_JAS%20and%20Greencarrier.png","meta":{"rootId":"3hufcp0uherb38q","id":"3hufcp0uherb38q"},"id":"7luqlsieazog58v","previousOperationId":"pom7i21kaor6nw4"}
{"type":"log","timestamp":1681119971286,"level":"debug","message":"Running chrome with params {\"timeout\":57968,\"margin\":{},\"printBackground\":true}","meta":{"rootId":"3hufcp0uherb38q","id":"3hufcp0uherb38q"},"id":"mqn5feyma71ivzr","previousOperationId":"pom7i21kaor6nw4"}
{"type":"operationEnd","operationId":"pom7i21kaor6nw4","timestamp":1681119971609,"id":"u029s065ic86ol4","previousEventId":"i80ssrs8ue6s636","previousOperationId":"pom7i21kaor6nw4"}
{"type":"log","timestamp":1681119971610,"level":"debug","message":"Skipping storing report.","meta":{"rootId":"3hufcp0uherb38q","id":"3hufcp0uherb38q"},"id":"fvw3orgl8o23uos","previousOperationId":"pom7i21kaor6nw4"}
{"type":"log","timestamp":1681119971610,"level":"info","message":"Rendering request 1 finished in 9391 ms","meta":{"rootId":"3hufcp0uherb38q","id":"3hufcp0uherb38q"},"id":"eifsl5xctf2ee0u","previousOperationId":"pom7i21kaor6nw4"}
{"type":"operationEnd","subtype":"render","operationId":"iorxn5i2enm2aj9","timestamp":1681119971610,"id":"6dcs33ytffwa1rb","previousEventId":"u029s065ic86ol4","previousOperationId":"pom7i21kaor6nw4"}
{"type":"operationEnd","doDiffs":false,"previousEventId":"sl6qg6y2huqtpfp","previousOperationId":"hxmohmj2iwjjuhl","operationId":"hxmohmj2iwjjuhl","timestamp":1681119971614,"id":"56mepbxudtnpvjm"}
