{"type":"operationStart","subtype":"profile","data":{"_id":"aZQ9G01npJaXBtlE","timestamp":"2023-05-18T09:15:25.373Z","state":"queued","mode":"standard","timeout":60000,"creationDate":"2023-05-18T09:15:25.376Z","modificationDate":"2023-05-18T09:15:25.376Z","shortid":"X8Bg7gO","$entitySet":"profiles"},"doDiffs":false,"timestamp":1684401325375,"id":"uzwoa6wozoecsfq","previousOperationId":null,"operationId":"9pus9ocgpwup6kq"}
{"type":"log","level":"info","message":"Render request 1 queued for execution and waiting for available worker","previousOperationId":"9pus9ocgpwup6kq","timestamp":1684401325375,"id":"oow4z9dbrncxf8s"}
{"type":"operationStart","subtype":"render","name":"anonymous","previousOperationId":"9pus9ocgpwup6kq","timestamp":1684401325390,"id":"usi8020t0e9q6cr","previousEventId":"uzwoa6wozoecsfq","operationId":"i2zysgqhs09jk7u"}
{"type":"log","timestamp":1684401325391,"level":"info","message":"Starting rendering request 1","meta":{"rootId":"3id8l58omyo8htf","id":"3id8l58omyo8htf"},"id":"51j3u34e8hbmi3m","previousOperationId":"i2zysgqhs09jk7u"}
{"type":"log","timestamp":1684401325392,"level":"info","message":"Rendering anonymous template { recipe: chrome-pdf, engine: handlebars }","meta":{"rootId":"3id8l58omyo8htf","id":"3id8l58omyo8htf"},"id":"j9d9a9s1dsxd3pc","previousOperationId":"i2zysgqhs09jk7u"}
{"type":"log","timestamp":1684401325392,"level":"debug","message":"Inline data specified.","meta":{"rootId":"3id8l58omyo8htf","id":"3id8l58omyo8htf"},"id":"hodb62zh2wrmh86","previousOperationId":"i2zysgqhs09jk7u"}
{"type":"log","timestamp":1684401325395,"level":"debug","message":"Base url not specified, skipping its injection.","meta":{"rootId":"3id8l58omyo8htf","id":"3id8l58omyo8htf"},"id":"8fipyg0xu9okvsr","previousOperationId":"i2zysgqhs09jk7u"}
{"type":"operationStart","subtype":"engine","name":"handlebars","timestamp":1684401325396,"id":"x0feusnfgj1tr1r","previousEventId":"usi8020t0e9q6cr","operationId":"1088nd4py6z8qxr","previousOperationId":"i2zysgqhs09jk7u"}
{"type":"log","timestamp":1684401325396,"level":"debug","message":"Rendering engine handlebars","meta":{"rootId":"3id8l58omyo8htf","id":"3id8l58omyo8htf"},"id":"ykxtwc2ugur5d4a","previousOperationId":"1088nd4py6z8qxr"}
{"type":"operationEnd","operationId":"1088nd4py6z8qxr","timestamp":1684401325844,"id":"o79hpnhjftrii4p","previousEventId":"x0feusnfgj1tr1r","previousOperationId":"1088nd4py6z8qxr"}
{"type":"operationStart","subtype":"recipe","name":"chrome-pdf","timestamp":1684401325845,"id":"ygwxetk4tb3tcbq","previousEventId":"o79hpnhjftrii4p","operationId":"eyfuktxkp0ydrk8","previousOperationId":"1088nd4py6z8qxr"}
{"type":"log","timestamp":1684401325845,"level":"debug","message":"Executing recipe chrome-pdf","meta":{"rootId":"3id8l58omyo8htf","id":"3id8l58omyo8htf"},"id":"o10s43so4oiaasm","previousOperationId":"eyfuktxkp0ydrk8"}
{"type":"log","timestamp":1684401326095,"level":"debug","message":"Converting with chrome HeadlessChrome/105.0.5173.0 using chrome-pool strategy","meta":{"rootId":"3id8l58omyo8htf","id":"3id8l58omyo8htf"},"id":"vyuq774dtiot5no","previousOperationId":"eyfuktxkp0ydrk8"}
{"type":"log","timestamp":1684401327515,"level":"debug","message":"Page request: GET (document) file:///C:/Users/hp/AppData/Local/Temp/jsreport/autocleanup/94fc40b6-06d2-4310-9983-1aaf88b274f6-chrome-pdf.html","meta":{"rootId":"3id8l58omyo8htf","id":"3id8l58omyo8htf"},"id":"gkxq4e8851hjwk1","previousOperationId":"eyfuktxkp0ydrk8"}
{"type":"log","timestamp":1684401327526,"level":"debug","message":"Page request finished: GET (document) 200 file:///C:/Users/hp/AppData/Local/Temp/jsreport/autocleanup/94fc40b6-06d2-4310-9983-1aaf88b274f6-chrome-pdf.html","meta":{"rootId":"3id8l58omyo8htf","id":"3id8l58omyo8htf"},"id":"ux6rutnrd71ecli","previousOperationId":"eyfuktxkp0ydrk8"}
{"type":"log","timestamp":1684401327604,"level":"debug","message":"Running chrome with params {\"timeout\":59409,\"margin\":{},\"printBackground\":true}","meta":{"rootId":"3id8l58omyo8htf","id":"3id8l58omyo8htf"},"id":"ezrlo7idkt0bba1","previousOperationId":"eyfuktxkp0ydrk8"}
{"type":"operationEnd","operationId":"eyfuktxkp0ydrk8","timestamp":1684401327937,"id":"rtmhwuz0d77zifr","previousEventId":"ygwxetk4tb3tcbq","previousOperationId":"eyfuktxkp0ydrk8"}
{"type":"log","timestamp":1684401327937,"level":"debug","message":"Skipping storing report.","meta":{"rootId":"3id8l58omyo8htf","id":"3id8l58omyo8htf"},"id":"8mtgu3hcmo43vjt","previousOperationId":"eyfuktxkp0ydrk8"}
{"type":"log","timestamp":1684401327938,"level":"info","message":"Rendering request 1 finished in 2565 ms","meta":{"rootId":"3id8l58omyo8htf","id":"3id8l58omyo8htf"},"id":"t3ue1ctk5357mx7","previousOperationId":"eyfuktxkp0ydrk8"}
{"type":"operationEnd","subtype":"render","operationId":"i2zysgqhs09jk7u","timestamp":1684401327938,"id":"as5ymhp49wj2u0t","previousEventId":"rtmhwuz0d77zifr","previousOperationId":"eyfuktxkp0ydrk8"}
{"type":"operationEnd","doDiffs":false,"previousEventId":"uzwoa6wozoecsfq","previousOperationId":"9pus9ocgpwup6kq","operationId":"9pus9ocgpwup6kq","timestamp":1684401327940,"id":"c5ibsc7s2mxcgb0"}
