{"type":"operationStart","subtype":"profile","data":{"_id":"FHhElqCf9opCu7yQ","timestamp":"2023-04-11T19:07:54.192Z","state":"queued","mode":"standard","timeout":60000,"creationDate":"2023-04-11T19:07:54.203Z","modificationDate":"2023-04-11T19:07:54.203Z","shortid":"XVUlCHW","$entitySet":"profiles"},"doDiffs":false,"timestamp":1681240074202,"id":"o6l3gcsonuxzn19","previousOperationId":null,"operationId":"kgyye2g7m163agl"}
{"type":"log","level":"info","message":"Render request 1 queued for execution and waiting for available worker","previousOperationId":"kgyye2g7m163agl","timestamp":1681240074202,"id":"ek28wddgzzumz11"}
{"type":"operationStart","subtype":"render","name":"anonymous","previousOperationId":"kgyye2g7m163agl","timestamp":1681240074358,"id":"b351i7dqxobaj8f","previousEventId":"o6l3gcsonuxzn19","operationId":"5cwt4kr2dsnu58r"}
{"type":"log","timestamp":1681240074359,"level":"info","message":"Starting rendering request 1","meta":{"rootId":"3ihl24915y9k2mv","id":"3ihl24915y9k2mv"},"id":"x6z0oeq54ne2xgn","previousOperationId":"5cwt4kr2dsnu58r"}
{"type":"log","timestamp":1681240074361,"level":"info","message":"Rendering anonymous template { recipe: chrome-pdf, engine: handlebars }","meta":{"rootId":"3ihl24915y9k2mv","id":"3ihl24915y9k2mv"},"id":"usph8bbge9394jt","previousOperationId":"5cwt4kr2dsnu58r"}
{"type":"log","timestamp":1681240074361,"level":"debug","message":"Inline data specified.","meta":{"rootId":"3ihl24915y9k2mv","id":"3ihl24915y9k2mv"},"id":"14ut88xovy67hu6","previousOperationId":"5cwt4kr2dsnu58r"}
{"type":"log","timestamp":1681240074393,"level":"debug","message":"Base url not specified, skipping its injection.","meta":{"rootId":"3ihl24915y9k2mv","id":"3ihl24915y9k2mv"},"id":"tv2qhr3n86tnzu4","previousOperationId":"5cwt4kr2dsnu58r"}
{"type":"operationStart","subtype":"engine","name":"handlebars","timestamp":1681240074394,"id":"yikl7odpxv3ernx","previousEventId":"b351i7dqxobaj8f","operationId":"1umyrq5279hymmd","previousOperationId":"5cwt4kr2dsnu58r"}
{"type":"log","timestamp":1681240074394,"level":"debug","message":"Rendering engine handlebars","meta":{"rootId":"3ihl24915y9k2mv","id":"3ihl24915y9k2mv"},"id":"m0pi0kon4kjojny","previousOperationId":"1umyrq5279hymmd"}
{"type":"operationEnd","operationId":"1umyrq5279hymmd","timestamp":1681240075336,"id":"mzlcx2nuoz30akc","previousEventId":"yikl7odpxv3ernx","previousOperationId":"1umyrq5279hymmd"}
{"type":"operationStart","subtype":"recipe","name":"chrome-pdf","timestamp":1681240075337,"id":"jlw5o3r915wvu0o","previousEventId":"mzlcx2nuoz30akc","operationId":"fodzosnvgekqcfi","previousOperationId":"1umyrq5279hymmd"}
{"type":"log","timestamp":1681240075337,"level":"debug","message":"Executing recipe chrome-pdf","meta":{"rootId":"3ihl24915y9k2mv","id":"3ihl24915y9k2mv"},"id":"yoyu9imn05196e6","previousOperationId":"fodzosnvgekqcfi"}
{"type":"log","timestamp":1681240076858,"level":"debug","message":"Converting with chrome HeadlessChrome/105.0.5173.0 using chrome-pool strategy","meta":{"rootId":"3ihl24915y9k2mv","id":"3ihl24915y9k2mv"},"id":"hlp3yd6bkf5jjik","previousOperationId":"fodzosnvgekqcfi"}
{"type":"log","timestamp":1681240077307,"level":"debug","message":"Page request: GET (document) file:///C:/Users/SACHIN~1/AppData/Local/Temp/jsreport/autocleanup/502d7669-88fa-4d93-bd6e-22f5f7eac57b-chrome-pdf.html","meta":{"rootId":"3ihl24915y9k2mv","id":"3ihl24915y9k2mv"},"id":"3vecscigc5msrmf","previousOperationId":"fodzosnvgekqcfi"}
{"type":"log","timestamp":1681240077363,"level":"debug","message":"Page request finished: GET (document) 200 file:///C:/Users/SACHIN~1/AppData/Local/Temp/jsreport/autocleanup/502d7669-88fa-4d93-bd6e-22f5f7eac57b-chrome-pdf.html","meta":{"rootId":"3ihl24915y9k2mv","id":"3ihl24915y9k2mv"},"id":"w9rsr362c6e47qg","previousOperationId":"fodzosnvgekqcfi"}
{"type":"log","timestamp":1681240077363,"level":"debug","message":"Page request: GET (stylesheet) https://stackpath.bootstrapcdn.com/bootstrap/4.4.1/css/bootstrap.min.css","meta":{"rootId":"3ihl24915y9k2mv","id":"3ihl24915y9k2mv"},"id":"wi8uk25bbp6k5ml","previousOperationId":"fodzosnvgekqcfi"}
{"type":"log","timestamp":1681240077364,"level":"debug","message":"Page request: GET (image) https://assets-global.website-files.com/5ca4d1fd374efbecd845739f/611be296e1ecb589c495418a_JAS%20and%20Greencarrier.png","meta":{"rootId":"3ihl24915y9k2mv","id":"3ihl24915y9k2mv"},"id":"6o5zq8z3h61ts4h","previousOperationId":"fodzosnvgekqcfi"}
{"type":"log","timestamp":1681240078310,"level":"debug","message":"Page request finished: GET (image) 200 https://assets-global.website-files.com/5ca4d1fd374efbecd845739f/611be296e1ecb589c495418a_JAS%20and%20Greencarrier.png","meta":{"rootId":"3ihl24915y9k2mv","id":"3ihl24915y9k2mv"},"id":"3vj1uongb2e8o05","previousOperationId":"fodzosnvgekqcfi"}
{"type":"log","timestamp":1681240078311,"level":"debug","message":"Page request finished: GET (stylesheet) 200 https://stackpath.bootstrapcdn.com/bootstrap/4.4.1/css/bootstrap.min.css","meta":{"rootId":"3ihl24915y9k2mv","id":"3ihl24915y9k2mv"},"id":"pbhnrsvkrohxy20","previousOperationId":"fodzosnvgekqcfi"}
{"type":"log","timestamp":1681240078597,"level":"debug","message":"Running chrome with params {\"timeout\":58604,\"margin\":{},\"printBackground\":true}","meta":{"rootId":"3ihl24915y9k2mv","id":"3ihl24915y9k2mv"},"id":"7zq0u1hipkk3oym","previousOperationId":"fodzosnvgekqcfi"}
{"type":"operationEnd","operationId":"fodzosnvgekqcfi","timestamp":1681240079636,"id":"9pcgj1pi0mxbana","previousEventId":"jlw5o3r915wvu0o","previousOperationId":"fodzosnvgekqcfi"}
{"type":"log","timestamp":1681240079637,"level":"debug","message":"Skipping storing report.","meta":{"rootId":"3ihl24915y9k2mv","id":"3ihl24915y9k2mv"},"id":"5h5ccw99e3mwk24","previousOperationId":"fodzosnvgekqcfi"}
{"type":"log","timestamp":1681240079637,"level":"info","message":"Rendering request 1 finished in 5446 ms","meta":{"rootId":"3ihl24915y9k2mv","id":"3ihl24915y9k2mv"},"id":"ggzoh3zen6sw36g","previousOperationId":"fodzosnvgekqcfi"}
{"type":"operationEnd","subtype":"render","operationId":"5cwt4kr2dsnu58r","timestamp":1681240079638,"id":"q1stho10q96fmym","previousEventId":"9pcgj1pi0mxbana","previousOperationId":"fodzosnvgekqcfi"}
{"type":"operationEnd","doDiffs":false,"previousEventId":"o6l3gcsonuxzn19","previousOperationId":"kgyye2g7m163agl","operationId":"kgyye2g7m163agl","timestamp":1681240079651,"id":"tc8brrdcxhxb1n3"}
