{"type":"operationStart","subtype":"profile","data":{"_id":"AHAl1HSPXP5XYAT0","timestamp":"2023-05-17T20:01:26.649Z","state":"queued","mode":"standard","timeout":60000,"creationDate":"2023-05-17T20:01:26.655Z","modificationDate":"2023-05-17T20:01:26.655Z","shortid":"f7P9trd","$entitySet":"profiles"},"doDiffs":false,"timestamp":1684353686655,"id":"6dhowov97etkpsv","previousOperationId":null,"operationId":"68wblnw2rlbpzmt"}
{"type":"log","level":"info","message":"Render request 11 queued for execution and waiting for available worker","previousOperationId":"68wblnw2rlbpzmt","timestamp":1684353686655,"id":"qn85ss9csrns9tg"}
{"type":"operationStart","subtype":"render","name":"anonymous","previousOperationId":"68wblnw2rlbpzmt","timestamp":1684353686684,"id":"49yat7xoilr5f47","previousEventId":"6dhowov97etkpsv","operationId":"6g3bdofbttk4676"}
{"type":"log","timestamp":1684353686685,"level":"info","message":"Starting rendering request 11","meta":{"rootId":"3su5jz4prx43j7w","id":"3su5jz4prx43j7w"},"id":"fd5icixtqswssv8","previousOperationId":"6g3bdofbttk4676"}
{"type":"log","timestamp":1684353686685,"level":"info","message":"Rendering anonymous template { recipe: chrome-pdf, engine: handlebars }","meta":{"rootId":"3su5jz4prx43j7w","id":"3su5jz4prx43j7w"},"id":"p5ur61z3zien5dw","previousOperationId":"6g3bdofbttk4676"}
{"type":"log","timestamp":1684353686685,"level":"debug","message":"Inline data specified.","meta":{"rootId":"3su5jz4prx43j7w","id":"3su5jz4prx43j7w"},"id":"c97ci6o6v4ynu8l","previousOperationId":"6g3bdofbttk4676"}
{"type":"log","timestamp":1684353686687,"level":"debug","message":"Base url not specified, skipping its injection.","meta":{"rootId":"3su5jz4prx43j7w","id":"3su5jz4prx43j7w"},"id":"gihihzdylbi6ulw","previousOperationId":"6g3bdofbttk4676"}
{"type":"operationStart","subtype":"engine","name":"handlebars","timestamp":1684353686688,"id":"cpdrvbeyydhpm30","previousEventId":"49yat7xoilr5f47","operationId":"f5wjbzyk1glhzzm","previousOperationId":"6g3bdofbttk4676"}
{"type":"log","timestamp":1684353686688,"level":"debug","message":"Rendering engine handlebars","meta":{"rootId":"3su5jz4prx43j7w","id":"3su5jz4prx43j7w"},"id":"do3ruov6qavjvup","previousOperationId":"f5wjbzyk1glhzzm"}
{"type":"operationEnd","operationId":"f5wjbzyk1glhzzm","timestamp":1684353686702,"id":"79am15q6kadqlvl","previousEventId":"cpdrvbeyydhpm30","previousOperationId":"f5wjbzyk1glhzzm"}
{"type":"operationStart","subtype":"recipe","name":"chrome-pdf","timestamp":1684353686704,"id":"gh89wqjo0xdndp2","previousEventId":"79am15q6kadqlvl","operationId":"n9hicoav4ac6ei1","previousOperationId":"f5wjbzyk1glhzzm"}
{"type":"log","timestamp":1684353686704,"level":"debug","message":"Executing recipe chrome-pdf","meta":{"rootId":"3su5jz4prx43j7w","id":"3su5jz4prx43j7w"},"id":"i5d75p30x0nmlf5","previousOperationId":"n9hicoav4ac6ei1"}
{"type":"log","timestamp":1684353686711,"level":"debug","message":"Converting with chrome HeadlessChrome/105.0.5173.0 using chrome-pool strategy","meta":{"rootId":"3su5jz4prx43j7w","id":"3su5jz4prx43j7w"},"id":"0120z4kzwtjnyhz","previousOperationId":"n9hicoav4ac6ei1"}
{"type":"log","timestamp":1684353686919,"level":"debug","message":"Page request: GET (document) file:///C:/Users/hp/AppData/Local/Temp/jsreport/autocleanup/f101fc10-95c1-409f-93bd-cfcb0bc9e8e1-chrome-pdf.html","meta":{"rootId":"3su5jz4prx43j7w","id":"3su5jz4prx43j7w"},"id":"zaryigo8qdxcwqp","previousOperationId":"n9hicoav4ac6ei1"}
{"type":"log","timestamp":1684353686935,"level":"debug","message":"Page request finished: GET (document) 200 file:///C:/Users/hp/AppData/Local/Temp/jsreport/autocleanup/f101fc10-95c1-409f-93bd-cfcb0bc9e8e1-chrome-pdf.html","meta":{"rootId":"3su5jz4prx43j7w","id":"3su5jz4prx43j7w"},"id":"0id969idnlkpvad","previousOperationId":"n9hicoav4ac6ei1"}
{"type":"log","timestamp":1684353687072,"level":"debug","message":"Running chrome with params {\"timeout\":59941,\"margin\":{},\"printBackground\":true}","meta":{"rootId":"3su5jz4prx43j7w","id":"3su5jz4prx43j7w"},"id":"92lw64fk9g1rxt8","previousOperationId":"n9hicoav4ac6ei1"}
{"type":"operationEnd","operationId":"n9hicoav4ac6ei1","timestamp":1684353687841,"id":"l2pz3eu42zasnab","previousEventId":"gh89wqjo0xdndp2","previousOperationId":"n9hicoav4ac6ei1"}
{"type":"log","timestamp":1684353687843,"level":"debug","message":"Skipping storing report.","meta":{"rootId":"3su5jz4prx43j7w","id":"3su5jz4prx43j7w"},"id":"0rj7wvifvyolsqx","previousOperationId":"n9hicoav4ac6ei1"}
{"type":"log","timestamp":1684353687844,"level":"info","message":"Rendering request 11 finished in 1195 ms","meta":{"rootId":"3su5jz4prx43j7w","id":"3su5jz4prx43j7w"},"id":"dlkfkyx7htmgftr","previousOperationId":"n9hicoav4ac6ei1"}
{"type":"operationEnd","subtype":"render","operationId":"6g3bdofbttk4676","timestamp":1684353687844,"id":"gix4p4gnd95ybec","previousEventId":"l2pz3eu42zasnab","previousOperationId":"n9hicoav4ac6ei1"}
{"type":"operationEnd","doDiffs":false,"previousEventId":"6dhowov97etkpsv","previousOperationId":"68wblnw2rlbpzmt","operationId":"68wblnw2rlbpzmt","timestamp":1684353687923,"id":"dpwogii2p43eaiw"}
