{"type":"operationStart","subtype":"profile","data":{"_id":"M6nqcdozPjyymA4O","timestamp":"2023-05-18T18:57:02.773Z","state":"queued","mode":"standard","timeout":60000,"creationDate":"2023-05-18T18:57:02.776Z","modificationDate":"2023-05-18T18:57:02.776Z","shortid":"wypU5Jm","$entitySet":"profiles"},"doDiffs":false,"timestamp":1684436222775,"id":"nuzuh8dbf7x8h7f","previousOperationId":null,"operationId":"x2bg7n612jzry1l"}
{"type":"log","level":"info","message":"Render request 6 queued for execution and waiting for available worker","previousOperationId":"x2bg7n612jzry1l","timestamp":1684436222775,"id":"ix23sedktaj1itj"}
{"type":"operationStart","subtype":"render","name":"anonymous","previousOperationId":"x2bg7n612jzry1l","timestamp":1684436222780,"id":"mgoww1m8runuvvr","previousEventId":"nuzuh8dbf7x8h7f","operationId":"fitjfoh4txpmxls"}
{"type":"log","timestamp":1684436222781,"level":"info","message":"Starting rendering request 6","meta":{"rootId":"41ir5r4chviult9","id":"41ir5r4chviult9"},"id":"x7xvivyal2iwp1r","previousOperationId":"fitjfoh4txpmxls"}
{"type":"log","timestamp":1684436222781,"level":"info","message":"Rendering anonymous template { recipe: chrome-pdf, engine: handlebars }","meta":{"rootId":"41ir5r4chviult9","id":"41ir5r4chviult9"},"id":"i1n654rcw4qmh4z","previousOperationId":"fitjfoh4txpmxls"}
{"type":"log","timestamp":1684436222781,"level":"debug","message":"Inline data specified.","meta":{"rootId":"41ir5r4chviult9","id":"41ir5r4chviult9"},"id":"hndf3cjw64yuwh3","previousOperationId":"fitjfoh4txpmxls"}
{"type":"log","timestamp":1684436222782,"level":"debug","message":"Base url not specified, skipping its injection.","meta":{"rootId":"41ir5r4chviult9","id":"41ir5r4chviult9"},"id":"hnuodl9rgkrnnez","previousOperationId":"fitjfoh4txpmxls"}
{"type":"operationStart","subtype":"engine","name":"handlebars","timestamp":1684436222783,"id":"ksgtun4sn7m4epq","previousEventId":"mgoww1m8runuvvr","operationId":"c7ebe1jlk4vjssp","previousOperationId":"fitjfoh4txpmxls"}
{"type":"log","timestamp":1684436222783,"level":"debug","message":"Rendering engine handlebars","meta":{"rootId":"41ir5r4chviult9","id":"41ir5r4chviult9"},"id":"50eeneu1kptrpsr","previousOperationId":"c7ebe1jlk4vjssp"}
{"type":"operationEnd","operationId":"c7ebe1jlk4vjssp","timestamp":1684436222794,"id":"xodcwsasnfej9ce","previousEventId":"ksgtun4sn7m4epq","previousOperationId":"c7ebe1jlk4vjssp"}
{"type":"operationStart","subtype":"recipe","name":"chrome-pdf","timestamp":1684436222795,"id":"14mhbda3go1ua60","previousEventId":"xodcwsasnfej9ce","operationId":"dbq2yynjbjqmryp","previousOperationId":"c7ebe1jlk4vjssp"}
{"type":"log","timestamp":1684436222795,"level":"debug","message":"Executing recipe chrome-pdf","meta":{"rootId":"41ir5r4chviult9","id":"41ir5r4chviult9"},"id":"2zponu183lyaatz","previousOperationId":"dbq2yynjbjqmryp"}
{"type":"log","timestamp":1684436222803,"level":"debug","message":"Converting with chrome HeadlessChrome/105.0.5173.0 using chrome-pool strategy","meta":{"rootId":"41ir5r4chviult9","id":"41ir5r4chviult9"},"id":"b9xwepdf62qt659","previousOperationId":"dbq2yynjbjqmryp"}
{"type":"log","timestamp":1684436222955,"level":"debug","message":"Page request: GET (document) file:///C:/Users/hp/AppData/Local/Temp/jsreport/autocleanup/6461e7a6-b75a-4a00-baea-b19685420c14-chrome-pdf.html","meta":{"rootId":"41ir5r4chviult9","id":"41ir5r4chviult9"},"id":"9qkmuldlqoic8py","previousOperationId":"dbq2yynjbjqmryp"}
{"type":"log","timestamp":1684436222967,"level":"debug","message":"Page request finished: GET (document) 200 file:///C:/Users/hp/AppData/Local/Temp/jsreport/autocleanup/6461e7a6-b75a-4a00-baea-b19685420c14-chrome-pdf.html","meta":{"rootId":"41ir5r4chviult9","id":"41ir5r4chviult9"},"id":"sfe3qaz1o12tl2s","previousOperationId":"dbq2yynjbjqmryp"}
{"type":"log","timestamp":1684436223057,"level":"debug","message":"Running chrome with params {\"timeout\":59974,\"margin\":{},\"printBackground\":true}","meta":{"rootId":"41ir5r4chviult9","id":"41ir5r4chviult9"},"id":"jpyxqqbkokj69d8","previousOperationId":"dbq2yynjbjqmryp"}
{"type":"operationEnd","operationId":"dbq2yynjbjqmryp","timestamp":1684436223493,"id":"vjcaskdmpwyho72","previousEventId":"14mhbda3go1ua60","previousOperationId":"dbq2yynjbjqmryp"}
{"type":"log","timestamp":1684436223493,"level":"debug","message":"Skipping storing report.","meta":{"rootId":"41ir5r4chviult9","id":"41ir5r4chviult9"},"id":"c7rr85hdx1er00i","previousOperationId":"dbq2yynjbjqmryp"}
{"type":"log","timestamp":1684436223493,"level":"info","message":"Rendering request 6 finished in 721 ms","meta":{"rootId":"41ir5r4chviult9","id":"41ir5r4chviult9"},"id":"qiyzif622tutq56","previousOperationId":"dbq2yynjbjqmryp"}
{"type":"operationEnd","subtype":"render","operationId":"fitjfoh4txpmxls","timestamp":1684436223493,"id":"k03ittfyssjwv8a","previousEventId":"vjcaskdmpwyho72","previousOperationId":"dbq2yynjbjqmryp"}
{"type":"operationEnd","doDiffs":false,"previousEventId":"nuzuh8dbf7x8h7f","previousOperationId":"x2bg7n612jzry1l","operationId":"x2bg7n612jzry1l","timestamp":1684436223496,"id":"9zhwyfv9rzchoce"}
