{"type":"operationStart","subtype":"profile","data":{"_id":"5gKxfDUSz2IY2qX2","timestamp":"2023-05-17T19:46:02.921Z","state":"queued","mode":"standard","timeout":60000,"creationDate":"2023-05-17T19:46:02.925Z","modificationDate":"2023-05-17T19:46:02.925Z","shortid":"Wi8u4gj","$entitySet":"profiles"},"doDiffs":false,"timestamp":1684352762923,"id":"6et9xuop9bl10tq","previousOperationId":null,"operationId":"na1ogcey9lqh1qr"}
{"type":"log","level":"info","message":"Render request 1 queued for execution and waiting for available worker","previousOperationId":"na1ogcey9lqh1qr","timestamp":1684352762923,"id":"6b8pedrpgqfse6x"}
{"type":"operationStart","subtype":"render","name":"anonymous","previousOperationId":"na1ogcey9lqh1qr","timestamp":1684352762946,"id":"ehrijonkjn3dztv","previousEventId":"6et9xuop9bl10tq","operationId":"5vbdi51yss47d6q"}
{"type":"log","timestamp":1684352762947,"level":"info","message":"Starting rendering request 1","meta":{"rootId":"44fg242bwln31lf","id":"44fg242bwln31lf"},"id":"a4spche1y6rgi37","previousOperationId":"5vbdi51yss47d6q"}
{"type":"log","timestamp":1684352762950,"level":"info","message":"Rendering anonymous template { recipe: chrome-pdf, engine: handlebars }","meta":{"rootId":"44fg242bwln31lf","id":"44fg242bwln31lf"},"id":"knqkrc8zmy87o1y","previousOperationId":"5vbdi51yss47d6q"}
{"type":"log","timestamp":1684352762950,"level":"debug","message":"Inline data specified.","meta":{"rootId":"44fg242bwln31lf","id":"44fg242bwln31lf"},"id":"nmvxx3d0ffh9d6x","previousOperationId":"5vbdi51yss47d6q"}
{"type":"log","timestamp":1684352762955,"level":"debug","message":"Base url not specified, skipping its injection.","meta":{"rootId":"44fg242bwln31lf","id":"44fg242bwln31lf"},"id":"ba4ghff7mv80x49","previousOperationId":"5vbdi51yss47d6q"}
{"type":"operationStart","subtype":"engine","name":"handlebars","timestamp":1684352762957,"id":"irqgy3h9mgkneyr","previousEventId":"ehrijonkjn3dztv","operationId":"gaj3raolj83ucz4","previousOperationId":"5vbdi51yss47d6q"}
{"type":"log","timestamp":1684352762958,"level":"debug","message":"Rendering engine handlebars","meta":{"rootId":"44fg242bwln31lf","id":"44fg242bwln31lf"},"id":"3v6rhip5b0lsw59","previousOperationId":"gaj3raolj83ucz4"}
{"type":"operationEnd","operationId":"gaj3raolj83ucz4","timestamp":1684352763525,"id":"y6pqezsuyh6pald","previousEventId":"irqgy3h9mgkneyr","previousOperationId":"gaj3raolj83ucz4"}
{"type":"operationStart","subtype":"recipe","name":"chrome-pdf","timestamp":1684352763526,"id":"c0l5wvo9m1arx6i","previousEventId":"y6pqezsuyh6pald","operationId":"aped09wri6yzpuy","previousOperationId":"gaj3raolj83ucz4"}
{"type":"log","timestamp":1684352763526,"level":"debug","message":"Executing recipe chrome-pdf","meta":{"rootId":"44fg242bwln31lf","id":"44fg242bwln31lf"},"id":"8uk5euo7lvpu5z7","previousOperationId":"aped09wri6yzpuy"}
{"type":"log","timestamp":1684352763879,"level":"debug","message":"Converting with chrome HeadlessChrome/105.0.5173.0 using chrome-pool strategy","meta":{"rootId":"44fg242bwln31lf","id":"44fg242bwln31lf"},"id":"uaduzr7io6n4u2x","previousOperationId":"aped09wri6yzpuy"}
{"type":"log","timestamp":1684352765538,"level":"debug","message":"Page request: GET (document) file:///C:/Users/hp/AppData/Local/Temp/jsreport/autocleanup/0c6ec26b-f384-4db7-8775-eec4a7e5a937-chrome-pdf.html","meta":{"rootId":"44fg242bwln31lf","id":"44fg242bwln31lf"},"id":"z6eg172jpxt7rkb","previousOperationId":"aped09wri6yzpuy"}
{"type":"log","timestamp":1684352765552,"level":"debug","message":"Page request finished: GET (document) 200 file:///C:/Users/hp/AppData/Local/Temp/jsreport/autocleanup/0c6ec26b-f384-4db7-8775-eec4a7e5a937-chrome-pdf.html","meta":{"rootId":"44fg242bwln31lf","id":"44fg242bwln31lf"},"id":"pv36992dvr1jpo9","previousOperationId":"aped09wri6yzpuy"}
{"type":"log","timestamp":1684352765553,"level":"debug","message":"Page request: GET (stylesheet) https://stackpath.bootstrapcdn.com/bootstrap/4.4.1/css/bootstrap.min.css","meta":{"rootId":"44fg242bwln31lf","id":"44fg242bwln31lf"},"id":"c2w5p2dkmizf397","previousOperationId":"aped09wri6yzpuy"}
{"type":"log","timestamp":1684352765553,"level":"debug","message":"Page request: GET (image) https://assets-global.website-files.com/5ca4d1fd374efbecd845739f/611be296e1ecb589c495418a_JAS%20and%20Greencarrier.png","meta":{"rootId":"44fg242bwln31lf","id":"44fg242bwln31lf"},"id":"def1t9jpv2i1v5i","previousOperationId":"aped09wri6yzpuy"}
{"type":"log","timestamp":1684352768893,"level":"debug","message":"Page request finished: GET (stylesheet) 200 https://stackpath.bootstrapcdn.com/bootstrap/4.4.1/css/bootstrap.min.css","meta":{"rootId":"44fg242bwln31lf","id":"44fg242bwln31lf"},"id":"fptonxuzenoeeig","previousOperationId":"aped09wri6yzpuy"}
{"type":"log","timestamp":1684352769499,"level":"debug","message":"Page request finished: GET (image) 200 https://assets-global.website-files.com/5ca4d1fd374efbecd845739f/611be296e1ecb589c495418a_JAS%20and%20Greencarrier.png","meta":{"rootId":"44fg242bwln31lf","id":"44fg242bwln31lf"},"id":"5seqppu02w539vg","previousOperationId":"aped09wri6yzpuy"}
{"type":"log","timestamp":1684352769503,"level":"debug","message":"Running chrome with params {\"timeout\":59239,\"margin\":{},\"printBackground\":true}","meta":{"rootId":"44fg242bwln31lf","id":"44fg242bwln31lf"},"id":"12crgwgeue824bu","previousOperationId":"aped09wri6yzpuy"}
{"type":"operationEnd","operationId":"aped09wri6yzpuy","timestamp":1684352769827,"id":"qj1og6senv66496","previousEventId":"c0l5wvo9m1arx6i","previousOperationId":"aped09wri6yzpuy"}
{"type":"log","timestamp":1684352769828,"level":"debug","message":"Skipping storing report.","meta":{"rootId":"44fg242bwln31lf","id":"44fg242bwln31lf"},"id":"t8p9wwrdqsinus2","previousOperationId":"aped09wri6yzpuy"}
{"type":"log","timestamp":1684352769828,"level":"info","message":"Rendering request 1 finished in 6908 ms","meta":{"rootId":"44fg242bwln31lf","id":"44fg242bwln31lf"},"id":"2co8awajlwy73qz","previousOperationId":"aped09wri6yzpuy"}
{"type":"operationEnd","subtype":"render","operationId":"5vbdi51yss47d6q","timestamp":1684352769828,"id":"3q3ov3o25h5g57h","previousEventId":"qj1og6senv66496","previousOperationId":"aped09wri6yzpuy"}
{"type":"operationEnd","doDiffs":false,"previousEventId":"6et9xuop9bl10tq","previousOperationId":"na1ogcey9lqh1qr","operationId":"na1ogcey9lqh1qr","timestamp":1684352769832,"id":"9o3pg9pjpgfk97j"}
