{"type":"operationStart","subtype":"profile","data":{"_id":"Fa56KNuIzf7mEiFl","timestamp":"2023-05-16T04:56:53.171Z","state":"queued","mode":"standard","timeout":60000,"creationDate":"2023-05-16T04:56:53.173Z","modificationDate":"2023-05-16T04:56:53.173Z","shortid":"Cx_yzwa","$entitySet":"profiles"},"doDiffs":false,"timestamp":1684213013172,"id":"nkqyhvwxplp2lnj","previousOperationId":null,"operationId":"hc2nvyjaao086ip"}
{"type":"log","level":"info","message":"Render request 1 queued for execution and waiting for available worker","previousOperationId":"hc2nvyjaao086ip","timestamp":1684213013172,"id":"rz8w77qi4uhuen9"}
{"type":"operationStart","subtype":"render","name":"anonymous","previousOperationId":"hc2nvyjaao086ip","timestamp":1684213013185,"id":"fr61gf9xmi9cyve","previousEventId":"nkqyhvwxplp2lnj","operationId":"jybrweysnfqf29g"}
{"type":"log","timestamp":1684213013186,"level":"info","message":"Starting rendering request 1","meta":{"rootId":"461gnddoemojv56","id":"461gnddoemojv56"},"id":"8uzwef0u8fsddb6","previousOperationId":"jybrweysnfqf29g"}
{"type":"log","timestamp":1684213013187,"level":"info","message":"Rendering anonymous template { recipe: chrome-pdf, engine: handlebars }","meta":{"rootId":"461gnddoemojv56","id":"461gnddoemojv56"},"id":"94slhl3but0lvly","previousOperationId":"jybrweysnfqf29g"}
{"type":"log","timestamp":1684213013188,"level":"debug","message":"Inline data specified.","meta":{"rootId":"461gnddoemojv56","id":"461gnddoemojv56"},"id":"ufg19rkc0z8m6tz","previousOperationId":"jybrweysnfqf29g"}
{"type":"log","timestamp":1684213013193,"level":"debug","message":"Base url not specified, skipping its injection.","meta":{"rootId":"461gnddoemojv56","id":"461gnddoemojv56"},"id":"pziem1ssseg636f","previousOperationId":"jybrweysnfqf29g"}
{"type":"operationStart","subtype":"engine","name":"handlebars","timestamp":1684213013194,"id":"agbju4zbakumc5m","previousEventId":"fr61gf9xmi9cyve","operationId":"upo86ol08jxjicq","previousOperationId":"jybrweysnfqf29g"}
{"type":"log","timestamp":1684213013194,"level":"debug","message":"Rendering engine handlebars","meta":{"rootId":"461gnddoemojv56","id":"461gnddoemojv56"},"id":"1rog09ygeiv803b","previousOperationId":"upo86ol08jxjicq"}
{"type":"operationEnd","operationId":"upo86ol08jxjicq","timestamp":1684213013630,"id":"7ak2gbku4i6n3m4","previousEventId":"agbju4zbakumc5m","previousOperationId":"upo86ol08jxjicq"}
{"type":"operationStart","subtype":"recipe","name":"chrome-pdf","timestamp":1684213013630,"id":"m5m6wwvvbdk8dz6","previousEventId":"7ak2gbku4i6n3m4","operationId":"hcbwmjqme3w3yqd","previousOperationId":"upo86ol08jxjicq"}
{"type":"log","timestamp":1684213013630,"level":"debug","message":"Executing recipe chrome-pdf","meta":{"rootId":"461gnddoemojv56","id":"461gnddoemojv56"},"id":"t6cmjhxv575tdnh","previousOperationId":"hcbwmjqme3w3yqd"}
{"type":"log","timestamp":1684213013968,"level":"debug","message":"Converting with chrome HeadlessChrome/105.0.5173.0 using chrome-pool strategy","meta":{"rootId":"461gnddoemojv56","id":"461gnddoemojv56"},"id":"ephg123l7go8nzy","previousOperationId":"hcbwmjqme3w3yqd"}
{"type":"log","timestamp":1684213015308,"level":"debug","message":"Page request: GET (document) file:///C:/Users/hp/AppData/Local/Temp/jsreport/autocleanup/17bf8cff-6808-4b9d-b823-514c354424e9-chrome-pdf.html","meta":{"rootId":"461gnddoemojv56","id":"461gnddoemojv56"},"id":"mufour6yzuwmiw9","previousOperationId":"hcbwmjqme3w3yqd"}
{"type":"log","timestamp":1684213015317,"level":"debug","message":"Page request finished: GET (document) 200 file:///C:/Users/hp/AppData/Local/Temp/jsreport/autocleanup/17bf8cff-6808-4b9d-b823-514c354424e9-chrome-pdf.html","meta":{"rootId":"461gnddoemojv56","id":"461gnddoemojv56"},"id":"ofdw3xlhvrew466","previousOperationId":"hcbwmjqme3w3yqd"}
{"type":"log","timestamp":1684213015347,"level":"debug","message":"Running chrome with params {\"timeout\":59424,\"margin\":{},\"printBackground\":true}","meta":{"rootId":"461gnddoemojv56","id":"461gnddoemojv56"},"id":"a7u9sz5472q5gpo","previousOperationId":"hcbwmjqme3w3yqd"}
{"type":"operationEnd","operationId":"hcbwmjqme3w3yqd","timestamp":1684213015463,"id":"pez6spg0etydt7r","previousEventId":"m5m6wwvvbdk8dz6","previousOperationId":"hcbwmjqme3w3yqd"}
{"type":"log","timestamp":1684213015464,"level":"debug","message":"Skipping storing report.","meta":{"rootId":"461gnddoemojv56","id":"461gnddoemojv56"},"id":"76rhame7gomenk1","previousOperationId":"hcbwmjqme3w3yqd"}
{"type":"log","timestamp":1684213015464,"level":"info","message":"Rendering request 1 finished in 2294 ms","meta":{"rootId":"461gnddoemojv56","id":"461gnddoemojv56"},"id":"rygzxcosad0d3oq","previousOperationId":"hcbwmjqme3w3yqd"}
{"type":"operationEnd","subtype":"render","operationId":"jybrweysnfqf29g","timestamp":1684213015464,"id":"iyij63cb03ps5bc","previousEventId":"pez6spg0etydt7r","previousOperationId":"hcbwmjqme3w3yqd"}
{"type":"operationEnd","doDiffs":false,"previousEventId":"nkqyhvwxplp2lnj","previousOperationId":"hc2nvyjaao086ip","operationId":"hc2nvyjaao086ip","timestamp":1684213015467,"id":"vv0iwm28b8hb68l"}
