{"type":"operationStart","subtype":"profile","data":{"_id":"Tn7xCAscVAcuGQCg","timestamp":"2023-05-02T18:02:38.007Z","state":"queued","mode":"standard","timeout":60000,"creationDate":"2023-05-02T18:02:38.010Z","modificationDate":"2023-05-02T18:02:38.010Z","shortid":"PrOV7fk","$entitySet":"profiles"},"doDiffs":false,"timestamp":1683050558009,"id":"kz1vcdg1g8ewniy","previousOperationId":null,"operationId":"sxhe59dfdvzk5di"}
{"type":"log","level":"info","message":"Render request 1 queued for execution and waiting for available worker","previousOperationId":"sxhe59dfdvzk5di","timestamp":1683050558009,"id":"vkest3we3r2k3av"}
{"type":"operationStart","subtype":"render","name":"anonymous","previousOperationId":"sxhe59dfdvzk5di","timestamp":1683050558031,"id":"p30onn1fv4u4yfu","previousEventId":"kz1vcdg1g8ewniy","operationId":"6mrhnmrh6sbvbh5"}
{"type":"log","timestamp":1683050558033,"level":"info","message":"Starting rendering request 1","meta":{"rootId":"474kzdkbpum4aoj","id":"474kzdkbpum4aoj"},"id":"3jp065v54i6vfxc","previousOperationId":"6mrhnmrh6sbvbh5"}
{"type":"log","timestamp":1683050558035,"level":"info","message":"Rendering anonymous template { recipe: chrome-pdf, engine: handlebars }","meta":{"rootId":"474kzdkbpum4aoj","id":"474kzdkbpum4aoj"},"id":"2qrveofol8qw7y5","previousOperationId":"6mrhnmrh6sbvbh5"}
{"type":"log","timestamp":1683050558035,"level":"debug","message":"Inline data specified.","meta":{"rootId":"474kzdkbpum4aoj","id":"474kzdkbpum4aoj"},"id":"0czo5bsbkc0kxql","previousOperationId":"6mrhnmrh6sbvbh5"}
{"type":"log","timestamp":1683050558039,"level":"debug","message":"Base url not specified, skipping its injection.","meta":{"rootId":"474kzdkbpum4aoj","id":"474kzdkbpum4aoj"},"id":"2nvgv6zbsxkt0l1","previousOperationId":"6mrhnmrh6sbvbh5"}
{"type":"operationStart","subtype":"engine","name":"handlebars","timestamp":1683050558041,"id":"oc1zws6kovav4pz","previousEventId":"p30onn1fv4u4yfu","operationId":"73e8fn7bl7frpgv","previousOperationId":"6mrhnmrh6sbvbh5"}
{"type":"log","timestamp":1683050558042,"level":"debug","message":"Rendering engine handlebars","meta":{"rootId":"474kzdkbpum4aoj","id":"474kzdkbpum4aoj"},"id":"h6d2a6102uxem6f","previousOperationId":"73e8fn7bl7frpgv"}
{"type":"operationEnd","operationId":"73e8fn7bl7frpgv","timestamp":1683050558614,"id":"mic8y953k1qfxmn","previousEventId":"oc1zws6kovav4pz","previousOperationId":"73e8fn7bl7frpgv"}
{"type":"operationStart","subtype":"recipe","name":"chrome-pdf","timestamp":1683050558615,"id":"brylpyx8mzf204t","previousEventId":"mic8y953k1qfxmn","operationId":"x4473tns38p6434","previousOperationId":"73e8fn7bl7frpgv"}
{"type":"log","timestamp":1683050558615,"level":"debug","message":"Executing recipe chrome-pdf","meta":{"rootId":"474kzdkbpum4aoj","id":"474kzdkbpum4aoj"},"id":"4g1yvkryv10avv2","previousOperationId":"x4473tns38p6434"}
{"type":"log","timestamp":1683050559468,"level":"debug","message":"Converting with chrome HeadlessChrome/105.0.5173.0 using chrome-pool strategy","meta":{"rootId":"474kzdkbpum4aoj","id":"474kzdkbpum4aoj"},"id":"7hhbzktqv572puj","previousOperationId":"x4473tns38p6434"}
{"type":"log","timestamp":1683050560702,"level":"debug","message":"Page request: GET (document) file:///C:/Users/hp/AppData/Local/Temp/jsreport/autocleanup/a9de2f2e-252a-4301-8c00-94b9dbb237fa-chrome-pdf.html","meta":{"rootId":"474kzdkbpum4aoj","id":"474kzdkbpum4aoj"},"id":"jrcng93bynl6wgd","previousOperationId":"x4473tns38p6434"}
{"type":"log","timestamp":1683050560715,"level":"debug","message":"Page request finished: GET (document) 200 file:///C:/Users/hp/AppData/Local/Temp/jsreport/autocleanup/a9de2f2e-252a-4301-8c00-94b9dbb237fa-chrome-pdf.html","meta":{"rootId":"474kzdkbpum4aoj","id":"474kzdkbpum4aoj"},"id":"6o0wxqyljsrjs98","previousOperationId":"x4473tns38p6434"}
{"type":"log","timestamp":1683050560716,"level":"debug","message":"Page request: GET (stylesheet) https://stackpath.bootstrapcdn.com/bootstrap/4.4.1/css/bootstrap.min.css","meta":{"rootId":"474kzdkbpum4aoj","id":"474kzdkbpum4aoj"},"id":"gz4k4o7lr957d39","previousOperationId":"x4473tns38p6434"}
{"type":"log","timestamp":1683050560716,"level":"debug","message":"Page request: GET (image) https://assets-global.website-files.com/5ca4d1fd374efbecd845739f/611be296e1ecb589c495418a_JAS%20and%20Greencarrier.png","meta":{"rootId":"474kzdkbpum4aoj","id":"474kzdkbpum4aoj"},"id":"2gwdc4dlxafwhf9","previousOperationId":"x4473tns38p6434"}
{"type":"log","timestamp":1683050563670,"level":"debug","message":"Page request finished: GET (stylesheet) 200 https://stackpath.bootstrapcdn.com/bootstrap/4.4.1/css/bootstrap.min.css","meta":{"rootId":"474kzdkbpum4aoj","id":"474kzdkbpum4aoj"},"id":"9o6l8yd5fzlzqgg","previousOperationId":"x4473tns38p6434"}
{"type":"log","timestamp":1683050563876,"level":"debug","message":"Page request finished: GET (image) 200 https://assets-global.website-files.com/5ca4d1fd374efbecd845739f/611be296e1ecb589c495418a_JAS%20and%20Greencarrier.png","meta":{"rootId":"474kzdkbpum4aoj","id":"474kzdkbpum4aoj"},"id":"ay61ngr8c1hosgy","previousOperationId":"x4473tns38p6434"}
{"type":"log","timestamp":1683050563878,"level":"debug","message":"Running chrome with params {\"timeout\":59174,\"margin\":{},\"printBackground\":true}","meta":{"rootId":"474kzdkbpum4aoj","id":"474kzdkbpum4aoj"},"id":"s1g5k0ciyrv3j23","previousOperationId":"x4473tns38p6434"}
{"type":"operationEnd","operationId":"x4473tns38p6434","timestamp":1683050564104,"id":"2kuylbarx6krffp","previousEventId":"brylpyx8mzf204t","previousOperationId":"x4473tns38p6434"}
{"type":"log","timestamp":1683050564105,"level":"debug","message":"Skipping storing report.","meta":{"rootId":"474kzdkbpum4aoj","id":"474kzdkbpum4aoj"},"id":"7ep5z3hv3cq9xgl","previousOperationId":"x4473tns38p6434"}
{"type":"log","timestamp":1683050564106,"level":"info","message":"Rendering request 1 finished in 6100 ms","meta":{"rootId":"474kzdkbpum4aoj","id":"474kzdkbpum4aoj"},"id":"ejce77qf1fp9coi","previousOperationId":"x4473tns38p6434"}
{"type":"operationEnd","subtype":"render","operationId":"6mrhnmrh6sbvbh5","timestamp":1683050564106,"id":"c7wiececevwdhhe","previousEventId":"2kuylbarx6krffp","previousOperationId":"x4473tns38p6434"}
{"type":"operationEnd","doDiffs":false,"previousEventId":"kz1vcdg1g8ewniy","previousOperationId":"sxhe59dfdvzk5di","operationId":"sxhe59dfdvzk5di","timestamp":1683050564109,"id":"pd8spye23fx4bak"}
