{"type":"operationStart","subtype":"profile","data":{"_id":"LrG8V1Sk4gCcmXLA","timestamp":"2023-05-19T06:15:51.885Z","state":"queued","mode":"standard","timeout":60000,"creationDate":"2023-05-19T06:15:51.889Z","modificationDate":"2023-05-19T06:15:51.889Z","shortid":"Db4jbrv","$entitySet":"profiles"},"doDiffs":false,"timestamp":1684476951888,"id":"zebewglijx3424r","previousOperationId":null,"operationId":"hp28et1h88i8l4s"}
{"type":"log","level":"info","message":"Render request 5 queued for execution and waiting for available worker","previousOperationId":"hp28et1h88i8l4s","timestamp":1684476951888,"id":"vdwod9zpwe5p2i5"}
{"type":"operationStart","subtype":"render","name":"anonymous","previousOperationId":"hp28et1h88i8l4s","timestamp":1684476951894,"id":"c0wj6eqrw1e75iv","previousEventId":"zebewglijx3424r","operationId":"2d84b89km9dfscr"}
{"type":"log","timestamp":1684476951894,"level":"info","message":"Starting rendering request 5","meta":{"rootId":"48j77eh041sdq3w","id":"48j77eh041sdq3w"},"id":"cxqrcioli0usjwp","previousOperationId":"2d84b89km9dfscr"}
{"type":"log","timestamp":1684476951894,"level":"info","message":"Rendering anonymous template { recipe: chrome-pdf, engine: handlebars }","meta":{"rootId":"48j77eh041sdq3w","id":"48j77eh041sdq3w"},"id":"dqtgzobfszxx8d7","previousOperationId":"2d84b89km9dfscr"}
{"type":"log","timestamp":1684476951894,"level":"debug","message":"Inline data specified.","meta":{"rootId":"48j77eh041sdq3w","id":"48j77eh041sdq3w"},"id":"z1p3j6hwr7u7f8o","previousOperationId":"2d84b89km9dfscr"}
{"type":"log","timestamp":1684476951896,"level":"debug","message":"Base url not specified, skipping its injection.","meta":{"rootId":"48j77eh041sdq3w","id":"48j77eh041sdq3w"},"id":"k1ifwha8cthuqxa","previousOperationId":"2d84b89km9dfscr"}
{"type":"operationStart","subtype":"engine","name":"handlebars","timestamp":1684476951896,"id":"g14yn8ht2ivhfri","previousEventId":"c0wj6eqrw1e75iv","operationId":"s4ztc5bnl2nj2nt","previousOperationId":"2d84b89km9dfscr"}
{"type":"log","timestamp":1684476951896,"level":"debug","message":"Rendering engine handlebars","meta":{"rootId":"48j77eh041sdq3w","id":"48j77eh041sdq3w"},"id":"kic7vka1vjstqjz","previousOperationId":"s4ztc5bnl2nj2nt"}
{"type":"operationEnd","operationId":"s4ztc5bnl2nj2nt","timestamp":1684476951906,"id":"2qosa9z1qp1u6u2","previousEventId":"g14yn8ht2ivhfri","previousOperationId":"s4ztc5bnl2nj2nt"}
{"type":"operationStart","subtype":"recipe","name":"chrome-pdf","timestamp":1684476951907,"id":"lvsuwblye2ksndr","previousEventId":"2qosa9z1qp1u6u2","operationId":"ebtghh788c90nxo","previousOperationId":"s4ztc5bnl2nj2nt"}
{"type":"log","timestamp":1684476951907,"level":"debug","message":"Executing recipe chrome-pdf","meta":{"rootId":"48j77eh041sdq3w","id":"48j77eh041sdq3w"},"id":"raoxknrv3bmvnvx","previousOperationId":"ebtghh788c90nxo"}
{"type":"log","timestamp":1684476951911,"level":"debug","message":"Converting with chrome HeadlessChrome/105.0.5173.0 using chrome-pool strategy","meta":{"rootId":"48j77eh041sdq3w","id":"48j77eh041sdq3w"},"id":"3qrjuzhx1gdx170","previousOperationId":"ebtghh788c90nxo"}
{"type":"log","timestamp":1684476952046,"level":"debug","message":"Page request: GET (document) file:///C:/Users/hp/AppData/Local/Temp/jsreport/autocleanup/9042d87f-24ce-46c1-a4e4-480beea911e0-chrome-pdf.html","meta":{"rootId":"48j77eh041sdq3w","id":"48j77eh041sdq3w"},"id":"8i8so4qyaik5uz2","previousOperationId":"ebtghh788c90nxo"}
{"type":"log","timestamp":1684476952057,"level":"debug","message":"Page request finished: GET (document) 200 file:///C:/Users/hp/AppData/Local/Temp/jsreport/autocleanup/9042d87f-24ce-46c1-a4e4-480beea911e0-chrome-pdf.html","meta":{"rootId":"48j77eh041sdq3w","id":"48j77eh041sdq3w"},"id":"srp0gy1sx59euoy","previousOperationId":"ebtghh788c90nxo"}
{"type":"log","timestamp":1684476952144,"level":"debug","message":"Running chrome with params {\"timeout\":59976,\"margin\":{},\"printBackground\":true}","meta":{"rootId":"48j77eh041sdq3w","id":"48j77eh041sdq3w"},"id":"uxml64meadwuk6l","previousOperationId":"ebtghh788c90nxo"}
{"type":"operationEnd","operationId":"ebtghh788c90nxo","timestamp":1684476952559,"id":"gg1ojaujmf7smla","previousEventId":"lvsuwblye2ksndr","previousOperationId":"ebtghh788c90nxo"}
{"type":"log","timestamp":1684476952559,"level":"debug","message":"Skipping storing report.","meta":{"rootId":"48j77eh041sdq3w","id":"48j77eh041sdq3w"},"id":"2txjxeez28u3e4i","previousOperationId":"ebtghh788c90nxo"}
{"type":"log","timestamp":1684476952560,"level":"info","message":"Rendering request 5 finished in 675 ms","meta":{"rootId":"48j77eh041sdq3w","id":"48j77eh041sdq3w"},"id":"i9ipoydxdj5kceu","previousOperationId":"ebtghh788c90nxo"}
{"type":"operationEnd","subtype":"render","operationId":"2d84b89km9dfscr","timestamp":1684476952560,"id":"kywdoaf1m039a0k","previousEventId":"gg1ojaujmf7smla","previousOperationId":"ebtghh788c90nxo"}
{"type":"operationEnd","doDiffs":false,"previousEventId":"zebewglijx3424r","previousOperationId":"hp28et1h88i8l4s","operationId":"hp28et1h88i8l4s","timestamp":1684476952562,"id":"v834pcq1q6qcs3a"}
