{"type":"operationStart","subtype":"profile","data":{"_id":"99VpHghZVyCg8hS1","timestamp":"2023-05-18T18:53:22.905Z","state":"queued","mode":"standard","timeout":60000,"creationDate":"2023-05-18T18:53:22.908Z","modificationDate":"2023-05-18T18:53:22.908Z","shortid":"1Sii3HL","$entitySet":"profiles"},"doDiffs":false,"timestamp":1684436002907,"id":"5r1gs367gh3fjxh","previousOperationId":null,"operationId":"lix7yyyqmcxofv1"}
{"type":"log","level":"info","message":"Render request 3 queued for execution and waiting for available worker","previousOperationId":"lix7yyyqmcxofv1","timestamp":1684436002907,"id":"192gguzxt4mt8ze"}
{"type":"operationStart","subtype":"render","name":"anonymous","previousOperationId":"lix7yyyqmcxofv1","timestamp":1684436002916,"id":"d3j7bnycdh070s0","previousEventId":"5r1gs367gh3fjxh","operationId":"8mn82ewjra6ygv6"}
{"type":"log","timestamp":1684436002916,"level":"info","message":"Starting rendering request 3","meta":{"rootId":"4bg5nh4pi0u41rp","id":"4bg5nh4pi0u41rp"},"id":"syn4eeilquw5pak","previousOperationId":"8mn82ewjra6ygv6"}
{"type":"log","timestamp":1684436002916,"level":"info","message":"Rendering anonymous template { recipe: chrome-pdf, engine: handlebars }","meta":{"rootId":"4bg5nh4pi0u41rp","id":"4bg5nh4pi0u41rp"},"id":"6avbzkrumfl8mq8","previousOperationId":"8mn82ewjra6ygv6"}
{"type":"log","timestamp":1684436002916,"level":"debug","message":"Inline data specified.","meta":{"rootId":"4bg5nh4pi0u41rp","id":"4bg5nh4pi0u41rp"},"id":"vzvbnsyeho38mku","previousOperationId":"8mn82ewjra6ygv6"}
{"type":"log","timestamp":1684436002918,"level":"debug","message":"Base url not specified, skipping its injection.","meta":{"rootId":"4bg5nh4pi0u41rp","id":"4bg5nh4pi0u41rp"},"id":"zf4ehneaceb7o3j","previousOperationId":"8mn82ewjra6ygv6"}
{"type":"operationStart","subtype":"engine","name":"handlebars","timestamp":1684436002919,"id":"xhz2s1vi2zjr8gb","previousEventId":"d3j7bnycdh070s0","operationId":"f600s9ggltb9whn","previousOperationId":"8mn82ewjra6ygv6"}
{"type":"log","timestamp":1684436002919,"level":"debug","message":"Rendering engine handlebars","meta":{"rootId":"4bg5nh4pi0u41rp","id":"4bg5nh4pi0u41rp"},"id":"w8ksau9l6avi3rx","previousOperationId":"f600s9ggltb9whn"}
{"type":"operationEnd","operationId":"f600s9ggltb9whn","timestamp":1684436002929,"id":"2ucn2fly4kultej","previousEventId":"xhz2s1vi2zjr8gb","previousOperationId":"f600s9ggltb9whn"}
{"type":"operationStart","subtype":"recipe","name":"chrome-pdf","timestamp":1684436002930,"id":"lb9po97ujz3x85l","previousEventId":"2ucn2fly4kultej","operationId":"jk66fce1z8ymnub","previousOperationId":"f600s9ggltb9whn"}
{"type":"log","timestamp":1684436002930,"level":"debug","message":"Executing recipe chrome-pdf","meta":{"rootId":"4bg5nh4pi0u41rp","id":"4bg5nh4pi0u41rp"},"id":"yof37t02ksxfum9","previousOperationId":"jk66fce1z8ymnub"}
{"type":"log","timestamp":1684436002973,"level":"debug","message":"Converting with chrome HeadlessChrome/105.0.5173.0 using chrome-pool strategy","meta":{"rootId":"4bg5nh4pi0u41rp","id":"4bg5nh4pi0u41rp"},"id":"hxe6zoq7yw9fxr2","previousOperationId":"jk66fce1z8ymnub"}
{"type":"log","timestamp":1684436003120,"level":"debug","message":"Page request: GET (document) file:///C:/Users/hp/AppData/Local/Temp/jsreport/autocleanup/00105669-1cc8-4a0e-b9b5-acedf512b8f1-chrome-pdf.html","meta":{"rootId":"4bg5nh4pi0u41rp","id":"4bg5nh4pi0u41rp"},"id":"cmtf0m5vhc93ze6","previousOperationId":"jk66fce1z8ymnub"}
{"type":"log","timestamp":1684436003131,"level":"debug","message":"Page request finished: GET (document) 200 file:///C:/Users/hp/AppData/Local/Temp/jsreport/autocleanup/00105669-1cc8-4a0e-b9b5-acedf512b8f1-chrome-pdf.html","meta":{"rootId":"4bg5nh4pi0u41rp","id":"4bg5nh4pi0u41rp"},"id":"u7ff9qg7xtkb5eo","previousOperationId":"jk66fce1z8ymnub"}
{"type":"log","timestamp":1684436003222,"level":"debug","message":"Running chrome with params {\"timeout\":59971,\"margin\":{},\"printBackground\":true}","meta":{"rootId":"4bg5nh4pi0u41rp","id":"4bg5nh4pi0u41rp"},"id":"ndscmlynsfzdu1p","previousOperationId":"jk66fce1z8ymnub"}
{"type":"operationEnd","operationId":"jk66fce1z8ymnub","timestamp":1684436003701,"id":"fnw6zivnec70h42","previousEventId":"lb9po97ujz3x85l","previousOperationId":"jk66fce1z8ymnub"}
{"type":"log","timestamp":1684436003701,"level":"debug","message":"Skipping storing report.","meta":{"rootId":"4bg5nh4pi0u41rp","id":"4bg5nh4pi0u41rp"},"id":"su78u5v89bouhk5","previousOperationId":"jk66fce1z8ymnub"}
{"type":"log","timestamp":1684436003701,"level":"info","message":"Rendering request 3 finished in 797 ms","meta":{"rootId":"4bg5nh4pi0u41rp","id":"4bg5nh4pi0u41rp"},"id":"wdxjzqrfot6eccb","previousOperationId":"jk66fce1z8ymnub"}
{"type":"operationEnd","subtype":"render","operationId":"8mn82ewjra6ygv6","timestamp":1684436003701,"id":"fy3xdp0vz72ux8b","previousEventId":"fnw6zivnec70h42","previousOperationId":"jk66fce1z8ymnub"}
{"type":"operationEnd","doDiffs":false,"previousEventId":"5r1gs367gh3fjxh","previousOperationId":"lix7yyyqmcxofv1","operationId":"lix7yyyqmcxofv1","timestamp":1684436003704,"id":"u2jkpk946ame7x1"}
