{"type":"operationStart","subtype":"profile","data":{"_id":"qoQ8cBmO3xF7bLrT","timestamp":"2023-04-18T13:52:54.776Z","state":"queued","mode":"standard","timeout":60000,"creationDate":"2023-04-18T13:52:54.780Z","modificationDate":"2023-04-18T13:52:54.780Z","shortid":"osfJURK","$entitySet":"profiles"},"doDiffs":false,"timestamp":1681825974779,"id":"g5heucjavy5o8l3","previousOperationId":null,"operationId":"nys8by4g9johlzh"}
{"type":"log","level":"info","message":"Render request 13 queued for execution and waiting for available worker","previousOperationId":"nys8by4g9johlzh","timestamp":1681825974779,"id":"6wc4mmevkwq55ce"}
{"type":"operationStart","subtype":"render","name":"anonymous","previousOperationId":"nys8by4g9johlzh","timestamp":1681825974789,"id":"tguh5qy991d3d78","previousEventId":"g5heucjavy5o8l3","operationId":"z44ydeefp85npr5"}
{"type":"log","timestamp":1681825974789,"level":"info","message":"Starting rendering request 13","meta":{"rootId":"4d0st2ur3tsa5ag","id":"4d0st2ur3tsa5ag"},"id":"elp5d3mnrb5yhao","previousOperationId":"z44ydeefp85npr5"}
{"type":"log","timestamp":1681825974790,"level":"info","message":"Rendering anonymous template { recipe: chrome-pdf, engine: handlebars }","meta":{"rootId":"4d0st2ur3tsa5ag","id":"4d0st2ur3tsa5ag"},"id":"03ucqy1mcnf1jyn","previousOperationId":"z44ydeefp85npr5"}
{"type":"log","timestamp":1681825974790,"level":"debug","message":"Inline data specified.","meta":{"rootId":"4d0st2ur3tsa5ag","id":"4d0st2ur3tsa5ag"},"id":"jthr2xwvnomkojz","previousOperationId":"z44ydeefp85npr5"}
{"type":"log","timestamp":1681825974793,"level":"debug","message":"Base url not specified, skipping its injection.","meta":{"rootId":"4d0st2ur3tsa5ag","id":"4d0st2ur3tsa5ag"},"id":"8fjgq63eq3jx4n7","previousOperationId":"z44ydeefp85npr5"}
{"type":"operationStart","subtype":"engine","name":"handlebars","timestamp":1681825974794,"id":"fgu6n08pl14xvie","previousEventId":"tguh5qy991d3d78","operationId":"bvgaq4tloa11r1y","previousOperationId":"z44ydeefp85npr5"}
{"type":"log","timestamp":1681825974794,"level":"debug","message":"Rendering engine handlebars","meta":{"rootId":"4d0st2ur3tsa5ag","id":"4d0st2ur3tsa5ag"},"id":"yftrw6bayxw54l1","previousOperationId":"bvgaq4tloa11r1y"}
{"type":"operationEnd","operationId":"bvgaq4tloa11r1y","timestamp":1681825974810,"id":"oe9g3hh8z0gxnjf","previousEventId":"fgu6n08pl14xvie","previousOperationId":"bvgaq4tloa11r1y"}
{"type":"operationStart","subtype":"recipe","name":"chrome-pdf","timestamp":1681825974810,"id":"us5gdkpuodii51h","previousEventId":"oe9g3hh8z0gxnjf","operationId":"vq31p6b8n2rd56e","previousOperationId":"bvgaq4tloa11r1y"}
{"type":"log","timestamp":1681825974810,"level":"debug","message":"Executing recipe chrome-pdf","meta":{"rootId":"4d0st2ur3tsa5ag","id":"4d0st2ur3tsa5ag"},"id":"t12ewdbgpb77c8b","previousOperationId":"vq31p6b8n2rd56e"}
{"type":"log","timestamp":1681825974815,"level":"debug","message":"Converting with chrome HeadlessChrome/105.0.5173.0 using chrome-pool strategy","meta":{"rootId":"4d0st2ur3tsa5ag","id":"4d0st2ur3tsa5ag"},"id":"c2st2u440qjcdlc","previousOperationId":"vq31p6b8n2rd56e"}
{"type":"log","timestamp":1681825975026,"level":"debug","message":"Page request: GET (document) file:///C:/Users/SACHIN~1/AppData/Local/Temp/jsreport/autocleanup/af09d65d-001e-4b0b-aca9-37e8d1982c93-chrome-pdf.html","meta":{"rootId":"4d0st2ur3tsa5ag","id":"4d0st2ur3tsa5ag"},"id":"6hfllyx0snsdlrb","previousOperationId":"vq31p6b8n2rd56e"}
{"type":"log","timestamp":1681825975047,"level":"debug","message":"Page request finished: GET (document) 200 file:///C:/Users/SACHIN~1/AppData/Local/Temp/jsreport/autocleanup/af09d65d-001e-4b0b-aca9-37e8d1982c93-chrome-pdf.html","meta":{"rootId":"4d0st2ur3tsa5ag","id":"4d0st2ur3tsa5ag"},"id":"twomxrwqchajqle","previousOperationId":"vq31p6b8n2rd56e"}
{"type":"log","timestamp":1681825975048,"level":"debug","message":"Page request: GET (stylesheet) https://stackpath.bootstrapcdn.com/bootstrap/4.4.1/css/bootstrap.min.css","meta":{"rootId":"4d0st2ur3tsa5ag","id":"4d0st2ur3tsa5ag"},"id":"epmfc1pre9rtro1","previousOperationId":"vq31p6b8n2rd56e"}
{"type":"log","timestamp":1681825975049,"level":"debug","message":"Page request: GET (image) https://assets-global.website-files.com/5ca4d1fd374efbecd845739f/611be296e1ecb589c495418a_JAS%20and%20Greencarrier.png","meta":{"rootId":"4d0st2ur3tsa5ag","id":"4d0st2ur3tsa5ag"},"id":"etfdk5rz3b941jj","previousOperationId":"vq31p6b8n2rd56e"}
{"type":"log","timestamp":1681825975061,"level":"debug","message":"Page request finished: GET (image) 200 https://assets-global.website-files.com/5ca4d1fd374efbecd845739f/611be296e1ecb589c495418a_JAS%20and%20Greencarrier.png","meta":{"rootId":"4d0st2ur3tsa5ag","id":"4d0st2ur3tsa5ag"},"id":"puumopxf8gqvn2d","previousOperationId":"vq31p6b8n2rd56e"}
{"type":"log","timestamp":1681825975073,"level":"debug","message":"Page request finished: GET (stylesheet) 200 https://stackpath.bootstrapcdn.com/bootstrap/4.4.1/css/bootstrap.min.css","meta":{"rootId":"4d0st2ur3tsa5ag","id":"4d0st2ur3tsa5ag"},"id":"8xestob2qcilsr0","previousOperationId":"vq31p6b8n2rd56e"}
{"type":"log","timestamp":1681825975224,"level":"debug","message":"Running chrome with params {\"timeout\":59961,\"margin\":{},\"printBackground\":true}","meta":{"rootId":"4d0st2ur3tsa5ag","id":"4d0st2ur3tsa5ag"},"id":"mlf046qy54wsxe0","previousOperationId":"vq31p6b8n2rd56e"}
{"type":"operationEnd","operationId":"vq31p6b8n2rd56e","timestamp":1681825975540,"id":"yx45r9jrv9suy84","previousEventId":"us5gdkpuodii51h","previousOperationId":"vq31p6b8n2rd56e"}
{"type":"log","timestamp":1681825975540,"level":"debug","message":"Skipping storing report.","meta":{"rootId":"4d0st2ur3tsa5ag","id":"4d0st2ur3tsa5ag"},"id":"tt3fzazg4rduew8","previousOperationId":"vq31p6b8n2rd56e"}
{"type":"log","timestamp":1681825975541,"level":"info","message":"Rendering request 13 finished in 766 ms","meta":{"rootId":"4d0st2ur3tsa5ag","id":"4d0st2ur3tsa5ag"},"id":"elvn6lg256txiw6","previousOperationId":"vq31p6b8n2rd56e"}
{"type":"operationEnd","subtype":"render","operationId":"z44ydeefp85npr5","timestamp":1681825975541,"id":"muteu1pccm85r71","previousEventId":"yx45r9jrv9suy84","previousOperationId":"vq31p6b8n2rd56e"}
{"type":"operationEnd","doDiffs":false,"previousEventId":"g5heucjavy5o8l3","previousOperationId":"nys8by4g9johlzh","operationId":"nys8by4g9johlzh","timestamp":1681825975544,"id":"9yn3uueb3tn5awi"}
