{"type":"operationStart","subtype":"profile","data":{"_id":"fAqa8JPfSWtCaQ9w","timestamp":"2023-04-13T05:17:50.439Z","state":"queued","mode":"standard","timeout":60000,"creationDate":"2023-04-13T05:17:50.446Z","modificationDate":"2023-04-13T05:17:50.446Z","shortid":"11K5mDT","$entitySet":"profiles"},"doDiffs":false,"timestamp":1681363070444,"id":"zkj74idvo8p1w5t","previousOperationId":null,"operationId":"kehjflqd7r5h3oi"}
{"type":"log","level":"info","message":"Render request 1 queued for execution and waiting for available worker","previousOperationId":"kehjflqd7r5h3oi","timestamp":1681363070444,"id":"z6i9dcvaf69s2bh"}
{"type":"operationStart","subtype":"render","name":"anonymous","previousOperationId":"kehjflqd7r5h3oi","timestamp":1681363070475,"id":"b2fr1qll903inzb","previousEventId":"zkj74idvo8p1w5t","operationId":"oiirr4nv101drae"}
{"type":"log","timestamp":1681363070475,"level":"info","message":"Starting rendering request 1","meta":{"rootId":"4eigmj24nfgukp3","id":"4eigmj24nfgukp3"},"id":"dyxdbflnxliwm6e","previousOperationId":"oiirr4nv101drae"}
{"type":"log","timestamp":1681363070477,"level":"info","message":"Rendering anonymous template { recipe: chrome-pdf, engine: handlebars }","meta":{"rootId":"4eigmj24nfgukp3","id":"4eigmj24nfgukp3"},"id":"x5u9e02ymm22a9q","previousOperationId":"oiirr4nv101drae"}
{"type":"log","timestamp":1681363070477,"level":"debug","message":"Inline data specified.","meta":{"rootId":"4eigmj24nfgukp3","id":"4eigmj24nfgukp3"},"id":"42zjvc75ru7rqol","previousOperationId":"oiirr4nv101drae"}
{"type":"log","timestamp":1681363070483,"level":"debug","message":"Base url not specified, skipping its injection.","meta":{"rootId":"4eigmj24nfgukp3","id":"4eigmj24nfgukp3"},"id":"2j8m9xw14r2iuwr","previousOperationId":"oiirr4nv101drae"}
{"type":"operationStart","subtype":"engine","name":"handlebars","timestamp":1681363070484,"id":"rmmj3v7ybna3kou","previousEventId":"b2fr1qll903inzb","operationId":"3jx3yqj1luwpi72","previousOperationId":"oiirr4nv101drae"}
{"type":"log","timestamp":1681363070484,"level":"debug","message":"Rendering engine handlebars","meta":{"rootId":"4eigmj24nfgukp3","id":"4eigmj24nfgukp3"},"id":"ilqsbnkwrs014d3","previousOperationId":"3jx3yqj1luwpi72"}
{"type":"operationEnd","operationId":"3jx3yqj1luwpi72","timestamp":1681363071691,"id":"uu339xok0fwirwu","previousEventId":"rmmj3v7ybna3kou","previousOperationId":"3jx3yqj1luwpi72"}
{"type":"operationStart","subtype":"recipe","name":"chrome-pdf","timestamp":1681363071692,"id":"9koc63qlkttd2df","previousEventId":"uu339xok0fwirwu","operationId":"yma0w5c0olq51aj","previousOperationId":"3jx3yqj1luwpi72"}
{"type":"log","timestamp":1681363071692,"level":"debug","message":"Executing recipe chrome-pdf","meta":{"rootId":"4eigmj24nfgukp3","id":"4eigmj24nfgukp3"},"id":"dz0p1ovre6ljs05","previousOperationId":"yma0w5c0olq51aj"}
{"type":"log","timestamp":1681363072882,"level":"debug","message":"Converting with chrome HeadlessChrome/105.0.5173.0 using chrome-pool strategy","meta":{"rootId":"4eigmj24nfgukp3","id":"4eigmj24nfgukp3"},"id":"c4vqprned2pthqx","previousOperationId":"yma0w5c0olq51aj"}
{"type":"log","timestamp":1681363073093,"level":"debug","message":"Page request: GET (document) file:///C:/Users/SACHIN~1/AppData/Local/Temp/jsreport/autocleanup/5c8de19e-6bd0-42ce-9fbf-73aee9eaf5c6-chrome-pdf.html","meta":{"rootId":"4eigmj24nfgukp3","id":"4eigmj24nfgukp3"},"id":"s8yf1xube2xmpu1","previousOperationId":"yma0w5c0olq51aj"}
{"type":"log","timestamp":1681363073106,"level":"debug","message":"Page request finished: GET (document) 200 file:///C:/Users/SACHIN~1/AppData/Local/Temp/jsreport/autocleanup/5c8de19e-6bd0-42ce-9fbf-73aee9eaf5c6-chrome-pdf.html","meta":{"rootId":"4eigmj24nfgukp3","id":"4eigmj24nfgukp3"},"id":"njemrs8rj9c8plx","previousOperationId":"yma0w5c0olq51aj"}
{"type":"log","timestamp":1681363073107,"level":"debug","message":"Page request: GET (stylesheet) https://stackpath.bootstrapcdn.com/bootstrap/4.4.1/css/bootstrap.min.css","meta":{"rootId":"4eigmj24nfgukp3","id":"4eigmj24nfgukp3"},"id":"vm7nqzutmg8jb6i","previousOperationId":"yma0w5c0olq51aj"}
{"type":"log","timestamp":1681363073107,"level":"debug","message":"Page request: GET (image) https://assets-global.website-files.com/5ca4d1fd374efbecd845739f/611be296e1ecb589c495418a_JAS%20and%20Greencarrier.png","meta":{"rootId":"4eigmj24nfgukp3","id":"4eigmj24nfgukp3"},"id":"iuukq9u3nknstmk","previousOperationId":"yma0w5c0olq51aj"}
{"type":"log","timestamp":1681363076006,"level":"debug","message":"Page request finished: GET (image) 200 https://assets-global.website-files.com/5ca4d1fd374efbecd845739f/611be296e1ecb589c495418a_JAS%20and%20Greencarrier.png","meta":{"rootId":"4eigmj24nfgukp3","id":"4eigmj24nfgukp3"},"id":"51fajyt4r8rknn3","previousOperationId":"yma0w5c0olq51aj"}
{"type":"log","timestamp":1681363076088,"level":"debug","message":"Page request finished: GET (stylesheet) 200 https://stackpath.bootstrapcdn.com/bootstrap/4.4.1/css/bootstrap.min.css","meta":{"rootId":"4eigmj24nfgukp3","id":"4eigmj24nfgukp3"},"id":"6cmr4na82o2y9p0","previousOperationId":"yma0w5c0olq51aj"}
{"type":"log","timestamp":1681363076162,"level":"debug","message":"Running chrome with params {\"timeout\":58545,\"margin\":{},\"printBackground\":true}","meta":{"rootId":"4eigmj24nfgukp3","id":"4eigmj24nfgukp3"},"id":"6a66trun8vljnzj","previousOperationId":"yma0w5c0olq51aj"}
{"type":"operationEnd","operationId":"yma0w5c0olq51aj","timestamp":1681363076369,"id":"dd7mz3f4kkqdax2","previousEventId":"9koc63qlkttd2df","previousOperationId":"yma0w5c0olq51aj"}
{"type":"log","timestamp":1681363076370,"level":"debug","message":"Skipping storing report.","meta":{"rootId":"4eigmj24nfgukp3","id":"4eigmj24nfgukp3"},"id":"ykpgasa1731pps9","previousOperationId":"yma0w5c0olq51aj"}
{"type":"log","timestamp":1681363076370,"level":"info","message":"Rendering request 1 finished in 5932 ms","meta":{"rootId":"4eigmj24nfgukp3","id":"4eigmj24nfgukp3"},"id":"5t4ikqrjje6hhnn","previousOperationId":"yma0w5c0olq51aj"}
{"type":"operationEnd","subtype":"render","operationId":"oiirr4nv101drae","timestamp":1681363076370,"id":"dpyicxsec6g4lm6","previousEventId":"dd7mz3f4kkqdax2","previousOperationId":"yma0w5c0olq51aj"}
{"type":"operationEnd","doDiffs":false,"previousEventId":"zkj74idvo8p1w5t","previousOperationId":"kehjflqd7r5h3oi","operationId":"kehjflqd7r5h3oi","timestamp":1681363076373,"id":"5t65f7cb469r71u"}
