{"type":"operationStart","subtype":"profile","data":{"_id":"60pY9qXiIQ1xiRxe","timestamp":"2023-05-17T20:01:26.375Z","state":"queued","mode":"standard","timeout":60000,"creationDate":"2023-05-17T20:01:26.658Z","modificationDate":"2023-05-17T20:01:26.658Z","shortid":"0rD1zpJ","$entitySet":"profiles"},"doDiffs":false,"timestamp":1684353686657,"id":"nwh2fkgjiaxpykh","previousOperationId":null,"operationId":"96qc4qibigqzd0e"}
{"type":"log","level":"info","message":"Render request 9 queued for execution and waiting for available worker","previousOperationId":"96qc4qibigqzd0e","timestamp":1684353686658,"id":"o6alezygcoag9j8"}
{"type":"operationStart","subtype":"render","name":"anonymous","previousOperationId":"96qc4qibigqzd0e","timestamp":1684353688045,"id":"8ldojene6c6x1nc","previousEventId":"nwh2fkgjiaxpykh","operationId":"maidi84pqpvwwyn"}
{"type":"log","timestamp":1684353688045,"level":"info","message":"Starting rendering request 9","meta":{"rootId":"4ige3xalxizn335","id":"4ige3xalxizn335"},"id":"zlsvfzts6qk2wge","previousOperationId":"maidi84pqpvwwyn"}
{"type":"log","timestamp":1684353688045,"level":"info","message":"Rendering anonymous template { recipe: chrome-pdf, engine: handlebars }","meta":{"rootId":"4ige3xalxizn335","id":"4ige3xalxizn335"},"id":"f25q17l3ank0ayx","previousOperationId":"maidi84pqpvwwyn"}
{"type":"log","timestamp":1684353688045,"level":"debug","message":"Inline data specified.","meta":{"rootId":"4ige3xalxizn335","id":"4ige3xalxizn335"},"id":"l1u22mynh4rhza9","previousOperationId":"maidi84pqpvwwyn"}
{"type":"log","timestamp":1684353688048,"level":"debug","message":"Base url not specified, skipping its injection.","meta":{"rootId":"4ige3xalxizn335","id":"4ige3xalxizn335"},"id":"upohguiagyyta7h","previousOperationId":"maidi84pqpvwwyn"}
{"type":"operationStart","subtype":"engine","name":"handlebars","timestamp":1684353688049,"id":"o39yio43sapijlv","previousEventId":"8ldojene6c6x1nc","operationId":"ugyip8fy0k4i6rm","previousOperationId":"maidi84pqpvwwyn"}
{"type":"log","timestamp":1684353688049,"level":"debug","message":"Rendering engine handlebars","meta":{"rootId":"4ige3xalxizn335","id":"4ige3xalxizn335"},"id":"p5u3242kcf5608k","previousOperationId":"ugyip8fy0k4i6rm"}
{"type":"operationEnd","operationId":"ugyip8fy0k4i6rm","timestamp":1684353688062,"id":"sbkofql4ejw4zn1","previousEventId":"o39yio43sapijlv","previousOperationId":"ugyip8fy0k4i6rm"}
{"type":"operationStart","subtype":"recipe","name":"chrome-pdf","timestamp":1684353688063,"id":"lmyzx5977l8ju3d","previousEventId":"sbkofql4ejw4zn1","operationId":"n8ckg453v40pmu3","previousOperationId":"ugyip8fy0k4i6rm"}
{"type":"log","timestamp":1684353688063,"level":"debug","message":"Executing recipe chrome-pdf","meta":{"rootId":"4ige3xalxizn335","id":"4ige3xalxizn335"},"id":"3brh2b1iro7ouvj","previousOperationId":"n8ckg453v40pmu3"}
{"type":"log","timestamp":1684353688076,"level":"debug","message":"Converting with chrome HeadlessChrome/105.0.5173.0 using chrome-pool strategy","meta":{"rootId":"4ige3xalxizn335","id":"4ige3xalxizn335"},"id":"cbdzwnc1sefve5q","previousOperationId":"n8ckg453v40pmu3"}
{"type":"log","timestamp":1684353688237,"level":"debug","message":"Page request: GET (document) file:///C:/Users/hp/AppData/Local/Temp/jsreport/autocleanup/fad9ac34-31cc-4e76-a53d-777eb2efce6f-chrome-pdf.html","meta":{"rootId":"4ige3xalxizn335","id":"4ige3xalxizn335"},"id":"of4wppp2n30c0v3","previousOperationId":"n8ckg453v40pmu3"}
{"type":"log","timestamp":1684353688254,"level":"debug","message":"Page request finished: GET (document) 200 file:///C:/Users/hp/AppData/Local/Temp/jsreport/autocleanup/fad9ac34-31cc-4e76-a53d-777eb2efce6f-chrome-pdf.html","meta":{"rootId":"4ige3xalxizn335","id":"4ige3xalxizn335"},"id":"no9h4a3v8hnp7re","previousOperationId":"n8ckg453v40pmu3"}
{"type":"log","timestamp":1684353688394,"level":"debug","message":"Running chrome with params {\"timeout\":58300,\"margin\":{},\"printBackground\":true}","meta":{"rootId":"4ige3xalxizn335","id":"4ige3xalxizn335"},"id":"i8uv1xqn3ezne6q","previousOperationId":"n8ckg453v40pmu3"}
{"type":"operationEnd","operationId":"n8ckg453v40pmu3","timestamp":1684353689065,"id":"f70nixbz3mipnmg","previousEventId":"lmyzx5977l8ju3d","previousOperationId":"n8ckg453v40pmu3"}
{"type":"log","timestamp":1684353689065,"level":"debug","message":"Skipping storing report.","meta":{"rootId":"4ige3xalxizn335","id":"4ige3xalxizn335"},"id":"vbctw1mxykksg8b","previousOperationId":"n8ckg453v40pmu3"}
{"type":"log","timestamp":1684353689066,"level":"info","message":"Rendering request 9 finished in 2692 ms","meta":{"rootId":"4ige3xalxizn335","id":"4ige3xalxizn335"},"id":"wajhrtid40zzroh","previousOperationId":"n8ckg453v40pmu3"}
{"type":"operationEnd","subtype":"render","operationId":"maidi84pqpvwwyn","timestamp":1684353689066,"id":"446h51lp52435wo","previousEventId":"f70nixbz3mipnmg","previousOperationId":"n8ckg453v40pmu3"}
{"type":"operationEnd","doDiffs":false,"previousEventId":"nwh2fkgjiaxpykh","previousOperationId":"96qc4qibigqzd0e","operationId":"96qc4qibigqzd0e","timestamp":1684353689070,"id":"xbq2ss3jddy13ax"}
