{"type":"operationStart","subtype":"profile","data":{"_id":"8kVwHLFBf7S0rbHh","timestamp":"2023-05-18T14:59:32.941Z","state":"queued","mode":"standard","timeout":60000,"creationDate":"2023-05-18T14:59:32.944Z","modificationDate":"2023-05-18T14:59:32.944Z","shortid":"_BnVkqe","$entitySet":"profiles"},"doDiffs":false,"timestamp":1684421972942,"id":"495blca2qp61tor","previousOperationId":null,"operationId":"24gydn12nftfzv9"}
{"type":"log","level":"info","message":"Render request 1 queued for execution and waiting for available worker","previousOperationId":"24gydn12nftfzv9","timestamp":1684421972942,"id":"vz4yd6o0k5beuzp"}
{"type":"operationStart","subtype":"render","name":"anonymous","previousOperationId":"24gydn12nftfzv9","timestamp":1684421972961,"id":"h8iywspuera0aqk","previousEventId":"495blca2qp61tor","operationId":"mmrxvfkso6h33mz"}
{"type":"log","timestamp":1684421972962,"level":"info","message":"Starting rendering request 1","meta":{"rootId":"4jym2mxf03kvp8o","id":"4jym2mxf03kvp8o"},"id":"8v06couyegipaz7","previousOperationId":"mmrxvfkso6h33mz"}
{"type":"log","timestamp":1684421972964,"level":"info","message":"Rendering anonymous template { recipe: chrome-pdf, engine: handlebars }","meta":{"rootId":"4jym2mxf03kvp8o","id":"4jym2mxf03kvp8o"},"id":"qknvqfwpir31unh","previousOperationId":"mmrxvfkso6h33mz"}
{"type":"log","timestamp":1684421972965,"level":"debug","message":"Inline data specified.","meta":{"rootId":"4jym2mxf03kvp8o","id":"4jym2mxf03kvp8o"},"id":"el8njct1lbetkrk","previousOperationId":"mmrxvfkso6h33mz"}
{"type":"log","timestamp":1684421972969,"level":"debug","message":"Base url not specified, skipping its injection.","meta":{"rootId":"4jym2mxf03kvp8o","id":"4jym2mxf03kvp8o"},"id":"6tdm30q1948il14","previousOperationId":"mmrxvfkso6h33mz"}
{"type":"operationStart","subtype":"engine","name":"handlebars","timestamp":1684421972971,"id":"dgkgbh3p1nb33mb","previousEventId":"h8iywspuera0aqk","operationId":"5fh9589vuegw31t","previousOperationId":"mmrxvfkso6h33mz"}
{"type":"log","timestamp":1684421972971,"level":"debug","message":"Rendering engine handlebars","meta":{"rootId":"4jym2mxf03kvp8o","id":"4jym2mxf03kvp8o"},"id":"7gd8lmzo658gfbc","previousOperationId":"5fh9589vuegw31t"}
{"type":"operationEnd","operationId":"5fh9589vuegw31t","timestamp":1684421973482,"id":"53mlitqeudvg54e","previousEventId":"dgkgbh3p1nb33mb","previousOperationId":"5fh9589vuegw31t"}
{"type":"operationStart","subtype":"recipe","name":"chrome-pdf","timestamp":1684421973483,"id":"7by7837m575its9","previousEventId":"53mlitqeudvg54e","operationId":"niejj3euho4utfw","previousOperationId":"5fh9589vuegw31t"}
{"type":"log","timestamp":1684421973483,"level":"debug","message":"Executing recipe chrome-pdf","meta":{"rootId":"4jym2mxf03kvp8o","id":"4jym2mxf03kvp8o"},"id":"f5ges7td8if541a","previousOperationId":"niejj3euho4utfw"}
{"type":"log","timestamp":1684421973849,"level":"debug","message":"Converting with chrome HeadlessChrome/105.0.5173.0 using chrome-pool strategy","meta":{"rootId":"4jym2mxf03kvp8o","id":"4jym2mxf03kvp8o"},"id":"y9r12rm1jtxe2qt","previousOperationId":"niejj3euho4utfw"}
{"type":"log","timestamp":1684421975300,"level":"debug","message":"Page request: GET (document) file:///C:/Users/hp/AppData/Local/Temp/jsreport/autocleanup/317ec0c4-bf5d-436b-bcfe-4988b0e7dddd-chrome-pdf.html","meta":{"rootId":"4jym2mxf03kvp8o","id":"4jym2mxf03kvp8o"},"id":"1rh7x3330bucw46","previousOperationId":"niejj3euho4utfw"}
{"type":"log","timestamp":1684421975312,"level":"debug","message":"Page request finished: GET (document) 200 file:///C:/Users/hp/AppData/Local/Temp/jsreport/autocleanup/317ec0c4-bf5d-436b-bcfe-4988b0e7dddd-chrome-pdf.html","meta":{"rootId":"4jym2mxf03kvp8o","id":"4jym2mxf03kvp8o"},"id":"kuln9vute59rf03","previousOperationId":"niejj3euho4utfw"}
{"type":"log","timestamp":1684421975415,"level":"debug","message":"Running chrome with params {\"timeout\":59300,\"margin\":{},\"printBackground\":true}","meta":{"rootId":"4jym2mxf03kvp8o","id":"4jym2mxf03kvp8o"},"id":"b5eq0zsx58rh5h6","previousOperationId":"niejj3euho4utfw"}
{"type":"operationEnd","operationId":"niejj3euho4utfw","timestamp":1684421975854,"id":"ahkrgn5yka34zcs","previousEventId":"7by7837m575its9","previousOperationId":"niejj3euho4utfw"}
{"type":"log","timestamp":1684421975854,"level":"debug","message":"Skipping storing report.","meta":{"rootId":"4jym2mxf03kvp8o","id":"4jym2mxf03kvp8o"},"id":"mon1ar7j530fdjy","previousOperationId":"niejj3euho4utfw"}
{"type":"log","timestamp":1684421975855,"level":"info","message":"Rendering request 1 finished in 2915 ms","meta":{"rootId":"4jym2mxf03kvp8o","id":"4jym2mxf03kvp8o"},"id":"xu1wercufjl3e1d","previousOperationId":"niejj3euho4utfw"}
{"type":"operationEnd","subtype":"render","operationId":"mmrxvfkso6h33mz","timestamp":1684421975855,"id":"0xtka30mbf75hbb","previousEventId":"ahkrgn5yka34zcs","previousOperationId":"niejj3euho4utfw"}
{"type":"operationEnd","doDiffs":false,"previousEventId":"495blca2qp61tor","previousOperationId":"24gydn12nftfzv9","operationId":"24gydn12nftfzv9","timestamp":1684421975858,"id":"7ka3l88tdw4qgy1"}
