{"type":"operationStart","subtype":"profile","data":{"_id":"yBpXql83Vx4o1f8c","timestamp":"2023-05-19T08:39:39.936Z","state":"queued","mode":"standard","timeout":60000,"creationDate":"2023-05-19T08:39:39.941Z","modificationDate":"2023-05-19T08:39:39.941Z","shortid":"TNMHmnR","$entitySet":"profiles"},"doDiffs":false,"timestamp":1684485579938,"id":"wq4fqxal9q3uxtg","previousOperationId":null,"operationId":"nkyqoebhfeb4gjh"}
{"type":"log","level":"info","message":"Render request 1 queued for execution and waiting for available worker","previousOperationId":"nkyqoebhfeb4gjh","timestamp":1684485579939,"id":"v6qvoff73p1eeqb"}
{"type":"operationStart","subtype":"render","name":"anonymous","previousOperationId":"nkyqoebhfeb4gjh","timestamp":1684485579968,"id":"37c9at82w7voz41","previousEventId":"wq4fqxal9q3uxtg","operationId":"2ncbecbqu2tmn77"}
{"type":"log","timestamp":1684485579969,"level":"info","message":"Starting rendering request 1","meta":{"rootId":"5hdeywwge44y49r","id":"5hdeywwge44y49r"},"id":"uoax67y35xgahfc","previousOperationId":"2ncbecbqu2tmn77"}
{"type":"log","timestamp":1684485579973,"level":"info","message":"Rendering anonymous template { recipe: chrome-pdf, engine: handlebars }","meta":{"rootId":"5hdeywwge44y49r","id":"5hdeywwge44y49r"},"id":"5s4osppklntcz9s","previousOperationId":"2ncbecbqu2tmn77"}
{"type":"log","timestamp":1684485579974,"level":"debug","message":"Inline data specified.","meta":{"rootId":"5hdeywwge44y49r","id":"5hdeywwge44y49r"},"id":"k143iiuw6bhp09w","previousOperationId":"2ncbecbqu2tmn77"}
{"type":"log","timestamp":1684485579980,"level":"debug","message":"Base url not specified, skipping its injection.","meta":{"rootId":"5hdeywwge44y49r","id":"5hdeywwge44y49r"},"id":"s7zekht5swnf1x2","previousOperationId":"2ncbecbqu2tmn77"}
{"type":"operationStart","subtype":"engine","name":"handlebars","timestamp":1684485579982,"id":"5eu3d45mpnxijgn","previousEventId":"37c9at82w7voz41","operationId":"pzm51i8uom1eow3","previousOperationId":"2ncbecbqu2tmn77"}
{"type":"log","timestamp":1684485579982,"level":"debug","message":"Rendering engine handlebars","meta":{"rootId":"5hdeywwge44y49r","id":"5hdeywwge44y49r"},"id":"72u86hm4vpser81","previousOperationId":"pzm51i8uom1eow3"}
{"type":"operationEnd","operationId":"pzm51i8uom1eow3","timestamp":1684485580787,"id":"59akiy1iagdkq91","previousEventId":"5eu3d45mpnxijgn","previousOperationId":"pzm51i8uom1eow3"}
{"type":"operationStart","subtype":"recipe","name":"chrome-pdf","timestamp":1684485580789,"id":"33nh6owxoy2jier","previousEventId":"59akiy1iagdkq91","operationId":"vec5e0t2n7ldcor","previousOperationId":"pzm51i8uom1eow3"}
{"type":"log","timestamp":1684485580789,"level":"debug","message":"Executing recipe chrome-pdf","meta":{"rootId":"5hdeywwge44y49r","id":"5hdeywwge44y49r"},"id":"66ot08nw4357bme","previousOperationId":"vec5e0t2n7ldcor"}
{"type":"log","timestamp":1684485581405,"level":"debug","message":"Converting with chrome HeadlessChrome/105.0.5173.0 using chrome-pool strategy","meta":{"rootId":"5hdeywwge44y49r","id":"5hdeywwge44y49r"},"id":"j3bl5lzm4r27h0v","previousOperationId":"vec5e0t2n7ldcor"}
{"type":"log","timestamp":1684485582409,"level":"debug","message":"Page request: GET (document) file:///C:/Users/hp/AppData/Local/Temp/jsreport/autocleanup/8199e778-5bcd-4088-a274-5a1dc39df524-chrome-pdf.html","meta":{"rootId":"5hdeywwge44y49r","id":"5hdeywwge44y49r"},"id":"w6pqixsifo66ybz","previousOperationId":"vec5e0t2n7ldcor"}
{"type":"log","timestamp":1684485582429,"level":"debug","message":"Page request finished: GET (document) 200 file:///C:/Users/hp/AppData/Local/Temp/jsreport/autocleanup/8199e778-5bcd-4088-a274-5a1dc39df524-chrome-pdf.html","meta":{"rootId":"5hdeywwge44y49r","id":"5hdeywwge44y49r"},"id":"2ts87utefmlo58u","previousOperationId":"vec5e0t2n7ldcor"}
{"type":"log","timestamp":1684485582578,"level":"debug","message":"Running chrome with params {\"timeout\":58931,\"margin\":{},\"printBackground\":true}","meta":{"rootId":"5hdeywwge44y49r","id":"5hdeywwge44y49r"},"id":"lbc8bi359q6vysm","previousOperationId":"vec5e0t2n7ldcor"}
{"type":"operationEnd","operationId":"vec5e0t2n7ldcor","timestamp":1684485583127,"id":"z5j0we0r7wtudq2","previousEventId":"33nh6owxoy2jier","previousOperationId":"vec5e0t2n7ldcor"}
{"type":"log","timestamp":1684485583128,"level":"debug","message":"Skipping storing report.","meta":{"rootId":"5hdeywwge44y49r","id":"5hdeywwge44y49r"},"id":"a62t8tik584ebfh","previousOperationId":"vec5e0t2n7ldcor"}
{"type":"log","timestamp":1684485583129,"level":"info","message":"Rendering request 1 finished in 3194 ms","meta":{"rootId":"5hdeywwge44y49r","id":"5hdeywwge44y49r"},"id":"kb9y2tk7gaoxapa","previousOperationId":"vec5e0t2n7ldcor"}
{"type":"operationEnd","subtype":"render","operationId":"2ncbecbqu2tmn77","timestamp":1684485583129,"id":"yuyy9j1uowaznw7","previousEventId":"z5j0we0r7wtudq2","previousOperationId":"vec5e0t2n7ldcor"}
{"type":"operationEnd","doDiffs":false,"previousEventId":"wq4fqxal9q3uxtg","previousOperationId":"nkyqoebhfeb4gjh","operationId":"nkyqoebhfeb4gjh","timestamp":1684485583134,"id":"2t66d2ef0m05co6"}
