{"type":"operationStart","subtype":"profile","data":{"_id":"KFRCtPUT0bssutAD","timestamp":"2023-05-18T18:34:18.216Z","state":"queued","mode":"standard","timeout":60000,"creationDate":"2023-05-18T18:34:18.220Z","modificationDate":"2023-05-18T18:34:18.220Z","shortid":"Dqr6zDv","$entitySet":"profiles"},"doDiffs":false,"timestamp":1684434858219,"id":"usgq2qkytwcdo8g","previousOperationId":null,"operationId":"6h0tk5ohkdjv7r3"}
{"type":"log","level":"info","message":"Render request 4 queued for execution and waiting for available worker","previousOperationId":"6h0tk5ohkdjv7r3","timestamp":1684434858219,"id":"ajz0acdkqv8gyil"}
{"type":"operationStart","subtype":"render","name":"anonymous","previousOperationId":"6h0tk5ohkdjv7r3","timestamp":1684434858225,"id":"rjrdsegejpckrla","previousEventId":"usgq2qkytwcdo8g","operationId":"xdjckegun0gztxq"}
{"type":"log","timestamp":1684434858225,"level":"info","message":"Starting rendering request 4","meta":{"rootId":"5ntwebzpjeci1x7","id":"5ntwebzpjeci1x7"},"id":"ozicl291zbs7tft","previousOperationId":"xdjckegun0gztxq"}
{"type":"log","timestamp":1684434858226,"level":"info","message":"Rendering anonymous template { recipe: chrome-pdf, engine: handlebars }","meta":{"rootId":"5ntwebzpjeci1x7","id":"5ntwebzpjeci1x7"},"id":"flky2mob1lfuta5","previousOperationId":"xdjckegun0gztxq"}
{"type":"log","timestamp":1684434858226,"level":"debug","message":"Inline data specified.","meta":{"rootId":"5ntwebzpjeci1x7","id":"5ntwebzpjeci1x7"},"id":"yar9pl3hz85ticn","previousOperationId":"xdjckegun0gztxq"}
{"type":"log","timestamp":1684434858229,"level":"debug","message":"Base url not specified, skipping its injection.","meta":{"rootId":"5ntwebzpjeci1x7","id":"5ntwebzpjeci1x7"},"id":"vsci7k1nsbhujkk","previousOperationId":"xdjckegun0gztxq"}
{"type":"operationStart","subtype":"engine","name":"handlebars","timestamp":1684434858229,"id":"lmfs5ekq8dxj0uz","previousEventId":"rjrdsegejpckrla","operationId":"14j9hi4bl7ugjnf","previousOperationId":"xdjckegun0gztxq"}
{"type":"log","timestamp":1684434858229,"level":"debug","message":"Rendering engine handlebars","meta":{"rootId":"5ntwebzpjeci1x7","id":"5ntwebzpjeci1x7"},"id":"ptmtjzb1ki3ga0h","previousOperationId":"14j9hi4bl7ugjnf"}
{"type":"operationEnd","operationId":"14j9hi4bl7ugjnf","timestamp":1684434858258,"id":"ko9w9a6t7l2ur6o","previousEventId":"lmfs5ekq8dxj0uz","previousOperationId":"14j9hi4bl7ugjnf"}
{"type":"operationStart","subtype":"recipe","name":"chrome-pdf","timestamp":1684434858258,"id":"fxfp0ankt18tc8n","previousEventId":"ko9w9a6t7l2ur6o","operationId":"18h552ga15dlc95","previousOperationId":"14j9hi4bl7ugjnf"}
{"type":"log","timestamp":1684434858258,"level":"debug","message":"Executing recipe chrome-pdf","meta":{"rootId":"5ntwebzpjeci1x7","id":"5ntwebzpjeci1x7"},"id":"f1pk93temhe25k2","previousOperationId":"18h552ga15dlc95"}
{"type":"log","timestamp":1684434858280,"level":"debug","message":"Converting with chrome HeadlessChrome/105.0.5173.0 using chrome-pool strategy","meta":{"rootId":"5ntwebzpjeci1x7","id":"5ntwebzpjeci1x7"},"id":"u63qus4dk62y23b","previousOperationId":"18h552ga15dlc95"}
{"type":"log","timestamp":1684434858426,"level":"debug","message":"Page request: GET (document) file:///C:/Users/hp/AppData/Local/Temp/jsreport/autocleanup/0fde1529-af15-4e32-b8d2-863aab029e9d-chrome-pdf.html","meta":{"rootId":"5ntwebzpjeci1x7","id":"5ntwebzpjeci1x7"},"id":"t23n49fajq10z5o","previousOperationId":"18h552ga15dlc95"}
{"type":"log","timestamp":1684434858436,"level":"debug","message":"Page request finished: GET (document) 200 file:///C:/Users/hp/AppData/Local/Temp/jsreport/autocleanup/0fde1529-af15-4e32-b8d2-863aab029e9d-chrome-pdf.html","meta":{"rootId":"5ntwebzpjeci1x7","id":"5ntwebzpjeci1x7"},"id":"dgi3mti5sutt5cr","previousOperationId":"18h552ga15dlc95"}
{"type":"log","timestamp":1684434858475,"level":"debug","message":"Running chrome with params {\"timeout\":59952,\"margin\":{},\"printBackground\":true}","meta":{"rootId":"5ntwebzpjeci1x7","id":"5ntwebzpjeci1x7"},"id":"3gfj8x0oit3kq1k","previousOperationId":"18h552ga15dlc95"}
{"type":"operationEnd","operationId":"18h552ga15dlc95","timestamp":1684434858598,"id":"t6ahh37to3r697p","previousEventId":"fxfp0ankt18tc8n","previousOperationId":"18h552ga15dlc95"}
{"type":"log","timestamp":1684434858598,"level":"debug","message":"Skipping storing report.","meta":{"rootId":"5ntwebzpjeci1x7","id":"5ntwebzpjeci1x7"},"id":"oecax2ryzygo5s4","previousOperationId":"18h552ga15dlc95"}
{"type":"log","timestamp":1684434858598,"level":"info","message":"Rendering request 4 finished in 383 ms","meta":{"rootId":"5ntwebzpjeci1x7","id":"5ntwebzpjeci1x7"},"id":"qjf1w7xcvl68knk","previousOperationId":"18h552ga15dlc95"}
{"type":"operationEnd","subtype":"render","operationId":"xdjckegun0gztxq","timestamp":1684434858598,"id":"yrawitfi8ykxt5l","previousEventId":"t6ahh37to3r697p","previousOperationId":"18h552ga15dlc95"}
{"type":"operationEnd","doDiffs":false,"previousEventId":"usgq2qkytwcdo8g","previousOperationId":"6h0tk5ohkdjv7r3","operationId":"6h0tk5ohkdjv7r3","timestamp":1684434858601,"id":"47do0urbp4upp5n"}
