{"type":"operationStart","subtype":"profile","data":{"_id":"TruEkhSs6LgQ2RQN","timestamp":"2023-05-18T18:58:11.565Z","state":"queued","mode":"standard","timeout":60000,"creationDate":"2023-05-18T18:58:11.568Z","modificationDate":"2023-05-18T18:58:11.568Z","shortid":"KaZMk3s","$entitySet":"profiles"},"doDiffs":false,"timestamp":1684436291567,"id":"e4pn57mkdogrr2k","previousOperationId":null,"operationId":"t9vxtfpj1a85rlm"}
{"type":"log","level":"info","message":"Render request 7 queued for execution and waiting for available worker","previousOperationId":"t9vxtfpj1a85rlm","timestamp":1684436291567,"id":"j05fielpml5knz3"}
{"type":"operationStart","subtype":"render","name":"anonymous","previousOperationId":"t9vxtfpj1a85rlm","timestamp":1684436291573,"id":"064tpfkzk1r1a8w","previousEventId":"e4pn57mkdogrr2k","operationId":"819whv1mad9nyic"}
{"type":"log","timestamp":1684436291573,"level":"info","message":"Starting rendering request 7","meta":{"rootId":"5qp7i1537j03btu","id":"5qp7i1537j03btu"},"id":"82sn2eiqp8blksb","previousOperationId":"819whv1mad9nyic"}
{"type":"log","timestamp":1684436291574,"level":"info","message":"Rendering anonymous template { recipe: chrome-pdf, engine: handlebars }","meta":{"rootId":"5qp7i1537j03btu","id":"5qp7i1537j03btu"},"id":"prc69fi79c76q7b","previousOperationId":"819whv1mad9nyic"}
{"type":"log","timestamp":1684436291574,"level":"debug","message":"Inline data specified.","meta":{"rootId":"5qp7i1537j03btu","id":"5qp7i1537j03btu"},"id":"i2nzvk6nm2sbis9","previousOperationId":"819whv1mad9nyic"}
{"type":"log","timestamp":1684436291575,"level":"debug","message":"Base url not specified, skipping its injection.","meta":{"rootId":"5qp7i1537j03btu","id":"5qp7i1537j03btu"},"id":"nl171eolodi42rg","previousOperationId":"819whv1mad9nyic"}
{"type":"operationStart","subtype":"engine","name":"handlebars","timestamp":1684436291575,"id":"o5263prcx89cirx","previousEventId":"064tpfkzk1r1a8w","operationId":"ue75xx7ejgbcrcd","previousOperationId":"819whv1mad9nyic"}
{"type":"log","timestamp":1684436291575,"level":"debug","message":"Rendering engine handlebars","meta":{"rootId":"5qp7i1537j03btu","id":"5qp7i1537j03btu"},"id":"k93ane1lz0171ir","previousOperationId":"ue75xx7ejgbcrcd"}
{"type":"operationEnd","operationId":"ue75xx7ejgbcrcd","timestamp":1684436291606,"id":"xjpilw9iezgly9n","previousEventId":"o5263prcx89cirx","previousOperationId":"ue75xx7ejgbcrcd"}
{"type":"operationStart","subtype":"recipe","name":"chrome-pdf","timestamp":1684436291607,"id":"igfdblygwrn1o8c","previousEventId":"xjpilw9iezgly9n","operationId":"tv1zl1vg1g2mtbx","previousOperationId":"ue75xx7ejgbcrcd"}
{"type":"log","timestamp":1684436291607,"level":"debug","message":"Executing recipe chrome-pdf","meta":{"rootId":"5qp7i1537j03btu","id":"5qp7i1537j03btu"},"id":"ar81ksopu1684dt","previousOperationId":"tv1zl1vg1g2mtbx"}
{"type":"log","timestamp":1684436291630,"level":"debug","message":"Converting with chrome HeadlessChrome/105.0.5173.0 using chrome-pool strategy","meta":{"rootId":"5qp7i1537j03btu","id":"5qp7i1537j03btu"},"id":"m38bxxnznvuofnc","previousOperationId":"tv1zl1vg1g2mtbx"}
{"type":"log","timestamp":1684436291782,"level":"debug","message":"Page request: GET (document) file:///C:/Users/hp/AppData/Local/Temp/jsreport/autocleanup/baa065ad-ae09-4894-84c9-9cae74ccf611-chrome-pdf.html","meta":{"rootId":"5qp7i1537j03btu","id":"5qp7i1537j03btu"},"id":"ev47l1h44k4x151","previousOperationId":"tv1zl1vg1g2mtbx"}
{"type":"log","timestamp":1684436291795,"level":"debug","message":"Page request finished: GET (document) 200 file:///C:/Users/hp/AppData/Local/Temp/jsreport/autocleanup/baa065ad-ae09-4894-84c9-9cae74ccf611-chrome-pdf.html","meta":{"rootId":"5qp7i1537j03btu","id":"5qp7i1537j03btu"},"id":"n8h6p0v6n9j5dse","previousOperationId":"tv1zl1vg1g2mtbx"}
{"type":"log","timestamp":1684436291900,"level":"debug","message":"Running chrome with params {\"timeout\":59936,\"margin\":{},\"printBackground\":true}","meta":{"rootId":"5qp7i1537j03btu","id":"5qp7i1537j03btu"},"id":"pjdq2g653zkjbv4","previousOperationId":"tv1zl1vg1g2mtbx"}
{"type":"operationEnd","operationId":"tv1zl1vg1g2mtbx","timestamp":1684436292399,"id":"6ftzj12br61647b","previousEventId":"igfdblygwrn1o8c","previousOperationId":"tv1zl1vg1g2mtbx"}
{"type":"log","timestamp":1684436292399,"level":"debug","message":"Skipping storing report.","meta":{"rootId":"5qp7i1537j03btu","id":"5qp7i1537j03btu"},"id":"abb1tnq9thsdw34","previousOperationId":"tv1zl1vg1g2mtbx"}
{"type":"log","timestamp":1684436292399,"level":"info","message":"Rendering request 7 finished in 835 ms","meta":{"rootId":"5qp7i1537j03btu","id":"5qp7i1537j03btu"},"id":"fpk5wgrjnjqjjka","previousOperationId":"tv1zl1vg1g2mtbx"}
{"type":"operationEnd","subtype":"render","operationId":"819whv1mad9nyic","timestamp":1684436292399,"id":"afk3rsjjfjzk9vd","previousEventId":"6ftzj12br61647b","previousOperationId":"tv1zl1vg1g2mtbx"}
{"type":"operationEnd","doDiffs":false,"previousEventId":"e4pn57mkdogrr2k","previousOperationId":"t9vxtfpj1a85rlm","operationId":"t9vxtfpj1a85rlm","timestamp":1684436292402,"id":"wkufpveu23d6c0h"}
