{"type":"operationStart","subtype":"profile","data":{"_id":"CzQgVfJMz1kNoXBC","timestamp":"2023-05-16T05:05:20.170Z","state":"queued","mode":"standard","timeout":60000,"creationDate":"2023-05-16T05:05:20.174Z","modificationDate":"2023-05-16T05:05:20.174Z","shortid":"JsxpyqD","$entitySet":"profiles"},"doDiffs":false,"timestamp":1684213520172,"id":"u5c1coaxc28u2i3","previousOperationId":null,"operationId":"a84gjiwhr178xt0"}
{"type":"log","level":"info","message":"Render request 4 queued for execution and waiting for available worker","previousOperationId":"a84gjiwhr178xt0","timestamp":1684213520172,"id":"r20pde0dafk89fy"}
{"type":"operationStart","subtype":"render","name":"anonymous","previousOperationId":"a84gjiwhr178xt0","timestamp":1684213520179,"id":"x5enrx8zaitedwi","previousEventId":"u5c1coaxc28u2i3","operationId":"xuahet08n10sdcb"}
{"type":"log","timestamp":1684213520179,"level":"info","message":"Starting rendering request 4","meta":{"rootId":"6akbhdholpbd0nt","id":"6akbhdholpbd0nt"},"id":"68h8w5kvj8iwjrn","previousOperationId":"xuahet08n10sdcb"}
{"type":"log","timestamp":1684213520179,"level":"info","message":"Rendering anonymous template { recipe: chrome-pdf, engine: handlebars }","meta":{"rootId":"6akbhdholpbd0nt","id":"6akbhdholpbd0nt"},"id":"k4p09g1ki1rvi4v","previousOperationId":"xuahet08n10sdcb"}
{"type":"log","timestamp":1684213520179,"level":"debug","message":"Inline data specified.","meta":{"rootId":"6akbhdholpbd0nt","id":"6akbhdholpbd0nt"},"id":"6mwn60dr5atbaws","previousOperationId":"xuahet08n10sdcb"}
{"type":"log","timestamp":1684213520181,"level":"debug","message":"Base url not specified, skipping its injection.","meta":{"rootId":"6akbhdholpbd0nt","id":"6akbhdholpbd0nt"},"id":"yirek69xx1h0df9","previousOperationId":"xuahet08n10sdcb"}
{"type":"operationStart","subtype":"engine","name":"handlebars","timestamp":1684213520181,"id":"ag6abjc6ndrtwf9","previousEventId":"x5enrx8zaitedwi","operationId":"tuutgs1aosles7f","previousOperationId":"xuahet08n10sdcb"}
{"type":"log","timestamp":1684213520181,"level":"debug","message":"Rendering engine handlebars","meta":{"rootId":"6akbhdholpbd0nt","id":"6akbhdholpbd0nt"},"id":"h889ic551o1tuoh","previousOperationId":"tuutgs1aosles7f"}
{"type":"operationEnd","operationId":"tuutgs1aosles7f","timestamp":1684213520200,"id":"u0516t3kx6dx9kk","previousEventId":"ag6abjc6ndrtwf9","previousOperationId":"tuutgs1aosles7f"}
{"type":"operationStart","subtype":"recipe","name":"chrome-pdf","timestamp":1684213520200,"id":"fwdd4zwcjr9u58s","previousEventId":"u0516t3kx6dx9kk","operationId":"zufaukem32l3c5w","previousOperationId":"tuutgs1aosles7f"}
{"type":"log","timestamp":1684213520200,"level":"debug","message":"Executing recipe chrome-pdf","meta":{"rootId":"6akbhdholpbd0nt","id":"6akbhdholpbd0nt"},"id":"346vm6ozzrid6wc","previousOperationId":"zufaukem32l3c5w"}
{"type":"log","timestamp":1684213520206,"level":"debug","message":"Converting with chrome HeadlessChrome/105.0.5173.0 using chrome-pool strategy","meta":{"rootId":"6akbhdholpbd0nt","id":"6akbhdholpbd0nt"},"id":"bl5qsjxm26zbn57","previousOperationId":"zufaukem32l3c5w"}
{"type":"log","timestamp":1684213520342,"level":"debug","message":"Page request: GET (document) file:///C:/Users/hp/AppData/Local/Temp/jsreport/autocleanup/429594f8-7766-49bc-aa96-59b742c4e028-chrome-pdf.html","meta":{"rootId":"6akbhdholpbd0nt","id":"6akbhdholpbd0nt"},"id":"3dokhyhh94y41dn","previousOperationId":"zufaukem32l3c5w"}
{"type":"log","timestamp":1684213520353,"level":"debug","message":"Page request finished: GET (document) 200 file:///C:/Users/hp/AppData/Local/Temp/jsreport/autocleanup/429594f8-7766-49bc-aa96-59b742c4e028-chrome-pdf.html","meta":{"rootId":"6akbhdholpbd0nt","id":"6akbhdholpbd0nt"},"id":"pcrj92epfwek96v","previousOperationId":"zufaukem32l3c5w"}
{"type":"log","timestamp":1684213520416,"level":"debug","message":"Running chrome with params {\"timeout\":59966,\"margin\":{},\"printBackground\":true}","meta":{"rootId":"6akbhdholpbd0nt","id":"6akbhdholpbd0nt"},"id":"vsmzwnpjpgf1r9v","previousOperationId":"zufaukem32l3c5w"}
{"type":"operationEnd","operationId":"zufaukem32l3c5w","timestamp":1684213520637,"id":"iy86w806m8adi0m","previousEventId":"fwdd4zwcjr9u58s","previousOperationId":"zufaukem32l3c5w"}
{"type":"log","timestamp":1684213520637,"level":"debug","message":"Skipping storing report.","meta":{"rootId":"6akbhdholpbd0nt","id":"6akbhdholpbd0nt"},"id":"z0v8rb5kvptpj7e","previousOperationId":"zufaukem32l3c5w"}
{"type":"log","timestamp":1684213520637,"level":"info","message":"Rendering request 4 finished in 468 ms","meta":{"rootId":"6akbhdholpbd0nt","id":"6akbhdholpbd0nt"},"id":"2pxkveb8u93tnqm","previousOperationId":"zufaukem32l3c5w"}
{"type":"operationEnd","subtype":"render","operationId":"xuahet08n10sdcb","timestamp":1684213520637,"id":"6wa2q5ocgc881zk","previousEventId":"iy86w806m8adi0m","previousOperationId":"zufaukem32l3c5w"}
{"type":"operationEnd","doDiffs":false,"previousEventId":"u5c1coaxc28u2i3","previousOperationId":"a84gjiwhr178xt0","operationId":"a84gjiwhr178xt0","timestamp":1684213520642,"id":"0x11xzy9u9oanv8"}
