{"type":"operationStart","subtype":"profile","data":{"_id":"uxs4qWWzFwZ5Epmy","timestamp":"2023-05-19T08:53:17.303Z","state":"queued","mode":"standard","timeout":60000,"creationDate":"2023-05-19T08:53:17.306Z","modificationDate":"2023-05-19T08:53:17.306Z","shortid":"GbQuCOE","$entitySet":"profiles"},"doDiffs":false,"timestamp":1684486397305,"id":"of1w7me25d3qw8n","previousOperationId":null,"operationId":"cotpgf0pyfylj4m"}
{"type":"log","level":"info","message":"Render request 2 queued for execution and waiting for available worker","previousOperationId":"cotpgf0pyfylj4m","timestamp":1684486397305,"id":"q31wmrj8xfm3a9t"}
{"type":"operationStart","subtype":"render","name":"anonymous","previousOperationId":"cotpgf0pyfylj4m","timestamp":1684486397310,"id":"cb3zvaqpwndlpku","previousEventId":"of1w7me25d3qw8n","operationId":"sugoehq560jd3ot"}
{"type":"log","timestamp":1684486397310,"level":"info","message":"Starting rendering request 2","meta":{"rootId":"6clqkmojtklczb4","id":"6clqkmojtklczb4"},"id":"9i2ax8frmvy4vds","previousOperationId":"sugoehq560jd3ot"}
{"type":"log","timestamp":1684486397310,"level":"info","message":"Rendering anonymous template { recipe: chrome-pdf, engine: handlebars }","meta":{"rootId":"6clqkmojtklczb4","id":"6clqkmojtklczb4"},"id":"7jvf0vfagum8hmm","previousOperationId":"sugoehq560jd3ot"}
{"type":"log","timestamp":1684486397310,"level":"debug","message":"Inline data specified.","meta":{"rootId":"6clqkmojtklczb4","id":"6clqkmojtklczb4"},"id":"z8sdov3l4uocego","previousOperationId":"sugoehq560jd3ot"}
{"type":"log","timestamp":1684486397312,"level":"debug","message":"Base url not specified, skipping its injection.","meta":{"rootId":"6clqkmojtklczb4","id":"6clqkmojtklczb4"},"id":"kx480e87e64usu9","previousOperationId":"sugoehq560jd3ot"}
{"type":"operationStart","subtype":"engine","name":"handlebars","timestamp":1684486397312,"id":"hijuzprbgodipkq","previousEventId":"cb3zvaqpwndlpku","operationId":"5wmfez0pirvm8fy","previousOperationId":"sugoehq560jd3ot"}
{"type":"log","timestamp":1684486397312,"level":"debug","message":"Rendering engine handlebars","meta":{"rootId":"6clqkmojtklczb4","id":"6clqkmojtklczb4"},"id":"dot7l28yd2ipvqe","previousOperationId":"5wmfez0pirvm8fy"}
{"type":"operationEnd","operationId":"5wmfez0pirvm8fy","timestamp":1684486397328,"id":"wy7swgybrhy7n5r","previousEventId":"hijuzprbgodipkq","previousOperationId":"5wmfez0pirvm8fy"}
{"type":"operationStart","subtype":"recipe","name":"chrome-pdf","timestamp":1684486397328,"id":"17bn3cx1kegyneu","previousEventId":"wy7swgybrhy7n5r","operationId":"2fnc7f4ryn4fl28","previousOperationId":"5wmfez0pirvm8fy"}
{"type":"log","timestamp":1684486397328,"level":"debug","message":"Executing recipe chrome-pdf","meta":{"rootId":"6clqkmojtklczb4","id":"6clqkmojtklczb4"},"id":"6ug5uyfna0fs504","previousOperationId":"2fnc7f4ryn4fl28"}
{"type":"log","timestamp":1684486397331,"level":"debug","message":"Converting with chrome HeadlessChrome/105.0.5173.0 using chrome-pool strategy","meta":{"rootId":"6clqkmojtklczb4","id":"6clqkmojtklczb4"},"id":"bjv41blnyznspyd","previousOperationId":"2fnc7f4ryn4fl28"}
{"type":"log","timestamp":1684486397412,"level":"debug","message":"Page request: GET (document) file:///C:/Users/hp/AppData/Local/Temp/jsreport/autocleanup/4734710a-eef5-4013-9c17-bcdfbadd9de9-chrome-pdf.html","meta":{"rootId":"6clqkmojtklczb4","id":"6clqkmojtklczb4"},"id":"71gyjrsr7mef0hi","previousOperationId":"2fnc7f4ryn4fl28"}
{"type":"log","timestamp":1684486397420,"level":"debug","message":"Page request finished: GET (document) 200 file:///C:/Users/hp/AppData/Local/Temp/jsreport/autocleanup/4734710a-eef5-4013-9c17-bcdfbadd9de9-chrome-pdf.html","meta":{"rootId":"6clqkmojtklczb4","id":"6clqkmojtklczb4"},"id":"mszmn0lhh2yyonq","previousOperationId":"2fnc7f4ryn4fl28"}
{"type":"log","timestamp":1684486397477,"level":"debug","message":"Running chrome with params {\"timeout\":59972,\"margin\":{},\"printBackground\":true}","meta":{"rootId":"6clqkmojtklczb4","id":"6clqkmojtklczb4"},"id":"0b3ogcumehpp606","previousOperationId":"2fnc7f4ryn4fl28"}
{"type":"operationEnd","operationId":"2fnc7f4ryn4fl28","timestamp":1684486397756,"id":"tudj0ofotvxlhjk","previousEventId":"17bn3cx1kegyneu","previousOperationId":"2fnc7f4ryn4fl28"}
{"type":"log","timestamp":1684486397756,"level":"debug","message":"Skipping storing report.","meta":{"rootId":"6clqkmojtklczb4","id":"6clqkmojtklczb4"},"id":"raxo3kwgnmja646","previousOperationId":"2fnc7f4ryn4fl28"}
{"type":"log","timestamp":1684486397756,"level":"info","message":"Rendering request 2 finished in 454 ms","meta":{"rootId":"6clqkmojtklczb4","id":"6clqkmojtklczb4"},"id":"fxqv2yvyqsffnf8","previousOperationId":"2fnc7f4ryn4fl28"}
{"type":"operationEnd","subtype":"render","operationId":"sugoehq560jd3ot","timestamp":1684486397756,"id":"sfn6xmb7f6ali9u","previousEventId":"tudj0ofotvxlhjk","previousOperationId":"2fnc7f4ryn4fl28"}
{"type":"operationEnd","doDiffs":false,"previousEventId":"of1w7me25d3qw8n","previousOperationId":"cotpgf0pyfylj4m","operationId":"cotpgf0pyfylj4m","timestamp":1684486397758,"id":"k6k61whghs24g0j"}
