{"type":"operationStart","subtype":"profile","data":{"_id":"UKcuinDik4LrstQC","timestamp":"2023-04-13T05:46:26.002Z","state":"queued","mode":"standard","timeout":60000,"creationDate":"2023-04-13T05:46:26.010Z","modificationDate":"2023-04-13T05:46:26.010Z","shortid":"thKULCg","$entitySet":"profiles"},"doDiffs":false,"timestamp":1681364786008,"id":"919lxyneqptp1wl","previousOperationId":null,"operationId":"rasexmata5gj54y"}
{"type":"log","level":"info","message":"Render request 1 queued for execution and waiting for available worker","previousOperationId":"rasexmata5gj54y","timestamp":1681364786008,"id":"47g940zos5rkpag"}
{"type":"operationStart","subtype":"render","name":"anonymous","previousOperationId":"rasexmata5gj54y","timestamp":1681364786049,"id":"u2hm0w9pzv4h97v","previousEventId":"919lxyneqptp1wl","operationId":"j0nqqy9r9hb0cyc"}
{"type":"log","timestamp":1681364786050,"level":"info","message":"Starting rendering request 1","meta":{"rootId":"6lindsbkuotmhr0","id":"6lindsbkuotmhr0"},"id":"nd86rj3k0884dl8","previousOperationId":"j0nqqy9r9hb0cyc"}
{"type":"log","timestamp":1681364786052,"level":"info","message":"Rendering anonymous template { recipe: chrome-pdf, engine: handlebars }","meta":{"rootId":"6lindsbkuotmhr0","id":"6lindsbkuotmhr0"},"id":"y38g9wkto2xxj0w","previousOperationId":"j0nqqy9r9hb0cyc"}
{"type":"log","timestamp":1681364786052,"level":"debug","message":"Inline data specified.","meta":{"rootId":"6lindsbkuotmhr0","id":"6lindsbkuotmhr0"},"id":"4qyirnz125edzxu","previousOperationId":"j0nqqy9r9hb0cyc"}
{"type":"log","timestamp":1681364786059,"level":"debug","message":"Base url not specified, skipping its injection.","meta":{"rootId":"6lindsbkuotmhr0","id":"6lindsbkuotmhr0"},"id":"b768yf6lyd8spm3","previousOperationId":"j0nqqy9r9hb0cyc"}
{"type":"operationStart","subtype":"engine","name":"handlebars","timestamp":1681364786060,"id":"vt1wsdam3igriok","previousEventId":"u2hm0w9pzv4h97v","operationId":"9e8j4ajvrf5cyum","previousOperationId":"j0nqqy9r9hb0cyc"}
{"type":"log","timestamp":1681364786060,"level":"debug","message":"Rendering engine handlebars","meta":{"rootId":"6lindsbkuotmhr0","id":"6lindsbkuotmhr0"},"id":"cowy6jlai16g2c3","previousOperationId":"9e8j4ajvrf5cyum"}
{"type":"operationEnd","operationId":"9e8j4ajvrf5cyum","timestamp":1681364786697,"id":"chczfxeeyrcdng9","previousEventId":"vt1wsdam3igriok","previousOperationId":"9e8j4ajvrf5cyum"}
{"type":"operationStart","subtype":"recipe","name":"chrome-pdf","timestamp":1681364786698,"id":"v1yuvbs2mxjfdmh","previousEventId":"chczfxeeyrcdng9","operationId":"cto1vln2av5mz79","previousOperationId":"9e8j4ajvrf5cyum"}
{"type":"log","timestamp":1681364786698,"level":"debug","message":"Executing recipe chrome-pdf","meta":{"rootId":"6lindsbkuotmhr0","id":"6lindsbkuotmhr0"},"id":"ikg9pi1z2j3yqqe","previousOperationId":"cto1vln2av5mz79"}
{"type":"log","timestamp":1681364787642,"level":"debug","message":"Converting with chrome HeadlessChrome/105.0.5173.0 using chrome-pool strategy","meta":{"rootId":"6lindsbkuotmhr0","id":"6lindsbkuotmhr0"},"id":"af0hr55eaxjo4cu","previousOperationId":"cto1vln2av5mz79"}
{"type":"log","timestamp":1681364787935,"level":"debug","message":"Page request: GET (document) file:///C:/Users/SACHIN~1/AppData/Local/Temp/jsreport/autocleanup/69fae19e-2497-4139-941c-9873b4e57ffd-chrome-pdf.html","meta":{"rootId":"6lindsbkuotmhr0","id":"6lindsbkuotmhr0"},"id":"t0uxiarznxwwo5j","previousOperationId":"cto1vln2av5mz79"}
{"type":"log","timestamp":1681364787951,"level":"debug","message":"Page request finished: GET (document) 200 file:///C:/Users/SACHIN~1/AppData/Local/Temp/jsreport/autocleanup/69fae19e-2497-4139-941c-9873b4e57ffd-chrome-pdf.html","meta":{"rootId":"6lindsbkuotmhr0","id":"6lindsbkuotmhr0"},"id":"hy7i9xx1zmsjc97","previousOperationId":"cto1vln2av5mz79"}
{"type":"log","timestamp":1681364787953,"level":"debug","message":"Page request: GET (stylesheet) https://stackpath.bootstrapcdn.com/bootstrap/4.4.1/css/bootstrap.min.css","meta":{"rootId":"6lindsbkuotmhr0","id":"6lindsbkuotmhr0"},"id":"o5mur56nkc7naku","previousOperationId":"cto1vln2av5mz79"}
{"type":"log","timestamp":1681364787954,"level":"debug","message":"Page request: GET (image) https://assets-global.website-files.com/5ca4d1fd374efbecd845739f/611be296e1ecb589c495418a_JAS%20and%20Greencarrier.png","meta":{"rootId":"6lindsbkuotmhr0","id":"6lindsbkuotmhr0"},"id":"9cp6o425uv8hj6s","previousOperationId":"cto1vln2av5mz79"}
{"type":"log","timestamp":1681364788847,"level":"debug","message":"Page request finished: GET (image) 200 https://assets-global.website-files.com/5ca4d1fd374efbecd845739f/611be296e1ecb589c495418a_JAS%20and%20Greencarrier.png","meta":{"rootId":"6lindsbkuotmhr0","id":"6lindsbkuotmhr0"},"id":"h4yyyjoutf1i7mn","previousOperationId":"cto1vln2av5mz79"}
{"type":"log","timestamp":1681364788964,"level":"debug","message":"Page request finished: GET (stylesheet) 200 https://stackpath.bootstrapcdn.com/bootstrap/4.4.1/css/bootstrap.min.css","meta":{"rootId":"6lindsbkuotmhr0","id":"6lindsbkuotmhr0"},"id":"16c434k1o1ucap8","previousOperationId":"cto1vln2av5mz79"}
{"type":"log","timestamp":1681364789126,"level":"debug","message":"Running chrome with params {\"timeout\":59113,\"margin\":{},\"printBackground\":true}","meta":{"rootId":"6lindsbkuotmhr0","id":"6lindsbkuotmhr0"},"id":"mkh20r8qyxwuue3","previousOperationId":"cto1vln2av5mz79"}
{"type":"operationEnd","operationId":"cto1vln2av5mz79","timestamp":1681364789593,"id":"eq1g6nf1u8tglao","previousEventId":"v1yuvbs2mxjfdmh","previousOperationId":"cto1vln2av5mz79"}
{"type":"log","timestamp":1681364789593,"level":"debug","message":"Skipping storing report.","meta":{"rootId":"6lindsbkuotmhr0","id":"6lindsbkuotmhr0"},"id":"t10zwbo7ss666bn","previousOperationId":"cto1vln2av5mz79"}
{"type":"log","timestamp":1681364789594,"level":"info","message":"Rendering request 1 finished in 3593 ms","meta":{"rootId":"6lindsbkuotmhr0","id":"6lindsbkuotmhr0"},"id":"zc59n773jdhgm4a","previousOperationId":"cto1vln2av5mz79"}
{"type":"operationEnd","subtype":"render","operationId":"j0nqqy9r9hb0cyc","timestamp":1681364789594,"id":"fvsmnn7bh2634tc","previousEventId":"eq1g6nf1u8tglao","previousOperationId":"cto1vln2av5mz79"}
{"type":"operationEnd","doDiffs":false,"previousEventId":"919lxyneqptp1wl","previousOperationId":"rasexmata5gj54y","operationId":"rasexmata5gj54y","timestamp":1681364789597,"id":"upp5lt5xmub93ju"}
