{"type":"operationStart","subtype":"profile","data":{"_id":"GJ05e7ZO0k1MZFRK","timestamp":"2023-05-18T14:23:31.826Z","state":"queued","mode":"standard","timeout":60000,"creationDate":"2023-05-18T14:23:31.828Z","modificationDate":"2023-05-18T14:23:31.828Z","shortid":"XtgL68_","$entitySet":"profiles"},"doDiffs":false,"timestamp":1684419811827,"id":"rdlr4wfyuufc1z8","previousOperationId":null,"operationId":"ddh03ne7ijyowep"}
{"type":"log","level":"info","message":"Render request 1 queued for execution and waiting for available worker","previousOperationId":"ddh03ne7ijyowep","timestamp":1684419811827,"id":"g0xx744azf5mhc0"}
{"type":"operationStart","subtype":"render","name":"anonymous","previousOperationId":"ddh03ne7ijyowep","timestamp":1684419811838,"id":"v3q48o7644xsat8","previousEventId":"rdlr4wfyuufc1z8","operationId":"q2bec7xp37qtk2c"}
{"type":"log","timestamp":1684419811839,"level":"info","message":"Starting rendering request 1","meta":{"rootId":"7djnc3g00vplcqt","id":"7djnc3g00vplcqt"},"id":"6lwzjz7knwczhye","previousOperationId":"q2bec7xp37qtk2c"}
{"type":"log","timestamp":1684419811840,"level":"info","message":"Rendering anonymous template { recipe: chrome-pdf, engine: handlebars }","meta":{"rootId":"7djnc3g00vplcqt","id":"7djnc3g00vplcqt"},"id":"swja6utj3yrus10","previousOperationId":"q2bec7xp37qtk2c"}
{"type":"log","timestamp":1684419811840,"level":"debug","message":"Inline data specified.","meta":{"rootId":"7djnc3g00vplcqt","id":"7djnc3g00vplcqt"},"id":"comc73lr7rpzn07","previousOperationId":"q2bec7xp37qtk2c"}
{"type":"log","timestamp":1684419811842,"level":"debug","message":"Base url not specified, skipping its injection.","meta":{"rootId":"7djnc3g00vplcqt","id":"7djnc3g00vplcqt"},"id":"1bsjihm3r6zm2bh","previousOperationId":"q2bec7xp37qtk2c"}
{"type":"operationStart","subtype":"engine","name":"handlebars","timestamp":1684419811843,"id":"6o25o4dptxkv19x","previousEventId":"v3q48o7644xsat8","operationId":"6jb3bcto6ak79ua","previousOperationId":"q2bec7xp37qtk2c"}
{"type":"log","timestamp":1684419811843,"level":"debug","message":"Rendering engine handlebars","meta":{"rootId":"7djnc3g00vplcqt","id":"7djnc3g00vplcqt"},"id":"h4mh1qamog16btv","previousOperationId":"6jb3bcto6ak79ua"}
{"type":"operationEnd","operationId":"6jb3bcto6ak79ua","timestamp":1684419812252,"id":"7bk1vnyfnzpycns","previousEventId":"6o25o4dptxkv19x","previousOperationId":"6jb3bcto6ak79ua"}
{"type":"operationStart","subtype":"recipe","name":"chrome-pdf","timestamp":1684419812252,"id":"qkb30x3whwm3qlw","previousEventId":"7bk1vnyfnzpycns","operationId":"uqskv3i2k2gbssk","previousOperationId":"6jb3bcto6ak79ua"}
{"type":"log","timestamp":1684419812252,"level":"debug","message":"Executing recipe chrome-pdf","meta":{"rootId":"7djnc3g00vplcqt","id":"7djnc3g00vplcqt"},"id":"owsid3kygo2cibv","previousOperationId":"uqskv3i2k2gbssk"}
{"type":"log","timestamp":1684419812647,"level":"debug","message":"Converting with chrome HeadlessChrome/105.0.5173.0 using chrome-pool strategy","meta":{"rootId":"7djnc3g00vplcqt","id":"7djnc3g00vplcqt"},"id":"ay2ubvhv8zkwflt","previousOperationId":"uqskv3i2k2gbssk"}
{"type":"log","timestamp":1684419813860,"level":"debug","message":"Page request: GET (document) file:///C:/Users/hp/AppData/Local/Temp/jsreport/autocleanup/f906ef66-33f8-47e0-93b3-be3e80a0cb3b-chrome-pdf.html","meta":{"rootId":"7djnc3g00vplcqt","id":"7djnc3g00vplcqt"},"id":"r26lzrh3owh3ir3","previousOperationId":"uqskv3i2k2gbssk"}
{"type":"log","timestamp":1684419813867,"level":"debug","message":"Page request finished: GET (document) 200 file:///C:/Users/hp/AppData/Local/Temp/jsreport/autocleanup/f906ef66-33f8-47e0-93b3-be3e80a0cb3b-chrome-pdf.html","meta":{"rootId":"7djnc3g00vplcqt","id":"7djnc3g00vplcqt"},"id":"jjf51tyisj8w4j2","previousOperationId":"uqskv3i2k2gbssk"}
{"type":"log","timestamp":1684419813925,"level":"debug","message":"Running chrome with params {\"timeout\":59477,\"margin\":{},\"printBackground\":true}","meta":{"rootId":"7djnc3g00vplcqt","id":"7djnc3g00vplcqt"},"id":"afvd22qdxumkxjc","previousOperationId":"uqskv3i2k2gbssk"}
{"type":"operationEnd","operationId":"uqskv3i2k2gbssk","timestamp":1684419814172,"id":"m1ccwosroy36bt4","previousEventId":"qkb30x3whwm3qlw","previousOperationId":"uqskv3i2k2gbssk"}
{"type":"log","timestamp":1684419814173,"level":"debug","message":"Skipping storing report.","meta":{"rootId":"7djnc3g00vplcqt","id":"7djnc3g00vplcqt"},"id":"hi3a5f44ota46ra","previousOperationId":"uqskv3i2k2gbssk"}
{"type":"log","timestamp":1684419814173,"level":"info","message":"Rendering request 1 finished in 2347 ms","meta":{"rootId":"7djnc3g00vplcqt","id":"7djnc3g00vplcqt"},"id":"5hvai0abnh6j3qw","previousOperationId":"uqskv3i2k2gbssk"}
{"type":"operationEnd","subtype":"render","operationId":"q2bec7xp37qtk2c","timestamp":1684419814173,"id":"iz7ehxlifl41u9j","previousEventId":"m1ccwosroy36bt4","previousOperationId":"uqskv3i2k2gbssk"}
{"type":"operationEnd","doDiffs":false,"previousEventId":"rdlr4wfyuufc1z8","previousOperationId":"ddh03ne7ijyowep","operationId":"ddh03ne7ijyowep","timestamp":1684419814175,"id":"t1qd10y8dcholhr"}
