{"type":"operationStart","subtype":"profile","data":{"_id":"jBSjlAeqCLD2nvOP","timestamp":"2023-04-19T14:16:43.223Z","state":"queued","mode":"standard","timeout":60000,"creationDate":"2023-04-19T14:16:43.226Z","modificationDate":"2023-04-19T14:16:43.226Z","shortid":"3Phm-fj","$entitySet":"profiles"},"doDiffs":false,"timestamp":1681913803225,"id":"j7h9bou931pn574","previousOperationId":null,"operationId":"272abzu80lnur8y"}
{"type":"log","level":"info","message":"Render request 1 queued for execution and waiting for available worker","previousOperationId":"272abzu80lnur8y","timestamp":1681913803225,"id":"z0235j1wr9hb5zp"}
{"type":"operationStart","subtype":"render","name":"anonymous","previousOperationId":"272abzu80lnur8y","timestamp":1681913803241,"id":"ahg1dklnqmzz872","previousEventId":"j7h9bou931pn574","operationId":"ao7610huqrcxtyx"}
{"type":"log","timestamp":1681913803242,"level":"info","message":"Starting rendering request 1","meta":{"rootId":"7knf9lxyri8m8xx","id":"7knf9lxyri8m8xx"},"id":"u1j5wws99wvqo06","previousOperationId":"ao7610huqrcxtyx"}
{"type":"log","timestamp":1681913803243,"level":"info","message":"Rendering anonymous template { recipe: chrome-pdf, engine: handlebars }","meta":{"rootId":"7knf9lxyri8m8xx","id":"7knf9lxyri8m8xx"},"id":"biq43erannqkwb6","previousOperationId":"ao7610huqrcxtyx"}
{"type":"log","timestamp":1681913803244,"level":"debug","message":"Inline data specified.","meta":{"rootId":"7knf9lxyri8m8xx","id":"7knf9lxyri8m8xx"},"id":"jkyp7zgsovaja5d","previousOperationId":"ao7610huqrcxtyx"}
{"type":"log","timestamp":1681913803246,"level":"debug","message":"Base url not specified, skipping its injection.","meta":{"rootId":"7knf9lxyri8m8xx","id":"7knf9lxyri8m8xx"},"id":"n5mixo53tadam3q","previousOperationId":"ao7610huqrcxtyx"}
{"type":"operationStart","subtype":"engine","name":"handlebars","timestamp":1681913803247,"id":"rk9kabgpfpmtbsm","previousEventId":"ahg1dklnqmzz872","operationId":"8nkdfvsia70eep5","previousOperationId":"ao7610huqrcxtyx"}
{"type":"log","timestamp":1681913803247,"level":"debug","message":"Rendering engine handlebars","meta":{"rootId":"7knf9lxyri8m8xx","id":"7knf9lxyri8m8xx"},"id":"nweml4a2r72tmpg","previousOperationId":"8nkdfvsia70eep5"}
{"type":"operationEnd","operationId":"8nkdfvsia70eep5","timestamp":1681913808970,"id":"e2dx6zbfdblwugm","previousEventId":"rk9kabgpfpmtbsm","previousOperationId":"8nkdfvsia70eep5"}
{"type":"operationStart","subtype":"recipe","name":"chrome-pdf","timestamp":1681913808970,"id":"sqhaueb78n7m5yr","previousEventId":"e2dx6zbfdblwugm","operationId":"5unacydrjg22fv2","previousOperationId":"8nkdfvsia70eep5"}
{"type":"log","timestamp":1681913808970,"level":"debug","message":"Executing recipe chrome-pdf","meta":{"rootId":"7knf9lxyri8m8xx","id":"7knf9lxyri8m8xx"},"id":"jtaem1yn2qutfle","previousOperationId":"5unacydrjg22fv2"}
{"type":"log","timestamp":1681913816117,"level":"debug","message":"Converting with chrome HeadlessChrome/105.0.5173.0 using chrome-pool strategy","meta":{"rootId":"7knf9lxyri8m8xx","id":"7knf9lxyri8m8xx"},"id":"6vbetad5tkpgw39","previousOperationId":"5unacydrjg22fv2"}
{"type":"log","timestamp":1681913824837,"level":"debug","message":"Page request: GET (document) file:///C:/Users/Faizy/AppData/Local/Temp/jsreport/autocleanup/2e056a16-0eff-4c2f-beef-e3fe22806ef7-chrome-pdf.html","meta":{"rootId":"7knf9lxyri8m8xx","id":"7knf9lxyri8m8xx"},"id":"kfj8gyxqaok6k2n","previousOperationId":"5unacydrjg22fv2"}
{"type":"log","timestamp":1681913824849,"level":"debug","message":"Page request finished: GET (document) 200 file:///C:/Users/Faizy/AppData/Local/Temp/jsreport/autocleanup/2e056a16-0eff-4c2f-beef-e3fe22806ef7-chrome-pdf.html","meta":{"rootId":"7knf9lxyri8m8xx","id":"7knf9lxyri8m8xx"},"id":"mj1cj48bbfbdslx","previousOperationId":"5unacydrjg22fv2"}
{"type":"log","timestamp":1681913824849,"level":"debug","message":"Page request: GET (stylesheet) https://stackpath.bootstrapcdn.com/bootstrap/4.4.1/css/bootstrap.min.css","meta":{"rootId":"7knf9lxyri8m8xx","id":"7knf9lxyri8m8xx"},"id":"qtz7oun8x7bdh98","previousOperationId":"5unacydrjg22fv2"}
{"type":"log","timestamp":1681913824849,"level":"debug","message":"Page request: GET (image) https://assets-global.website-files.com/5ca4d1fd374efbecd845739f/611be296e1ecb589c495418a_JAS%20and%20Greencarrier.png","meta":{"rootId":"7knf9lxyri8m8xx","id":"7knf9lxyri8m8xx"},"id":"p7icnzcgjor9jb5","previousOperationId":"5unacydrjg22fv2"}
{"type":"log","timestamp":1681913825270,"level":"debug","message":"Page request finished: GET (image) 200 https://assets-global.website-files.com/5ca4d1fd374efbecd845739f/611be296e1ecb589c495418a_JAS%20and%20Greencarrier.png","meta":{"rootId":"7knf9lxyri8m8xx","id":"7knf9lxyri8m8xx"},"id":"hfbrajokkr1ifgb","previousOperationId":"5unacydrjg22fv2"}
{"type":"log","timestamp":1681913825294,"level":"debug","message":"Page request finished: GET (stylesheet) 200 https://stackpath.bootstrapcdn.com/bootstrap/4.4.1/css/bootstrap.min.css","meta":{"rootId":"7knf9lxyri8m8xx","id":"7knf9lxyri8m8xx"},"id":"1v2ijwur2zvqfb5","previousOperationId":"5unacydrjg22fv2"}
{"type":"log","timestamp":1681913826266,"level":"debug","message":"Running chrome with params {\"timeout\":54048,\"margin\":{},\"printBackground\":true}","meta":{"rootId":"7knf9lxyri8m8xx","id":"7knf9lxyri8m8xx"},"id":"mvby49pk9id24w0","previousOperationId":"5unacydrjg22fv2"}
{"type":"operationEnd","operationId":"5unacydrjg22fv2","timestamp":1681913827180,"id":"ebatoixyx6cck7q","previousEventId":"sqhaueb78n7m5yr","previousOperationId":"5unacydrjg22fv2"}
{"type":"log","timestamp":1681913827181,"level":"debug","message":"Skipping storing report.","meta":{"rootId":"7knf9lxyri8m8xx","id":"7knf9lxyri8m8xx"},"id":"ac66tuzpnv3pi0o","previousOperationId":"5unacydrjg22fv2"}
{"type":"log","timestamp":1681913827181,"level":"info","message":"Rendering request 1 finished in 23959 ms","meta":{"rootId":"7knf9lxyri8m8xx","id":"7knf9lxyri8m8xx"},"id":"wa2w6lixou2tmij","previousOperationId":"5unacydrjg22fv2"}
{"type":"operationEnd","subtype":"render","operationId":"ao7610huqrcxtyx","timestamp":1681913827181,"id":"jude1ic1bqu4aiy","previousEventId":"ebatoixyx6cck7q","previousOperationId":"5unacydrjg22fv2"}
{"type":"operationEnd","doDiffs":false,"previousEventId":"j7h9bou931pn574","previousOperationId":"272abzu80lnur8y","operationId":"272abzu80lnur8y","timestamp":1681913827185,"id":"dmyiqur9h4sxv0s"}
