{"type":"operationStart","subtype":"profile","data":{"_id":"FEXmqipHXxxaJuMX","timestamp":"2023-04-14T05:22:10.477Z","state":"queued","mode":"standard","timeout":60000,"creationDate":"2023-04-14T05:22:10.485Z","modificationDate":"2023-04-14T05:22:10.485Z","shortid":"WSbNOry","$entitySet":"profiles"},"doDiffs":false,"timestamp":1681449730483,"id":"1yq27ic29umti1y","previousOperationId":null,"operationId":"qomldutlhyluli2"}
{"type":"log","level":"info","message":"Render request 1 queued for execution and waiting for available worker","previousOperationId":"qomldutlhyluli2","timestamp":1681449730483,"id":"umcz8krg5fga4xw"}
{"type":"operationStart","subtype":"render","name":"anonymous","previousOperationId":"qomldutlhyluli2","timestamp":1681449730513,"id":"9qqh1jhd6dn5x6o","previousEventId":"1yq27ic29umti1y","operationId":"qqu7awaz835xn0q"}
{"type":"log","timestamp":1681449730515,"level":"info","message":"Starting rendering request 1","meta":{"rootId":"7q95h4mpfetba3e","id":"7q95h4mpfetba3e"},"id":"n2mjdax1dwx87dx","previousOperationId":"qqu7awaz835xn0q"}
{"type":"log","timestamp":1681449730518,"level":"info","message":"Rendering anonymous template { recipe: chrome-pdf, engine: handlebars }","meta":{"rootId":"7q95h4mpfetba3e","id":"7q95h4mpfetba3e"},"id":"mzwh6pyzppffuvr","previousOperationId":"qqu7awaz835xn0q"}
{"type":"log","timestamp":1681449730518,"level":"debug","message":"Inline data specified.","meta":{"rootId":"7q95h4mpfetba3e","id":"7q95h4mpfetba3e"},"id":"wdkrv2ajsxko26v","previousOperationId":"qqu7awaz835xn0q"}
{"type":"log","timestamp":1681449730523,"level":"debug","message":"Base url not specified, skipping its injection.","meta":{"rootId":"7q95h4mpfetba3e","id":"7q95h4mpfetba3e"},"id":"808ecqyphjml5zu","previousOperationId":"qqu7awaz835xn0q"}
{"type":"operationStart","subtype":"engine","name":"handlebars","timestamp":1681449730525,"id":"bzcrknhvb4t9fyj","previousEventId":"9qqh1jhd6dn5x6o","operationId":"zubz36cx8e1c9z9","previousOperationId":"qqu7awaz835xn0q"}
{"type":"log","timestamp":1681449730525,"level":"debug","message":"Rendering engine handlebars","meta":{"rootId":"7q95h4mpfetba3e","id":"7q95h4mpfetba3e"},"id":"dpybpzf3gqv6ts0","previousOperationId":"zubz36cx8e1c9z9"}
{"type":"operationEnd","operationId":"zubz36cx8e1c9z9","timestamp":1681449731193,"id":"5gbh0bg6ydyfnqw","previousEventId":"bzcrknhvb4t9fyj","previousOperationId":"zubz36cx8e1c9z9"}
{"type":"operationStart","subtype":"recipe","name":"chrome-pdf","timestamp":1681449731194,"id":"273odu1ugujhxk9","previousEventId":"5gbh0bg6ydyfnqw","operationId":"ydhjmcpbxwppyvx","previousOperationId":"zubz36cx8e1c9z9"}
{"type":"log","timestamp":1681449731194,"level":"debug","message":"Executing recipe chrome-pdf","meta":{"rootId":"7q95h4mpfetba3e","id":"7q95h4mpfetba3e"},"id":"c79xkvca6kfmguj","previousOperationId":"ydhjmcpbxwppyvx"}
{"type":"log","timestamp":1681449731768,"level":"debug","message":"Converting with chrome HeadlessChrome/105.0.5173.0 using chrome-pool strategy","meta":{"rootId":"7q95h4mpfetba3e","id":"7q95h4mpfetba3e"},"id":"fiqwpdg1nj0lqn3","previousOperationId":"ydhjmcpbxwppyvx"}
{"type":"log","timestamp":1681449732670,"level":"debug","message":"Page request: GET (document) file:///C:/Users/hp/AppData/Local/Temp/jsreport/autocleanup/88b50615-ee7a-40c3-8a50-7f02df810941-chrome-pdf.html","meta":{"rootId":"7q95h4mpfetba3e","id":"7q95h4mpfetba3e"},"id":"km9mc00l17baku2","previousOperationId":"ydhjmcpbxwppyvx"}
{"type":"log","timestamp":1681449732683,"level":"debug","message":"Page request finished: GET (document) 200 file:///C:/Users/hp/AppData/Local/Temp/jsreport/autocleanup/88b50615-ee7a-40c3-8a50-7f02df810941-chrome-pdf.html","meta":{"rootId":"7q95h4mpfetba3e","id":"7q95h4mpfetba3e"},"id":"udyu7cih39ebgf7","previousOperationId":"ydhjmcpbxwppyvx"}
{"type":"log","timestamp":1681449732683,"level":"debug","message":"Page request: GET (stylesheet) https://stackpath.bootstrapcdn.com/bootstrap/4.4.1/css/bootstrap.min.css","meta":{"rootId":"7q95h4mpfetba3e","id":"7q95h4mpfetba3e"},"id":"kh868tz8mnkw4gl","previousOperationId":"ydhjmcpbxwppyvx"}
{"type":"log","timestamp":1681449732684,"level":"debug","message":"Page request: GET (image) https://assets-global.website-files.com/5ca4d1fd374efbecd845739f/611be296e1ecb589c495418a_JAS%20and%20Greencarrier.png","meta":{"rootId":"7q95h4mpfetba3e","id":"7q95h4mpfetba3e"},"id":"sg5oa0xm41qf8ru","previousOperationId":"ydhjmcpbxwppyvx"}
{"type":"log","timestamp":1681449735507,"level":"debug","message":"Page request finished: GET (stylesheet) 200 https://stackpath.bootstrapcdn.com/bootstrap/4.4.1/css/bootstrap.min.css","meta":{"rootId":"7q95h4mpfetba3e","id":"7q95h4mpfetba3e"},"id":"g4y4xppb5bkonr3","previousOperationId":"ydhjmcpbxwppyvx"}
{"type":"log","timestamp":1681449735576,"level":"debug","message":"Page request finished: GET (image) 200 https://assets-global.website-files.com/5ca4d1fd374efbecd845739f/611be296e1ecb589c495418a_JAS%20and%20Greencarrier.png","meta":{"rootId":"7q95h4mpfetba3e","id":"7q95h4mpfetba3e"},"id":"it2c49wn1yhqpum","previousOperationId":"ydhjmcpbxwppyvx"}
{"type":"log","timestamp":1681449735580,"level":"debug","message":"Running chrome with params {\"timeout\":59111,\"margin\":{},\"printBackground\":true}","meta":{"rootId":"7q95h4mpfetba3e","id":"7q95h4mpfetba3e"},"id":"is1txrkmb3l9cmq","previousOperationId":"ydhjmcpbxwppyvx"}
{"type":"operationEnd","operationId":"ydhjmcpbxwppyvx","timestamp":1681449735809,"id":"rlwon9mjoeoyeu7","previousEventId":"273odu1ugujhxk9","previousOperationId":"ydhjmcpbxwppyvx"}
{"type":"log","timestamp":1681449735810,"level":"debug","message":"Skipping storing report.","meta":{"rootId":"7q95h4mpfetba3e","id":"7q95h4mpfetba3e"},"id":"d212c8a3csh56ar","previousOperationId":"ydhjmcpbxwppyvx"}
{"type":"log","timestamp":1681449735810,"level":"info","message":"Rendering request 1 finished in 5334 ms","meta":{"rootId":"7q95h4mpfetba3e","id":"7q95h4mpfetba3e"},"id":"uwdpv3963hymre2","previousOperationId":"ydhjmcpbxwppyvx"}
{"type":"operationEnd","subtype":"render","operationId":"qqu7awaz835xn0q","timestamp":1681449735810,"id":"j3n9in5u9dc8ko8","previousEventId":"rlwon9mjoeoyeu7","previousOperationId":"ydhjmcpbxwppyvx"}
{"type":"operationEnd","doDiffs":false,"previousEventId":"1yq27ic29umti1y","previousOperationId":"qomldutlhyluli2","operationId":"qomldutlhyluli2","timestamp":1681449735813,"id":"r04crkdxj6ihjy0"}
