{"type":"operationStart","subtype":"profile","data":{"_id":"jrFmfQREOFa0hQc9","timestamp":"2023-05-15T08:26:46.418Z","state":"queued","mode":"standard","timeout":60000,"creationDate":"2023-05-15T08:26:46.422Z","modificationDate":"2023-05-15T08:26:46.422Z","shortid":"vEzZO4Z","$entitySet":"profiles"},"doDiffs":false,"timestamp":1684139206420,"id":"j3oy7pgg6ldewx9","previousOperationId":null,"operationId":"yfzak3rotsvw98f"}
{"type":"log","level":"info","message":"Render request 5 queued for execution and waiting for available worker","previousOperationId":"yfzak3rotsvw98f","timestamp":1684139206420,"id":"pmcctqgkq1s6w5b"}
{"type":"operationStart","subtype":"render","name":"anonymous","previousOperationId":"yfzak3rotsvw98f","timestamp":1684139206429,"id":"u5d05qtn2qkoiba","previousEventId":"j3oy7pgg6ldewx9","operationId":"8wjso2fla84zban"}
{"type":"log","timestamp":1684139206430,"level":"info","message":"Starting rendering request 5","meta":{"rootId":"7yd61wnwwt7awow","id":"7yd61wnwwt7awow"},"id":"dajw85q7yrok3ey","previousOperationId":"8wjso2fla84zban"}
{"type":"log","timestamp":1684139206430,"level":"info","message":"Rendering anonymous template { recipe: chrome-pdf, engine: handlebars }","meta":{"rootId":"7yd61wnwwt7awow","id":"7yd61wnwwt7awow"},"id":"oc65by35q3v3pzc","previousOperationId":"8wjso2fla84zban"}
{"type":"log","timestamp":1684139206430,"level":"debug","message":"Inline data specified.","meta":{"rootId":"7yd61wnwwt7awow","id":"7yd61wnwwt7awow"},"id":"s6mrdrzw6s8ivuj","previousOperationId":"8wjso2fla84zban"}
{"type":"log","timestamp":1684139206432,"level":"debug","message":"Base url not specified, skipping its injection.","meta":{"rootId":"7yd61wnwwt7awow","id":"7yd61wnwwt7awow"},"id":"apntwpi38xzrb1w","previousOperationId":"8wjso2fla84zban"}
{"type":"operationStart","subtype":"engine","name":"handlebars","timestamp":1684139206432,"id":"zwixzahjwxajqq5","previousEventId":"u5d05qtn2qkoiba","operationId":"zm3qfridcs93474","previousOperationId":"8wjso2fla84zban"}
{"type":"log","timestamp":1684139206432,"level":"debug","message":"Rendering engine handlebars","meta":{"rootId":"7yd61wnwwt7awow","id":"7yd61wnwwt7awow"},"id":"eofa38ihyp6drtd","previousOperationId":"zm3qfridcs93474"}
{"type":"operationEnd","operationId":"zm3qfridcs93474","timestamp":1684139206446,"id":"pm80g9rj8fbqjc3","previousEventId":"zwixzahjwxajqq5","previousOperationId":"zm3qfridcs93474"}
{"type":"operationStart","subtype":"recipe","name":"chrome-pdf","timestamp":1684139206446,"id":"5ddlbnownk0nu15","previousEventId":"pm80g9rj8fbqjc3","operationId":"3337gyybp7cfngf","previousOperationId":"zm3qfridcs93474"}
{"type":"log","timestamp":1684139206446,"level":"debug","message":"Executing recipe chrome-pdf","meta":{"rootId":"7yd61wnwwt7awow","id":"7yd61wnwwt7awow"},"id":"bkgd97xff8lgs44","previousOperationId":"3337gyybp7cfngf"}
{"type":"log","timestamp":1684139206451,"level":"debug","message":"Converting with chrome HeadlessChrome/105.0.5173.0 using chrome-pool strategy","meta":{"rootId":"7yd61wnwwt7awow","id":"7yd61wnwwt7awow"},"id":"h6vgst56lg15pop","previousOperationId":"3337gyybp7cfngf"}
{"type":"log","timestamp":1684139206602,"level":"debug","message":"Page request: GET (document) file:///C:/Users/hp/AppData/Local/Temp/jsreport/autocleanup/19444883-3e3a-4e3c-a4bf-31a679452942-chrome-pdf.html","meta":{"rootId":"7yd61wnwwt7awow","id":"7yd61wnwwt7awow"},"id":"3aex1pnbv5at5sq","previousOperationId":"3337gyybp7cfngf"}
{"type":"log","timestamp":1684139206614,"level":"debug","message":"Page request finished: GET (document) 200 file:///C:/Users/hp/AppData/Local/Temp/jsreport/autocleanup/19444883-3e3a-4e3c-a4bf-31a679452942-chrome-pdf.html","meta":{"rootId":"7yd61wnwwt7awow","id":"7yd61wnwwt7awow"},"id":"phr14nislwafr5v","previousOperationId":"3337gyybp7cfngf"}
{"type":"log","timestamp":1684139206683,"level":"debug","message":"Running chrome with params {\"timeout\":59970,\"margin\":{},\"printBackground\":true}","meta":{"rootId":"7yd61wnwwt7awow","id":"7yd61wnwwt7awow"},"id":"xubl9qlt0vbormn","previousOperationId":"3337gyybp7cfngf"}
{"type":"operationEnd","operationId":"3337gyybp7cfngf","timestamp":1684139206861,"id":"ri42ob86rtqye86","previousEventId":"5ddlbnownk0nu15","previousOperationId":"3337gyybp7cfngf"}
{"type":"log","timestamp":1684139206861,"level":"debug","message":"Skipping storing report.","meta":{"rootId":"7yd61wnwwt7awow","id":"7yd61wnwwt7awow"},"id":"c5ehq13ozvixzgd","previousOperationId":"3337gyybp7cfngf"}
{"type":"log","timestamp":1684139206862,"level":"info","message":"Rendering request 5 finished in 444 ms","meta":{"rootId":"7yd61wnwwt7awow","id":"7yd61wnwwt7awow"},"id":"cmuezel7n1rljm7","previousOperationId":"3337gyybp7cfngf"}
{"type":"operationEnd","subtype":"render","operationId":"8wjso2fla84zban","timestamp":1684139206862,"id":"i7raxbgnxxup0v6","previousEventId":"ri42ob86rtqye86","previousOperationId":"3337gyybp7cfngf"}
{"type":"operationEnd","doDiffs":false,"previousEventId":"j3oy7pgg6ldewx9","previousOperationId":"yfzak3rotsvw98f","operationId":"yfzak3rotsvw98f","timestamp":1684139206864,"id":"2ztcbt8jbsc9ug5"}
