{"type":"operationStart","subtype":"profile","data":{"_id":"obkVBv2TT2THcqLW","timestamp":"2023-05-16T07:02:03.072Z","state":"queued","mode":"standard","timeout":60000,"creationDate":"2023-05-16T07:02:03.076Z","modificationDate":"2023-05-16T07:02:03.076Z","shortid":"Bh1ip-y","$entitySet":"profiles"},"doDiffs":false,"timestamp":1684220523074,"id":"enefpeiqlm9tghc","previousOperationId":null,"operationId":"lgcimxfhuxvl8rq"}
{"type":"log","level":"info","message":"Render request 8 queued for execution and waiting for available worker","previousOperationId":"lgcimxfhuxvl8rq","timestamp":1684220523074,"id":"zp43bogup6ir01u"}
{"type":"operationStart","subtype":"render","name":"anonymous","previousOperationId":"lgcimxfhuxvl8rq","timestamp":1684220523084,"id":"9bl9f8h7isldrwo","previousEventId":"enefpeiqlm9tghc","operationId":"9aq6jmkyppswnmn"}
{"type":"log","timestamp":1684220523084,"level":"info","message":"Starting rendering request 8","meta":{"rootId":"895u2fp17zjp4z8","id":"895u2fp17zjp4z8"},"id":"13vnqwnlco8dug3","previousOperationId":"9aq6jmkyppswnmn"}
{"type":"log","timestamp":1684220523085,"level":"info","message":"Rendering anonymous template { recipe: chrome-pdf, engine: handlebars }","meta":{"rootId":"895u2fp17zjp4z8","id":"895u2fp17zjp4z8"},"id":"uec9c1974nbwb2b","previousOperationId":"9aq6jmkyppswnmn"}
{"type":"log","timestamp":1684220523085,"level":"debug","message":"Inline data specified.","meta":{"rootId":"895u2fp17zjp4z8","id":"895u2fp17zjp4z8"},"id":"3u6duag3e9b1yxg","previousOperationId":"9aq6jmkyppswnmn"}
{"type":"log","timestamp":1684220523087,"level":"debug","message":"Base url not specified, skipping its injection.","meta":{"rootId":"895u2fp17zjp4z8","id":"895u2fp17zjp4z8"},"id":"dcii0yolr5dzrw9","previousOperationId":"9aq6jmkyppswnmn"}
{"type":"operationStart","subtype":"engine","name":"handlebars","timestamp":1684220523088,"id":"p866kj1qyxbcm7k","previousEventId":"9bl9f8h7isldrwo","operationId":"du1ujrudsrim6q5","previousOperationId":"9aq6jmkyppswnmn"}
{"type":"log","timestamp":1684220523088,"level":"debug","message":"Rendering engine handlebars","meta":{"rootId":"895u2fp17zjp4z8","id":"895u2fp17zjp4z8"},"id":"zup6bsvrq8oncbx","previousOperationId":"du1ujrudsrim6q5"}
{"type":"operationEnd","operationId":"du1ujrudsrim6q5","timestamp":1684220523098,"id":"tv0rau9nxzpon9d","previousEventId":"p866kj1qyxbcm7k","previousOperationId":"du1ujrudsrim6q5"}
{"type":"operationStart","subtype":"recipe","name":"chrome-pdf","timestamp":1684220523099,"id":"quv9d9ml3ejd8if","previousEventId":"tv0rau9nxzpon9d","operationId":"v5wuzpb1rrqv0fh","previousOperationId":"du1ujrudsrim6q5"}
{"type":"log","timestamp":1684220523099,"level":"debug","message":"Executing recipe chrome-pdf","meta":{"rootId":"895u2fp17zjp4z8","id":"895u2fp17zjp4z8"},"id":"4cbpw6783b0srvp","previousOperationId":"v5wuzpb1rrqv0fh"}
{"type":"log","timestamp":1684220523106,"level":"debug","message":"Converting with chrome HeadlessChrome/105.0.5173.0 using chrome-pool strategy","meta":{"rootId":"895u2fp17zjp4z8","id":"895u2fp17zjp4z8"},"id":"rocsv9em5udlydu","previousOperationId":"v5wuzpb1rrqv0fh"}
{"type":"log","timestamp":1684220523248,"level":"debug","message":"Page request: GET (document) file:///C:/Users/hp/AppData/Local/Temp/jsreport/autocleanup/22d5ce6d-72e9-4f05-905c-a9d94b62815a-chrome-pdf.html","meta":{"rootId":"895u2fp17zjp4z8","id":"895u2fp17zjp4z8"},"id":"m1q8p4qfn6jexcy","previousOperationId":"v5wuzpb1rrqv0fh"}
{"type":"log","timestamp":1684220523258,"level":"debug","message":"Page request finished: GET (document) 200 file:///C:/Users/hp/AppData/Local/Temp/jsreport/autocleanup/22d5ce6d-72e9-4f05-905c-a9d94b62815a-chrome-pdf.html","meta":{"rootId":"895u2fp17zjp4z8","id":"895u2fp17zjp4z8"},"id":"ictn8kd2gk4jasl","previousOperationId":"v5wuzpb1rrqv0fh"}
{"type":"log","timestamp":1684220523312,"level":"debug","message":"Running chrome with params {\"timeout\":59970,\"margin\":{},\"printBackground\":true}","meta":{"rootId":"895u2fp17zjp4z8","id":"895u2fp17zjp4z8"},"id":"90ulebbjz0smivi","previousOperationId":"v5wuzpb1rrqv0fh"}
{"type":"operationEnd","operationId":"v5wuzpb1rrqv0fh","timestamp":1684220523513,"id":"xhbx9ylfi48r4np","previousEventId":"quv9d9ml3ejd8if","previousOperationId":"v5wuzpb1rrqv0fh"}
{"type":"log","timestamp":1684220523513,"level":"debug","message":"Skipping storing report.","meta":{"rootId":"895u2fp17zjp4z8","id":"895u2fp17zjp4z8"},"id":"hd7gjttuq7nw7ia","previousOperationId":"v5wuzpb1rrqv0fh"}
{"type":"log","timestamp":1684220523513,"level":"info","message":"Rendering request 8 finished in 442 ms","meta":{"rootId":"895u2fp17zjp4z8","id":"895u2fp17zjp4z8"},"id":"vy5rxhy0bel8zzb","previousOperationId":"v5wuzpb1rrqv0fh"}
{"type":"operationEnd","subtype":"render","operationId":"9aq6jmkyppswnmn","timestamp":1684220523513,"id":"u6bsf0vhsf54rcz","previousEventId":"xhbx9ylfi48r4np","previousOperationId":"v5wuzpb1rrqv0fh"}
{"type":"operationEnd","doDiffs":false,"previousEventId":"enefpeiqlm9tghc","previousOperationId":"lgcimxfhuxvl8rq","operationId":"lgcimxfhuxvl8rq","timestamp":1684220523516,"id":"wp03e4jsswyxjy2"}
