{"type":"operationStart","subtype":"profile","data":{"_id":"hf0KfIBpwIibTSZt","timestamp":"2023-05-17T19:57:12.145Z","state":"queued","mode":"standard","timeout":60000,"creationDate":"2023-05-17T19:57:12.148Z","modificationDate":"2023-05-17T19:57:12.148Z","shortid":"rjg1nAw","$entitySet":"profiles"},"doDiffs":false,"timestamp":1684353432147,"id":"op5kor0bxtmduqp","previousOperationId":null,"operationId":"1yfdqr907d8r4vg"}
{"type":"log","level":"info","message":"Render request 3 queued for execution and waiting for available worker","previousOperationId":"1yfdqr907d8r4vg","timestamp":1684353432147,"id":"wxx4ndnqg0p4okz"}
{"type":"operationStart","subtype":"render","name":"anonymous","previousOperationId":"1yfdqr907d8r4vg","timestamp":1684353432154,"id":"33b55n9zxnpqdc8","previousEventId":"op5kor0bxtmduqp","operationId":"c5l0ki8hccu100j"}
{"type":"log","timestamp":1684353432154,"level":"info","message":"Starting rendering request 3","meta":{"rootId":"8dn3zdvqyvaxw2h","id":"8dn3zdvqyvaxw2h"},"id":"qrgdn0e74xzcuug","previousOperationId":"c5l0ki8hccu100j"}
{"type":"log","timestamp":1684353432155,"level":"info","message":"Rendering anonymous template { recipe: chrome-pdf, engine: handlebars }","meta":{"rootId":"8dn3zdvqyvaxw2h","id":"8dn3zdvqyvaxw2h"},"id":"krg10i5nkvr1nwq","previousOperationId":"c5l0ki8hccu100j"}
{"type":"log","timestamp":1684353432155,"level":"debug","message":"Inline data specified.","meta":{"rootId":"8dn3zdvqyvaxw2h","id":"8dn3zdvqyvaxw2h"},"id":"j2va36j527lt4ai","previousOperationId":"c5l0ki8hccu100j"}
{"type":"log","timestamp":1684353432156,"level":"debug","message":"Base url not specified, skipping its injection.","meta":{"rootId":"8dn3zdvqyvaxw2h","id":"8dn3zdvqyvaxw2h"},"id":"iygdrzvh6tm4r0i","previousOperationId":"c5l0ki8hccu100j"}
{"type":"operationStart","subtype":"engine","name":"handlebars","timestamp":1684353432157,"id":"g11pkmuqh2twq37","previousEventId":"33b55n9zxnpqdc8","operationId":"c1bxq4qjm9lo48o","previousOperationId":"c5l0ki8hccu100j"}
{"type":"log","timestamp":1684353432157,"level":"debug","message":"Rendering engine handlebars","meta":{"rootId":"8dn3zdvqyvaxw2h","id":"8dn3zdvqyvaxw2h"},"id":"xnrsl6ja7qno5tq","previousOperationId":"c1bxq4qjm9lo48o"}
{"type":"operationEnd","operationId":"c1bxq4qjm9lo48o","timestamp":1684353432168,"id":"62pxi4k73gim9cd","previousEventId":"g11pkmuqh2twq37","previousOperationId":"c1bxq4qjm9lo48o"}
{"type":"operationStart","subtype":"recipe","name":"chrome-pdf","timestamp":1684353432169,"id":"804ssjee9bqfeip","previousEventId":"62pxi4k73gim9cd","operationId":"acs970jo9bortwa","previousOperationId":"c1bxq4qjm9lo48o"}
{"type":"log","timestamp":1684353432169,"level":"debug","message":"Executing recipe chrome-pdf","meta":{"rootId":"8dn3zdvqyvaxw2h","id":"8dn3zdvqyvaxw2h"},"id":"xg6jde81kcuof8a","previousOperationId":"acs970jo9bortwa"}
{"type":"log","timestamp":1684353432174,"level":"debug","message":"Converting with chrome HeadlessChrome/105.0.5173.0 using chrome-pool strategy","meta":{"rootId":"8dn3zdvqyvaxw2h","id":"8dn3zdvqyvaxw2h"},"id":"uzdhpeg89inhwea","previousOperationId":"acs970jo9bortwa"}
{"type":"log","timestamp":1684353432345,"level":"debug","message":"Page request: GET (document) file:///C:/Users/hp/AppData/Local/Temp/jsreport/autocleanup/615c4bf5-2292-41ea-86b4-198b0ae59d59-chrome-pdf.html","meta":{"rootId":"8dn3zdvqyvaxw2h","id":"8dn3zdvqyvaxw2h"},"id":"h7jpg5h1jugqynw","previousOperationId":"acs970jo9bortwa"}
{"type":"log","timestamp":1684353432389,"level":"debug","message":"Page request finished: GET (document) 200 file:///C:/Users/hp/AppData/Local/Temp/jsreport/autocleanup/615c4bf5-2292-41ea-86b4-198b0ae59d59-chrome-pdf.html","meta":{"rootId":"8dn3zdvqyvaxw2h","id":"8dn3zdvqyvaxw2h"},"id":"9xzw9rywrjg3iek","previousOperationId":"acs970jo9bortwa"}
{"type":"log","timestamp":1684353432456,"level":"debug","message":"Running chrome with params {\"timeout\":59972,\"margin\":{},\"printBackground\":true}","meta":{"rootId":"8dn3zdvqyvaxw2h","id":"8dn3zdvqyvaxw2h"},"id":"lnxetavecbjvtvw","previousOperationId":"acs970jo9bortwa"}
{"type":"operationEnd","operationId":"acs970jo9bortwa","timestamp":1684353432706,"id":"84bg9le0x1hmwd9","previousEventId":"804ssjee9bqfeip","previousOperationId":"acs970jo9bortwa"}
{"type":"log","timestamp":1684353432706,"level":"debug","message":"Skipping storing report.","meta":{"rootId":"8dn3zdvqyvaxw2h","id":"8dn3zdvqyvaxw2h"},"id":"9romslzns7yvs6d","previousOperationId":"acs970jo9bortwa"}
{"type":"log","timestamp":1684353432707,"level":"info","message":"Rendering request 3 finished in 563 ms","meta":{"rootId":"8dn3zdvqyvaxw2h","id":"8dn3zdvqyvaxw2h"},"id":"7lgqm2wxbrn1kjw","previousOperationId":"acs970jo9bortwa"}
{"type":"operationEnd","subtype":"render","operationId":"c5l0ki8hccu100j","timestamp":1684353432707,"id":"7w6lwizmqva2zkd","previousEventId":"84bg9le0x1hmwd9","previousOperationId":"acs970jo9bortwa"}
{"type":"operationEnd","doDiffs":false,"previousEventId":"op5kor0bxtmduqp","previousOperationId":"1yfdqr907d8r4vg","operationId":"1yfdqr907d8r4vg","timestamp":1684353432710,"id":"ruwqruh7pculwjl"}
