{"type":"operationStart","subtype":"profile","data":{"_id":"1jhvuTBTyjB9caS1","timestamp":"2023-05-18T08:36:38.239Z","state":"queued","mode":"standard","timeout":60000,"creationDate":"2023-05-18T08:36:38.243Z","modificationDate":"2023-05-18T08:36:38.243Z","shortid":"a32f2QX","$entitySet":"profiles"},"doDiffs":false,"timestamp":1684398998241,"id":"tgsnehkxe72w8dh","previousOperationId":null,"operationId":"7jch69318mknxnt"}
{"type":"log","level":"info","message":"Render request 1 queued for execution and waiting for available worker","previousOperationId":"7jch69318mknxnt","timestamp":1684398998241,"id":"eh620qzppq4p6cr"}
{"type":"operationStart","subtype":"render","name":"anonymous","previousOperationId":"7jch69318mknxnt","timestamp":1684398998258,"id":"11yqrzhfc03xd2f","previousEventId":"tgsnehkxe72w8dh","operationId":"1jrwmfhybxnobot"}
{"type":"log","timestamp":1684398998258,"level":"info","message":"Starting rendering request 1","meta":{"rootId":"8k0bfj7ecmmk569","id":"8k0bfj7ecmmk569"},"id":"5bo73a09midy36f","previousOperationId":"1jrwmfhybxnobot"}
{"type":"log","timestamp":1684398998260,"level":"info","message":"Rendering anonymous template { recipe: chrome-pdf, engine: handlebars }","meta":{"rootId":"8k0bfj7ecmmk569","id":"8k0bfj7ecmmk569"},"id":"24a01vfmr5vcivh","previousOperationId":"1jrwmfhybxnobot"}
{"type":"log","timestamp":1684398998260,"level":"debug","message":"Inline data specified.","meta":{"rootId":"8k0bfj7ecmmk569","id":"8k0bfj7ecmmk569"},"id":"y7o6rwc5vko9ysg","previousOperationId":"1jrwmfhybxnobot"}
{"type":"log","timestamp":1684398998263,"level":"debug","message":"Base url not specified, skipping its injection.","meta":{"rootId":"8k0bfj7ecmmk569","id":"8k0bfj7ecmmk569"},"id":"mthc078qyttzc35","previousOperationId":"1jrwmfhybxnobot"}
{"type":"operationStart","subtype":"engine","name":"handlebars","timestamp":1684398998265,"id":"dd30hqw9zcueyau","previousEventId":"11yqrzhfc03xd2f","operationId":"0r9tq0peskf5rss","previousOperationId":"1jrwmfhybxnobot"}
{"type":"log","timestamp":1684398998265,"level":"debug","message":"Rendering engine handlebars","meta":{"rootId":"8k0bfj7ecmmk569","id":"8k0bfj7ecmmk569"},"id":"3grci8h3sox2mgd","previousOperationId":"0r9tq0peskf5rss"}
{"type":"operationEnd","operationId":"0r9tq0peskf5rss","timestamp":1684399001027,"id":"n3n62hyklahimpl","previousEventId":"dd30hqw9zcueyau","previousOperationId":"0r9tq0peskf5rss"}
{"type":"operationStart","subtype":"recipe","name":"chrome-pdf","timestamp":1684399001028,"id":"cpgbl9vy6tqde4h","previousEventId":"n3n62hyklahimpl","operationId":"m3l5jfy8dzlune1","previousOperationId":"0r9tq0peskf5rss"}
{"type":"log","timestamp":1684399001028,"level":"debug","message":"Executing recipe chrome-pdf","meta":{"rootId":"8k0bfj7ecmmk569","id":"8k0bfj7ecmmk569"},"id":"sfj0myhct7s839o","previousOperationId":"m3l5jfy8dzlune1"}
{"type":"log","timestamp":1684399001671,"level":"debug","message":"Converting with chrome HeadlessChrome/105.0.5173.0 using chrome-pool strategy","meta":{"rootId":"8k0bfj7ecmmk569","id":"8k0bfj7ecmmk569"},"id":"d6fkrvdb26r41c0","previousOperationId":"m3l5jfy8dzlune1"}
{"type":"log","timestamp":1684399003185,"level":"debug","message":"Page request: GET (document) file:///C:/Users/hp/AppData/Local/Temp/jsreport/autocleanup/b5f6a377-451a-4752-8184-cee22abb3623-chrome-pdf.html","meta":{"rootId":"8k0bfj7ecmmk569","id":"8k0bfj7ecmmk569"},"id":"p0n0xkqtlys02ov","previousOperationId":"m3l5jfy8dzlune1"}
{"type":"log","timestamp":1684399003194,"level":"debug","message":"Page request finished: GET (document) 200 file:///C:/Users/hp/AppData/Local/Temp/jsreport/autocleanup/b5f6a377-451a-4752-8184-cee22abb3623-chrome-pdf.html","meta":{"rootId":"8k0bfj7ecmmk569","id":"8k0bfj7ecmmk569"},"id":"7qxfevk6nkblxxu","previousOperationId":"m3l5jfy8dzlune1"}
{"type":"log","timestamp":1684399003267,"level":"debug","message":"Running chrome with params {\"timeout\":57058,\"margin\":{},\"printBackground\":true}","meta":{"rootId":"8k0bfj7ecmmk569","id":"8k0bfj7ecmmk569"},"id":"n0m18yfry2y5t95","previousOperationId":"m3l5jfy8dzlune1"}
{"type":"operationEnd","operationId":"m3l5jfy8dzlune1","timestamp":1684399003586,"id":"lbycrck7re91aqr","previousEventId":"cpgbl9vy6tqde4h","previousOperationId":"m3l5jfy8dzlune1"}
{"type":"log","timestamp":1684399003587,"level":"debug","message":"Skipping storing report.","meta":{"rootId":"8k0bfj7ecmmk569","id":"8k0bfj7ecmmk569"},"id":"ah64rn6apw1l651","previousOperationId":"m3l5jfy8dzlune1"}
{"type":"log","timestamp":1684399003587,"level":"info","message":"Rendering request 1 finished in 5349 ms","meta":{"rootId":"8k0bfj7ecmmk569","id":"8k0bfj7ecmmk569"},"id":"leeci0jvjdkn7pu","previousOperationId":"m3l5jfy8dzlune1"}
{"type":"operationEnd","subtype":"render","operationId":"1jrwmfhybxnobot","timestamp":1684399003587,"id":"2d6pkr1c3mt3r5u","previousEventId":"lbycrck7re91aqr","previousOperationId":"m3l5jfy8dzlune1"}
{"type":"operationEnd","doDiffs":false,"previousEventId":"tgsnehkxe72w8dh","previousOperationId":"7jch69318mknxnt","operationId":"7jch69318mknxnt","timestamp":1684399003593,"id":"cn4io6q68t95p9e"}
