{"type":"operationStart","subtype":"profile","data":{"_id":"gSCYkVkLdIb43FcX","timestamp":"2023-05-17T19:54:40.560Z","state":"queued","mode":"standard","timeout":60000,"creationDate":"2023-05-17T19:54:40.564Z","modificationDate":"2023-05-17T19:54:40.564Z","shortid":"5bh4yIz","$entitySet":"profiles"},"doDiffs":false,"timestamp":1684353280562,"id":"s07nwq79agsqaoo","previousOperationId":null,"operationId":"h59cyij952iz456"}
{"type":"log","level":"info","message":"Render request 2 queued for execution and waiting for available worker","previousOperationId":"h59cyij952iz456","timestamp":1684353280562,"id":"v9cgb2rwg8lj8wu"}
{"type":"operationStart","subtype":"render","name":"anonymous","previousOperationId":"h59cyij952iz456","timestamp":1684353280568,"id":"3ccoj8y826jil4o","previousEventId":"s07nwq79agsqaoo","operationId":"5q8l1m2mxgu5ea3"}
{"type":"log","timestamp":1684353280568,"level":"info","message":"Starting rendering request 2","meta":{"rootId":"8r2jtvtciy0dwpq","id":"8r2jtvtciy0dwpq"},"id":"azhtn94yb7kllfp","previousOperationId":"5q8l1m2mxgu5ea3"}
{"type":"log","timestamp":1684353280569,"level":"info","message":"Rendering anonymous template { recipe: chrome-pdf, engine: handlebars }","meta":{"rootId":"8r2jtvtciy0dwpq","id":"8r2jtvtciy0dwpq"},"id":"okeuvsoffltcuzs","previousOperationId":"5q8l1m2mxgu5ea3"}
{"type":"log","timestamp":1684353280569,"level":"debug","message":"Inline data specified.","meta":{"rootId":"8r2jtvtciy0dwpq","id":"8r2jtvtciy0dwpq"},"id":"hs41x0vfvpptemm","previousOperationId":"5q8l1m2mxgu5ea3"}
{"type":"log","timestamp":1684353280573,"level":"debug","message":"Base url not specified, skipping its injection.","meta":{"rootId":"8r2jtvtciy0dwpq","id":"8r2jtvtciy0dwpq"},"id":"2pryfn2skobg1qk","previousOperationId":"5q8l1m2mxgu5ea3"}
{"type":"operationStart","subtype":"engine","name":"handlebars","timestamp":1684353280573,"id":"ktf7hd834bxiasl","previousEventId":"3ccoj8y826jil4o","operationId":"a1zqldx8bayyt7v","previousOperationId":"5q8l1m2mxgu5ea3"}
{"type":"log","timestamp":1684353280573,"level":"debug","message":"Rendering engine handlebars","meta":{"rootId":"8r2jtvtciy0dwpq","id":"8r2jtvtciy0dwpq"},"id":"qijwbodmin8pdoe","previousOperationId":"a1zqldx8bayyt7v"}
{"type":"operationEnd","operationId":"a1zqldx8bayyt7v","timestamp":1684353280591,"id":"4hnc8p8511rvxm7","previousEventId":"ktf7hd834bxiasl","previousOperationId":"a1zqldx8bayyt7v"}
{"type":"operationStart","subtype":"recipe","name":"chrome-pdf","timestamp":1684353280592,"id":"dc9ahjc1t08xxwy","previousEventId":"4hnc8p8511rvxm7","operationId":"pyvzsyqtg0cmw77","previousOperationId":"a1zqldx8bayyt7v"}
{"type":"log","timestamp":1684353280592,"level":"debug","message":"Executing recipe chrome-pdf","meta":{"rootId":"8r2jtvtciy0dwpq","id":"8r2jtvtciy0dwpq"},"id":"zbjmb73ko8ldgmt","previousOperationId":"pyvzsyqtg0cmw77"}
{"type":"log","timestamp":1684353280597,"level":"debug","message":"Converting with chrome HeadlessChrome/105.0.5173.0 using chrome-pool strategy","meta":{"rootId":"8r2jtvtciy0dwpq","id":"8r2jtvtciy0dwpq"},"id":"zop9hmo673mqjbi","previousOperationId":"pyvzsyqtg0cmw77"}
{"type":"log","timestamp":1684353280735,"level":"debug","message":"Page request: GET (document) file:///C:/Users/hp/AppData/Local/Temp/jsreport/autocleanup/ce51360e-3a86-488e-ab02-577bc07ffe12-chrome-pdf.html","meta":{"rootId":"8r2jtvtciy0dwpq","id":"8r2jtvtciy0dwpq"},"id":"mvz6iwok71g2g0o","previousOperationId":"pyvzsyqtg0cmw77"}
{"type":"log","timestamp":1684353280747,"level":"debug","message":"Page request finished: GET (document) 200 file:///C:/Users/hp/AppData/Local/Temp/jsreport/autocleanup/ce51360e-3a86-488e-ab02-577bc07ffe12-chrome-pdf.html","meta":{"rootId":"8r2jtvtciy0dwpq","id":"8r2jtvtciy0dwpq"},"id":"8v84nmh2nre7wvp","previousOperationId":"pyvzsyqtg0cmw77"}
{"type":"log","timestamp":1684353280798,"level":"debug","message":"Running chrome with params {\"timeout\":59964,\"margin\":{},\"printBackground\":true}","meta":{"rootId":"8r2jtvtciy0dwpq","id":"8r2jtvtciy0dwpq"},"id":"pirxt0lwdu4vmto","previousOperationId":"pyvzsyqtg0cmw77"}
{"type":"operationEnd","operationId":"pyvzsyqtg0cmw77","timestamp":1684353280991,"id":"s33uct6q5xwewfb","previousEventId":"dc9ahjc1t08xxwy","previousOperationId":"pyvzsyqtg0cmw77"}
{"type":"log","timestamp":1684353280991,"level":"debug","message":"Skipping storing report.","meta":{"rootId":"8r2jtvtciy0dwpq","id":"8r2jtvtciy0dwpq"},"id":"rxizxnfkjbwl48w","previousOperationId":"pyvzsyqtg0cmw77"}
{"type":"log","timestamp":1684353280991,"level":"info","message":"Rendering request 2 finished in 431 ms","meta":{"rootId":"8r2jtvtciy0dwpq","id":"8r2jtvtciy0dwpq"},"id":"b3ab555ypm0hgyi","previousOperationId":"pyvzsyqtg0cmw77"}
{"type":"operationEnd","subtype":"render","operationId":"5q8l1m2mxgu5ea3","timestamp":1684353280992,"id":"jlp497flnw5y8av","previousEventId":"s33uct6q5xwewfb","previousOperationId":"pyvzsyqtg0cmw77"}
{"type":"operationEnd","doDiffs":false,"previousEventId":"s07nwq79agsqaoo","previousOperationId":"h59cyij952iz456","operationId":"h59cyij952iz456","timestamp":1684353280994,"id":"bwxhnw9zgy0fk05"}
