{"type":"operationStart","subtype":"profile","data":{"_id":"F8Qx5tyiSsv6kouh","timestamp":"2023-05-16T07:05:37.062Z","state":"queued","mode":"standard","timeout":60000,"creationDate":"2023-05-16T07:05:37.066Z","modificationDate":"2023-05-16T07:05:37.066Z","shortid":"V3_-Bip","$entitySet":"profiles"},"doDiffs":false,"timestamp":1684220737064,"id":"eeqefc3yun30lzt","previousOperationId":null,"operationId":"mnuu6pjvlxcyfi9"}
{"type":"log","level":"info","message":"Render request 1 queued for execution and waiting for available worker","previousOperationId":"mnuu6pjvlxcyfi9","timestamp":1684220737065,"id":"03yzr4owpguj721"}
{"type":"operationStart","subtype":"render","name":"anonymous","previousOperationId":"mnuu6pjvlxcyfi9","timestamp":1684220737083,"id":"jqb6qxoxk7tuv6o","previousEventId":"eeqefc3yun30lzt","operationId":"ma5yhnks4sp18sb"}
{"type":"log","timestamp":1684220737085,"level":"info","message":"Starting rendering request 1","meta":{"rootId":"8v2vn30enu8kowc","id":"8v2vn30enu8kowc"},"id":"q0kadbmpm9ofihd","previousOperationId":"ma5yhnks4sp18sb"}
{"type":"log","timestamp":1684220737087,"level":"info","message":"Rendering anonymous template { recipe: chrome-pdf, engine: handlebars }","meta":{"rootId":"8v2vn30enu8kowc","id":"8v2vn30enu8kowc"},"id":"969gtj6tgayyc9q","previousOperationId":"ma5yhnks4sp18sb"}
{"type":"log","timestamp":1684220737088,"level":"debug","message":"Inline data specified.","meta":{"rootId":"8v2vn30enu8kowc","id":"8v2vn30enu8kowc"},"id":"6jrpo5g7wcfvimg","previousOperationId":"ma5yhnks4sp18sb"}
{"type":"log","timestamp":1684220737091,"level":"debug","message":"Base url not specified, skipping its injection.","meta":{"rootId":"8v2vn30enu8kowc","id":"8v2vn30enu8kowc"},"id":"u78p2ntpdpnt1d4","previousOperationId":"ma5yhnks4sp18sb"}
{"type":"operationStart","subtype":"engine","name":"handlebars","timestamp":1684220737093,"id":"cl8fedzbi2fdqtf","previousEventId":"jqb6qxoxk7tuv6o","operationId":"81ll2ef47exo5vk","previousOperationId":"ma5yhnks4sp18sb"}
{"type":"log","timestamp":1684220737093,"level":"debug","message":"Rendering engine handlebars","meta":{"rootId":"8v2vn30enu8kowc","id":"8v2vn30enu8kowc"},"id":"iz1vyjdhuosqgk5","previousOperationId":"81ll2ef47exo5vk"}
{"type":"operationEnd","operationId":"81ll2ef47exo5vk","timestamp":1684220737644,"id":"deor98kd2et53qv","previousEventId":"cl8fedzbi2fdqtf","previousOperationId":"81ll2ef47exo5vk"}
{"type":"operationStart","subtype":"recipe","name":"chrome-pdf","timestamp":1684220737645,"id":"phmz4hk95ir92n3","previousEventId":"deor98kd2et53qv","operationId":"fvht8iwxd8xtni6","previousOperationId":"81ll2ef47exo5vk"}
{"type":"log","timestamp":1684220737645,"level":"debug","message":"Executing recipe chrome-pdf","meta":{"rootId":"8v2vn30enu8kowc","id":"8v2vn30enu8kowc"},"id":"6sg5corwjg7ic1f","previousOperationId":"fvht8iwxd8xtni6"}
{"type":"log","timestamp":1684220738088,"level":"debug","message":"Converting with chrome HeadlessChrome/105.0.5173.0 using chrome-pool strategy","meta":{"rootId":"8v2vn30enu8kowc","id":"8v2vn30enu8kowc"},"id":"51j5rnnt4uykx0n","previousOperationId":"fvht8iwxd8xtni6"}
{"type":"log","timestamp":1684220739482,"level":"debug","message":"Page request: GET (document) file:///C:/Users/hp/AppData/Local/Temp/jsreport/autocleanup/2c881134-ed38-4b99-ae2d-0740fa9d703c-chrome-pdf.html","meta":{"rootId":"8v2vn30enu8kowc","id":"8v2vn30enu8kowc"},"id":"4cyynytc3krnjn6","previousOperationId":"fvht8iwxd8xtni6"}
{"type":"log","timestamp":1684220739495,"level":"debug","message":"Page request finished: GET (document) 200 file:///C:/Users/hp/AppData/Local/Temp/jsreport/autocleanup/2c881134-ed38-4b99-ae2d-0740fa9d703c-chrome-pdf.html","meta":{"rootId":"8v2vn30enu8kowc","id":"8v2vn30enu8kowc"},"id":"gtfqe1e0fgy46aw","previousOperationId":"fvht8iwxd8xtni6"}
{"type":"log","timestamp":1684220739544,"level":"debug","message":"Running chrome with params {\"timeout\":59240,\"margin\":{},\"printBackground\":true}","meta":{"rootId":"8v2vn30enu8kowc","id":"8v2vn30enu8kowc"},"id":"hycygnfale1da3z","previousOperationId":"fvht8iwxd8xtni6"}
{"type":"operationEnd","operationId":"fvht8iwxd8xtni6","timestamp":1684220739733,"id":"4sy8lgtzjr4od7z","previousEventId":"phmz4hk95ir92n3","previousOperationId":"fvht8iwxd8xtni6"}
{"type":"log","timestamp":1684220739733,"level":"debug","message":"Skipping storing report.","meta":{"rootId":"8v2vn30enu8kowc","id":"8v2vn30enu8kowc"},"id":"pq31tsh6nnw0uv8","previousOperationId":"fvht8iwxd8xtni6"}
{"type":"log","timestamp":1684220739734,"level":"info","message":"Rendering request 1 finished in 2673 ms","meta":{"rootId":"8v2vn30enu8kowc","id":"8v2vn30enu8kowc"},"id":"265wlq20mrlgpeq","previousOperationId":"fvht8iwxd8xtni6"}
{"type":"operationEnd","subtype":"render","operationId":"ma5yhnks4sp18sb","timestamp":1684220739734,"id":"mjy1nz3gxuzm813","previousEventId":"4sy8lgtzjr4od7z","previousOperationId":"fvht8iwxd8xtni6"}
{"type":"operationEnd","doDiffs":false,"previousEventId":"eeqefc3yun30lzt","previousOperationId":"mnuu6pjvlxcyfi9","operationId":"mnuu6pjvlxcyfi9","timestamp":1684220739737,"id":"wn54w0e9ciaprq7"}
