{"type":"operationStart","subtype":"profile","data":{"_id":"ksOdm1eUILlMPk6s","timestamp":"2023-05-16T05:46:25.070Z","state":"queued","mode":"standard","timeout":60000,"creationDate":"2023-05-16T05:46:25.073Z","modificationDate":"2023-05-16T05:46:25.073Z","shortid":"kQ2Cf7P","$entitySet":"profiles"},"doDiffs":false,"timestamp":1684215985072,"id":"ntmrepx38pbsp70","previousOperationId":null,"operationId":"l2rlavwwtdvo9dw"}
{"type":"log","level":"info","message":"Render request 10 queued for execution and waiting for available worker","previousOperationId":"l2rlavwwtdvo9dw","timestamp":1684215985072,"id":"h4wzpqywu4y7r58"}
{"type":"operationStart","subtype":"render","name":"anonymous","previousOperationId":"l2rlavwwtdvo9dw","timestamp":1684215985116,"id":"q4aholf63fl7j3o","previousEventId":"ntmrepx38pbsp70","operationId":"z8fccy2le6f1124"}
{"type":"log","timestamp":1684215985116,"level":"info","message":"Starting rendering request 10","meta":{"rootId":"8zk40a94j1wpkuh","id":"8zk40a94j1wpkuh"},"id":"sa40vqgnjyo2pbc","previousOperationId":"z8fccy2le6f1124"}
{"type":"log","timestamp":1684215985116,"level":"info","message":"Rendering anonymous template { recipe: chrome-pdf, engine: handlebars }","meta":{"rootId":"8zk40a94j1wpkuh","id":"8zk40a94j1wpkuh"},"id":"ljezt22u0wmh6g9","previousOperationId":"z8fccy2le6f1124"}
{"type":"log","timestamp":1684215985116,"level":"debug","message":"Inline data specified.","meta":{"rootId":"8zk40a94j1wpkuh","id":"8zk40a94j1wpkuh"},"id":"aooaf1j9pjo8l4o","previousOperationId":"z8fccy2le6f1124"}
{"type":"log","timestamp":1684215985117,"level":"debug","message":"Base url not specified, skipping its injection.","meta":{"rootId":"8zk40a94j1wpkuh","id":"8zk40a94j1wpkuh"},"id":"o529pgoslv75kni","previousOperationId":"z8fccy2le6f1124"}
{"type":"operationStart","subtype":"engine","name":"handlebars","timestamp":1684215985118,"id":"u9t6psfusvvzs9s","previousEventId":"q4aholf63fl7j3o","operationId":"edxx78con3ujg6e","previousOperationId":"z8fccy2le6f1124"}
{"type":"log","timestamp":1684215985118,"level":"debug","message":"Rendering engine handlebars","meta":{"rootId":"8zk40a94j1wpkuh","id":"8zk40a94j1wpkuh"},"id":"59zr62iyfv5af68","previousOperationId":"edxx78con3ujg6e"}
{"type":"operationEnd","operationId":"edxx78con3ujg6e","timestamp":1684215985135,"id":"3ts5vqu8oyxsqcv","previousEventId":"u9t6psfusvvzs9s","previousOperationId":"edxx78con3ujg6e"}
{"type":"operationStart","subtype":"recipe","name":"chrome-pdf","timestamp":1684215985135,"id":"oq7gcw6g1a8peoc","previousEventId":"3ts5vqu8oyxsqcv","operationId":"awkql3iro5e4cj1","previousOperationId":"edxx78con3ujg6e"}
{"type":"log","timestamp":1684215985135,"level":"debug","message":"Executing recipe chrome-pdf","meta":{"rootId":"8zk40a94j1wpkuh","id":"8zk40a94j1wpkuh"},"id":"m10yfmor55mg34s","previousOperationId":"awkql3iro5e4cj1"}
{"type":"log","timestamp":1684215985139,"level":"debug","message":"Converting with chrome HeadlessChrome/105.0.5173.0 using chrome-pool strategy","meta":{"rootId":"8zk40a94j1wpkuh","id":"8zk40a94j1wpkuh"},"id":"f5sccrofgnamgy2","previousOperationId":"awkql3iro5e4cj1"}
{"type":"log","timestamp":1684215985265,"level":"debug","message":"Page request: GET (document) file:///C:/Users/hp/AppData/Local/Temp/jsreport/autocleanup/0f1ce374-e04c-4ed4-a8a4-5a561f2e6c59-chrome-pdf.html","meta":{"rootId":"8zk40a94j1wpkuh","id":"8zk40a94j1wpkuh"},"id":"b97a3kmi133wbvu","previousOperationId":"awkql3iro5e4cj1"}
{"type":"log","timestamp":1684215985277,"level":"debug","message":"Page request finished: GET (document) 200 file:///C:/Users/hp/AppData/Local/Temp/jsreport/autocleanup/0f1ce374-e04c-4ed4-a8a4-5a561f2e6c59-chrome-pdf.html","meta":{"rootId":"8zk40a94j1wpkuh","id":"8zk40a94j1wpkuh"},"id":"83hjwimm7iab6h7","previousOperationId":"awkql3iro5e4cj1"}
{"type":"log","timestamp":1684215985326,"level":"debug","message":"Running chrome with params {\"timeout\":59932,\"margin\":{},\"printBackground\":true}","meta":{"rootId":"8zk40a94j1wpkuh","id":"8zk40a94j1wpkuh"},"id":"op5j0d1yqqu3d65","previousOperationId":"awkql3iro5e4cj1"}
{"type":"operationEnd","operationId":"awkql3iro5e4cj1","timestamp":1684215985491,"id":"8mqt7xbh7n5ipuf","previousEventId":"oq7gcw6g1a8peoc","previousOperationId":"awkql3iro5e4cj1"}
{"type":"log","timestamp":1684215985491,"level":"debug","message":"Skipping storing report.","meta":{"rootId":"8zk40a94j1wpkuh","id":"8zk40a94j1wpkuh"},"id":"p75e5eck5kbufx7","previousOperationId":"awkql3iro5e4cj1"}
{"type":"log","timestamp":1684215985491,"level":"info","message":"Rendering request 10 finished in 421 ms","meta":{"rootId":"8zk40a94j1wpkuh","id":"8zk40a94j1wpkuh"},"id":"u093lepwhc8jvja","previousOperationId":"awkql3iro5e4cj1"}
{"type":"operationEnd","subtype":"render","operationId":"z8fccy2le6f1124","timestamp":1684215985491,"id":"gradie9uxxo661a","previousEventId":"8mqt7xbh7n5ipuf","previousOperationId":"awkql3iro5e4cj1"}
{"type":"operationEnd","doDiffs":false,"previousEventId":"ntmrepx38pbsp70","previousOperationId":"l2rlavwwtdvo9dw","operationId":"l2rlavwwtdvo9dw","timestamp":1684215985494,"id":"gubis0h645wygj0"}
