{"type":"operationStart","subtype":"profile","data":{"_id":"zYZjIQ9N0W09MSgQ","timestamp":"2023-04-10T10:05:11.091Z","state":"queued","mode":"standard","timeout":60000,"creationDate":"2023-04-10T10:05:11.104Z","modificationDate":"2023-04-10T10:05:11.104Z","shortid":"MAsNAxm","$entitySet":"profiles"},"doDiffs":false,"timestamp":1681121111101,"id":"gg5fx43iw1innfa","previousOperationId":null,"operationId":"axc1hdruz72l5xt"}
{"type":"log","level":"info","message":"Render request 1 queued for execution and waiting for available worker","previousOperationId":"axc1hdruz72l5xt","timestamp":1681121111101,"id":"dtjvkqx4awi7wzd"}
{"type":"operationStart","subtype":"render","name":"anonymous","previousOperationId":"axc1hdruz72l5xt","timestamp":1681121111156,"id":"cuoj2c90i29cj3t","previousEventId":"gg5fx43iw1innfa","operationId":"2affqtdqkp9f4in"}
{"type":"log","timestamp":1681121111157,"level":"info","message":"Starting rendering request 1","meta":{"rootId":"90rxjt1vvukfrw6","id":"90rxjt1vvukfrw6"},"id":"s98u85xp098ydrc","previousOperationId":"2affqtdqkp9f4in"}
{"type":"log","timestamp":1681121111159,"level":"info","message":"Rendering anonymous template { recipe: chrome-pdf, engine: handlebars }","meta":{"rootId":"90rxjt1vvukfrw6","id":"90rxjt1vvukfrw6"},"id":"ny7abjnwn6h5siw","previousOperationId":"2affqtdqkp9f4in"}
{"type":"log","timestamp":1681121111160,"level":"debug","message":"Inline data specified.","meta":{"rootId":"90rxjt1vvukfrw6","id":"90rxjt1vvukfrw6"},"id":"zfvb3x5o3xx68r9","previousOperationId":"2affqtdqkp9f4in"}
{"type":"log","timestamp":1681121111169,"level":"debug","message":"Base url not specified, skipping its injection.","meta":{"rootId":"90rxjt1vvukfrw6","id":"90rxjt1vvukfrw6"},"id":"jpgq3oo25w9oyoi","previousOperationId":"2affqtdqkp9f4in"}
{"type":"operationStart","subtype":"engine","name":"handlebars","timestamp":1681121111170,"id":"3hb6hrl4y3gfj6u","previousEventId":"cuoj2c90i29cj3t","operationId":"bj5xfwne78427nz","previousOperationId":"2affqtdqkp9f4in"}
{"type":"log","timestamp":1681121111170,"level":"debug","message":"Rendering engine handlebars","meta":{"rootId":"90rxjt1vvukfrw6","id":"90rxjt1vvukfrw6"},"id":"ur45pzuzq21y8kh","previousOperationId":"bj5xfwne78427nz"}
{"type":"operationEnd","operationId":"bj5xfwne78427nz","timestamp":1681121112534,"id":"qd26wr9nc9nhkbp","previousEventId":"3hb6hrl4y3gfj6u","previousOperationId":"bj5xfwne78427nz"}
{"type":"operationStart","subtype":"recipe","name":"chrome-pdf","timestamp":1681121112535,"id":"jrpgbkos3ym9jxy","previousEventId":"qd26wr9nc9nhkbp","operationId":"6xe9t2n26d0l5b5","previousOperationId":"bj5xfwne78427nz"}
{"type":"log","timestamp":1681121112535,"level":"debug","message":"Executing recipe chrome-pdf","meta":{"rootId":"90rxjt1vvukfrw6","id":"90rxjt1vvukfrw6"},"id":"zyh7y4aqrhfc4mr","previousOperationId":"6xe9t2n26d0l5b5"}
{"type":"log","timestamp":1681121113269,"level":"debug","message":"Converting with chrome HeadlessChrome/105.0.5173.0 using chrome-pool strategy","meta":{"rootId":"90rxjt1vvukfrw6","id":"90rxjt1vvukfrw6"},"id":"zlx56hnx2l5pxoa","previousOperationId":"6xe9t2n26d0l5b5"}
{"type":"log","timestamp":1681121113523,"level":"debug","message":"Page request: GET (document) file:///C:/Users/SACHIN~1/AppData/Local/Temp/jsreport/autocleanup/8cba71a3-06c0-4625-b7b0-1c46a78a4a4a-chrome-pdf.html","meta":{"rootId":"90rxjt1vvukfrw6","id":"90rxjt1vvukfrw6"},"id":"3urrmjtn24dsram","previousOperationId":"6xe9t2n26d0l5b5"}
{"type":"log","timestamp":1681121113538,"level":"debug","message":"Page request finished: GET (document) 200 file:///C:/Users/SACHIN~1/AppData/Local/Temp/jsreport/autocleanup/8cba71a3-06c0-4625-b7b0-1c46a78a4a4a-chrome-pdf.html","meta":{"rootId":"90rxjt1vvukfrw6","id":"90rxjt1vvukfrw6"},"id":"r4mzy7paupyszt8","previousOperationId":"6xe9t2n26d0l5b5"}
{"type":"log","timestamp":1681121113538,"level":"debug","message":"Page request: GET (stylesheet) https://stackpath.bootstrapcdn.com/bootstrap/4.4.1/css/bootstrap.min.css","meta":{"rootId":"90rxjt1vvukfrw6","id":"90rxjt1vvukfrw6"},"id":"6tjoe0r1jq1j5bg","previousOperationId":"6xe9t2n26d0l5b5"}
{"type":"log","timestamp":1681121113539,"level":"debug","message":"Page request: GET (image) https://assets-global.website-files.com/5ca4d1fd374efbecd845739f/611be296e1ecb589c495418a_JAS%20and%20Greencarrier.png","meta":{"rootId":"90rxjt1vvukfrw6","id":"90rxjt1vvukfrw6"},"id":"ljsxfv15wlz46p2","previousOperationId":"6xe9t2n26d0l5b5"}
{"type":"log","timestamp":1681121116610,"level":"debug","message":"Page request finished: GET (image) 200 https://assets-global.website-files.com/5ca4d1fd374efbecd845739f/611be296e1ecb589c495418a_JAS%20and%20Greencarrier.png","meta":{"rootId":"90rxjt1vvukfrw6","id":"90rxjt1vvukfrw6"},"id":"ok1biefywi1gqen","previousOperationId":"6xe9t2n26d0l5b5"}
{"type":"log","timestamp":1681121116621,"level":"debug","message":"Page request finished: GET (stylesheet) 200 https://stackpath.bootstrapcdn.com/bootstrap/4.4.1/css/bootstrap.min.css","meta":{"rootId":"90rxjt1vvukfrw6","id":"90rxjt1vvukfrw6"},"id":"r2yjdk49t9eqqne","previousOperationId":"6xe9t2n26d0l5b5"}
{"type":"log","timestamp":1681121116804,"level":"debug","message":"Running chrome with params {\"timeout\":58304,\"margin\":{},\"printBackground\":true}","meta":{"rootId":"90rxjt1vvukfrw6","id":"90rxjt1vvukfrw6"},"id":"33o88merlxrnyuh","previousOperationId":"6xe9t2n26d0l5b5"}
{"type":"operationEnd","operationId":"6xe9t2n26d0l5b5","timestamp":1681121117114,"id":"06yhpc2svo61f54","previousEventId":"jrpgbkos3ym9jxy","previousOperationId":"6xe9t2n26d0l5b5"}
{"type":"log","timestamp":1681121117114,"level":"debug","message":"Skipping storing report.","meta":{"rootId":"90rxjt1vvukfrw6","id":"90rxjt1vvukfrw6"},"id":"prg75sbz2xgjtt7","previousOperationId":"6xe9t2n26d0l5b5"}
{"type":"log","timestamp":1681121117115,"level":"info","message":"Rendering request 1 finished in 6025 ms","meta":{"rootId":"90rxjt1vvukfrw6","id":"90rxjt1vvukfrw6"},"id":"6h0d9zwqd0tynqz","previousOperationId":"6xe9t2n26d0l5b5"}
{"type":"operationEnd","subtype":"render","operationId":"2affqtdqkp9f4in","timestamp":1681121117115,"id":"by3y0e8kf2jrjl9","previousEventId":"06yhpc2svo61f54","previousOperationId":"6xe9t2n26d0l5b5"}
{"type":"operationEnd","doDiffs":false,"previousEventId":"gg5fx43iw1innfa","previousOperationId":"axc1hdruz72l5xt","operationId":"axc1hdruz72l5xt","timestamp":1681121117118,"id":"d8ai70dp5u0o0rw"}
