{"type":"operationStart","subtype":"profile","data":{"_id":"XqQ24LL2dudKgH8X","timestamp":"2023-05-16T07:01:02.674Z","state":"queued","mode":"standard","timeout":60000,"creationDate":"2023-05-16T07:01:02.678Z","modificationDate":"2023-05-16T07:01:02.678Z","shortid":"sU7Sz6M","$entitySet":"profiles"},"doDiffs":false,"timestamp":1684220462677,"id":"lg9if5ky3jh7vhj","previousOperationId":null,"operationId":"i71usorfe8zncgc"}
{"type":"log","level":"info","message":"Render request 5 queued for execution and waiting for available worker","previousOperationId":"i71usorfe8zncgc","timestamp":1684220462677,"id":"s4skkxbergv72th"}
{"type":"operationStart","subtype":"render","name":"anonymous","previousOperationId":"i71usorfe8zncgc","timestamp":1684220462683,"id":"c2703swqy61yiyz","previousEventId":"lg9if5ky3jh7vhj","operationId":"dag5w0s3zsm3foj"}
{"type":"log","timestamp":1684220462683,"level":"info","message":"Starting rendering request 5","meta":{"rootId":"966si6sy4m4bip3","id":"966si6sy4m4bip3"},"id":"m62i72afwbw9o5j","previousOperationId":"dag5w0s3zsm3foj"}
{"type":"log","timestamp":1684220462683,"level":"info","message":"Rendering anonymous template { recipe: chrome-pdf, engine: handlebars }","meta":{"rootId":"966si6sy4m4bip3","id":"966si6sy4m4bip3"},"id":"nmu5efnrnhws511","previousOperationId":"dag5w0s3zsm3foj"}
{"type":"log","timestamp":1684220462683,"level":"debug","message":"Inline data specified.","meta":{"rootId":"966si6sy4m4bip3","id":"966si6sy4m4bip3"},"id":"1vg18slm0q88e20","previousOperationId":"dag5w0s3zsm3foj"}
{"type":"log","timestamp":1684220462685,"level":"debug","message":"Base url not specified, skipping its injection.","meta":{"rootId":"966si6sy4m4bip3","id":"966si6sy4m4bip3"},"id":"dzlxxi5mv902oea","previousOperationId":"dag5w0s3zsm3foj"}
{"type":"operationStart","subtype":"engine","name":"handlebars","timestamp":1684220462685,"id":"chilcpkxvb41ht0","previousEventId":"c2703swqy61yiyz","operationId":"kcgw8z4d9npbo1n","previousOperationId":"dag5w0s3zsm3foj"}
{"type":"log","timestamp":1684220462685,"level":"debug","message":"Rendering engine handlebars","meta":{"rootId":"966si6sy4m4bip3","id":"966si6sy4m4bip3"},"id":"mb3i62ly78aos3f","previousOperationId":"kcgw8z4d9npbo1n"}
{"type":"operationEnd","operationId":"kcgw8z4d9npbo1n","timestamp":1684220462700,"id":"sw1drun1z11e9xz","previousEventId":"chilcpkxvb41ht0","previousOperationId":"kcgw8z4d9npbo1n"}
{"type":"operationStart","subtype":"recipe","name":"chrome-pdf","timestamp":1684220462700,"id":"h9gz31hr5ysz2bw","previousEventId":"sw1drun1z11e9xz","operationId":"nwp9e55rhh4ynk6","previousOperationId":"kcgw8z4d9npbo1n"}
{"type":"log","timestamp":1684220462700,"level":"debug","message":"Executing recipe chrome-pdf","meta":{"rootId":"966si6sy4m4bip3","id":"966si6sy4m4bip3"},"id":"eyogyiffsh6mywj","previousOperationId":"nwp9e55rhh4ynk6"}
{"type":"log","timestamp":1684220462711,"level":"debug","message":"Converting with chrome HeadlessChrome/105.0.5173.0 using chrome-pool strategy","meta":{"rootId":"966si6sy4m4bip3","id":"966si6sy4m4bip3"},"id":"i8gqvobvlt8pml7","previousOperationId":"nwp9e55rhh4ynk6"}
{"type":"log","timestamp":1684220462870,"level":"debug","message":"Page request: GET (document) file:///C:/Users/hp/AppData/Local/Temp/jsreport/autocleanup/4b81d94d-ae8f-40b9-aef6-1fd341f4f393-chrome-pdf.html","meta":{"rootId":"966si6sy4m4bip3","id":"966si6sy4m4bip3"},"id":"13prey3ebj8i2ym","previousOperationId":"nwp9e55rhh4ynk6"}
{"type":"log","timestamp":1684220462884,"level":"debug","message":"Page request finished: GET (document) 200 file:///C:/Users/hp/AppData/Local/Temp/jsreport/autocleanup/4b81d94d-ae8f-40b9-aef6-1fd341f4f393-chrome-pdf.html","meta":{"rootId":"966si6sy4m4bip3","id":"966si6sy4m4bip3"},"id":"4mg63wt4whrtv80","previousOperationId":"nwp9e55rhh4ynk6"}
{"type":"log","timestamp":1684220462933,"level":"debug","message":"Running chrome with params {\"timeout\":59972,\"margin\":{},\"printBackground\":true}","meta":{"rootId":"966si6sy4m4bip3","id":"966si6sy4m4bip3"},"id":"5rut6lb3tl96wsz","previousOperationId":"nwp9e55rhh4ynk6"}
{"type":"operationEnd","operationId":"nwp9e55rhh4ynk6","timestamp":1684220463149,"id":"nl2fhxqdsa0ytgk","previousEventId":"h9gz31hr5ysz2bw","previousOperationId":"nwp9e55rhh4ynk6"}
{"type":"log","timestamp":1684220463149,"level":"debug","message":"Skipping storing report.","meta":{"rootId":"966si6sy4m4bip3","id":"966si6sy4m4bip3"},"id":"jyk5nivvl59iz6d","previousOperationId":"nwp9e55rhh4ynk6"}
{"type":"log","timestamp":1684220463149,"level":"info","message":"Rendering request 5 finished in 475 ms","meta":{"rootId":"966si6sy4m4bip3","id":"966si6sy4m4bip3"},"id":"0nuhga3g6tiie7k","previousOperationId":"nwp9e55rhh4ynk6"}
{"type":"operationEnd","subtype":"render","operationId":"dag5w0s3zsm3foj","timestamp":1684220463149,"id":"ncin45vh1q628hd","previousEventId":"nl2fhxqdsa0ytgk","previousOperationId":"nwp9e55rhh4ynk6"}
{"type":"operationEnd","doDiffs":false,"previousEventId":"lg9if5ky3jh7vhj","previousOperationId":"i71usorfe8zncgc","operationId":"i71usorfe8zncgc","timestamp":1684220463152,"id":"ukhe55cmrrvrjad"}
