{"type":"operationStart","subtype":"profile","data":{"_id":"jGF31Vj4boo8kx62","timestamp":"2023-05-16T05:44:52.670Z","state":"queued","mode":"standard","timeout":60000,"creationDate":"2023-05-16T05:44:52.673Z","modificationDate":"2023-05-16T05:44:52.673Z","shortid":"AQrFSYL","$entitySet":"profiles"},"doDiffs":false,"timestamp":1684215892672,"id":"wprlf1hhxxr0a79","previousOperationId":null,"operationId":"0biy9pus1lrk4rb"}
{"type":"log","level":"info","message":"Render request 8 queued for execution and waiting for available worker","previousOperationId":"0biy9pus1lrk4rb","timestamp":1684215892672,"id":"4f7ymqyqikr1dbq"}
{"type":"operationStart","subtype":"render","name":"anonymous","previousOperationId":"0biy9pus1lrk4rb","timestamp":1684215892677,"id":"tf3t56i7b85j8zr","previousEventId":"wprlf1hhxxr0a79","operationId":"d1x5m5q9n4ft8hf"}
{"type":"log","timestamp":1684215892677,"level":"info","message":"Starting rendering request 8","meta":{"rootId":"9klr1qxbcxmvsy3","id":"9klr1qxbcxmvsy3"},"id":"gyqspil020pcxja","previousOperationId":"d1x5m5q9n4ft8hf"}
{"type":"log","timestamp":1684215892677,"level":"info","message":"Rendering anonymous template { recipe: chrome-pdf, engine: handlebars }","meta":{"rootId":"9klr1qxbcxmvsy3","id":"9klr1qxbcxmvsy3"},"id":"z0i137os9qql6rl","previousOperationId":"d1x5m5q9n4ft8hf"}
{"type":"log","timestamp":1684215892677,"level":"debug","message":"Inline data specified.","meta":{"rootId":"9klr1qxbcxmvsy3","id":"9klr1qxbcxmvsy3"},"id":"btr7dbu53moppup","previousOperationId":"d1x5m5q9n4ft8hf"}
{"type":"log","timestamp":1684215892678,"level":"debug","message":"Base url not specified, skipping its injection.","meta":{"rootId":"9klr1qxbcxmvsy3","id":"9klr1qxbcxmvsy3"},"id":"jxb4n8e2scqwvfi","previousOperationId":"d1x5m5q9n4ft8hf"}
{"type":"operationStart","subtype":"engine","name":"handlebars","timestamp":1684215892678,"id":"r3gizmuo8bp46fn","previousEventId":"tf3t56i7b85j8zr","operationId":"hidb166i1spi0er","previousOperationId":"d1x5m5q9n4ft8hf"}
{"type":"log","timestamp":1684215892678,"level":"debug","message":"Rendering engine handlebars","meta":{"rootId":"9klr1qxbcxmvsy3","id":"9klr1qxbcxmvsy3"},"id":"g7r0j27nswskui8","previousOperationId":"hidb166i1spi0er"}
{"type":"operationEnd","operationId":"hidb166i1spi0er","timestamp":1684215892686,"id":"p8nxsd0elke8ivu","previousEventId":"r3gizmuo8bp46fn","previousOperationId":"hidb166i1spi0er"}
{"type":"operationStart","subtype":"recipe","name":"chrome-pdf","timestamp":1684215892686,"id":"af5o5gx7y7za6ib","previousEventId":"p8nxsd0elke8ivu","operationId":"pdqiisso70xteq3","previousOperationId":"hidb166i1spi0er"}
{"type":"log","timestamp":1684215892686,"level":"debug","message":"Executing recipe chrome-pdf","meta":{"rootId":"9klr1qxbcxmvsy3","id":"9klr1qxbcxmvsy3"},"id":"26p5wr84t737a8k","previousOperationId":"pdqiisso70xteq3"}
{"type":"log","timestamp":1684215892688,"level":"debug","message":"Converting with chrome HeadlessChrome/105.0.5173.0 using chrome-pool strategy","meta":{"rootId":"9klr1qxbcxmvsy3","id":"9klr1qxbcxmvsy3"},"id":"0odpmo7dt6gkook","previousOperationId":"pdqiisso70xteq3"}
{"type":"log","timestamp":1684215892819,"level":"debug","message":"Page request: GET (document) file:///C:/Users/hp/AppData/Local/Temp/jsreport/autocleanup/2d267746-1be7-4820-817a-a337066dd2db-chrome-pdf.html","meta":{"rootId":"9klr1qxbcxmvsy3","id":"9klr1qxbcxmvsy3"},"id":"kii6b4w3h8w9qqi","previousOperationId":"pdqiisso70xteq3"}
{"type":"log","timestamp":1684215892831,"level":"debug","message":"Page request finished: GET (document) 200 file:///C:/Users/hp/AppData/Local/Temp/jsreport/autocleanup/2d267746-1be7-4820-817a-a337066dd2db-chrome-pdf.html","meta":{"rootId":"9klr1qxbcxmvsy3","id":"9klr1qxbcxmvsy3"},"id":"nnll8b2g1q1bc5j","previousOperationId":"pdqiisso70xteq3"}
{"type":"log","timestamp":1684215892881,"level":"debug","message":"Running chrome with params {\"timeout\":59983,\"margin\":{},\"printBackground\":true}","meta":{"rootId":"9klr1qxbcxmvsy3","id":"9klr1qxbcxmvsy3"},"id":"1d9hk43r6nelcoq","previousOperationId":"pdqiisso70xteq3"}
{"type":"operationEnd","operationId":"pdqiisso70xteq3","timestamp":1684215893095,"id":"a0h53dn4jeu990b","previousEventId":"af5o5gx7y7za6ib","previousOperationId":"pdqiisso70xteq3"}
{"type":"log","timestamp":1684215893095,"level":"debug","message":"Skipping storing report.","meta":{"rootId":"9klr1qxbcxmvsy3","id":"9klr1qxbcxmvsy3"},"id":"rhez2t5a223hz0e","previousOperationId":"pdqiisso70xteq3"}
{"type":"log","timestamp":1684215893095,"level":"info","message":"Rendering request 8 finished in 425 ms","meta":{"rootId":"9klr1qxbcxmvsy3","id":"9klr1qxbcxmvsy3"},"id":"i05064ussjejhsc","previousOperationId":"pdqiisso70xteq3"}
{"type":"operationEnd","subtype":"render","operationId":"d1x5m5q9n4ft8hf","timestamp":1684215893095,"id":"di0f991idip9ia6","previousEventId":"a0h53dn4jeu990b","previousOperationId":"pdqiisso70xteq3"}
{"type":"operationEnd","doDiffs":false,"previousEventId":"wprlf1hhxxr0a79","previousOperationId":"0biy9pus1lrk4rb","operationId":"0biy9pus1lrk4rb","timestamp":1684215893099,"id":"e7zu0u44eiq9rtw"}
