{"type":"operationStart","subtype":"profile","data":{"_id":"MSwYdIgTXLnkPfqL","timestamp":"2023-04-18T13:46:58.839Z","state":"queued","mode":"standard","timeout":60000,"creationDate":"2023-04-18T13:46:58.844Z","modificationDate":"2023-04-18T13:46:58.844Z","shortid":"u1uoHJM","$entitySet":"profiles"},"doDiffs":false,"timestamp":1681825618841,"id":"nazd2txg8241970","previousOperationId":null,"operationId":"j2xhjaj9gtodwmz"}
{"type":"log","level":"info","message":"Render request 2 queued for execution and waiting for available worker","previousOperationId":"j2xhjaj9gtodwmz","timestamp":1681825618841,"id":"s9vx5vdmtgm9nf3"}
{"type":"operationStart","subtype":"render","name":"anonymous","previousOperationId":"j2xhjaj9gtodwmz","timestamp":1681825618851,"id":"oghle3davzbn9eq","previousEventId":"nazd2txg8241970","operationId":"s30gsixwh1ts68u"}
{"type":"log","timestamp":1681825618852,"level":"info","message":"Starting rendering request 2","meta":{"rootId":"9vwcpt1tv7273ei","id":"9vwcpt1tv7273ei"},"id":"er30aqo9cq8mg7d","previousOperationId":"s30gsixwh1ts68u"}
{"type":"log","timestamp":1681825618852,"level":"info","message":"Rendering anonymous template { recipe: chrome-pdf, engine: handlebars }","meta":{"rootId":"9vwcpt1tv7273ei","id":"9vwcpt1tv7273ei"},"id":"h34keg54hfhcm78","previousOperationId":"s30gsixwh1ts68u"}
{"type":"log","timestamp":1681825618852,"level":"debug","message":"Inline data specified.","meta":{"rootId":"9vwcpt1tv7273ei","id":"9vwcpt1tv7273ei"},"id":"prp73rjkdfnditt","previousOperationId":"s30gsixwh1ts68u"}
{"type":"log","timestamp":1681825618855,"level":"debug","message":"Base url not specified, skipping its injection.","meta":{"rootId":"9vwcpt1tv7273ei","id":"9vwcpt1tv7273ei"},"id":"u6j8427aswur1t5","previousOperationId":"s30gsixwh1ts68u"}
{"type":"operationStart","subtype":"engine","name":"handlebars","timestamp":1681825618856,"id":"fy5d5bkfa8q0can","previousEventId":"oghle3davzbn9eq","operationId":"9uhni9ovmwxin1c","previousOperationId":"s30gsixwh1ts68u"}
{"type":"log","timestamp":1681825618856,"level":"debug","message":"Rendering engine handlebars","meta":{"rootId":"9vwcpt1tv7273ei","id":"9vwcpt1tv7273ei"},"id":"ngtu0pju50lvuwv","previousOperationId":"9uhni9ovmwxin1c"}
{"type":"operationEnd","operationId":"9uhni9ovmwxin1c","timestamp":1681825618876,"id":"v40dcclg1bdems9","previousEventId":"fy5d5bkfa8q0can","previousOperationId":"9uhni9ovmwxin1c"}
{"type":"operationStart","subtype":"recipe","name":"chrome-pdf","timestamp":1681825618878,"id":"xzmn01eg2usn132","previousEventId":"v40dcclg1bdems9","operationId":"6x8rn57tg497ghl","previousOperationId":"9uhni9ovmwxin1c"}
{"type":"log","timestamp":1681825618878,"level":"debug","message":"Executing recipe chrome-pdf","meta":{"rootId":"9vwcpt1tv7273ei","id":"9vwcpt1tv7273ei"},"id":"ltc01heo16x31fk","previousOperationId":"6x8rn57tg497ghl"}
{"type":"log","timestamp":1681825618928,"level":"debug","message":"Converting with chrome HeadlessChrome/105.0.5173.0 using chrome-pool strategy","meta":{"rootId":"9vwcpt1tv7273ei","id":"9vwcpt1tv7273ei"},"id":"7r7uid6rrqbf5k9","previousOperationId":"6x8rn57tg497ghl"}
{"type":"log","timestamp":1681825619279,"level":"debug","message":"Page request: GET (document) file:///C:/Users/SACHIN~1/AppData/Local/Temp/jsreport/autocleanup/e22b29c4-9766-48d7-a151-3db06075acfa-chrome-pdf.html","meta":{"rootId":"9vwcpt1tv7273ei","id":"9vwcpt1tv7273ei"},"id":"nxh0rdjdp9bbyee","previousOperationId":"6x8rn57tg497ghl"}
{"type":"log","timestamp":1681825619291,"level":"debug","message":"Page request finished: GET (document) 200 file:///C:/Users/SACHIN~1/AppData/Local/Temp/jsreport/autocleanup/e22b29c4-9766-48d7-a151-3db06075acfa-chrome-pdf.html","meta":{"rootId":"9vwcpt1tv7273ei","id":"9vwcpt1tv7273ei"},"id":"jlue2ipcps8ivbn","previousOperationId":"6x8rn57tg497ghl"}
{"type":"log","timestamp":1681825619291,"level":"debug","message":"Page request: GET (stylesheet) https://stackpath.bootstrapcdn.com/bootstrap/4.4.1/css/bootstrap.min.css","meta":{"rootId":"9vwcpt1tv7273ei","id":"9vwcpt1tv7273ei"},"id":"85krr3u84gszgqi","previousOperationId":"6x8rn57tg497ghl"}
{"type":"log","timestamp":1681825619292,"level":"debug","message":"Page request: GET (image) https://assets-global.website-files.com/5ca4d1fd374efbecd845739f/611be296e1ecb589c495418a_JAS%20and%20Greencarrier.png","meta":{"rootId":"9vwcpt1tv7273ei","id":"9vwcpt1tv7273ei"},"id":"5dy9h76gt8yz5vp","previousOperationId":"6x8rn57tg497ghl"}
{"type":"log","timestamp":1681825619300,"level":"debug","message":"Page request finished: GET (image) 200 https://assets-global.website-files.com/5ca4d1fd374efbecd845739f/611be296e1ecb589c495418a_JAS%20and%20Greencarrier.png","meta":{"rootId":"9vwcpt1tv7273ei","id":"9vwcpt1tv7273ei"},"id":"msu54ofx82ul8nb","previousOperationId":"6x8rn57tg497ghl"}
{"type":"log","timestamp":1681825619304,"level":"debug","message":"Page request finished: GET (stylesheet) 200 https://stackpath.bootstrapcdn.com/bootstrap/4.4.1/css/bootstrap.min.css","meta":{"rootId":"9vwcpt1tv7273ei","id":"9vwcpt1tv7273ei"},"id":"bg8o53ztop5bfem","previousOperationId":"6x8rn57tg497ghl"}
{"type":"log","timestamp":1681825619373,"level":"debug","message":"Running chrome with params {\"timeout\":59957,\"margin\":{},\"printBackground\":true}","meta":{"rootId":"9vwcpt1tv7273ei","id":"9vwcpt1tv7273ei"},"id":"mrv7ocnlqcqf40r","previousOperationId":"6x8rn57tg497ghl"}
{"type":"operationEnd","operationId":"6x8rn57tg497ghl","timestamp":1681825619674,"id":"bqocr066ojga3p8","previousEventId":"xzmn01eg2usn132","previousOperationId":"6x8rn57tg497ghl"}
{"type":"log","timestamp":1681825619674,"level":"debug","message":"Skipping storing report.","meta":{"rootId":"9vwcpt1tv7273ei","id":"9vwcpt1tv7273ei"},"id":"4n02gtv8pbxod0z","previousOperationId":"6x8rn57tg497ghl"}
{"type":"log","timestamp":1681825619675,"level":"info","message":"Rendering request 2 finished in 837 ms","meta":{"rootId":"9vwcpt1tv7273ei","id":"9vwcpt1tv7273ei"},"id":"hbw0a7f7jg6jzp9","previousOperationId":"6x8rn57tg497ghl"}
{"type":"operationEnd","subtype":"render","operationId":"s30gsixwh1ts68u","timestamp":1681825619675,"id":"wod2zr8gm0idk84","previousEventId":"bqocr066ojga3p8","previousOperationId":"6x8rn57tg497ghl"}
{"type":"operationEnd","doDiffs":false,"previousEventId":"nazd2txg8241970","previousOperationId":"j2xhjaj9gtodwmz","operationId":"j2xhjaj9gtodwmz","timestamp":1681825619680,"id":"7m6gm1xdzmvjfdq"}
