{"type":"operationStart","subtype":"profile","data":{"_id":"mV5m016aayvnAkmv","timestamp":"2023-05-17T18:58:28.755Z","state":"queued","mode":"standard","timeout":60000,"creationDate":"2023-05-17T18:58:28.758Z","modificationDate":"2023-05-17T18:58:28.758Z","shortid":"2nZs1u0","$entitySet":"profiles"},"doDiffs":false,"timestamp":1684349908757,"id":"e0iae0iwngbpemu","previousOperationId":null,"operationId":"jr1fhgg6eak5n7c"}
{"type":"log","level":"info","message":"Render request 1 queued for execution and waiting for available worker","previousOperationId":"jr1fhgg6eak5n7c","timestamp":1684349908757,"id":"qz412ny83d9k9g2"}
{"type":"operationStart","subtype":"render","name":"anonymous","previousOperationId":"jr1fhgg6eak5n7c","timestamp":1684349908771,"id":"qq1sk0uvh8com0s","previousEventId":"e0iae0iwngbpemu","operationId":"rk53g5jz5pxcn18"}
{"type":"log","timestamp":1684349908772,"level":"info","message":"Starting rendering request 1","meta":{"rootId":"a6xbmupu1apkcco","id":"a6xbmupu1apkcco"},"id":"7x5ufwcvqn8p79w","previousOperationId":"rk53g5jz5pxcn18"}
{"type":"log","timestamp":1684349908773,"level":"info","message":"Rendering anonymous template { recipe: chrome-pdf, engine: handlebars }","meta":{"rootId":"a6xbmupu1apkcco","id":"a6xbmupu1apkcco"},"id":"ncan3scr5s4f0ke","previousOperationId":"rk53g5jz5pxcn18"}
{"type":"log","timestamp":1684349908774,"level":"debug","message":"Inline data specified.","meta":{"rootId":"a6xbmupu1apkcco","id":"a6xbmupu1apkcco"},"id":"skboi3m9847odk9","previousOperationId":"rk53g5jz5pxcn18"}
{"type":"log","timestamp":1684349908776,"level":"debug","message":"Base url not specified, skipping its injection.","meta":{"rootId":"a6xbmupu1apkcco","id":"a6xbmupu1apkcco"},"id":"ywl2azmcr4rcfwp","previousOperationId":"rk53g5jz5pxcn18"}
{"type":"operationStart","subtype":"engine","name":"handlebars","timestamp":1684349908777,"id":"9uqdzyb7hario9m","previousEventId":"qq1sk0uvh8com0s","operationId":"e9dcv3ehg2w4a36","previousOperationId":"rk53g5jz5pxcn18"}
{"type":"log","timestamp":1684349908777,"level":"debug","message":"Rendering engine handlebars","meta":{"rootId":"a6xbmupu1apkcco","id":"a6xbmupu1apkcco"},"id":"07edk4gffetilv1","previousOperationId":"e9dcv3ehg2w4a36"}
{"type":"operationEnd","operationId":"e9dcv3ehg2w4a36","timestamp":1684349909317,"id":"t3xlvpturr4bmns","previousEventId":"9uqdzyb7hario9m","previousOperationId":"e9dcv3ehg2w4a36"}
{"type":"operationStart","subtype":"recipe","name":"chrome-pdf","timestamp":1684349909318,"id":"3lmqcnnv7wj0x81","previousEventId":"t3xlvpturr4bmns","operationId":"bgmrlq2f2a2lzkn","previousOperationId":"e9dcv3ehg2w4a36"}
{"type":"log","timestamp":1684349909318,"level":"debug","message":"Executing recipe chrome-pdf","meta":{"rootId":"a6xbmupu1apkcco","id":"a6xbmupu1apkcco"},"id":"zympxmp6qa3kg7c","previousOperationId":"bgmrlq2f2a2lzkn"}
{"type":"log","timestamp":1684349909656,"level":"debug","message":"Converting with chrome HeadlessChrome/105.0.5173.0 using chrome-pool strategy","meta":{"rootId":"a6xbmupu1apkcco","id":"a6xbmupu1apkcco"},"id":"uwf7xb7yfld0aa8","previousOperationId":"bgmrlq2f2a2lzkn"}
{"type":"log","timestamp":1684349909821,"level":"debug","message":"Page request: GET (document) file:///C:/Users/SACHIN~1/AppData/Local/Temp/jsreport/autocleanup/0ead72d7-1f62-4a61-96e7-6578ccfc2214-chrome-pdf.html","meta":{"rootId":"a6xbmupu1apkcco","id":"a6xbmupu1apkcco"},"id":"98qlyeber2x4wl3","previousOperationId":"bgmrlq2f2a2lzkn"}
{"type":"log","timestamp":1684349909832,"level":"debug","message":"Page request finished: GET (document) 200 file:///C:/Users/SACHIN~1/AppData/Local/Temp/jsreport/autocleanup/0ead72d7-1f62-4a61-96e7-6578ccfc2214-chrome-pdf.html","meta":{"rootId":"a6xbmupu1apkcco","id":"a6xbmupu1apkcco"},"id":"0cr6dysyp3hvsvo","previousOperationId":"bgmrlq2f2a2lzkn"}
{"type":"log","timestamp":1684349909876,"level":"debug","message":"Running chrome with params {\"timeout\":59269,\"margin\":{},\"printBackground\":true}","meta":{"rootId":"a6xbmupu1apkcco","id":"a6xbmupu1apkcco"},"id":"nlpncceip9unrn2","previousOperationId":"bgmrlq2f2a2lzkn"}
{"type":"operationEnd","operationId":"bgmrlq2f2a2lzkn","timestamp":1684349910082,"id":"qfpu4hcn0uaf8m2","previousEventId":"3lmqcnnv7wj0x81","previousOperationId":"bgmrlq2f2a2lzkn"}
{"type":"log","timestamp":1684349910084,"level":"debug","message":"Skipping storing report.","meta":{"rootId":"a6xbmupu1apkcco","id":"a6xbmupu1apkcco"},"id":"kna2aiw47ug1duz","previousOperationId":"bgmrlq2f2a2lzkn"}
{"type":"log","timestamp":1684349910084,"level":"info","message":"Rendering request 1 finished in 1330 ms","meta":{"rootId":"a6xbmupu1apkcco","id":"a6xbmupu1apkcco"},"id":"utewv0zr7b57xlk","previousOperationId":"bgmrlq2f2a2lzkn"}
{"type":"operationEnd","subtype":"render","operationId":"rk53g5jz5pxcn18","timestamp":1684349910084,"id":"k5ib2cwmshwfx3l","previousEventId":"qfpu4hcn0uaf8m2","previousOperationId":"bgmrlq2f2a2lzkn"}
{"type":"operationEnd","doDiffs":false,"previousEventId":"e0iae0iwngbpemu","previousOperationId":"jr1fhgg6eak5n7c","operationId":"jr1fhgg6eak5n7c","timestamp":1684349910089,"id":"c0wswnswo664v2u"}
