{"type":"operationStart","subtype":"profile","data":{"_id":"fRsY5oqQUSecomV0","timestamp":"2023-05-16T09:22:11.351Z","state":"queued","mode":"standard","timeout":60000,"creationDate":"2023-05-16T09:22:11.355Z","modificationDate":"2023-05-16T09:22:11.355Z","shortid":"yJBDXZj","$entitySet":"profiles"},"doDiffs":false,"timestamp":1684228931353,"id":"ywq2spzfn8pbden","previousOperationId":null,"operationId":"nwhto9k4m0z73ld"}
{"type":"log","level":"info","message":"Render request 2 queued for execution and waiting for available worker","previousOperationId":"nwhto9k4m0z73ld","timestamp":1684228931353,"id":"hmllw6v0k9e3shx"}
{"type":"operationStart","subtype":"render","name":"anonymous","previousOperationId":"nwhto9k4m0z73ld","timestamp":1684228931359,"id":"d86cgxh9x9kfby0","previousEventId":"ywq2spzfn8pbden","operationId":"ghscwr44cjzlk7y"}
{"type":"log","timestamp":1684228931359,"level":"info","message":"Starting rendering request 2","meta":{"rootId":"a9i2kiklqyw1amp","id":"a9i2kiklqyw1amp"},"id":"9qjtfesritzvikw","previousOperationId":"ghscwr44cjzlk7y"}
{"type":"log","timestamp":1684228931360,"level":"info","message":"Rendering anonymous template { recipe: chrome-pdf, engine: handlebars }","meta":{"rootId":"a9i2kiklqyw1amp","id":"a9i2kiklqyw1amp"},"id":"iwrdac1ptqw8jvq","previousOperationId":"ghscwr44cjzlk7y"}
{"type":"log","timestamp":1684228931360,"level":"debug","message":"Inline data specified.","meta":{"rootId":"a9i2kiklqyw1amp","id":"a9i2kiklqyw1amp"},"id":"0pvz9mmgecpjlif","previousOperationId":"ghscwr44cjzlk7y"}
{"type":"log","timestamp":1684228931362,"level":"debug","message":"Base url not specified, skipping its injection.","meta":{"rootId":"a9i2kiklqyw1amp","id":"a9i2kiklqyw1amp"},"id":"g5bc2fl9njzf7cp","previousOperationId":"ghscwr44cjzlk7y"}
{"type":"operationStart","subtype":"engine","name":"handlebars","timestamp":1684228931362,"id":"4jqbpwgpwnprwso","previousEventId":"d86cgxh9x9kfby0","operationId":"hte7w0rkwqiv5a1","previousOperationId":"ghscwr44cjzlk7y"}
{"type":"log","timestamp":1684228931362,"level":"debug","message":"Rendering engine handlebars","meta":{"rootId":"a9i2kiklqyw1amp","id":"a9i2kiklqyw1amp"},"id":"11auxm441b0v0rq","previousOperationId":"hte7w0rkwqiv5a1"}
{"type":"operationEnd","operationId":"hte7w0rkwqiv5a1","timestamp":1684228931371,"id":"sso8ys7aakwysj9","previousEventId":"4jqbpwgpwnprwso","previousOperationId":"hte7w0rkwqiv5a1"}
{"type":"operationStart","subtype":"recipe","name":"chrome-pdf","timestamp":1684228931372,"id":"q5z9pwk4ycfc0dr","previousEventId":"sso8ys7aakwysj9","operationId":"2o70t3gxfpa4sxk","previousOperationId":"hte7w0rkwqiv5a1"}
{"type":"log","timestamp":1684228931372,"level":"debug","message":"Executing recipe chrome-pdf","meta":{"rootId":"a9i2kiklqyw1amp","id":"a9i2kiklqyw1amp"},"id":"eira8wujzc6lbjk","previousOperationId":"2o70t3gxfpa4sxk"}
{"type":"log","timestamp":1684228931576,"level":"debug","message":"Converting with chrome HeadlessChrome/105.0.5173.0 using chrome-pool strategy","meta":{"rootId":"a9i2kiklqyw1amp","id":"a9i2kiklqyw1amp"},"id":"zq3gfnndbf9neu2","previousOperationId":"2o70t3gxfpa4sxk"}
{"type":"log","timestamp":1684228932974,"level":"debug","message":"Page request: GET (document) file:///C:/Users/hp/AppData/Local/Temp/jsreport/autocleanup/e9639981-433d-4666-bfac-59519ceeef77-chrome-pdf.html","meta":{"rootId":"a9i2kiklqyw1amp","id":"a9i2kiklqyw1amp"},"id":"16daixurfkto0me","previousOperationId":"2o70t3gxfpa4sxk"}
{"type":"log","timestamp":1684228932984,"level":"debug","message":"Page request finished: GET (document) 200 file:///C:/Users/hp/AppData/Local/Temp/jsreport/autocleanup/e9639981-433d-4666-bfac-59519ceeef77-chrome-pdf.html","meta":{"rootId":"a9i2kiklqyw1amp","id":"a9i2kiklqyw1amp"},"id":"1xbrihxodsqa2mp","previousOperationId":"2o70t3gxfpa4sxk"}
{"type":"log","timestamp":1684228933020,"level":"debug","message":"Running chrome with params {\"timeout\":59976,\"margin\":{},\"printBackground\":true}","meta":{"rootId":"a9i2kiklqyw1amp","id":"a9i2kiklqyw1amp"},"id":"km210hqbiykw6j5","previousOperationId":"2o70t3gxfpa4sxk"}
{"type":"operationEnd","operationId":"2o70t3gxfpa4sxk","timestamp":1684228933146,"id":"sumpxdch1qg1d3b","previousEventId":"q5z9pwk4ycfc0dr","previousOperationId":"2o70t3gxfpa4sxk"}
{"type":"log","timestamp":1684228933146,"level":"debug","message":"Skipping storing report.","meta":{"rootId":"a9i2kiklqyw1amp","id":"a9i2kiklqyw1amp"},"id":"a9zztm9nw0v7uan","previousOperationId":"2o70t3gxfpa4sxk"}
{"type":"log","timestamp":1684228933146,"level":"info","message":"Rendering request 2 finished in 1796 ms","meta":{"rootId":"a9i2kiklqyw1amp","id":"a9i2kiklqyw1amp"},"id":"bh7r5u5yolc8f8v","previousOperationId":"2o70t3gxfpa4sxk"}
{"type":"operationEnd","subtype":"render","operationId":"ghscwr44cjzlk7y","timestamp":1684228933146,"id":"c3oruvb44aawsnt","previousEventId":"sumpxdch1qg1d3b","previousOperationId":"2o70t3gxfpa4sxk"}
{"type":"operationEnd","doDiffs":false,"previousEventId":"ywq2spzfn8pbden","previousOperationId":"nwhto9k4m0z73ld","operationId":"nwhto9k4m0z73ld","timestamp":1684228933149,"id":"030pibbw10mpbsa"}
