{"type":"operationStart","subtype":"profile","data":{"_id":"FRZfFilXX1Eii1oF","timestamp":"2023-04-18T13:47:47.016Z","state":"queued","mode":"standard","timeout":60000,"creationDate":"2023-04-18T13:47:47.019Z","modificationDate":"2023-04-18T13:47:47.019Z","shortid":"kHaZn0Z","$entitySet":"profiles"},"doDiffs":false,"timestamp":1681825667018,"id":"ztq94p2t50ubmln","previousOperationId":null,"operationId":"rivtnueurfszt6w"}
{"type":"log","level":"info","message":"Render request 7 queued for execution and waiting for available worker","previousOperationId":"rivtnueurfszt6w","timestamp":1681825667018,"id":"svzwwas87vmv7n5"}
{"type":"operationStart","subtype":"render","name":"anonymous","previousOperationId":"rivtnueurfszt6w","timestamp":1681825667026,"id":"dek19qvmoedlasm","previousEventId":"ztq94p2t50ubmln","operationId":"82ub49z69nvlb4c"}
{"type":"log","timestamp":1681825667026,"level":"info","message":"Starting rendering request 7","meta":{"rootId":"a9pnjvz38rn6mrt","id":"a9pnjvz38rn6mrt"},"id":"wyy0izghgs59nhi","previousOperationId":"82ub49z69nvlb4c"}
{"type":"log","timestamp":1681825667027,"level":"info","message":"Rendering anonymous template { recipe: chrome-pdf, engine: handlebars }","meta":{"rootId":"a9pnjvz38rn6mrt","id":"a9pnjvz38rn6mrt"},"id":"yigytz9ir3pe4yl","previousOperationId":"82ub49z69nvlb4c"}
{"type":"log","timestamp":1681825667027,"level":"debug","message":"Inline data specified.","meta":{"rootId":"a9pnjvz38rn6mrt","id":"a9pnjvz38rn6mrt"},"id":"1aer6x8pbblptsv","previousOperationId":"82ub49z69nvlb4c"}
{"type":"log","timestamp":1681825667029,"level":"debug","message":"Base url not specified, skipping its injection.","meta":{"rootId":"a9pnjvz38rn6mrt","id":"a9pnjvz38rn6mrt"},"id":"5p7f8w9qhyw0xgh","previousOperationId":"82ub49z69nvlb4c"}
{"type":"operationStart","subtype":"engine","name":"handlebars","timestamp":1681825667029,"id":"w04rryurl3aauw2","previousEventId":"dek19qvmoedlasm","operationId":"jdiz0kd05e0ot4g","previousOperationId":"82ub49z69nvlb4c"}
{"type":"log","timestamp":1681825667029,"level":"debug","message":"Rendering engine handlebars","meta":{"rootId":"a9pnjvz38rn6mrt","id":"a9pnjvz38rn6mrt"},"id":"nsqvrg7ls6w6jib","previousOperationId":"jdiz0kd05e0ot4g"}
{"type":"operationEnd","operationId":"jdiz0kd05e0ot4g","timestamp":1681825667047,"id":"uw5pz7p6bwfyump","previousEventId":"w04rryurl3aauw2","previousOperationId":"jdiz0kd05e0ot4g"}
{"type":"operationStart","subtype":"recipe","name":"chrome-pdf","timestamp":1681825667048,"id":"u9v7rtnd5iggl9u","previousEventId":"uw5pz7p6bwfyump","operationId":"id38kuuh05n3yyn","previousOperationId":"jdiz0kd05e0ot4g"}
{"type":"log","timestamp":1681825667048,"level":"debug","message":"Executing recipe chrome-pdf","meta":{"rootId":"a9pnjvz38rn6mrt","id":"a9pnjvz38rn6mrt"},"id":"0qe0ldw7nh6xko1","previousOperationId":"id38kuuh05n3yyn"}
{"type":"log","timestamp":1681825667053,"level":"debug","message":"Converting with chrome HeadlessChrome/105.0.5173.0 using chrome-pool strategy","meta":{"rootId":"a9pnjvz38rn6mrt","id":"a9pnjvz38rn6mrt"},"id":"7e4y80a7td4tkmm","previousOperationId":"id38kuuh05n3yyn"}
{"type":"log","timestamp":1681825667216,"level":"debug","message":"Page request: GET (document) file:///C:/Users/SACHIN~1/AppData/Local/Temp/jsreport/autocleanup/31f64fcb-6b0e-4be4-a306-84c3fb206286-chrome-pdf.html","meta":{"rootId":"a9pnjvz38rn6mrt","id":"a9pnjvz38rn6mrt"},"id":"c5gsnqrkync6hxn","previousOperationId":"id38kuuh05n3yyn"}
{"type":"log","timestamp":1681825667230,"level":"debug","message":"Page request finished: GET (document) 200 file:///C:/Users/SACHIN~1/AppData/Local/Temp/jsreport/autocleanup/31f64fcb-6b0e-4be4-a306-84c3fb206286-chrome-pdf.html","meta":{"rootId":"a9pnjvz38rn6mrt","id":"a9pnjvz38rn6mrt"},"id":"uhfjy5iu9si2bel","previousOperationId":"id38kuuh05n3yyn"}
{"type":"log","timestamp":1681825667231,"level":"debug","message":"Page request: GET (stylesheet) https://stackpath.bootstrapcdn.com/bootstrap/4.4.1/css/bootstrap.min.css","meta":{"rootId":"a9pnjvz38rn6mrt","id":"a9pnjvz38rn6mrt"},"id":"67ai4ba2kz4brla","previousOperationId":"id38kuuh05n3yyn"}
{"type":"log","timestamp":1681825667231,"level":"debug","message":"Page request: GET (image) https://assets-global.website-files.com/5ca4d1fd374efbecd845739f/611be296e1ecb589c495418a_JAS%20and%20Greencarrier.png","meta":{"rootId":"a9pnjvz38rn6mrt","id":"a9pnjvz38rn6mrt"},"id":"m1w4wxb412rlhvg","previousOperationId":"id38kuuh05n3yyn"}
{"type":"log","timestamp":1681825667237,"level":"debug","message":"Page request finished: GET (image) 200 https://assets-global.website-files.com/5ca4d1fd374efbecd845739f/611be296e1ecb589c495418a_JAS%20and%20Greencarrier.png","meta":{"rootId":"a9pnjvz38rn6mrt","id":"a9pnjvz38rn6mrt"},"id":"ci0chxzv29naxcu","previousOperationId":"id38kuuh05n3yyn"}
{"type":"log","timestamp":1681825667243,"level":"debug","message":"Page request finished: GET (stylesheet) 200 https://stackpath.bootstrapcdn.com/bootstrap/4.4.1/css/bootstrap.min.css","meta":{"rootId":"a9pnjvz38rn6mrt","id":"a9pnjvz38rn6mrt"},"id":"1k6uq69kuu8espu","previousOperationId":"id38kuuh05n3yyn"}
{"type":"log","timestamp":1681825667349,"level":"debug","message":"Running chrome with params {\"timeout\":59964,\"margin\":{},\"printBackground\":true}","meta":{"rootId":"a9pnjvz38rn6mrt","id":"a9pnjvz38rn6mrt"},"id":"bto8vp7d5qbx33e","previousOperationId":"id38kuuh05n3yyn"}
{"type":"operationEnd","operationId":"id38kuuh05n3yyn","timestamp":1681825667598,"id":"wtxrfntimio2n5k","previousEventId":"u9v7rtnd5iggl9u","previousOperationId":"id38kuuh05n3yyn"}
{"type":"log","timestamp":1681825667598,"level":"debug","message":"Skipping storing report.","meta":{"rootId":"a9pnjvz38rn6mrt","id":"a9pnjvz38rn6mrt"},"id":"yx43ua9vi6q0hmn","previousOperationId":"id38kuuh05n3yyn"}
{"type":"log","timestamp":1681825667598,"level":"info","message":"Rendering request 7 finished in 583 ms","meta":{"rootId":"a9pnjvz38rn6mrt","id":"a9pnjvz38rn6mrt"},"id":"pjss8uyto1wcrsl","previousOperationId":"id38kuuh05n3yyn"}
{"type":"operationEnd","subtype":"render","operationId":"82ub49z69nvlb4c","timestamp":1681825667598,"id":"2q90q4lkgzqkknu","previousEventId":"wtxrfntimio2n5k","previousOperationId":"id38kuuh05n3yyn"}
{"type":"operationEnd","doDiffs":false,"previousEventId":"ztq94p2t50ubmln","previousOperationId":"rivtnueurfszt6w","operationId":"rivtnueurfszt6w","timestamp":1681825667602,"id":"7ijrho85h1ibx73"}
