{"type":"operationStart","subtype":"profile","data":{"_id":"VwbZEgzPfSH0y7cB","timestamp":"2023-05-17T19:03:51.036Z","state":"queued","mode":"standard","timeout":60000,"creationDate":"2023-05-17T19:03:51.041Z","modificationDate":"2023-05-17T19:03:51.041Z","shortid":"qPvwWRS","$entitySet":"profiles"},"doDiffs":false,"timestamp":1684350231039,"id":"twvk29oqefnl6bj","previousOperationId":null,"operationId":"i6k2o87oboal87l"}
{"type":"log","level":"info","message":"Render request 2 queued for execution and waiting for available worker","previousOperationId":"i6k2o87oboal87l","timestamp":1684350231039,"id":"duhufda4awle9ms"}
{"type":"operationStart","subtype":"render","name":"anonymous","previousOperationId":"i6k2o87oboal87l","timestamp":1684350231062,"id":"ywullve0vut39h0","previousEventId":"twvk29oqefnl6bj","operationId":"hujkwx4dqtb9bh8"}
{"type":"log","timestamp":1684350231062,"level":"info","message":"Starting rendering request 2","meta":{"rootId":"adq8efksltzz0v2","id":"adq8efksltzz0v2"},"id":"nk9g5ynerrbwcsh","previousOperationId":"hujkwx4dqtb9bh8"}
{"type":"log","timestamp":1684350231063,"level":"info","message":"Rendering anonymous template { recipe: chrome-pdf, engine: handlebars }","meta":{"rootId":"adq8efksltzz0v2","id":"adq8efksltzz0v2"},"id":"mac66kqxdr9k38w","previousOperationId":"hujkwx4dqtb9bh8"}
{"type":"log","timestamp":1684350231063,"level":"debug","message":"Inline data specified.","meta":{"rootId":"adq8efksltzz0v2","id":"adq8efksltzz0v2"},"id":"i0s4i0pna1bsj8t","previousOperationId":"hujkwx4dqtb9bh8"}
{"type":"log","timestamp":1684350231066,"level":"debug","message":"Base url not specified, skipping its injection.","meta":{"rootId":"adq8efksltzz0v2","id":"adq8efksltzz0v2"},"id":"v3f23jm8agx1a4s","previousOperationId":"hujkwx4dqtb9bh8"}
{"type":"operationStart","subtype":"engine","name":"handlebars","timestamp":1684350231068,"id":"j5lsk89jxvfyseg","previousEventId":"ywullve0vut39h0","operationId":"olmnq50c8wwpy6j","previousOperationId":"hujkwx4dqtb9bh8"}
{"type":"log","timestamp":1684350231069,"level":"debug","message":"Rendering engine handlebars","meta":{"rootId":"adq8efksltzz0v2","id":"adq8efksltzz0v2"},"id":"xxujx2tfao795ik","previousOperationId":"olmnq50c8wwpy6j"}
{"type":"operationEnd","operationId":"olmnq50c8wwpy6j","timestamp":1684350231089,"id":"46lwpcuglwiu9an","previousEventId":"j5lsk89jxvfyseg","previousOperationId":"olmnq50c8wwpy6j"}
{"type":"operationStart","subtype":"recipe","name":"chrome-pdf","timestamp":1684350231091,"id":"jdoguhr4k52ea04","previousEventId":"46lwpcuglwiu9an","operationId":"kgmr1ior0evb57e","previousOperationId":"olmnq50c8wwpy6j"}
{"type":"log","timestamp":1684350231092,"level":"debug","message":"Executing recipe chrome-pdf","meta":{"rootId":"adq8efksltzz0v2","id":"adq8efksltzz0v2"},"id":"dyppf4yx0p4fuq8","previousOperationId":"kgmr1ior0evb57e"}
{"type":"log","timestamp":1684350231108,"level":"debug","message":"Converting with chrome HeadlessChrome/105.0.5173.0 using chrome-pool strategy","meta":{"rootId":"adq8efksltzz0v2","id":"adq8efksltzz0v2"},"id":"f7i6jt58itmsqih","previousOperationId":"kgmr1ior0evb57e"}
{"type":"log","timestamp":1684350231252,"level":"debug","message":"Page request: GET (document) file:///C:/Users/SACHIN~1/AppData/Local/Temp/jsreport/autocleanup/b851351d-3487-4395-b5f0-db42c38d0963-chrome-pdf.html","meta":{"rootId":"adq8efksltzz0v2","id":"adq8efksltzz0v2"},"id":"a1thlfwtnf74eaq","previousOperationId":"kgmr1ior0evb57e"}
{"type":"log","timestamp":1684350231262,"level":"debug","message":"Page request finished: GET (document) 200 file:///C:/Users/SACHIN~1/AppData/Local/Temp/jsreport/autocleanup/b851351d-3487-4395-b5f0-db42c38d0963-chrome-pdf.html","meta":{"rootId":"adq8efksltzz0v2","id":"adq8efksltzz0v2"},"id":"07yuqu0p058frjj","previousOperationId":"kgmr1ior0evb57e"}
{"type":"log","timestamp":1684350231308,"level":"debug","message":"Running chrome with params {\"timeout\":59933,\"margin\":{},\"printBackground\":true}","meta":{"rootId":"adq8efksltzz0v2","id":"adq8efksltzz0v2"},"id":"v327vx6qbn2fc53","previousOperationId":"kgmr1ior0evb57e"}
{"type":"operationEnd","operationId":"kgmr1ior0evb57e","timestamp":1684350231510,"id":"zef6hh99piqn4j2","previousEventId":"jdoguhr4k52ea04","previousOperationId":"kgmr1ior0evb57e"}
{"type":"log","timestamp":1684350231510,"level":"debug","message":"Skipping storing report.","meta":{"rootId":"adq8efksltzz0v2","id":"adq8efksltzz0v2"},"id":"3pj9w4aw6klkw2g","previousOperationId":"kgmr1ior0evb57e"}
{"type":"log","timestamp":1684350231510,"level":"info","message":"Rendering request 2 finished in 475 ms","meta":{"rootId":"adq8efksltzz0v2","id":"adq8efksltzz0v2"},"id":"vg8gzqb9kzsxigw","previousOperationId":"kgmr1ior0evb57e"}
{"type":"operationEnd","subtype":"render","operationId":"hujkwx4dqtb9bh8","timestamp":1684350231511,"id":"j33270h5xq27uwh","previousEventId":"zef6hh99piqn4j2","previousOperationId":"kgmr1ior0evb57e"}
{"type":"operationEnd","doDiffs":false,"previousEventId":"twvk29oqefnl6bj","previousOperationId":"i6k2o87oboal87l","operationId":"i6k2o87oboal87l","timestamp":1684350231514,"id":"o3trxrieger01mr"}
