{"type":"operationStart","subtype":"profile","data":{"_id":"szUYotpoLwJ2EiUs","timestamp":"2023-05-18T18:55:53.297Z","state":"queued","mode":"standard","timeout":60000,"creationDate":"2023-05-18T18:55:53.300Z","modificationDate":"2023-05-18T18:55:53.300Z","shortid":"85_JQ6s","$entitySet":"profiles"},"doDiffs":false,"timestamp":1684436153299,"id":"ig3p1dhlv73chnq","previousOperationId":null,"operationId":"i6rzyprnqbkcz58"}
{"type":"log","level":"info","message":"Render request 5 queued for execution and waiting for available worker","previousOperationId":"i6rzyprnqbkcz58","timestamp":1684436153299,"id":"njxt1qtu11bgf1q"}
{"type":"operationStart","subtype":"render","name":"anonymous","previousOperationId":"i6rzyprnqbkcz58","timestamp":1684436153304,"id":"bvijc98uahrzi1f","previousEventId":"ig3p1dhlv73chnq","operationId":"s5js1rd74v4lcwf"}
{"type":"log","timestamp":1684436153304,"level":"info","message":"Starting rendering request 5","meta":{"rootId":"aejaicfk16qf2z1","id":"aejaicfk16qf2z1"},"id":"fjey2gtg4eo7se0","previousOperationId":"s5js1rd74v4lcwf"}
{"type":"log","timestamp":1684436153304,"level":"info","message":"Rendering anonymous template { recipe: chrome-pdf, engine: handlebars }","meta":{"rootId":"aejaicfk16qf2z1","id":"aejaicfk16qf2z1"},"id":"2tud56mjekw7v3b","previousOperationId":"s5js1rd74v4lcwf"}
{"type":"log","timestamp":1684436153305,"level":"debug","message":"Inline data specified.","meta":{"rootId":"aejaicfk16qf2z1","id":"aejaicfk16qf2z1"},"id":"48b5fi3tdrfakj2","previousOperationId":"s5js1rd74v4lcwf"}
{"type":"log","timestamp":1684436153306,"level":"debug","message":"Base url not specified, skipping its injection.","meta":{"rootId":"aejaicfk16qf2z1","id":"aejaicfk16qf2z1"},"id":"ecld3net68w1c5u","previousOperationId":"s5js1rd74v4lcwf"}
{"type":"operationStart","subtype":"engine","name":"handlebars","timestamp":1684436153306,"id":"ieokt8ith71idrc","previousEventId":"bvijc98uahrzi1f","operationId":"kc89mlrhgg1we57","previousOperationId":"s5js1rd74v4lcwf"}
{"type":"log","timestamp":1684436153306,"level":"debug","message":"Rendering engine handlebars","meta":{"rootId":"aejaicfk16qf2z1","id":"aejaicfk16qf2z1"},"id":"8zcpcza38ww20d9","previousOperationId":"kc89mlrhgg1we57"}
{"type":"operationEnd","operationId":"kc89mlrhgg1we57","timestamp":1684436153317,"id":"bkmzntykq3uw74g","previousEventId":"ieokt8ith71idrc","previousOperationId":"kc89mlrhgg1we57"}
{"type":"operationStart","subtype":"recipe","name":"chrome-pdf","timestamp":1684436153318,"id":"6c6x07ndbjmode1","previousEventId":"bkmzntykq3uw74g","operationId":"zrgfwp5o38c4j23","previousOperationId":"kc89mlrhgg1we57"}
{"type":"log","timestamp":1684436153318,"level":"debug","message":"Executing recipe chrome-pdf","meta":{"rootId":"aejaicfk16qf2z1","id":"aejaicfk16qf2z1"},"id":"chqnj7artvoijm3","previousOperationId":"zrgfwp5o38c4j23"}
{"type":"log","timestamp":1684436153325,"level":"debug","message":"Converting with chrome HeadlessChrome/105.0.5173.0 using chrome-pool strategy","meta":{"rootId":"aejaicfk16qf2z1","id":"aejaicfk16qf2z1"},"id":"gwddiztlevc98bj","previousOperationId":"zrgfwp5o38c4j23"}
{"type":"log","timestamp":1684436153481,"level":"debug","message":"Page request: GET (document) file:///C:/Users/hp/AppData/Local/Temp/jsreport/autocleanup/303f5f66-c0d2-40a9-b1c7-f39c3062bfd0-chrome-pdf.html","meta":{"rootId":"aejaicfk16qf2z1","id":"aejaicfk16qf2z1"},"id":"vggyo36ol1akiof","previousOperationId":"zrgfwp5o38c4j23"}
{"type":"log","timestamp":1684436153492,"level":"debug","message":"Page request finished: GET (document) 200 file:///C:/Users/hp/AppData/Local/Temp/jsreport/autocleanup/303f5f66-c0d2-40a9-b1c7-f39c3062bfd0-chrome-pdf.html","meta":{"rootId":"aejaicfk16qf2z1","id":"aejaicfk16qf2z1"},"id":"gy38df07coipqjt","previousOperationId":"zrgfwp5o38c4j23"}
{"type":"log","timestamp":1684436153599,"level":"debug","message":"Running chrome with params {\"timeout\":59974,\"margin\":{},\"printBackground\":true}","meta":{"rootId":"aejaicfk16qf2z1","id":"aejaicfk16qf2z1"},"id":"j1h8t3qordzu9gt","previousOperationId":"zrgfwp5o38c4j23"}
{"type":"operationEnd","operationId":"zrgfwp5o38c4j23","timestamp":1684436154048,"id":"rgof1a267zd9yct","previousEventId":"6c6x07ndbjmode1","previousOperationId":"zrgfwp5o38c4j23"}
{"type":"log","timestamp":1684436154048,"level":"debug","message":"Skipping storing report.","meta":{"rootId":"aejaicfk16qf2z1","id":"aejaicfk16qf2z1"},"id":"mpoqt8i5udz7dv6","previousOperationId":"zrgfwp5o38c4j23"}
{"type":"log","timestamp":1684436154048,"level":"info","message":"Rendering request 5 finished in 752 ms","meta":{"rootId":"aejaicfk16qf2z1","id":"aejaicfk16qf2z1"},"id":"0utjd15tvppeatp","previousOperationId":"zrgfwp5o38c4j23"}
{"type":"operationEnd","subtype":"render","operationId":"s5js1rd74v4lcwf","timestamp":1684436154048,"id":"q60reridu7ztlmc","previousEventId":"rgof1a267zd9yct","previousOperationId":"zrgfwp5o38c4j23"}
{"type":"operationEnd","doDiffs":false,"previousEventId":"ig3p1dhlv73chnq","previousOperationId":"i6rzyprnqbkcz58","operationId":"i6rzyprnqbkcz58","timestamp":1684436154051,"id":"omumzf9q4si0vk7"}
