{"type":"operationStart","subtype":"profile","data":{"_id":"nyn8eFBIBJbGZs40","timestamp":"2023-04-13T16:47:34.139Z","state":"queued","mode":"standard","timeout":60000,"creationDate":"2023-04-13T16:47:34.145Z","modificationDate":"2023-04-13T16:47:34.145Z","shortid":"VTdeVr9","$entitySet":"profiles"},"doDiffs":false,"timestamp":1681404454144,"id":"owjfwp1fhv4r283","previousOperationId":null,"operationId":"0ytuxd84twfsd82"}
{"type":"log","level":"info","message":"Render request 1 queued for execution and waiting for available worker","previousOperationId":"0ytuxd84twfsd82","timestamp":1681404454144,"id":"6a491t6sw9e8upz"}
{"type":"operationStart","subtype":"render","name":"anonymous","previousOperationId":"0ytuxd84twfsd82","timestamp":1681404454179,"id":"smep92ii8mlltdr","previousEventId":"owjfwp1fhv4r283","operationId":"mg5c1tqeigwfdc5"}
{"type":"log","timestamp":1681404454180,"level":"info","message":"Starting rendering request 1","meta":{"rootId":"agj9drysjxsff93","id":"agj9drysjxsff93"},"id":"m2w90spk0ybn4k2","previousOperationId":"mg5c1tqeigwfdc5"}
{"type":"log","timestamp":1681404454183,"level":"info","message":"Rendering anonymous template { recipe: chrome-pdf, engine: handlebars }","meta":{"rootId":"agj9drysjxsff93","id":"agj9drysjxsff93"},"id":"hxik9pkqjbvt3ox","previousOperationId":"mg5c1tqeigwfdc5"}
{"type":"log","timestamp":1681404454183,"level":"debug","message":"Inline data specified.","meta":{"rootId":"agj9drysjxsff93","id":"agj9drysjxsff93"},"id":"hbvqkg2kihnzvi0","previousOperationId":"mg5c1tqeigwfdc5"}
{"type":"log","timestamp":1681404454190,"level":"debug","message":"Base url not specified, skipping its injection.","meta":{"rootId":"agj9drysjxsff93","id":"agj9drysjxsff93"},"id":"ngkc97tlq7tirrm","previousOperationId":"mg5c1tqeigwfdc5"}
{"type":"operationStart","subtype":"engine","name":"handlebars","timestamp":1681404454192,"id":"ssm3y9q14m797bn","previousEventId":"smep92ii8mlltdr","operationId":"by592u5nvpkd2np","previousOperationId":"mg5c1tqeigwfdc5"}
{"type":"log","timestamp":1681404454192,"level":"debug","message":"Rendering engine handlebars","meta":{"rootId":"agj9drysjxsff93","id":"agj9drysjxsff93"},"id":"9lr3x958yuvvcbd","previousOperationId":"by592u5nvpkd2np"}
{"type":"operationEnd","operationId":"by592u5nvpkd2np","timestamp":1681404456897,"id":"phqakbsy6e6jc52","previousEventId":"ssm3y9q14m797bn","previousOperationId":"by592u5nvpkd2np"}
{"type":"operationStart","subtype":"recipe","name":"chrome-pdf","timestamp":1681404456898,"id":"b5ryjqjz3wscfo6","previousEventId":"phqakbsy6e6jc52","operationId":"mxn8hku9sqw6duc","previousOperationId":"by592u5nvpkd2np"}
{"type":"log","timestamp":1681404456898,"level":"debug","message":"Executing recipe chrome-pdf","meta":{"rootId":"agj9drysjxsff93","id":"agj9drysjxsff93"},"id":"5oqjrhkh6v3y82b","previousOperationId":"mxn8hku9sqw6duc"}
{"type":"log","timestamp":1681404457471,"level":"debug","message":"Converting with chrome HeadlessChrome/105.0.5173.0 using chrome-pool strategy","meta":{"rootId":"agj9drysjxsff93","id":"agj9drysjxsff93"},"id":"z5zats43v6qj3yr","previousOperationId":"mxn8hku9sqw6duc"}
{"type":"log","timestamp":1681404458553,"level":"debug","message":"Page request: GET (document) file:///C:/Users/hp/AppData/Local/Temp/jsreport/autocleanup/3aa29dee-7ae6-4d1e-bf6b-7d6b794e1fb1-chrome-pdf.html","meta":{"rootId":"agj9drysjxsff93","id":"agj9drysjxsff93"},"id":"fla6p1l1rp17xvv","previousOperationId":"mxn8hku9sqw6duc"}
{"type":"log","timestamp":1681404458563,"level":"debug","message":"Page request finished: GET (document) 200 file:///C:/Users/hp/AppData/Local/Temp/jsreport/autocleanup/3aa29dee-7ae6-4d1e-bf6b-7d6b794e1fb1-chrome-pdf.html","meta":{"rootId":"agj9drysjxsff93","id":"agj9drysjxsff93"},"id":"4vui3owq9m1xbp7","previousOperationId":"mxn8hku9sqw6duc"}
{"type":"log","timestamp":1681404458563,"level":"debug","message":"Page request: GET (stylesheet) https://stackpath.bootstrapcdn.com/bootstrap/4.4.1/css/bootstrap.min.css","meta":{"rootId":"agj9drysjxsff93","id":"agj9drysjxsff93"},"id":"ax3meobgmi5pa9f","previousOperationId":"mxn8hku9sqw6duc"}
{"type":"log","timestamp":1681404458564,"level":"debug","message":"Page request: GET (image) https://assets-global.website-files.com/5ca4d1fd374efbecd845739f/611be296e1ecb589c495418a_JAS%20and%20Greencarrier.png","meta":{"rootId":"agj9drysjxsff93","id":"agj9drysjxsff93"},"id":"54wk6c0spkd5g5g","previousOperationId":"mxn8hku9sqw6duc"}
{"type":"log","timestamp":1681404462270,"level":"debug","message":"Page request finished: GET (image) 200 https://assets-global.website-files.com/5ca4d1fd374efbecd845739f/611be296e1ecb589c495418a_JAS%20and%20Greencarrier.png","meta":{"rootId":"agj9drysjxsff93","id":"agj9drysjxsff93"},"id":"6dujsarn5593tk3","previousOperationId":"mxn8hku9sqw6duc"}
{"type":"log","timestamp":1681404462327,"level":"debug","message":"Page request finished: GET (stylesheet) 200 https://stackpath.bootstrapcdn.com/bootstrap/4.4.1/css/bootstrap.min.css","meta":{"rootId":"agj9drysjxsff93","id":"agj9drysjxsff93"},"id":"rez832h14bywf7r","previousOperationId":"mxn8hku9sqw6duc"}
{"type":"log","timestamp":1681404462401,"level":"debug","message":"Running chrome with params {\"timeout\":57103,\"margin\":{},\"printBackground\":true}","meta":{"rootId":"agj9drysjxsff93","id":"agj9drysjxsff93"},"id":"tumvyyoie5idlj9","previousOperationId":"mxn8hku9sqw6duc"}
{"type":"operationEnd","operationId":"mxn8hku9sqw6duc","timestamp":1681404462646,"id":"dcry9lx1qhn6u2x","previousEventId":"b5ryjqjz3wscfo6","previousOperationId":"mxn8hku9sqw6duc"}
{"type":"log","timestamp":1681404462647,"level":"debug","message":"Skipping storing report.","meta":{"rootId":"agj9drysjxsff93","id":"agj9drysjxsff93"},"id":"tjz94fsgpfg8ygf","previousOperationId":"mxn8hku9sqw6duc"}
{"type":"log","timestamp":1681404462648,"level":"info","message":"Rendering request 1 finished in 8510 ms","meta":{"rootId":"agj9drysjxsff93","id":"agj9drysjxsff93"},"id":"w1xvjkv4a9q1lr2","previousOperationId":"mxn8hku9sqw6duc"}
{"type":"operationEnd","subtype":"render","operationId":"mg5c1tqeigwfdc5","timestamp":1681404462648,"id":"gg18vdmi0cu42w8","previousEventId":"dcry9lx1qhn6u2x","previousOperationId":"mxn8hku9sqw6duc"}
{"type":"operationEnd","doDiffs":false,"previousEventId":"owjfwp1fhv4r283","previousOperationId":"0ytuxd84twfsd82","operationId":"0ytuxd84twfsd82","timestamp":1681404462651,"id":"0kskcrhlpn5psyg"}
