{"type":"operationStart","subtype":"profile","data":{"_id":"6q3eZZaFlqPq07Lx","timestamp":"2023-05-16T07:01:51.841Z","state":"queued","mode":"standard","timeout":60000,"creationDate":"2023-05-16T07:01:51.844Z","modificationDate":"2023-05-16T07:01:51.844Z","shortid":"W2owXK_","$entitySet":"profiles"},"doDiffs":false,"timestamp":1684220511843,"id":"4esigk2pyy254ky","previousOperationId":null,"operationId":"n8xsfw6v1jmdkiv"}
{"type":"log","level":"info","message":"Render request 7 queued for execution and waiting for available worker","previousOperationId":"n8xsfw6v1jmdkiv","timestamp":1684220511843,"id":"ycpr37lijkc945n"}
{"type":"operationStart","subtype":"render","name":"anonymous","previousOperationId":"n8xsfw6v1jmdkiv","timestamp":1684220511848,"id":"rmrmwy3gd0vfs14","previousEventId":"4esigk2pyy254ky","operationId":"np8vab53iaimh0e"}
{"type":"log","timestamp":1684220511848,"level":"info","message":"Starting rendering request 7","meta":{"rootId":"b75h25ynd989heh","id":"b75h25ynd989heh"},"id":"iq9swb5xf0l03rb","previousOperationId":"np8vab53iaimh0e"}
{"type":"log","timestamp":1684220511849,"level":"info","message":"Rendering anonymous template { recipe: chrome-pdf, engine: handlebars }","meta":{"rootId":"b75h25ynd989heh","id":"b75h25ynd989heh"},"id":"riioea84y7a9w2r","previousOperationId":"np8vab53iaimh0e"}
{"type":"log","timestamp":1684220511849,"level":"debug","message":"Inline data specified.","meta":{"rootId":"b75h25ynd989heh","id":"b75h25ynd989heh"},"id":"hti0mw78ypwascs","previousOperationId":"np8vab53iaimh0e"}
{"type":"log","timestamp":1684220511852,"level":"debug","message":"Base url not specified, skipping its injection.","meta":{"rootId":"b75h25ynd989heh","id":"b75h25ynd989heh"},"id":"pmfedqpvk2cum40","previousOperationId":"np8vab53iaimh0e"}
{"type":"operationStart","subtype":"engine","name":"handlebars","timestamp":1684220511853,"id":"mrko3vj15ijw7jr","previousEventId":"rmrmwy3gd0vfs14","operationId":"bwoi2yqfudjqu9n","previousOperationId":"np8vab53iaimh0e"}
{"type":"log","timestamp":1684220511853,"level":"debug","message":"Rendering engine handlebars","meta":{"rootId":"b75h25ynd989heh","id":"b75h25ynd989heh"},"id":"vf0i2anf4973d91","previousOperationId":"bwoi2yqfudjqu9n"}
{"type":"operationEnd","operationId":"bwoi2yqfudjqu9n","timestamp":1684220511866,"id":"43sq9nt8kp0v8ke","previousEventId":"mrko3vj15ijw7jr","previousOperationId":"bwoi2yqfudjqu9n"}
{"type":"operationStart","subtype":"recipe","name":"chrome-pdf","timestamp":1684220511867,"id":"9zs7em405wk1x2i","previousEventId":"43sq9nt8kp0v8ke","operationId":"849c72u15lxqisl","previousOperationId":"bwoi2yqfudjqu9n"}
{"type":"log","timestamp":1684220511867,"level":"debug","message":"Executing recipe chrome-pdf","meta":{"rootId":"b75h25ynd989heh","id":"b75h25ynd989heh"},"id":"ovyqk7ayqkgfgof","previousOperationId":"849c72u15lxqisl"}
{"type":"log","timestamp":1684220511911,"level":"debug","message":"Converting with chrome HeadlessChrome/105.0.5173.0 using chrome-pool strategy","meta":{"rootId":"b75h25ynd989heh","id":"b75h25ynd989heh"},"id":"62hbcb2jfb9oe3c","previousOperationId":"849c72u15lxqisl"}
{"type":"log","timestamp":1684220512055,"level":"debug","message":"Page request: GET (document) file:///C:/Users/hp/AppData/Local/Temp/jsreport/autocleanup/2fd822fa-4a78-456a-9435-44f762eb04ac-chrome-pdf.html","meta":{"rootId":"b75h25ynd989heh","id":"b75h25ynd989heh"},"id":"2bfhyq3igukntlg","previousOperationId":"849c72u15lxqisl"}
{"type":"log","timestamp":1684220512065,"level":"debug","message":"Page request finished: GET (document) 200 file:///C:/Users/hp/AppData/Local/Temp/jsreport/autocleanup/2fd822fa-4a78-456a-9435-44f762eb04ac-chrome-pdf.html","meta":{"rootId":"b75h25ynd989heh","id":"b75h25ynd989heh"},"id":"q3pdo19nf8qwpzv","previousOperationId":"849c72u15lxqisl"}
{"type":"log","timestamp":1684220512121,"level":"debug","message":"Running chrome with params {\"timeout\":59931,\"margin\":{},\"printBackground\":true}","meta":{"rootId":"b75h25ynd989heh","id":"b75h25ynd989heh"},"id":"ibrdzazl9x9ixlk","previousOperationId":"849c72u15lxqisl"}
{"type":"operationEnd","operationId":"849c72u15lxqisl","timestamp":1684220512349,"id":"p8jotoiovrfrm8q","previousEventId":"9zs7em405wk1x2i","previousOperationId":"849c72u15lxqisl"}
{"type":"log","timestamp":1684220512349,"level":"debug","message":"Skipping storing report.","meta":{"rootId":"b75h25ynd989heh","id":"b75h25ynd989heh"},"id":"fgchbrq330hfzkm","previousOperationId":"849c72u15lxqisl"}
{"type":"log","timestamp":1684220512349,"level":"info","message":"Rendering request 7 finished in 508 ms","meta":{"rootId":"b75h25ynd989heh","id":"b75h25ynd989heh"},"id":"fxlqmjl79aojmya","previousOperationId":"849c72u15lxqisl"}
{"type":"operationEnd","subtype":"render","operationId":"np8vab53iaimh0e","timestamp":1684220512351,"id":"0p7vd61e5xfij1n","previousEventId":"p8jotoiovrfrm8q","previousOperationId":"849c72u15lxqisl"}
{"type":"operationEnd","doDiffs":false,"previousEventId":"4esigk2pyy254ky","previousOperationId":"n8xsfw6v1jmdkiv","operationId":"n8xsfw6v1jmdkiv","timestamp":1684220512354,"id":"sg7fkqm6m43r38k"}
