{"type":"operationStart","subtype":"profile","data":{"_id":"JbrenDgMDTdgQUpI","timestamp":"2023-05-17T20:01:26.253Z","state":"queued","mode":"standard","timeout":60000,"creationDate":"2023-05-17T20:01:26.653Z","modificationDate":"2023-05-17T20:01:26.653Z","shortid":"Kw35opI","$entitySet":"profiles"},"doDiffs":false,"timestamp":1684353686652,"id":"yf03dmxo4iskhzs","previousOperationId":null,"operationId":"0a21zvdeeynvjrv"}
{"type":"log","level":"info","message":"Render request 8 queued for execution and waiting for available worker","previousOperationId":"0a21zvdeeynvjrv","timestamp":1684353686652,"id":"rt5tra81nms3zx1"}
{"type":"operationStart","subtype":"render","name":"anonymous","previousOperationId":"0a21zvdeeynvjrv","timestamp":1684353686664,"id":"e3dwj69hokazyi6","previousEventId":"yf03dmxo4iskhzs","operationId":"4gmxfe249pbui7r"}
{"type":"log","timestamp":1684353686664,"level":"info","message":"Starting rendering request 8","meta":{"rootId":"bqy9klz36hcq7bl","id":"bqy9klz36hcq7bl"},"id":"g36op9s7peymegx","previousOperationId":"4gmxfe249pbui7r"}
{"type":"log","timestamp":1684353686664,"level":"info","message":"Rendering anonymous template { recipe: chrome-pdf, engine: handlebars }","meta":{"rootId":"bqy9klz36hcq7bl","id":"bqy9klz36hcq7bl"},"id":"af307c8rvnkabdl","previousOperationId":"4gmxfe249pbui7r"}
{"type":"log","timestamp":1684353686664,"level":"debug","message":"Inline data specified.","meta":{"rootId":"bqy9klz36hcq7bl","id":"bqy9klz36hcq7bl"},"id":"dwopctw6gszmtxc","previousOperationId":"4gmxfe249pbui7r"}
{"type":"log","timestamp":1684353686666,"level":"debug","message":"Base url not specified, skipping its injection.","meta":{"rootId":"bqy9klz36hcq7bl","id":"bqy9klz36hcq7bl"},"id":"jacfzx6ec1j03vy","previousOperationId":"4gmxfe249pbui7r"}
{"type":"operationStart","subtype":"engine","name":"handlebars","timestamp":1684353686667,"id":"qaf6nzpj4y12d53","previousEventId":"e3dwj69hokazyi6","operationId":"zx8n2yavonxicer","previousOperationId":"4gmxfe249pbui7r"}
{"type":"log","timestamp":1684353686667,"level":"debug","message":"Rendering engine handlebars","meta":{"rootId":"bqy9klz36hcq7bl","id":"bqy9klz36hcq7bl"},"id":"c7ebui07q1z9kr3","previousOperationId":"zx8n2yavonxicer"}
{"type":"operationEnd","operationId":"zx8n2yavonxicer","timestamp":1684353686681,"id":"p0ishi97qb2lgru","previousEventId":"qaf6nzpj4y12d53","previousOperationId":"zx8n2yavonxicer"}
{"type":"operationStart","subtype":"recipe","name":"chrome-pdf","timestamp":1684353686682,"id":"smds7bbwe90pk9y","previousEventId":"p0ishi97qb2lgru","operationId":"28gbn66kp4q69zd","previousOperationId":"zx8n2yavonxicer"}
{"type":"log","timestamp":1684353686682,"level":"debug","message":"Executing recipe chrome-pdf","meta":{"rootId":"bqy9klz36hcq7bl","id":"bqy9klz36hcq7bl"},"id":"vlgqkjvu4swca9e","previousOperationId":"28gbn66kp4q69zd"}
{"type":"log","timestamp":1684353686689,"level":"debug","message":"Converting with chrome HeadlessChrome/105.0.5173.0 using chrome-pool strategy","meta":{"rootId":"bqy9klz36hcq7bl","id":"bqy9klz36hcq7bl"},"id":"y2gj7oejc15qjs2","previousOperationId":"28gbn66kp4q69zd"}
{"type":"log","timestamp":1684353686919,"level":"debug","message":"Page request: GET (document) file:///C:/Users/hp/AppData/Local/Temp/jsreport/autocleanup/f43b47f3-5ae2-406a-8348-559a3966cb53-chrome-pdf.html","meta":{"rootId":"bqy9klz36hcq7bl","id":"bqy9klz36hcq7bl"},"id":"4jzk3whyqe8qsxe","previousOperationId":"28gbn66kp4q69zd"}
{"type":"log","timestamp":1684353686935,"level":"debug","message":"Page request finished: GET (document) 200 file:///C:/Users/hp/AppData/Local/Temp/jsreport/autocleanup/f43b47f3-5ae2-406a-8348-559a3966cb53-chrome-pdf.html","meta":{"rootId":"bqy9klz36hcq7bl","id":"bqy9klz36hcq7bl"},"id":"uusmhz78o6kvz9n","previousOperationId":"28gbn66kp4q69zd"}
{"type":"log","timestamp":1684353687072,"level":"debug","message":"Running chrome with params {\"timeout\":59566,\"margin\":{},\"printBackground\":true}","meta":{"rootId":"bqy9klz36hcq7bl","id":"bqy9klz36hcq7bl"},"id":"tpkvrt20bsz8jae","previousOperationId":"28gbn66kp4q69zd"}
{"type":"operationEnd","operationId":"28gbn66kp4q69zd","timestamp":1684353687834,"id":"5jv8h829e997v1s","previousEventId":"smds7bbwe90pk9y","previousOperationId":"28gbn66kp4q69zd"}
{"type":"log","timestamp":1684353687834,"level":"debug","message":"Skipping storing report.","meta":{"rootId":"bqy9klz36hcq7bl","id":"bqy9klz36hcq7bl"},"id":"ppp0locfrlrgyk2","previousOperationId":"28gbn66kp4q69zd"}
{"type":"log","timestamp":1684353687834,"level":"info","message":"Rendering request 8 finished in 1581 ms","meta":{"rootId":"bqy9klz36hcq7bl","id":"bqy9klz36hcq7bl"},"id":"gzc6x3yd21bl2o5","previousOperationId":"28gbn66kp4q69zd"}
{"type":"operationEnd","subtype":"render","operationId":"4gmxfe249pbui7r","timestamp":1684353687834,"id":"3s8l1b69qzbur3j","previousEventId":"5jv8h829e997v1s","previousOperationId":"28gbn66kp4q69zd"}
{"type":"operationEnd","doDiffs":false,"previousEventId":"yf03dmxo4iskhzs","previousOperationId":"0a21zvdeeynvjrv","operationId":"0a21zvdeeynvjrv","timestamp":1684353687838,"id":"q7jyaxptl9yjgjq"}
