{"type":"operationStart","subtype":"profile","data":{"_id":"XDoqQhSmkgBDGPjE","timestamp":"2023-04-13T05:29:26.212Z","state":"queued","mode":"standard","timeout":60000,"creationDate":"2023-04-13T05:29:26.220Z","modificationDate":"2023-04-13T05:29:26.220Z","shortid":"o58FQRx","$entitySet":"profiles"},"doDiffs":false,"timestamp":1681363766218,"id":"sv7kk04yrqhhzbt","previousOperationId":null,"operationId":"3654z5fdz6pljhp"}
{"type":"log","level":"info","message":"Render request 2 queued for execution and waiting for available worker","previousOperationId":"3654z5fdz6pljhp","timestamp":1681363766218,"id":"hhpwreoxl8cok5t"}
{"type":"operationStart","subtype":"render","name":"anonymous","previousOperationId":"3654z5fdz6pljhp","timestamp":1681363766266,"id":"pmzbcjlg59bv5vv","previousEventId":"sv7kk04yrqhhzbt","operationId":"92i97yb12znusn7"}
{"type":"log","timestamp":1681363766266,"level":"info","message":"Starting rendering request 2","meta":{"rootId":"bvh8ry9v4b6u8pc","id":"bvh8ry9v4b6u8pc"},"id":"pvfrg5d3f59viib","previousOperationId":"92i97yb12znusn7"}
{"type":"log","timestamp":1681363766266,"level":"info","message":"Rendering anonymous template { recipe: chrome-pdf, engine: handlebars }","meta":{"rootId":"bvh8ry9v4b6u8pc","id":"bvh8ry9v4b6u8pc"},"id":"0bnxcij7w054r50","previousOperationId":"92i97yb12znusn7"}
{"type":"log","timestamp":1681363766266,"level":"debug","message":"Inline data specified.","meta":{"rootId":"bvh8ry9v4b6u8pc","id":"bvh8ry9v4b6u8pc"},"id":"a2lwbc9pbjb0gmw","previousOperationId":"92i97yb12znusn7"}
{"type":"log","timestamp":1681363766270,"level":"debug","message":"Base url not specified, skipping its injection.","meta":{"rootId":"bvh8ry9v4b6u8pc","id":"bvh8ry9v4b6u8pc"},"id":"pzkae7o29p8v7bw","previousOperationId":"92i97yb12znusn7"}
{"type":"operationStart","subtype":"engine","name":"handlebars","timestamp":1681363766270,"id":"xva8c1olcqkfe34","previousEventId":"pmzbcjlg59bv5vv","operationId":"j6ngbwy5tc95fvy","previousOperationId":"92i97yb12znusn7"}
{"type":"log","timestamp":1681363766270,"level":"debug","message":"Rendering engine handlebars","meta":{"rootId":"bvh8ry9v4b6u8pc","id":"bvh8ry9v4b6u8pc"},"id":"v8h7dcuetj5u7et","previousOperationId":"j6ngbwy5tc95fvy"}
{"type":"operationEnd","operationId":"j6ngbwy5tc95fvy","timestamp":1681363766289,"id":"lou0kesco2gt7w5","previousEventId":"xva8c1olcqkfe34","previousOperationId":"j6ngbwy5tc95fvy"}
{"type":"operationStart","subtype":"recipe","name":"chrome-pdf","timestamp":1681363766289,"id":"4cwanhtxc212h6d","previousEventId":"lou0kesco2gt7w5","operationId":"y9c2v1zth9wkhwh","previousOperationId":"j6ngbwy5tc95fvy"}
{"type":"log","timestamp":1681363766289,"level":"debug","message":"Executing recipe chrome-pdf","meta":{"rootId":"bvh8ry9v4b6u8pc","id":"bvh8ry9v4b6u8pc"},"id":"nl4veq4pje3cxnd","previousOperationId":"y9c2v1zth9wkhwh"}
{"type":"log","timestamp":1681363766350,"level":"debug","message":"Converting with chrome HeadlessChrome/105.0.5173.0 using chrome-pool strategy","meta":{"rootId":"bvh8ry9v4b6u8pc","id":"bvh8ry9v4b6u8pc"},"id":"lmygtnzrf2n9ckf","previousOperationId":"y9c2v1zth9wkhwh"}
{"type":"log","timestamp":1681363767034,"level":"debug","message":"Page request: GET (document) file:///C:/Users/SACHIN~1/AppData/Local/Temp/jsreport/autocleanup/774cd00c-2f59-41c7-b8cc-38e55c5a0228-chrome-pdf.html","meta":{"rootId":"bvh8ry9v4b6u8pc","id":"bvh8ry9v4b6u8pc"},"id":"0bjtfs17jjy86j5","previousOperationId":"y9c2v1zth9wkhwh"}
{"type":"log","timestamp":1681363767070,"level":"debug","message":"Page request finished: GET (document) 200 file:///C:/Users/SACHIN~1/AppData/Local/Temp/jsreport/autocleanup/774cd00c-2f59-41c7-b8cc-38e55c5a0228-chrome-pdf.html","meta":{"rootId":"bvh8ry9v4b6u8pc","id":"bvh8ry9v4b6u8pc"},"id":"uhcmvoljpoby6en","previousOperationId":"y9c2v1zth9wkhwh"}
{"type":"log","timestamp":1681363767078,"level":"debug","message":"Page request: GET (stylesheet) https://stackpath.bootstrapcdn.com/bootstrap/4.4.1/css/bootstrap.min.css","meta":{"rootId":"bvh8ry9v4b6u8pc","id":"bvh8ry9v4b6u8pc"},"id":"wtwa9slvsj2zjg1","previousOperationId":"y9c2v1zth9wkhwh"}
{"type":"log","timestamp":1681363767107,"level":"debug","message":"Page request: GET (image) https://assets-global.website-files.com/5ca4d1fd374efbecd845739f/611be296e1ecb589c495418a_JAS%20and%20Greencarrier.png","meta":{"rootId":"bvh8ry9v4b6u8pc","id":"bvh8ry9v4b6u8pc"},"id":"5c7pazbskrfug4t","previousOperationId":"y9c2v1zth9wkhwh"}
{"type":"log","timestamp":1681363767281,"level":"debug","message":"Page request finished: GET (image) 200 https://assets-global.website-files.com/5ca4d1fd374efbecd845739f/611be296e1ecb589c495418a_JAS%20and%20Greencarrier.png","meta":{"rootId":"bvh8ry9v4b6u8pc","id":"bvh8ry9v4b6u8pc"},"id":"mkjt8xq72gsp5zm","previousOperationId":"y9c2v1zth9wkhwh"}
{"type":"log","timestamp":1681363767281,"level":"debug","message":"Page request finished: GET (stylesheet) 200 https://stackpath.bootstrapcdn.com/bootstrap/4.4.1/css/bootstrap.min.css","meta":{"rootId":"bvh8ry9v4b6u8pc","id":"bvh8ry9v4b6u8pc"},"id":"4xjud4vgxt0pmse","previousOperationId":"y9c2v1zth9wkhwh"}
{"type":"log","timestamp":1681363767637,"level":"debug","message":"Running chrome with params {\"timeout\":59919,\"margin\":{},\"printBackground\":true}","meta":{"rootId":"bvh8ry9v4b6u8pc","id":"bvh8ry9v4b6u8pc"},"id":"tlccgqijy16vejd","previousOperationId":"y9c2v1zth9wkhwh"}
{"type":"operationEnd","operationId":"y9c2v1zth9wkhwh","timestamp":1681363771718,"id":"8asebuzogonvqqc","previousEventId":"4cwanhtxc212h6d","previousOperationId":"y9c2v1zth9wkhwh"}
{"type":"log","timestamp":1681363771718,"level":"debug","message":"Skipping storing report.","meta":{"rootId":"bvh8ry9v4b6u8pc","id":"bvh8ry9v4b6u8pc"},"id":"jisluk7z8cm3xrb","previousOperationId":"y9c2v1zth9wkhwh"}
{"type":"log","timestamp":1681363771718,"level":"info","message":"Rendering request 2 finished in 5507 ms","meta":{"rootId":"bvh8ry9v4b6u8pc","id":"bvh8ry9v4b6u8pc"},"id":"78bbel7a9uwgpao","previousOperationId":"y9c2v1zth9wkhwh"}
{"type":"operationEnd","subtype":"render","operationId":"92i97yb12znusn7","timestamp":1681363771718,"id":"gyvudahbiddvt5m","previousEventId":"8asebuzogonvqqc","previousOperationId":"y9c2v1zth9wkhwh"}
{"type":"operationEnd","doDiffs":false,"previousEventId":"sv7kk04yrqhhzbt","previousOperationId":"3654z5fdz6pljhp","operationId":"3654z5fdz6pljhp","timestamp":1681363771738,"id":"9z0w1989i5eo61y"}
