{"type":"operationStart","subtype":"profile","data":{"_id":"XKS6np5FjRCzebwO","timestamp":"2023-05-18T18:16:28.284Z","state":"queued","mode":"standard","timeout":60000,"creationDate":"2023-05-18T18:16:28.288Z","modificationDate":"2023-05-18T18:16:28.288Z","shortid":"QU5Z89X","$entitySet":"profiles"},"doDiffs":false,"timestamp":1684433788287,"id":"yb9cl0zbv886efa","previousOperationId":null,"operationId":"nqzyvowi9iieiep"}
{"type":"log","level":"info","message":"Render request 5 queued for execution and waiting for available worker","previousOperationId":"nqzyvowi9iieiep","timestamp":1684433788287,"id":"chp9fnks2m9z512"}
{"type":"operationStart","subtype":"render","name":"anonymous","previousOperationId":"nqzyvowi9iieiep","timestamp":1684433788293,"id":"sx0pibcpjgrelal","previousEventId":"yb9cl0zbv886efa","operationId":"3lloh2fqmauevsj"}
{"type":"log","timestamp":1684433788293,"level":"info","message":"Starting rendering request 5","meta":{"rootId":"cht9d7x73ama2tk","id":"cht9d7x73ama2tk"},"id":"plbqnmqk3k3kzz0","previousOperationId":"3lloh2fqmauevsj"}
{"type":"log","timestamp":1684433788293,"level":"info","message":"Rendering anonymous template { recipe: chrome-pdf, engine: handlebars }","meta":{"rootId":"cht9d7x73ama2tk","id":"cht9d7x73ama2tk"},"id":"5kin3klzc8xlt6n","previousOperationId":"3lloh2fqmauevsj"}
{"type":"log","timestamp":1684433788293,"level":"debug","message":"Inline data specified.","meta":{"rootId":"cht9d7x73ama2tk","id":"cht9d7x73ama2tk"},"id":"c27908p2p895rok","previousOperationId":"3lloh2fqmauevsj"}
{"type":"log","timestamp":1684433788295,"level":"debug","message":"Base url not specified, skipping its injection.","meta":{"rootId":"cht9d7x73ama2tk","id":"cht9d7x73ama2tk"},"id":"94s73ubnp6fy0q3","previousOperationId":"3lloh2fqmauevsj"}
{"type":"operationStart","subtype":"engine","name":"handlebars","timestamp":1684433788295,"id":"ropiax74gu6eu10","previousEventId":"sx0pibcpjgrelal","operationId":"ffdmf0vdc8n6cuf","previousOperationId":"3lloh2fqmauevsj"}
{"type":"log","timestamp":1684433788295,"level":"debug","message":"Rendering engine handlebars","meta":{"rootId":"cht9d7x73ama2tk","id":"cht9d7x73ama2tk"},"id":"mhxoq6ikov4lx1c","previousOperationId":"ffdmf0vdc8n6cuf"}
{"type":"operationEnd","operationId":"ffdmf0vdc8n6cuf","timestamp":1684433788306,"id":"5q2qllj9fnk8psn","previousEventId":"ropiax74gu6eu10","previousOperationId":"ffdmf0vdc8n6cuf"}
{"type":"operationStart","subtype":"recipe","name":"chrome-pdf","timestamp":1684433788306,"id":"b1cyw77q1q7pu1d","previousEventId":"5q2qllj9fnk8psn","operationId":"ui7sjqmohjnyy8h","previousOperationId":"ffdmf0vdc8n6cuf"}
{"type":"log","timestamp":1684433788306,"level":"debug","message":"Executing recipe chrome-pdf","meta":{"rootId":"cht9d7x73ama2tk","id":"cht9d7x73ama2tk"},"id":"xo8ohlwdwihh6ks","previousOperationId":"ui7sjqmohjnyy8h"}
{"type":"log","timestamp":1684433788309,"level":"debug","message":"Converting with chrome HeadlessChrome/105.0.5173.0 using chrome-pool strategy","meta":{"rootId":"cht9d7x73ama2tk","id":"cht9d7x73ama2tk"},"id":"7x1bpe4a73i5vtp","previousOperationId":"ui7sjqmohjnyy8h"}
{"type":"log","timestamp":1684433788472,"level":"debug","message":"Page request: GET (document) file:///C:/Users/hp/AppData/Local/Temp/jsreport/autocleanup/603cd956-f905-4a01-97fd-29bf8e196387-chrome-pdf.html","meta":{"rootId":"cht9d7x73ama2tk","id":"cht9d7x73ama2tk"},"id":"bxnrbui0tinci17","previousOperationId":"ui7sjqmohjnyy8h"}
{"type":"log","timestamp":1684433788485,"level":"debug","message":"Page request finished: GET (document) 200 file:///C:/Users/hp/AppData/Local/Temp/jsreport/autocleanup/603cd956-f905-4a01-97fd-29bf8e196387-chrome-pdf.html","meta":{"rootId":"cht9d7x73ama2tk","id":"cht9d7x73ama2tk"},"id":"pzr0d7fvixq34lf","previousOperationId":"ui7sjqmohjnyy8h"}
{"type":"log","timestamp":1684433788522,"level":"debug","message":"Running chrome with params {\"timeout\":59976,\"margin\":{},\"printBackground\":true}","meta":{"rootId":"cht9d7x73ama2tk","id":"cht9d7x73ama2tk"},"id":"99i2ah9ikpu0ams","previousOperationId":"ui7sjqmohjnyy8h"}
{"type":"operationEnd","operationId":"ui7sjqmohjnyy8h","timestamp":1684433788646,"id":"25lqmlzf0g74cm9","previousEventId":"b1cyw77q1q7pu1d","previousOperationId":"ui7sjqmohjnyy8h"}
{"type":"log","timestamp":1684433788646,"level":"debug","message":"Skipping storing report.","meta":{"rootId":"cht9d7x73ama2tk","id":"cht9d7x73ama2tk"},"id":"wwr2gwpj2ow0hv2","previousOperationId":"ui7sjqmohjnyy8h"}
{"type":"log","timestamp":1684433788647,"level":"info","message":"Rendering request 5 finished in 363 ms","meta":{"rootId":"cht9d7x73ama2tk","id":"cht9d7x73ama2tk"},"id":"yih3w3yzybysrgh","previousOperationId":"ui7sjqmohjnyy8h"}
{"type":"operationEnd","subtype":"render","operationId":"3lloh2fqmauevsj","timestamp":1684433788647,"id":"pnsi4ykdo50abcp","previousEventId":"25lqmlzf0g74cm9","previousOperationId":"ui7sjqmohjnyy8h"}
{"type":"operationEnd","doDiffs":false,"previousEventId":"yb9cl0zbv886efa","previousOperationId":"nqzyvowi9iieiep","operationId":"nqzyvowi9iieiep","timestamp":1684433788649,"id":"7hlux0cshd5sw67"}
