{"type":"operationStart","subtype":"profile","data":{"_id":"NFee1eoNoMUq7tE8","timestamp":"2023-05-18T18:11:21.201Z","state":"queued","mode":"standard","timeout":60000,"creationDate":"2023-05-18T18:11:21.205Z","modificationDate":"2023-05-18T18:11:21.205Z","shortid":"v-qbBKO","$entitySet":"profiles"},"doDiffs":false,"timestamp":1684433481204,"id":"2zwky8auclyzqg9","previousOperationId":null,"operationId":"l89wlew8ckptl9c"}
{"type":"log","level":"info","message":"Render request 2 queued for execution and waiting for available worker","previousOperationId":"l89wlew8ckptl9c","timestamp":1684433481204,"id":"lmlyeqzdq7dsurw"}
{"type":"operationStart","subtype":"render","name":"anonymous","previousOperationId":"l89wlew8ckptl9c","timestamp":1684433481210,"id":"x9wejq5sxm8cebf","previousEventId":"2zwky8auclyzqg9","operationId":"zgpv310qptax3ax"}
{"type":"log","timestamp":1684433481210,"level":"info","message":"Starting rendering request 2","meta":{"rootId":"coscqdvfmrom0ib","id":"coscqdvfmrom0ib"},"id":"x5g6b6uxrqkpily","previousOperationId":"zgpv310qptax3ax"}
{"type":"log","timestamp":1684433481210,"level":"info","message":"Rendering anonymous template { recipe: chrome-pdf, engine: handlebars }","meta":{"rootId":"coscqdvfmrom0ib","id":"coscqdvfmrom0ib"},"id":"oun8v9zrhpd20o6","previousOperationId":"zgpv310qptax3ax"}
{"type":"log","timestamp":1684433481210,"level":"debug","message":"Inline data specified.","meta":{"rootId":"coscqdvfmrom0ib","id":"coscqdvfmrom0ib"},"id":"q5zjxtszhmpkxka","previousOperationId":"zgpv310qptax3ax"}
{"type":"log","timestamp":1684433481212,"level":"debug","message":"Base url not specified, skipping its injection.","meta":{"rootId":"coscqdvfmrom0ib","id":"coscqdvfmrom0ib"},"id":"ykgm5fcmjrg2wyx","previousOperationId":"zgpv310qptax3ax"}
{"type":"operationStart","subtype":"engine","name":"handlebars","timestamp":1684433481213,"id":"xcyl2nkkrxmqkfn","previousEventId":"x9wejq5sxm8cebf","operationId":"ihfmbll3qvnbg8k","previousOperationId":"zgpv310qptax3ax"}
{"type":"log","timestamp":1684433481213,"level":"debug","message":"Rendering engine handlebars","meta":{"rootId":"coscqdvfmrom0ib","id":"coscqdvfmrom0ib"},"id":"1v16p8qt87w2xyf","previousOperationId":"ihfmbll3qvnbg8k"}
{"type":"operationEnd","operationId":"ihfmbll3qvnbg8k","timestamp":1684433481242,"id":"v7m5uvk8w96cmec","previousEventId":"xcyl2nkkrxmqkfn","previousOperationId":"ihfmbll3qvnbg8k"}
{"type":"operationStart","subtype":"recipe","name":"chrome-pdf","timestamp":1684433481243,"id":"wlwymrli0n8r7pd","previousEventId":"v7m5uvk8w96cmec","operationId":"zr31d286lgmgvhg","previousOperationId":"ihfmbll3qvnbg8k"}
{"type":"log","timestamp":1684433481243,"level":"debug","message":"Executing recipe chrome-pdf","meta":{"rootId":"coscqdvfmrom0ib","id":"coscqdvfmrom0ib"},"id":"897zn6znt7viwd8","previousOperationId":"zr31d286lgmgvhg"}
{"type":"log","timestamp":1684433481248,"level":"debug","message":"Converting with chrome HeadlessChrome/105.0.5173.0 using chrome-pool strategy","meta":{"rootId":"coscqdvfmrom0ib","id":"coscqdvfmrom0ib"},"id":"sl7yrieo1l1hj2f","previousOperationId":"zr31d286lgmgvhg"}
{"type":"log","timestamp":1684433481407,"level":"debug","message":"Page request: GET (document) file:///C:/Users/hp/AppData/Local/Temp/jsreport/autocleanup/1b51fa41-11cb-4429-b147-0e3b5838f8d8-chrome-pdf.html","meta":{"rootId":"coscqdvfmrom0ib","id":"coscqdvfmrom0ib"},"id":"isd58y2jdq8qbdg","previousOperationId":"zr31d286lgmgvhg"}
{"type":"log","timestamp":1684433481417,"level":"debug","message":"Page request finished: GET (document) 200 file:///C:/Users/hp/AppData/Local/Temp/jsreport/autocleanup/1b51fa41-11cb-4429-b147-0e3b5838f8d8-chrome-pdf.html","meta":{"rootId":"coscqdvfmrom0ib","id":"coscqdvfmrom0ib"},"id":"2hyfzhfs3ti08jq","previousOperationId":"zr31d286lgmgvhg"}
{"type":"log","timestamp":1684433481458,"level":"debug","message":"Running chrome with params {\"timeout\":59954,\"margin\":{},\"printBackground\":true}","meta":{"rootId":"coscqdvfmrom0ib","id":"coscqdvfmrom0ib"},"id":"vlfqq4e4spesr6x","previousOperationId":"zr31d286lgmgvhg"}
{"type":"operationEnd","operationId":"zr31d286lgmgvhg","timestamp":1684433481546,"id":"5f76jealz2tefjn","previousEventId":"wlwymrli0n8r7pd","previousOperationId":"zr31d286lgmgvhg"}
{"type":"log","timestamp":1684433481547,"level":"debug","message":"Skipping storing report.","meta":{"rootId":"coscqdvfmrom0ib","id":"coscqdvfmrom0ib"},"id":"v9225xg96yu2tdw","previousOperationId":"zr31d286lgmgvhg"}
{"type":"log","timestamp":1684433481547,"level":"info","message":"Rendering request 2 finished in 347 ms","meta":{"rootId":"coscqdvfmrom0ib","id":"coscqdvfmrom0ib"},"id":"62horqc47mcvb42","previousOperationId":"zr31d286lgmgvhg"}
{"type":"operationEnd","subtype":"render","operationId":"zgpv310qptax3ax","timestamp":1684433481547,"id":"dmo03qx0hljti22","previousEventId":"5f76jealz2tefjn","previousOperationId":"zr31d286lgmgvhg"}
{"type":"operationEnd","doDiffs":false,"previousEventId":"2zwky8auclyzqg9","previousOperationId":"l89wlew8ckptl9c","operationId":"l89wlew8ckptl9c","timestamp":1684433481551,"id":"7te44paibnun6zd"}
