{"type":"operationStart","subtype":"profile","data":{"_id":"4hiyrHPP30zfVakE","timestamp":"2023-05-03T06:39:13.133Z","state":"queued","mode":"standard","timeout":60000,"creationDate":"2023-05-03T06:39:13.143Z","modificationDate":"2023-05-03T06:39:13.143Z","shortid":"Ppd6lrO","$entitySet":"profiles"},"doDiffs":false,"timestamp":1683095953138,"id":"q3zurqkdh892wa7","previousOperationId":null,"operationId":"18w2s8c57jn0pn0"}
{"type":"log","level":"info","message":"Render request 1 queued for execution and waiting for available worker","previousOperationId":"18w2s8c57jn0pn0","timestamp":1683095953139,"id":"hcy1ggiytgatb10"}
{"type":"operationStart","subtype":"render","name":"anonymous","previousOperationId":"18w2s8c57jn0pn0","timestamp":1683095953200,"id":"lmkintzz0rnbaer","previousEventId":"q3zurqkdh892wa7","operationId":"madyrudfibdakwa"}
{"type":"log","timestamp":1683095953203,"level":"info","message":"Starting rendering request 1","meta":{"rootId":"d330cw0hden3an1","id":"d330cw0hden3an1"},"id":"q8xfxrba9sw7d73","previousOperationId":"madyrudfibdakwa"}
{"type":"log","timestamp":1683095953207,"level":"info","message":"Rendering anonymous template { recipe: chrome-pdf, engine: handlebars }","meta":{"rootId":"d330cw0hden3an1","id":"d330cw0hden3an1"},"id":"tjhr2lwsgjf08b5","previousOperationId":"madyrudfibdakwa"}
{"type":"log","timestamp":1683095953208,"level":"debug","message":"Inline data specified.","meta":{"rootId":"d330cw0hden3an1","id":"d330cw0hden3an1"},"id":"upr2qqrojv8gki7","previousOperationId":"madyrudfibdakwa"}
{"type":"log","timestamp":1683095953219,"level":"debug","message":"Base url not specified, skipping its injection.","meta":{"rootId":"d330cw0hden3an1","id":"d330cw0hden3an1"},"id":"1xrlvnedf6ne1ol","previousOperationId":"madyrudfibdakwa"}
{"type":"operationStart","subtype":"engine","name":"handlebars","timestamp":1683095953226,"id":"q3r0w6qs3esqp78","previousEventId":"lmkintzz0rnbaer","operationId":"243ym3dg0o43tj1","previousOperationId":"madyrudfibdakwa"}
{"type":"log","timestamp":1683095953226,"level":"debug","message":"Rendering engine handlebars","meta":{"rootId":"d330cw0hden3an1","id":"d330cw0hden3an1"},"id":"43a82p5op7xqekf","previousOperationId":"243ym3dg0o43tj1"}
{"type":"operationEnd","operationId":"243ym3dg0o43tj1","timestamp":1683095955638,"id":"46agftw6j1letem","previousEventId":"q3r0w6qs3esqp78","previousOperationId":"243ym3dg0o43tj1"}
{"type":"operationStart","subtype":"recipe","name":"chrome-pdf","timestamp":1683095955640,"id":"23ndofchnkkjjl2","previousEventId":"46agftw6j1letem","operationId":"m2fr2tagjfnpwix","previousOperationId":"243ym3dg0o43tj1"}
{"type":"log","timestamp":1683095955640,"level":"debug","message":"Executing recipe chrome-pdf","meta":{"rootId":"d330cw0hden3an1","id":"d330cw0hden3an1"},"id":"3qmyfss6mb3ab1t","previousOperationId":"m2fr2tagjfnpwix"}
{"type":"log","timestamp":1683095956910,"level":"debug","message":"Converting with chrome HeadlessChrome/105.0.5173.0 using chrome-pool strategy","meta":{"rootId":"d330cw0hden3an1","id":"d330cw0hden3an1"},"id":"443hayjsp66t451","previousOperationId":"m2fr2tagjfnpwix"}
{"type":"log","timestamp":1683095957191,"level":"debug","message":"Page request: GET (document) file:///C:/Users/SACHIN~1/AppData/Local/Temp/jsreport/autocleanup/d1c73be2-4b6a-4125-b3d5-b3a792dc2aa2-chrome-pdf.html","meta":{"rootId":"d330cw0hden3an1","id":"d330cw0hden3an1"},"id":"ex1eht9s136kac9","previousOperationId":"m2fr2tagjfnpwix"}
{"type":"log","timestamp":1683095957231,"level":"debug","message":"Page request finished: GET (document) 200 file:///C:/Users/SACHIN~1/AppData/Local/Temp/jsreport/autocleanup/d1c73be2-4b6a-4125-b3d5-b3a792dc2aa2-chrome-pdf.html","meta":{"rootId":"d330cw0hden3an1","id":"d330cw0hden3an1"},"id":"9hp2aej3vvb3gej","previousOperationId":"m2fr2tagjfnpwix"}
{"type":"log","timestamp":1683095957232,"level":"debug","message":"Page request: GET (stylesheet) https://stackpath.bootstrapcdn.com/bootstrap/4.4.1/css/bootstrap.min.css","meta":{"rootId":"d330cw0hden3an1","id":"d330cw0hden3an1"},"id":"l3dligkrb0ii0kn","previousOperationId":"m2fr2tagjfnpwix"}
{"type":"log","timestamp":1683095957233,"level":"debug","message":"Page request: GET (image) https://assets-global.website-files.com/5ca4d1fd374efbecd845739f/611be296e1ecb589c495418a_JAS%20and%20Greencarrier.png","meta":{"rootId":"d330cw0hden3an1","id":"d330cw0hden3an1"},"id":"6r2wz3nxwnuapn3","previousOperationId":"m2fr2tagjfnpwix"}
{"type":"log","timestamp":1683095959832,"level":"debug","message":"Page request finished: GET (stylesheet) 200 https://stackpath.bootstrapcdn.com/bootstrap/4.4.1/css/bootstrap.min.css","meta":{"rootId":"d330cw0hden3an1","id":"d330cw0hden3an1"},"id":"t6w0wire9kw6cja","previousOperationId":"m2fr2tagjfnpwix"}
{"type":"log","timestamp":1683095960070,"level":"debug","message":"Page request finished: GET (image) 200 https://assets-global.website-files.com/5ca4d1fd374efbecd845739f/611be296e1ecb589c495418a_JAS%20and%20Greencarrier.png","meta":{"rootId":"d330cw0hden3an1","id":"d330cw0hden3an1"},"id":"giwbljmgy3ewqwo","previousOperationId":"m2fr2tagjfnpwix"}
{"type":"log","timestamp":1683095960082,"level":"debug","message":"Running chrome with params {\"timeout\":57021,\"margin\":{},\"printBackground\":true}","meta":{"rootId":"d330cw0hden3an1","id":"d330cw0hden3an1"},"id":"fw80sipghy608yr","previousOperationId":"m2fr2tagjfnpwix"}
{"type":"operationEnd","operationId":"m2fr2tagjfnpwix","timestamp":1683095960734,"id":"j81fczykif0agdl","previousEventId":"23ndofchnkkjjl2","previousOperationId":"m2fr2tagjfnpwix"}
{"type":"log","timestamp":1683095960735,"level":"debug","message":"Skipping storing report.","meta":{"rootId":"d330cw0hden3an1","id":"d330cw0hden3an1"},"id":"c8715s1wpoel7ex","previousOperationId":"m2fr2tagjfnpwix"}
{"type":"log","timestamp":1683095960735,"level":"info","message":"Rendering request 1 finished in 7604 ms","meta":{"rootId":"d330cw0hden3an1","id":"d330cw0hden3an1"},"id":"0xfa5z3iid2lu89","previousOperationId":"m2fr2tagjfnpwix"}
{"type":"operationEnd","subtype":"render","operationId":"madyrudfibdakwa","timestamp":1683095960735,"id":"lbgs0vve22ucw86","previousEventId":"j81fczykif0agdl","previousOperationId":"m2fr2tagjfnpwix"}
{"type":"operationEnd","doDiffs":false,"previousEventId":"q3zurqkdh892wa7","previousOperationId":"18w2s8c57jn0pn0","operationId":"18w2s8c57jn0pn0","timestamp":1683095960739,"id":"by88wz9owrufuzg"}
