{"type":"operationStart","subtype":"profile","data":{"_id":"Y0GYtbmEIU0pzB0e","timestamp":"2023-05-18T18:26:23.710Z","state":"queued","mode":"standard","timeout":60000,"creationDate":"2023-05-18T18:26:23.714Z","modificationDate":"2023-05-18T18:26:23.714Z","shortid":"tgzFtjp","$entitySet":"profiles"},"doDiffs":false,"timestamp":1684434383712,"id":"skw78ewe9s3zlfg","previousOperationId":null,"operationId":"0uw0h7m2xk9ad4j"}
{"type":"log","level":"info","message":"Render request 1 queued for execution and waiting for available worker","previousOperationId":"0uw0h7m2xk9ad4j","timestamp":1684434383712,"id":"gy78z5kxx0yt6zg"}
{"type":"operationStart","subtype":"render","name":"anonymous","previousOperationId":"0uw0h7m2xk9ad4j","timestamp":1684434383734,"id":"ku8m5lfzzybuxuj","previousEventId":"skw78ewe9s3zlfg","operationId":"ozacam76586kl17"}
{"type":"log","timestamp":1684434383735,"level":"info","message":"Starting rendering request 1","meta":{"rootId":"dapxtxjqpay0d5s","id":"dapxtxjqpay0d5s"},"id":"qjxnxsbp3pfcecd","previousOperationId":"ozacam76586kl17"}
{"type":"log","timestamp":1684434383737,"level":"info","message":"Rendering anonymous template { recipe: chrome-pdf, engine: handlebars }","meta":{"rootId":"dapxtxjqpay0d5s","id":"dapxtxjqpay0d5s"},"id":"b96ie6t959gnemx","previousOperationId":"ozacam76586kl17"}
{"type":"log","timestamp":1684434383738,"level":"debug","message":"Inline data specified.","meta":{"rootId":"dapxtxjqpay0d5s","id":"dapxtxjqpay0d5s"},"id":"p5x46domoebg88b","previousOperationId":"ozacam76586kl17"}
{"type":"log","timestamp":1684434383741,"level":"debug","message":"Base url not specified, skipping its injection.","meta":{"rootId":"dapxtxjqpay0d5s","id":"dapxtxjqpay0d5s"},"id":"0iwfhi9w3blkh6n","previousOperationId":"ozacam76586kl17"}
{"type":"operationStart","subtype":"engine","name":"handlebars","timestamp":1684434383742,"id":"8ktn57m5d7dfh70","previousEventId":"ku8m5lfzzybuxuj","operationId":"6r6aspbl14k7pxz","previousOperationId":"ozacam76586kl17"}
{"type":"log","timestamp":1684434383742,"level":"debug","message":"Rendering engine handlebars","meta":{"rootId":"dapxtxjqpay0d5s","id":"dapxtxjqpay0d5s"},"id":"nafji3htsl8hcls","previousOperationId":"6r6aspbl14k7pxz"}
{"type":"operationEnd","operationId":"6r6aspbl14k7pxz","timestamp":1684434384257,"id":"q43gr5iaxmxpvq4","previousEventId":"8ktn57m5d7dfh70","previousOperationId":"6r6aspbl14k7pxz"}
{"type":"operationStart","subtype":"recipe","name":"chrome-pdf","timestamp":1684434384258,"id":"ikcbipo4mx9by8w","previousEventId":"q43gr5iaxmxpvq4","operationId":"tkupxwbuid18gkc","previousOperationId":"6r6aspbl14k7pxz"}
{"type":"log","timestamp":1684434384258,"level":"debug","message":"Executing recipe chrome-pdf","meta":{"rootId":"dapxtxjqpay0d5s","id":"dapxtxjqpay0d5s"},"id":"c7lqgzt2tnyfofb","previousOperationId":"tkupxwbuid18gkc"}
{"type":"log","timestamp":1684434384642,"level":"debug","message":"Converting with chrome HeadlessChrome/105.0.5173.0 using chrome-pool strategy","meta":{"rootId":"dapxtxjqpay0d5s","id":"dapxtxjqpay0d5s"},"id":"2dgitedt8x5ogb8","previousOperationId":"tkupxwbuid18gkc"}
{"type":"log","timestamp":1684434385555,"level":"debug","message":"Page request: GET (document) file:///C:/Users/hp/AppData/Local/Temp/jsreport/autocleanup/e3985cb1-554d-4226-bfde-9b0656e4cb73-chrome-pdf.html","meta":{"rootId":"dapxtxjqpay0d5s","id":"dapxtxjqpay0d5s"},"id":"ohrv120795ueez1","previousOperationId":"tkupxwbuid18gkc"}
{"type":"log","timestamp":1684434385567,"level":"debug","message":"Page request finished: GET (document) 200 file:///C:/Users/hp/AppData/Local/Temp/jsreport/autocleanup/e3985cb1-554d-4226-bfde-9b0656e4cb73-chrome-pdf.html","meta":{"rootId":"dapxtxjqpay0d5s","id":"dapxtxjqpay0d5s"},"id":"h2zz3ygxy84epa2","previousOperationId":"tkupxwbuid18gkc"}
{"type":"log","timestamp":1684434385606,"level":"debug","message":"Running chrome with params {\"timeout\":59283,\"margin\":{},\"printBackground\":true}","meta":{"rootId":"dapxtxjqpay0d5s","id":"dapxtxjqpay0d5s"},"id":"0guktt7o4hkc8sa","previousOperationId":"tkupxwbuid18gkc"}
{"type":"operationEnd","operationId":"tkupxwbuid18gkc","timestamp":1684434385698,"id":"vyk2yn38sdwr9cq","previousEventId":"ikcbipo4mx9by8w","previousOperationId":"tkupxwbuid18gkc"}
{"type":"log","timestamp":1684434385699,"level":"debug","message":"Skipping storing report.","meta":{"rootId":"dapxtxjqpay0d5s","id":"dapxtxjqpay0d5s"},"id":"iellmtd5hk2bnr7","previousOperationId":"tkupxwbuid18gkc"}
{"type":"log","timestamp":1684434385700,"level":"info","message":"Rendering request 1 finished in 1991 ms","meta":{"rootId":"dapxtxjqpay0d5s","id":"dapxtxjqpay0d5s"},"id":"2dvyy81jqj3r7l7","previousOperationId":"tkupxwbuid18gkc"}
{"type":"operationEnd","subtype":"render","operationId":"ozacam76586kl17","timestamp":1684434385700,"id":"yu61zv44zfp2wxg","previousEventId":"vyk2yn38sdwr9cq","previousOperationId":"tkupxwbuid18gkc"}
{"type":"operationEnd","doDiffs":false,"previousEventId":"skw78ewe9s3zlfg","previousOperationId":"0uw0h7m2xk9ad4j","operationId":"0uw0h7m2xk9ad4j","timestamp":1684434385704,"id":"uh7i5el9gj66hn1"}
