{"type":"operationStart","subtype":"profile","data":{"_id":"RDMIdIAyKZ5CgAHf","timestamp":"2023-05-17T06:07:45.294Z","state":"queued","mode":"standard","timeout":60000,"creationDate":"2023-05-17T06:07:45.298Z","modificationDate":"2023-05-17T06:07:45.298Z","shortid":"3-3jLC9","$entitySet":"profiles"},"doDiffs":false,"timestamp":1684303665297,"id":"nack01qcvatn0tx","previousOperationId":null,"operationId":"dr1mv4qumcswgo5"}
{"type":"log","level":"info","message":"Render request 1 queued for execution and waiting for available worker","previousOperationId":"dr1mv4qumcswgo5","timestamp":1684303665297,"id":"b0rgtk813i1cf62"}
{"type":"operationStart","subtype":"render","name":"anonymous","previousOperationId":"dr1mv4qumcswgo5","timestamp":1684303665317,"id":"srfhdgguu55m06x","previousEventId":"nack01qcvatn0tx","operationId":"4aajeetj0m047lk"}
{"type":"log","timestamp":1684303665318,"level":"info","message":"Starting rendering request 1","meta":{"rootId":"df8sbwcy1qkhhp5","id":"df8sbwcy1qkhhp5"},"id":"9cae30sc80b34mh","previousOperationId":"4aajeetj0m047lk"}
{"type":"log","timestamp":1684303665320,"level":"info","message":"Rendering anonymous template { recipe: chrome-pdf, engine: handlebars }","meta":{"rootId":"df8sbwcy1qkhhp5","id":"df8sbwcy1qkhhp5"},"id":"vs7kwx89l2krked","previousOperationId":"4aajeetj0m047lk"}
{"type":"log","timestamp":1684303665321,"level":"debug","message":"Inline data specified.","meta":{"rootId":"df8sbwcy1qkhhp5","id":"df8sbwcy1qkhhp5"},"id":"w2r1lcs9cn8oaah","previousOperationId":"4aajeetj0m047lk"}
{"type":"log","timestamp":1684303665330,"level":"debug","message":"Base url not specified, skipping its injection.","meta":{"rootId":"df8sbwcy1qkhhp5","id":"df8sbwcy1qkhhp5"},"id":"ud2nl676qw9w891","previousOperationId":"4aajeetj0m047lk"}
{"type":"operationStart","subtype":"engine","name":"handlebars","timestamp":1684303665331,"id":"n4531voar7bh999","previousEventId":"srfhdgguu55m06x","operationId":"1faollfap5jfzgt","previousOperationId":"4aajeetj0m047lk"}
{"type":"log","timestamp":1684303665331,"level":"debug","message":"Rendering engine handlebars","meta":{"rootId":"df8sbwcy1qkhhp5","id":"df8sbwcy1qkhhp5"},"id":"7kmtd16akl9sfyp","previousOperationId":"1faollfap5jfzgt"}
{"type":"operationEnd","operationId":"1faollfap5jfzgt","timestamp":1684303668202,"id":"ljbylci566wt1fz","previousEventId":"n4531voar7bh999","previousOperationId":"1faollfap5jfzgt"}
{"type":"operationStart","subtype":"recipe","name":"chrome-pdf","timestamp":1684303668203,"id":"uany3wt753q98rr","previousEventId":"ljbylci566wt1fz","operationId":"96zhxjzgzre1p83","previousOperationId":"1faollfap5jfzgt"}
{"type":"log","timestamp":1684303668203,"level":"debug","message":"Executing recipe chrome-pdf","meta":{"rootId":"df8sbwcy1qkhhp5","id":"df8sbwcy1qkhhp5"},"id":"o22vlsk7pkco3tp","previousOperationId":"96zhxjzgzre1p83"}
{"type":"log","timestamp":1684303668813,"level":"debug","message":"Converting with chrome HeadlessChrome/105.0.5173.0 using chrome-pool strategy","meta":{"rootId":"df8sbwcy1qkhhp5","id":"df8sbwcy1qkhhp5"},"id":"8r8ejyc2gw2cub5","previousOperationId":"96zhxjzgzre1p83"}
{"type":"log","timestamp":1684303670537,"level":"debug","message":"Page request: GET (document) file:///C:/Users/hp/AppData/Local/Temp/jsreport/autocleanup/c107bbbf-ba28-4242-a4e7-86c92e89fbd0-chrome-pdf.html","meta":{"rootId":"df8sbwcy1qkhhp5","id":"df8sbwcy1qkhhp5"},"id":"s86dj28vno758ik","previousOperationId":"96zhxjzgzre1p83"}
{"type":"log","timestamp":1684303670552,"level":"debug","message":"Page request finished: GET (document) 200 file:///C:/Users/hp/AppData/Local/Temp/jsreport/autocleanup/c107bbbf-ba28-4242-a4e7-86c92e89fbd0-chrome-pdf.html","meta":{"rootId":"df8sbwcy1qkhhp5","id":"df8sbwcy1qkhhp5"},"id":"w1ajm7uim55stuo","previousOperationId":"96zhxjzgzre1p83"}
{"type":"log","timestamp":1684303670611,"level":"debug","message":"Running chrome with params {\"timeout\":56931,\"margin\":{},\"printBackground\":true}","meta":{"rootId":"df8sbwcy1qkhhp5","id":"df8sbwcy1qkhhp5"},"id":"ud5c47ydakao28p","previousOperationId":"96zhxjzgzre1p83"}
{"type":"operationEnd","operationId":"96zhxjzgzre1p83","timestamp":1684303670802,"id":"zed9c3krlakx0ni","previousEventId":"uany3wt753q98rr","previousOperationId":"96zhxjzgzre1p83"}
{"type":"log","timestamp":1684303670803,"level":"debug","message":"Skipping storing report.","meta":{"rootId":"df8sbwcy1qkhhp5","id":"df8sbwcy1qkhhp5"},"id":"fpvika9qhj7wc87","previousOperationId":"96zhxjzgzre1p83"}
{"type":"log","timestamp":1684303670803,"level":"info","message":"Rendering request 1 finished in 5510 ms","meta":{"rootId":"df8sbwcy1qkhhp5","id":"df8sbwcy1qkhhp5"},"id":"s9eum3uigz41ecq","previousOperationId":"96zhxjzgzre1p83"}
{"type":"operationEnd","subtype":"render","operationId":"4aajeetj0m047lk","timestamp":1684303670803,"id":"8zbfh0owuf9xpnp","previousEventId":"zed9c3krlakx0ni","previousOperationId":"96zhxjzgzre1p83"}
{"type":"operationEnd","doDiffs":false,"previousEventId":"nack01qcvatn0tx","previousOperationId":"dr1mv4qumcswgo5","operationId":"dr1mv4qumcswgo5","timestamp":1684303670807,"id":"76mfw7th6qx55kp"}
