{"type":"operationStart","subtype":"profile","data":{"_id":"kgUXB518y74JjDGf","timestamp":"2023-04-18T13:47:43.276Z","state":"queued","mode":"standard","timeout":60000,"creationDate":"2023-04-18T13:47:43.280Z","modificationDate":"2023-04-18T13:47:43.280Z","shortid":"fF6dBHG","$entitySet":"profiles"},"doDiffs":false,"timestamp":1681825663279,"id":"yg5qn6fdohtyymr","previousOperationId":null,"operationId":"90qvjhomul18iq9"}
{"type":"log","level":"info","message":"Render request 6 queued for execution and waiting for available worker","previousOperationId":"90qvjhomul18iq9","timestamp":1681825663279,"id":"y6yvwj8r3bk00c2"}
{"type":"operationStart","subtype":"render","name":"anonymous","previousOperationId":"90qvjhomul18iq9","timestamp":1681825663288,"id":"z9zo0csjj2v0kfe","previousEventId":"yg5qn6fdohtyymr","operationId":"rbxjk1h6uiiz2po"}
{"type":"log","timestamp":1681825663288,"level":"info","message":"Starting rendering request 6","meta":{"rootId":"dgqzrvs8e7di1cq","id":"dgqzrvs8e7di1cq"},"id":"waju3bll4ukzo0h","previousOperationId":"rbxjk1h6uiiz2po"}
{"type":"log","timestamp":1681825663288,"level":"info","message":"Rendering anonymous template { recipe: chrome-pdf, engine: handlebars }","meta":{"rootId":"dgqzrvs8e7di1cq","id":"dgqzrvs8e7di1cq"},"id":"gg10kqqsal3xc20","previousOperationId":"rbxjk1h6uiiz2po"}
{"type":"log","timestamp":1681825663288,"level":"debug","message":"Inline data specified.","meta":{"rootId":"dgqzrvs8e7di1cq","id":"dgqzrvs8e7di1cq"},"id":"oc8qfwses9w87zm","previousOperationId":"rbxjk1h6uiiz2po"}
{"type":"log","timestamp":1681825663291,"level":"debug","message":"Base url not specified, skipping its injection.","meta":{"rootId":"dgqzrvs8e7di1cq","id":"dgqzrvs8e7di1cq"},"id":"1gtk01sv4smdbro","previousOperationId":"rbxjk1h6uiiz2po"}
{"type":"operationStart","subtype":"engine","name":"handlebars","timestamp":1681825663292,"id":"1vl0pt73wm5cgdq","previousEventId":"z9zo0csjj2v0kfe","operationId":"sjt42c5enrhawlo","previousOperationId":"rbxjk1h6uiiz2po"}
{"type":"log","timestamp":1681825663293,"level":"debug","message":"Rendering engine handlebars","meta":{"rootId":"dgqzrvs8e7di1cq","id":"dgqzrvs8e7di1cq"},"id":"gqvi7itqh7yqoxk","previousOperationId":"sjt42c5enrhawlo"}
{"type":"operationEnd","operationId":"sjt42c5enrhawlo","timestamp":1681825663308,"id":"ken8wxtma89c7px","previousEventId":"1vl0pt73wm5cgdq","previousOperationId":"sjt42c5enrhawlo"}
{"type":"operationStart","subtype":"recipe","name":"chrome-pdf","timestamp":1681825663309,"id":"lzk8taxg1c7wlyi","previousEventId":"ken8wxtma89c7px","operationId":"3u6j4mdmozrgwsa","previousOperationId":"sjt42c5enrhawlo"}
{"type":"log","timestamp":1681825663309,"level":"debug","message":"Executing recipe chrome-pdf","meta":{"rootId":"dgqzrvs8e7di1cq","id":"dgqzrvs8e7di1cq"},"id":"lmykgp2g9kjjshe","previousOperationId":"3u6j4mdmozrgwsa"}
{"type":"log","timestamp":1681825663319,"level":"debug","message":"Converting with chrome HeadlessChrome/105.0.5173.0 using chrome-pool strategy","meta":{"rootId":"dgqzrvs8e7di1cq","id":"dgqzrvs8e7di1cq"},"id":"r951qr7dkqrn1zh","previousOperationId":"3u6j4mdmozrgwsa"}
{"type":"log","timestamp":1681825663493,"level":"debug","message":"Page request: GET (document) file:///C:/Users/SACHIN~1/AppData/Local/Temp/jsreport/autocleanup/846dd06d-597a-48f6-ae96-f4d54866a90c-chrome-pdf.html","meta":{"rootId":"dgqzrvs8e7di1cq","id":"dgqzrvs8e7di1cq"},"id":"gf3bpusi55u7z92","previousOperationId":"3u6j4mdmozrgwsa"}
{"type":"log","timestamp":1681825663508,"level":"debug","message":"Page request: GET (stylesheet) https://stackpath.bootstrapcdn.com/bootstrap/4.4.1/css/bootstrap.min.css","meta":{"rootId":"dgqzrvs8e7di1cq","id":"dgqzrvs8e7di1cq"},"id":"ehnf7mvd9ixbuvv","previousOperationId":"3u6j4mdmozrgwsa"}
{"type":"log","timestamp":1681825663509,"level":"debug","message":"Page request finished: GET (document) 200 file:///C:/Users/SACHIN~1/AppData/Local/Temp/jsreport/autocleanup/846dd06d-597a-48f6-ae96-f4d54866a90c-chrome-pdf.html","meta":{"rootId":"dgqzrvs8e7di1cq","id":"dgqzrvs8e7di1cq"},"id":"ntlrkgsxfshs7ed","previousOperationId":"3u6j4mdmozrgwsa"}
{"type":"log","timestamp":1681825663509,"level":"debug","message":"Page request: GET (image) https://assets-global.website-files.com/5ca4d1fd374efbecd845739f/611be296e1ecb589c495418a_JAS%20and%20Greencarrier.png","meta":{"rootId":"dgqzrvs8e7di1cq","id":"dgqzrvs8e7di1cq"},"id":"eloxc0lpcfzsofe","previousOperationId":"3u6j4mdmozrgwsa"}
{"type":"log","timestamp":1681825663519,"level":"debug","message":"Page request finished: GET (stylesheet) 200 https://stackpath.bootstrapcdn.com/bootstrap/4.4.1/css/bootstrap.min.css","meta":{"rootId":"dgqzrvs8e7di1cq","id":"dgqzrvs8e7di1cq"},"id":"bwsscsry2k7jr0h","previousOperationId":"3u6j4mdmozrgwsa"}
{"type":"log","timestamp":1681825663521,"level":"debug","message":"Page request finished: GET (image) 200 https://assets-global.website-files.com/5ca4d1fd374efbecd845739f/611be296e1ecb589c495418a_JAS%20and%20Greencarrier.png","meta":{"rootId":"dgqzrvs8e7di1cq","id":"dgqzrvs8e7di1cq"},"id":"oaqv8zlbk0s11f0","previousOperationId":"3u6j4mdmozrgwsa"}
{"type":"log","timestamp":1681825663634,"level":"debug","message":"Running chrome with params {\"timeout\":59964,\"margin\":{},\"printBackground\":true}","meta":{"rootId":"dgqzrvs8e7di1cq","id":"dgqzrvs8e7di1cq"},"id":"esrlpn9cu5a7opg","previousOperationId":"3u6j4mdmozrgwsa"}
{"type":"operationEnd","operationId":"3u6j4mdmozrgwsa","timestamp":1681825663867,"id":"w7cr3ieuq55khn5","previousEventId":"lzk8taxg1c7wlyi","previousOperationId":"3u6j4mdmozrgwsa"}
{"type":"log","timestamp":1681825663867,"level":"debug","message":"Skipping storing report.","meta":{"rootId":"dgqzrvs8e7di1cq","id":"dgqzrvs8e7di1cq"},"id":"943hyzriyscryro","previousOperationId":"3u6j4mdmozrgwsa"}
{"type":"log","timestamp":1681825663868,"level":"info","message":"Rendering request 6 finished in 592 ms","meta":{"rootId":"dgqzrvs8e7di1cq","id":"dgqzrvs8e7di1cq"},"id":"lkemll4eau6gofc","previousOperationId":"3u6j4mdmozrgwsa"}
{"type":"operationEnd","subtype":"render","operationId":"rbxjk1h6uiiz2po","timestamp":1681825663868,"id":"o6qxlu5uoz1pky4","previousEventId":"w7cr3ieuq55khn5","previousOperationId":"3u6j4mdmozrgwsa"}
{"type":"operationEnd","doDiffs":false,"previousEventId":"yg5qn6fdohtyymr","previousOperationId":"90qvjhomul18iq9","operationId":"90qvjhomul18iq9","timestamp":1681825663871,"id":"uhmmbydftltvaxi"}
