{"type":"operationStart","subtype":"profile","data":{"_id":"wUk5XAtio0lApHMI","timestamp":"2023-05-16T05:45:56.311Z","state":"queued","mode":"standard","timeout":60000,"creationDate":"2023-05-16T05:45:56.314Z","modificationDate":"2023-05-16T05:45:56.314Z","shortid":"5SPoUkl","$entitySet":"profiles"},"doDiffs":false,"timestamp":1684215956313,"id":"bpbxhr407dr59u7","previousOperationId":null,"operationId":"ry6xyvxwsb8jrj9"}
{"type":"log","level":"info","message":"Render request 9 queued for execution and waiting for available worker","previousOperationId":"ry6xyvxwsb8jrj9","timestamp":1684215956313,"id":"hik5c8i40wwxf42"}
{"type":"operationStart","subtype":"render","name":"anonymous","previousOperationId":"ry6xyvxwsb8jrj9","timestamp":1684215956318,"id":"rfhhxxd20vpov05","previousEventId":"bpbxhr407dr59u7","operationId":"4nmfcxuilccftex"}
{"type":"log","timestamp":1684215956318,"level":"info","message":"Starting rendering request 9","meta":{"rootId":"djbydidj5qe8onh","id":"djbydidj5qe8onh"},"id":"fj6vqrbvb5pyymc","previousOperationId":"4nmfcxuilccftex"}
{"type":"log","timestamp":1684215956318,"level":"info","message":"Rendering anonymous template { recipe: chrome-pdf, engine: handlebars }","meta":{"rootId":"djbydidj5qe8onh","id":"djbydidj5qe8onh"},"id":"mcgsaty6c7m0xdg","previousOperationId":"4nmfcxuilccftex"}
{"type":"log","timestamp":1684215956318,"level":"debug","message":"Inline data specified.","meta":{"rootId":"djbydidj5qe8onh","id":"djbydidj5qe8onh"},"id":"fzueijq95l9vejw","previousOperationId":"4nmfcxuilccftex"}
{"type":"log","timestamp":1684215956319,"level":"debug","message":"Base url not specified, skipping its injection.","meta":{"rootId":"djbydidj5qe8onh","id":"djbydidj5qe8onh"},"id":"tb6gwtch5h47u3r","previousOperationId":"4nmfcxuilccftex"}
{"type":"operationStart","subtype":"engine","name":"handlebars","timestamp":1684215956319,"id":"r8tcfap3837csq3","previousEventId":"rfhhxxd20vpov05","operationId":"90y1jc89msxjbqs","previousOperationId":"4nmfcxuilccftex"}
{"type":"log","timestamp":1684215956319,"level":"debug","message":"Rendering engine handlebars","meta":{"rootId":"djbydidj5qe8onh","id":"djbydidj5qe8onh"},"id":"21pfswdd5te11pa","previousOperationId":"90y1jc89msxjbqs"}
{"type":"operationEnd","operationId":"90y1jc89msxjbqs","timestamp":1684215956336,"id":"8v98iikr02xh3nv","previousEventId":"r8tcfap3837csq3","previousOperationId":"90y1jc89msxjbqs"}
{"type":"operationStart","subtype":"recipe","name":"chrome-pdf","timestamp":1684215956336,"id":"jirqkyikl7czs71","previousEventId":"8v98iikr02xh3nv","operationId":"9od9iqldlq3i0et","previousOperationId":"90y1jc89msxjbqs"}
{"type":"log","timestamp":1684215956336,"level":"debug","message":"Executing recipe chrome-pdf","meta":{"rootId":"djbydidj5qe8onh","id":"djbydidj5qe8onh"},"id":"i1htrmws6y5m5re","previousOperationId":"9od9iqldlq3i0et"}
{"type":"log","timestamp":1684215956342,"level":"debug","message":"Converting with chrome HeadlessChrome/105.0.5173.0 using chrome-pool strategy","meta":{"rootId":"djbydidj5qe8onh","id":"djbydidj5qe8onh"},"id":"cn08ue0ljh17p4s","previousOperationId":"9od9iqldlq3i0et"}
{"type":"log","timestamp":1684215956477,"level":"debug","message":"Page request: GET (document) file:///C:/Users/hp/AppData/Local/Temp/jsreport/autocleanup/bc12d009-c931-419a-ad31-dee2e5f1338e-chrome-pdf.html","meta":{"rootId":"djbydidj5qe8onh","id":"djbydidj5qe8onh"},"id":"6y639dlcnbk8jbd","previousOperationId":"9od9iqldlq3i0et"}
{"type":"log","timestamp":1684215956489,"level":"debug","message":"Page request finished: GET (document) 200 file:///C:/Users/hp/AppData/Local/Temp/jsreport/autocleanup/bc12d009-c931-419a-ad31-dee2e5f1338e-chrome-pdf.html","meta":{"rootId":"djbydidj5qe8onh","id":"djbydidj5qe8onh"},"id":"rw7orxm8dqpkeu4","previousOperationId":"9od9iqldlq3i0et"}
{"type":"log","timestamp":1684215956547,"level":"debug","message":"Running chrome with params {\"timeout\":59972,\"margin\":{},\"printBackground\":true}","meta":{"rootId":"djbydidj5qe8onh","id":"djbydidj5qe8onh"},"id":"my9gr9qfaj8k6n5","previousOperationId":"9od9iqldlq3i0et"}
{"type":"operationEnd","operationId":"9od9iqldlq3i0et","timestamp":1684215956778,"id":"sjtjsr58n379oqd","previousEventId":"jirqkyikl7czs71","previousOperationId":"9od9iqldlq3i0et"}
{"type":"log","timestamp":1684215956778,"level":"debug","message":"Skipping storing report.","meta":{"rootId":"djbydidj5qe8onh","id":"djbydidj5qe8onh"},"id":"xqrtd07ytp7y41v","previousOperationId":"9od9iqldlq3i0et"}
{"type":"log","timestamp":1684215956778,"level":"info","message":"Rendering request 9 finished in 467 ms","meta":{"rootId":"djbydidj5qe8onh","id":"djbydidj5qe8onh"},"id":"cies3lv1tl083zo","previousOperationId":"9od9iqldlq3i0et"}
{"type":"operationEnd","subtype":"render","operationId":"4nmfcxuilccftex","timestamp":1684215956778,"id":"m70r674dx6o06x3","previousEventId":"sjtjsr58n379oqd","previousOperationId":"9od9iqldlq3i0et"}
{"type":"operationEnd","doDiffs":false,"previousEventId":"bpbxhr407dr59u7","previousOperationId":"ry6xyvxwsb8jrj9","operationId":"ry6xyvxwsb8jrj9","timestamp":1684215956780,"id":"jm84708fbp8dghp"}
