{"type":"operationStart","subtype":"profile","data":{"_id":"xATXtqFOBoLCVpFZ","timestamp":"2023-05-03T06:39:48.067Z","state":"queued","mode":"standard","timeout":60000,"creationDate":"2023-05-03T06:39:48.072Z","modificationDate":"2023-05-03T06:39:48.072Z","shortid":"c5D3SU2","$entitySet":"profiles"},"doDiffs":false,"timestamp":1683095988069,"id":"fg1fqt60n317wnx","previousOperationId":null,"operationId":"kllvnwhsnrh9qff"}
{"type":"log","level":"info","message":"Render request 2 queued for execution and waiting for available worker","previousOperationId":"kllvnwhsnrh9qff","timestamp":1683095988070,"id":"w5gp0n46iekgae0"}
{"type":"operationStart","subtype":"render","name":"anonymous","previousOperationId":"kllvnwhsnrh9qff","timestamp":1683095988080,"id":"vo507z6vfotx68m","previousEventId":"fg1fqt60n317wnx","operationId":"o9ge9pvs64lws6q"}
{"type":"log","timestamp":1683095988081,"level":"info","message":"Starting rendering request 2","meta":{"rootId":"dp99yq51z6ng5nx","id":"dp99yq51z6ng5nx"},"id":"offx6ejsx2mr4ne","previousOperationId":"o9ge9pvs64lws6q"}
{"type":"log","timestamp":1683095988081,"level":"info","message":"Rendering anonymous template { recipe: chrome-pdf, engine: handlebars }","meta":{"rootId":"dp99yq51z6ng5nx","id":"dp99yq51z6ng5nx"},"id":"hqozhm3jba49a4a","previousOperationId":"o9ge9pvs64lws6q"}
{"type":"log","timestamp":1683095988081,"level":"debug","message":"Inline data specified.","meta":{"rootId":"dp99yq51z6ng5nx","id":"dp99yq51z6ng5nx"},"id":"24pls2asztteaz5","previousOperationId":"o9ge9pvs64lws6q"}
{"type":"log","timestamp":1683095988085,"level":"debug","message":"Base url not specified, skipping its injection.","meta":{"rootId":"dp99yq51z6ng5nx","id":"dp99yq51z6ng5nx"},"id":"6ariydxxro3fx5f","previousOperationId":"o9ge9pvs64lws6q"}
{"type":"operationStart","subtype":"engine","name":"handlebars","timestamp":1683095988086,"id":"5on3o8vmn6phjiq","previousEventId":"vo507z6vfotx68m","operationId":"gcy0r40a845wtw0","previousOperationId":"o9ge9pvs64lws6q"}
{"type":"log","timestamp":1683095988087,"level":"debug","message":"Rendering engine handlebars","meta":{"rootId":"dp99yq51z6ng5nx","id":"dp99yq51z6ng5nx"},"id":"rumel8gfpy6205l","previousOperationId":"gcy0r40a845wtw0"}
{"type":"operationEnd","operationId":"gcy0r40a845wtw0","timestamp":1683095988106,"id":"0gz6yhfzphag86r","previousEventId":"5on3o8vmn6phjiq","previousOperationId":"gcy0r40a845wtw0"}
{"type":"operationStart","subtype":"recipe","name":"chrome-pdf","timestamp":1683095988107,"id":"2tytavumbodpx9c","previousEventId":"0gz6yhfzphag86r","operationId":"kzzca85crduj1on","previousOperationId":"gcy0r40a845wtw0"}
{"type":"log","timestamp":1683095988108,"level":"debug","message":"Executing recipe chrome-pdf","meta":{"rootId":"dp99yq51z6ng5nx","id":"dp99yq51z6ng5nx"},"id":"ovwsyqwxkq3wamm","previousOperationId":"kzzca85crduj1on"}
{"type":"log","timestamp":1683095988118,"level":"debug","message":"Converting with chrome HeadlessChrome/105.0.5173.0 using chrome-pool strategy","meta":{"rootId":"dp99yq51z6ng5nx","id":"dp99yq51z6ng5nx"},"id":"ib6vtk0rrxwgtvs","previousOperationId":"kzzca85crduj1on"}
{"type":"log","timestamp":1683095988325,"level":"debug","message":"Page request: GET (document) file:///C:/Users/SACHIN~1/AppData/Local/Temp/jsreport/autocleanup/bcc18a69-fdc0-4957-a7dd-aebd2e0fb4e0-chrome-pdf.html","meta":{"rootId":"dp99yq51z6ng5nx","id":"dp99yq51z6ng5nx"},"id":"f082nx4mj1yupb1","previousOperationId":"kzzca85crduj1on"}
{"type":"log","timestamp":1683095988338,"level":"debug","message":"Page request finished: GET (document) 200 file:///C:/Users/SACHIN~1/AppData/Local/Temp/jsreport/autocleanup/bcc18a69-fdc0-4957-a7dd-aebd2e0fb4e0-chrome-pdf.html","meta":{"rootId":"dp99yq51z6ng5nx","id":"dp99yq51z6ng5nx"},"id":"5qx4zlwc7qrzkoh","previousOperationId":"kzzca85crduj1on"}
{"type":"log","timestamp":1683095988338,"level":"debug","message":"Page request: GET (stylesheet) https://stackpath.bootstrapcdn.com/bootstrap/4.4.1/css/bootstrap.min.css","meta":{"rootId":"dp99yq51z6ng5nx","id":"dp99yq51z6ng5nx"},"id":"k58y5th8b8lmyaa","previousOperationId":"kzzca85crduj1on"}
{"type":"log","timestamp":1683095988338,"level":"debug","message":"Page request: GET (image) https://assets-global.website-files.com/5ca4d1fd374efbecd845739f/611be296e1ecb589c495418a_JAS%20and%20Greencarrier.png","meta":{"rootId":"dp99yq51z6ng5nx","id":"dp99yq51z6ng5nx"},"id":"2e1cg6fg4u116ju","previousOperationId":"kzzca85crduj1on"}
{"type":"log","timestamp":1683095988345,"level":"debug","message":"Page request finished: GET (image) 200 https://assets-global.website-files.com/5ca4d1fd374efbecd845739f/611be296e1ecb589c495418a_JAS%20and%20Greencarrier.png","meta":{"rootId":"dp99yq51z6ng5nx","id":"dp99yq51z6ng5nx"},"id":"113sr4a1bn693cp","previousOperationId":"kzzca85crduj1on"}
{"type":"log","timestamp":1683095988348,"level":"debug","message":"Page request finished: GET (stylesheet) 200 https://stackpath.bootstrapcdn.com/bootstrap/4.4.1/css/bootstrap.min.css","meta":{"rootId":"dp99yq51z6ng5nx","id":"dp99yq51z6ng5nx"},"id":"u5wci01mo78oy4g","previousOperationId":"kzzca85crduj1on"}
{"type":"log","timestamp":1683095988426,"level":"debug","message":"Running chrome with params {\"timeout\":59955,\"margin\":{},\"printBackground\":true}","meta":{"rootId":"dp99yq51z6ng5nx","id":"dp99yq51z6ng5nx"},"id":"ta1w9fy2ltq8p2k","previousOperationId":"kzzca85crduj1on"}
{"type":"operationEnd","operationId":"kzzca85crduj1on","timestamp":1683095988716,"id":"ec9guiiykjh0kbh","previousEventId":"2tytavumbodpx9c","previousOperationId":"kzzca85crduj1on"}
{"type":"log","timestamp":1683095988717,"level":"debug","message":"Skipping storing report.","meta":{"rootId":"dp99yq51z6ng5nx","id":"dp99yq51z6ng5nx"},"id":"ltuhcf3bxlxdvi2","previousOperationId":"kzzca85crduj1on"}
{"type":"log","timestamp":1683095988717,"level":"info","message":"Rendering request 2 finished in 651 ms","meta":{"rootId":"dp99yq51z6ng5nx","id":"dp99yq51z6ng5nx"},"id":"pmeirlbyfr9b9cx","previousOperationId":"kzzca85crduj1on"}
{"type":"operationEnd","subtype":"render","operationId":"o9ge9pvs64lws6q","timestamp":1683095988717,"id":"elt8rx9yfgd3xo2","previousEventId":"ec9guiiykjh0kbh","previousOperationId":"kzzca85crduj1on"}
{"type":"operationEnd","doDiffs":false,"previousEventId":"fg1fqt60n317wnx","previousOperationId":"kllvnwhsnrh9qff","operationId":"kllvnwhsnrh9qff","timestamp":1683095988720,"id":"mm87offcts27k3s"}
