{"type":"operationStart","subtype":"profile","data":{"_id":"UPvl3QBbmA7fFIzw","timestamp":"2023-03-27T07:10:40.205Z","state":"queued","mode":"standard","timeout":60000,"creationDate":"2023-03-27T07:10:40.237Z","modificationDate":"2023-03-27T07:10:40.237Z","shortid":"wORVyZe","$entitySet":"profiles"},"doDiffs":false,"timestamp":1679901040235,"id":"2yu7j6s0y5m6atz","previousOperationId":null,"operationId":"j4sy891re8w0jmq"}
{"type":"log","level":"info","message":"Render request 1 queued for execution and waiting for available worker","previousOperationId":"j4sy891re8w0jmq","timestamp":1679901040235,"id":"m4jc7og4p1ff6im"}
{"type":"operationStart","subtype":"render","name":"anonymous","previousOperationId":"j4sy891re8w0jmq","timestamp":1679901040625,"id":"pfiw0uweztxqo31","previousEventId":"2yu7j6s0y5m6atz","operationId":"zs79efgxq7ptmqs"}
{"type":"log","timestamp":1679901040638,"level":"info","message":"Starting rendering request 1","meta":{"rootId":"eiv9fzq8zlc8ada","id":"eiv9fzq8zlc8ada"},"id":"od5k8wxymfjg98l","previousOperationId":"zs79efgxq7ptmqs"}
{"type":"log","timestamp":1679901040641,"level":"info","message":"Rendering anonymous template { recipe: chrome-pdf, engine: handlebars }","meta":{"rootId":"eiv9fzq8zlc8ada","id":"eiv9fzq8zlc8ada"},"id":"k1cw9xvxinm51vo","previousOperationId":"zs79efgxq7ptmqs"}
{"type":"log","timestamp":1679901040642,"level":"debug","message":"Inline data specified.","meta":{"rootId":"eiv9fzq8zlc8ada","id":"eiv9fzq8zlc8ada"},"id":"frsk7onmc9l2r8c","previousOperationId":"zs79efgxq7ptmqs"}
{"type":"log","timestamp":1679901040719,"level":"debug","message":"Base url not specified, skipping its injection.","meta":{"rootId":"eiv9fzq8zlc8ada","id":"eiv9fzq8zlc8ada"},"id":"c1u9gzh0uen39rd","previousOperationId":"zs79efgxq7ptmqs"}
{"type":"operationStart","subtype":"engine","name":"handlebars","timestamp":1679901040722,"id":"8dxn7bvinzvl7xw","previousEventId":"pfiw0uweztxqo31","operationId":"ef874v4c2rcts9a","previousOperationId":"zs79efgxq7ptmqs"}
{"type":"log","timestamp":1679901040722,"level":"debug","message":"Rendering engine handlebars","meta":{"rootId":"eiv9fzq8zlc8ada","id":"eiv9fzq8zlc8ada"},"id":"ihi2kusi7zoi8fp","previousOperationId":"ef874v4c2rcts9a"}
{"type":"operationEnd","operationId":"ef874v4c2rcts9a","timestamp":1679901045979,"id":"9lbrrl94bnxwksm","previousEventId":"8dxn7bvinzvl7xw","previousOperationId":"ef874v4c2rcts9a"}
{"type":"operationStart","subtype":"recipe","name":"chrome-pdf","timestamp":1679901045980,"id":"4knjibgz7nuh5sq","previousEventId":"9lbrrl94bnxwksm","operationId":"rsxfmoggpo2dnlr","previousOperationId":"ef874v4c2rcts9a"}
{"type":"log","timestamp":1679901045981,"level":"debug","message":"Executing recipe chrome-pdf","meta":{"rootId":"eiv9fzq8zlc8ada","id":"eiv9fzq8zlc8ada"},"id":"bzfn4obldimh12e","previousOperationId":"rsxfmoggpo2dnlr"}
{"type":"log","timestamp":1679901053146,"level":"debug","message":"Converting with chrome HeadlessChrome/105.0.5173.0 using chrome-pool strategy","meta":{"rootId":"eiv9fzq8zlc8ada","id":"eiv9fzq8zlc8ada"},"id":"hfrtuklz9vnx97y","previousOperationId":"rsxfmoggpo2dnlr"}
{"type":"log","timestamp":1679901056586,"level":"debug","message":"Page request: GET (document) file:///tmp/jsreport/autocleanup/2539b3af-44f5-4b06-869f-9b1fd0088ff7-chrome-pdf.html","meta":{"rootId":"eiv9fzq8zlc8ada","id":"eiv9fzq8zlc8ada"},"id":"fwjc3qociv5gxov","previousOperationId":"rsxfmoggpo2dnlr"}
{"type":"log","timestamp":1679901056808,"level":"debug","message":"Page request: GET (stylesheet) https://stackpath.bootstrapcdn.com/bootstrap/4.4.1/css/bootstrap.min.css","meta":{"rootId":"eiv9fzq8zlc8ada","id":"eiv9fzq8zlc8ada"},"id":"hiatr8xacga1jhi","previousOperationId":"rsxfmoggpo2dnlr"}
{"type":"log","timestamp":1679901056809,"level":"debug","message":"Page request: GET (image) https://assets-global.website-files.com/5ca4d1fd374efbecd845739f/611be296e1ecb589c495418a_JAS%20and%20Greencarrier.png","meta":{"rootId":"eiv9fzq8zlc8ada","id":"eiv9fzq8zlc8ada"},"id":"vbyurodvblfa0a5","previousOperationId":"rsxfmoggpo2dnlr"}
{"type":"log","timestamp":1679901056810,"level":"debug","message":"Page request finished: GET (document) 200 file:///tmp/jsreport/autocleanup/2539b3af-44f5-4b06-869f-9b1fd0088ff7-chrome-pdf.html","meta":{"rootId":"eiv9fzq8zlc8ada","id":"eiv9fzq8zlc8ada"},"id":"wm01jaf2me2wenh","previousOperationId":"rsxfmoggpo2dnlr"}
{"type":"log","timestamp":1679901057652,"level":"debug","message":"Page request finished: GET (image) 200 https://assets-global.website-files.com/5ca4d1fd374efbecd845739f/611be296e1ecb589c495418a_JAS%20and%20Greencarrier.png","meta":{"rootId":"eiv9fzq8zlc8ada","id":"eiv9fzq8zlc8ada"},"id":"xxbyu2cs5spcik1","previousOperationId":"rsxfmoggpo2dnlr"}
{"type":"log","timestamp":1679901057658,"level":"debug","message":"Page request finished: GET (stylesheet) 200 https://stackpath.bootstrapcdn.com/bootstrap/4.4.1/css/bootstrap.min.css","meta":{"rootId":"eiv9fzq8zlc8ada","id":"eiv9fzq8zlc8ada"},"id":"nevqv45fa6zoikw","previousOperationId":"rsxfmoggpo2dnlr"}
{"type":"log","timestamp":1679901058012,"level":"debug","message":"Running chrome with params {\"timeout\":54074,\"margin\":{},\"printBackground\":true}","meta":{"rootId":"eiv9fzq8zlc8ada","id":"eiv9fzq8zlc8ada"},"id":"hxji78ngsltwipz","previousOperationId":"rsxfmoggpo2dnlr"}
{"type":"operationEnd","operationId":"rsxfmoggpo2dnlr","timestamp":1679901058560,"id":"l457wrfadbjwznk","previousEventId":"4knjibgz7nuh5sq","previousOperationId":"rsxfmoggpo2dnlr"}
{"type":"log","timestamp":1679901058561,"level":"debug","message":"Skipping storing report.","meta":{"rootId":"eiv9fzq8zlc8ada","id":"eiv9fzq8zlc8ada"},"id":"7gqp2p2b2ov98hc","previousOperationId":"rsxfmoggpo2dnlr"}
{"type":"log","timestamp":1679901058562,"level":"info","message":"Rendering request 1 finished in 18358 ms","meta":{"rootId":"eiv9fzq8zlc8ada","id":"eiv9fzq8zlc8ada"},"id":"sbp5c72wyuashkm","previousOperationId":"rsxfmoggpo2dnlr"}
{"type":"operationEnd","subtype":"render","operationId":"zs79efgxq7ptmqs","timestamp":1679901058562,"id":"8dzr9i84ksl9krn","previousEventId":"l457wrfadbjwznk","previousOperationId":"rsxfmoggpo2dnlr"}
{"type":"operationEnd","doDiffs":false,"previousEventId":"2yu7j6s0y5m6atz","previousOperationId":"j4sy891re8w0jmq","operationId":"j4sy891re8w0jmq","timestamp":1679901058570,"id":"83vc1qiceicbfg4"}
