{"type":"operationStart","subtype":"profile","data":{"_id":"FQ2KX0wr2kpi91xr","timestamp":"2023-05-16T07:00:45.536Z","state":"queued","mode":"standard","timeout":60000,"creationDate":"2023-05-16T07:00:45.539Z","modificationDate":"2023-05-16T07:00:45.539Z","shortid":"WM6x-n6","$entitySet":"profiles"},"doDiffs":false,"timestamp":1684220445538,"id":"oddklu9wy4fc4pk","previousOperationId":null,"operationId":"welx0pvoamtawqa"}
{"type":"log","level":"info","message":"Render request 1 queued for execution and waiting for available worker","previousOperationId":"welx0pvoamtawqa","timestamp":1684220445538,"id":"740hioml6c61n57"}
{"type":"operationStart","subtype":"render","name":"anonymous","previousOperationId":"welx0pvoamtawqa","timestamp":1684220445554,"id":"zpzp8juzfcr3qlg","previousEventId":"oddklu9wy4fc4pk","operationId":"9xajfepyja8thuq"}
{"type":"log","timestamp":1684220445556,"level":"info","message":"Starting rendering request 1","meta":{"rootId":"fun03tbf9uf8wtb","id":"fun03tbf9uf8wtb"},"id":"a6eyr72k7hh0vsa","previousOperationId":"9xajfepyja8thuq"}
{"type":"log","timestamp":1684220445558,"level":"info","message":"Rendering anonymous template { recipe: chrome-pdf, engine: handlebars }","meta":{"rootId":"fun03tbf9uf8wtb","id":"fun03tbf9uf8wtb"},"id":"vmmc96ol8zhs8x9","previousOperationId":"9xajfepyja8thuq"}
{"type":"log","timestamp":1684220445558,"level":"debug","message":"Inline data specified.","meta":{"rootId":"fun03tbf9uf8wtb","id":"fun03tbf9uf8wtb"},"id":"agi869k8ldbj53g","previousOperationId":"9xajfepyja8thuq"}
{"type":"log","timestamp":1684220445562,"level":"debug","message":"Base url not specified, skipping its injection.","meta":{"rootId":"fun03tbf9uf8wtb","id":"fun03tbf9uf8wtb"},"id":"bstgairizyirfa1","previousOperationId":"9xajfepyja8thuq"}
{"type":"operationStart","subtype":"engine","name":"handlebars","timestamp":1684220445564,"id":"02u9mm6muiwysdk","previousEventId":"zpzp8juzfcr3qlg","operationId":"r38p69k8aa6juv7","previousOperationId":"9xajfepyja8thuq"}
{"type":"log","timestamp":1684220445564,"level":"debug","message":"Rendering engine handlebars","meta":{"rootId":"fun03tbf9uf8wtb","id":"fun03tbf9uf8wtb"},"id":"5db6r6dseadofgh","previousOperationId":"r38p69k8aa6juv7"}
{"type":"operationEnd","operationId":"r38p69k8aa6juv7","timestamp":1684220446089,"id":"xacg55fsh70jifd","previousEventId":"02u9mm6muiwysdk","previousOperationId":"r38p69k8aa6juv7"}
{"type":"operationStart","subtype":"recipe","name":"chrome-pdf","timestamp":1684220446090,"id":"oglbw15cmy76cjm","previousEventId":"xacg55fsh70jifd","operationId":"1t0uib5ivr1u1oo","previousOperationId":"r38p69k8aa6juv7"}
{"type":"log","timestamp":1684220446090,"level":"debug","message":"Executing recipe chrome-pdf","meta":{"rootId":"fun03tbf9uf8wtb","id":"fun03tbf9uf8wtb"},"id":"c21scg87aerd4m3","previousOperationId":"1t0uib5ivr1u1oo"}
{"type":"log","timestamp":1684220446500,"level":"debug","message":"Converting with chrome HeadlessChrome/105.0.5173.0 using chrome-pool strategy","meta":{"rootId":"fun03tbf9uf8wtb","id":"fun03tbf9uf8wtb"},"id":"7m81049txe3wuj2","previousOperationId":"1t0uib5ivr1u1oo"}
{"type":"log","timestamp":1684220447924,"level":"debug","message":"Page request: GET (document) file:///C:/Users/hp/AppData/Local/Temp/jsreport/autocleanup/12be1e72-cc0d-4af9-a91f-12c29b5796a8-chrome-pdf.html","meta":{"rootId":"fun03tbf9uf8wtb","id":"fun03tbf9uf8wtb"},"id":"it35gdlu9uhi74o","previousOperationId":"1t0uib5ivr1u1oo"}
{"type":"log","timestamp":1684220447935,"level":"debug","message":"Page request finished: GET (document) 200 file:///C:/Users/hp/AppData/Local/Temp/jsreport/autocleanup/12be1e72-cc0d-4af9-a91f-12c29b5796a8-chrome-pdf.html","meta":{"rootId":"fun03tbf9uf8wtb","id":"fun03tbf9uf8wtb"},"id":"8xrpjkkpk97eo9h","previousOperationId":"1t0uib5ivr1u1oo"}
{"type":"log","timestamp":1684220447996,"level":"debug","message":"Running chrome with params {\"timeout\":59270,\"margin\":{},\"printBackground\":true}","meta":{"rootId":"fun03tbf9uf8wtb","id":"fun03tbf9uf8wtb"},"id":"vxf49u23y4vt2nt","previousOperationId":"1t0uib5ivr1u1oo"}
{"type":"operationEnd","operationId":"1t0uib5ivr1u1oo","timestamp":1684220448175,"id":"p7bqaab9wdcjtuz","previousEventId":"oglbw15cmy76cjm","previousOperationId":"1t0uib5ivr1u1oo"}
{"type":"log","timestamp":1684220448176,"level":"debug","message":"Skipping storing report.","meta":{"rootId":"fun03tbf9uf8wtb","id":"fun03tbf9uf8wtb"},"id":"woec7y7w7tpdbkr","previousOperationId":"1t0uib5ivr1u1oo"}
{"type":"log","timestamp":1684220448176,"level":"info","message":"Rendering request 1 finished in 2641 ms","meta":{"rootId":"fun03tbf9uf8wtb","id":"fun03tbf9uf8wtb"},"id":"70ce9jzuo24bg6i","previousOperationId":"1t0uib5ivr1u1oo"}
{"type":"operationEnd","subtype":"render","operationId":"9xajfepyja8thuq","timestamp":1684220448176,"id":"thrmzy3q8wtqc7x","previousEventId":"p7bqaab9wdcjtuz","previousOperationId":"1t0uib5ivr1u1oo"}
{"type":"operationEnd","doDiffs":false,"previousEventId":"oddklu9wy4fc4pk","previousOperationId":"welx0pvoamtawqa","operationId":"welx0pvoamtawqa","timestamp":1684220448179,"id":"19bvaxoflevhzx1"}
