{"type":"operationStart","subtype":"profile","data":{"_id":"W8wef83jkVHNEIQu","timestamp":"2023-05-18T14:53:33.492Z","state":"queued","mode":"standard","timeout":60000,"creationDate":"2023-05-18T14:53:33.495Z","modificationDate":"2023-05-18T14:53:33.495Z","shortid":"0qeEdgy","$entitySet":"profiles"},"doDiffs":false,"timestamp":1684421613494,"id":"4kd6umzyrc1r41d","previousOperationId":null,"operationId":"wcsuc8r2x6o5ft8"}
{"type":"log","level":"info","message":"Render request 2 queued for execution and waiting for available worker","previousOperationId":"wcsuc8r2x6o5ft8","timestamp":1684421613494,"id":"47rql4nq9binpon"}
{"type":"operationStart","subtype":"render","name":"anonymous","previousOperationId":"wcsuc8r2x6o5ft8","timestamp":1684421613501,"id":"92ikv7wgwbijp0s","previousEventId":"4kd6umzyrc1r41d","operationId":"941679tik9cpua9"}
{"type":"log","timestamp":1684421613501,"level":"info","message":"Starting rendering request 2","meta":{"rootId":"fv5545s1sipqlwx","id":"fv5545s1sipqlwx"},"id":"z6f9m6pzt4cdjhn","previousOperationId":"941679tik9cpua9"}
{"type":"log","timestamp":1684421613502,"level":"info","message":"Rendering anonymous template { recipe: chrome-pdf, engine: handlebars }","meta":{"rootId":"fv5545s1sipqlwx","id":"fv5545s1sipqlwx"},"id":"nrkqg4licojvtxl","previousOperationId":"941679tik9cpua9"}
{"type":"log","timestamp":1684421613502,"level":"debug","message":"Inline data specified.","meta":{"rootId":"fv5545s1sipqlwx","id":"fv5545s1sipqlwx"},"id":"durhtw616d9sbvt","previousOperationId":"941679tik9cpua9"}
{"type":"log","timestamp":1684421613504,"level":"debug","message":"Base url not specified, skipping its injection.","meta":{"rootId":"fv5545s1sipqlwx","id":"fv5545s1sipqlwx"},"id":"dbhiwb47xz0vkmj","previousOperationId":"941679tik9cpua9"}
{"type":"operationStart","subtype":"engine","name":"handlebars","timestamp":1684421613504,"id":"uppfcr6i9v2j9jm","previousEventId":"92ikv7wgwbijp0s","operationId":"91vc7f0v7mfsjzs","previousOperationId":"941679tik9cpua9"}
{"type":"log","timestamp":1684421613504,"level":"debug","message":"Rendering engine handlebars","meta":{"rootId":"fv5545s1sipqlwx","id":"fv5545s1sipqlwx"},"id":"fpgdnf0kjpde867","previousOperationId":"91vc7f0v7mfsjzs"}
{"type":"operationEnd","operationId":"91vc7f0v7mfsjzs","timestamp":1684421613519,"id":"bo9z293nqaf1qlv","previousEventId":"uppfcr6i9v2j9jm","previousOperationId":"91vc7f0v7mfsjzs"}
{"type":"operationStart","subtype":"recipe","name":"chrome-pdf","timestamp":1684421613521,"id":"hiimh958p6zjkjn","previousEventId":"bo9z293nqaf1qlv","operationId":"fnzek70k4u7bu1y","previousOperationId":"91vc7f0v7mfsjzs"}
{"type":"log","timestamp":1684421613521,"level":"debug","message":"Executing recipe chrome-pdf","meta":{"rootId":"fv5545s1sipqlwx","id":"fv5545s1sipqlwx"},"id":"j9i71npz9x75m8m","previousOperationId":"fnzek70k4u7bu1y"}
{"type":"log","timestamp":1684421613533,"level":"debug","message":"Converting with chrome HeadlessChrome/105.0.5173.0 using chrome-pool strategy","meta":{"rootId":"fv5545s1sipqlwx","id":"fv5545s1sipqlwx"},"id":"8gy0ad1vkapgt3q","previousOperationId":"fnzek70k4u7bu1y"}
{"type":"log","timestamp":1684421613695,"level":"debug","message":"Page request: GET (document) file:///C:/Users/hp/AppData/Local/Temp/jsreport/autocleanup/6521382a-4246-4d18-bc4c-574aa1f1822e-chrome-pdf.html","meta":{"rootId":"fv5545s1sipqlwx","id":"fv5545s1sipqlwx"},"id":"byl2jgrh52itjq2","previousOperationId":"fnzek70k4u7bu1y"}
{"type":"log","timestamp":1684421613705,"level":"debug","message":"Page request finished: GET (document) 200 file:///C:/Users/hp/AppData/Local/Temp/jsreport/autocleanup/6521382a-4246-4d18-bc4c-574aa1f1822e-chrome-pdf.html","meta":{"rootId":"fv5545s1sipqlwx","id":"fv5545s1sipqlwx"},"id":"ouhzh685jpq1z3w","previousOperationId":"fnzek70k4u7bu1y"}
{"type":"log","timestamp":1684421613794,"level":"debug","message":"Running chrome with params {\"timeout\":59967,\"margin\":{},\"printBackground\":true}","meta":{"rootId":"fv5545s1sipqlwx","id":"fv5545s1sipqlwx"},"id":"cs9k7hfdt1ltz9y","previousOperationId":"fnzek70k4u7bu1y"}
{"type":"operationEnd","operationId":"fnzek70k4u7bu1y","timestamp":1684421614181,"id":"ka7g8fp6ohwocrk","previousEventId":"hiimh958p6zjkjn","previousOperationId":"fnzek70k4u7bu1y"}
{"type":"log","timestamp":1684421614181,"level":"debug","message":"Skipping storing report.","meta":{"rootId":"fv5545s1sipqlwx","id":"fv5545s1sipqlwx"},"id":"5pshquvqvmk0960","previousOperationId":"fnzek70k4u7bu1y"}
{"type":"log","timestamp":1684421614181,"level":"info","message":"Rendering request 2 finished in 690 ms","meta":{"rootId":"fv5545s1sipqlwx","id":"fv5545s1sipqlwx"},"id":"haz4djk2stcjavj","previousOperationId":"fnzek70k4u7bu1y"}
{"type":"operationEnd","subtype":"render","operationId":"941679tik9cpua9","timestamp":1684421614181,"id":"vja84guzhxwjqag","previousEventId":"ka7g8fp6ohwocrk","previousOperationId":"fnzek70k4u7bu1y"}
{"type":"operationEnd","doDiffs":false,"previousEventId":"4kd6umzyrc1r41d","previousOperationId":"wcsuc8r2x6o5ft8","operationId":"wcsuc8r2x6o5ft8","timestamp":1684421614184,"id":"y0319lav20tsg6c"}
