{"type":"operationStart","subtype":"profile","data":{"_id":"PSUV5P1b0MxvjksC","timestamp":"2023-04-18T13:48:00.335Z","state":"queued","mode":"standard","timeout":60000,"creationDate":"2023-04-18T13:48:00.340Z","modificationDate":"2023-04-18T13:48:00.340Z","shortid":"DVR7QVE","$entitySet":"profiles"},"doDiffs":false,"timestamp":1681825680339,"id":"evfqve786qrt63t","previousOperationId":null,"operationId":"jd2fejdi4ih3lxe"}
{"type":"log","level":"info","message":"Render request 10 queued for execution and waiting for available worker","previousOperationId":"jd2fejdi4ih3lxe","timestamp":1681825680339,"id":"jc80knp7xfjj26g"}
{"type":"operationStart","subtype":"render","name":"anonymous","previousOperationId":"jd2fejdi4ih3lxe","timestamp":1681825680347,"id":"o6by2o0q4vyxh7w","previousEventId":"evfqve786qrt63t","operationId":"aq6g8qznfxoctf5"}
{"type":"log","timestamp":1681825680347,"level":"info","message":"Starting rendering request 10","meta":{"rootId":"g7vnc3bm8ni24bz","id":"g7vnc3bm8ni24bz"},"id":"agaabgydgy0a0of","previousOperationId":"aq6g8qznfxoctf5"}
{"type":"log","timestamp":1681825680347,"level":"info","message":"Rendering anonymous template { recipe: chrome-pdf, engine: handlebars }","meta":{"rootId":"g7vnc3bm8ni24bz","id":"g7vnc3bm8ni24bz"},"id":"q3emptzbs5txuoc","previousOperationId":"aq6g8qznfxoctf5"}
{"type":"log","timestamp":1681825680347,"level":"debug","message":"Inline data specified.","meta":{"rootId":"g7vnc3bm8ni24bz","id":"g7vnc3bm8ni24bz"},"id":"1vi6cvrwbi9qw38","previousOperationId":"aq6g8qznfxoctf5"}
{"type":"log","timestamp":1681825680350,"level":"debug","message":"Base url not specified, skipping its injection.","meta":{"rootId":"g7vnc3bm8ni24bz","id":"g7vnc3bm8ni24bz"},"id":"h0zw2syi4bmmfnm","previousOperationId":"aq6g8qznfxoctf5"}
{"type":"operationStart","subtype":"engine","name":"handlebars","timestamp":1681825680351,"id":"zvzw0cykivmmfd2","previousEventId":"o6by2o0q4vyxh7w","operationId":"irnmfkkb644jtpy","previousOperationId":"aq6g8qznfxoctf5"}
{"type":"log","timestamp":1681825680351,"level":"debug","message":"Rendering engine handlebars","meta":{"rootId":"g7vnc3bm8ni24bz","id":"g7vnc3bm8ni24bz"},"id":"tf69clwggtcs35f","previousOperationId":"irnmfkkb644jtpy"}
{"type":"operationEnd","operationId":"irnmfkkb644jtpy","timestamp":1681825680369,"id":"txwzkwkpq80p7bc","previousEventId":"zvzw0cykivmmfd2","previousOperationId":"irnmfkkb644jtpy"}
{"type":"operationStart","subtype":"recipe","name":"chrome-pdf","timestamp":1681825680369,"id":"e69njl7by2yv7f6","previousEventId":"txwzkwkpq80p7bc","operationId":"pris6wan1u25dif","previousOperationId":"irnmfkkb644jtpy"}
{"type":"log","timestamp":1681825680369,"level":"debug","message":"Executing recipe chrome-pdf","meta":{"rootId":"g7vnc3bm8ni24bz","id":"g7vnc3bm8ni24bz"},"id":"se49uw5ymsqur4w","previousOperationId":"pris6wan1u25dif"}
{"type":"log","timestamp":1681825680374,"level":"debug","message":"Converting with chrome HeadlessChrome/105.0.5173.0 using chrome-pool strategy","meta":{"rootId":"g7vnc3bm8ni24bz","id":"g7vnc3bm8ni24bz"},"id":"fwp82vvcppwmn1m","previousOperationId":"pris6wan1u25dif"}
{"type":"log","timestamp":1681825680547,"level":"debug","message":"Page request: GET (document) file:///C:/Users/SACHIN~1/AppData/Local/Temp/jsreport/autocleanup/ee5c3b12-4e38-46f0-9bcd-b11909bcd4d5-chrome-pdf.html","meta":{"rootId":"g7vnc3bm8ni24bz","id":"g7vnc3bm8ni24bz"},"id":"vhs3nwpfx0jakl0","previousOperationId":"pris6wan1u25dif"}
{"type":"log","timestamp":1681825680565,"level":"debug","message":"Page request: GET (stylesheet) https://stackpath.bootstrapcdn.com/bootstrap/4.4.1/css/bootstrap.min.css","meta":{"rootId":"g7vnc3bm8ni24bz","id":"g7vnc3bm8ni24bz"},"id":"bmv335dmoxcxo54","previousOperationId":"pris6wan1u25dif"}
{"type":"log","timestamp":1681825680565,"level":"debug","message":"Page request finished: GET (document) 200 file:///C:/Users/SACHIN~1/AppData/Local/Temp/jsreport/autocleanup/ee5c3b12-4e38-46f0-9bcd-b11909bcd4d5-chrome-pdf.html","meta":{"rootId":"g7vnc3bm8ni24bz","id":"g7vnc3bm8ni24bz"},"id":"l7esgaslkvm9rmy","previousOperationId":"pris6wan1u25dif"}
{"type":"log","timestamp":1681825680566,"level":"debug","message":"Page request: GET (image) https://assets-global.website-files.com/5ca4d1fd374efbecd845739f/611be296e1ecb589c495418a_JAS%20and%20Greencarrier.png","meta":{"rootId":"g7vnc3bm8ni24bz","id":"g7vnc3bm8ni24bz"},"id":"bo95aihpaj16tnd","previousOperationId":"pris6wan1u25dif"}
{"type":"log","timestamp":1681825680576,"level":"debug","message":"Page request finished: GET (image) 200 https://assets-global.website-files.com/5ca4d1fd374efbecd845739f/611be296e1ecb589c495418a_JAS%20and%20Greencarrier.png","meta":{"rootId":"g7vnc3bm8ni24bz","id":"g7vnc3bm8ni24bz"},"id":"xbzr8azdfrxs8xk","previousOperationId":"pris6wan1u25dif"}
{"type":"log","timestamp":1681825680588,"level":"debug","message":"Page request finished: GET (stylesheet) 200 https://stackpath.bootstrapcdn.com/bootstrap/4.4.1/css/bootstrap.min.css","meta":{"rootId":"g7vnc3bm8ni24bz","id":"g7vnc3bm8ni24bz"},"id":"spk4k660txr3vlm","previousOperationId":"pris6wan1u25dif"}
{"type":"log","timestamp":1681825680716,"level":"debug","message":"Running chrome with params {\"timeout\":59962,\"margin\":{},\"printBackground\":true}","meta":{"rootId":"g7vnc3bm8ni24bz","id":"g7vnc3bm8ni24bz"},"id":"tr3b7h8xvgr0hix","previousOperationId":"pris6wan1u25dif"}
{"type":"operationEnd","operationId":"pris6wan1u25dif","timestamp":1681825680990,"id":"vrclwm1adz5p7kr","previousEventId":"e69njl7by2yv7f6","previousOperationId":"pris6wan1u25dif"}
{"type":"log","timestamp":1681825680990,"level":"debug","message":"Skipping storing report.","meta":{"rootId":"g7vnc3bm8ni24bz","id":"g7vnc3bm8ni24bz"},"id":"dkp21gcp35y39zn","previousOperationId":"pris6wan1u25dif"}
{"type":"log","timestamp":1681825680990,"level":"info","message":"Rendering request 10 finished in 656 ms","meta":{"rootId":"g7vnc3bm8ni24bz","id":"g7vnc3bm8ni24bz"},"id":"um7yi82t5g9hogl","previousOperationId":"pris6wan1u25dif"}
{"type":"operationEnd","subtype":"render","operationId":"aq6g8qznfxoctf5","timestamp":1681825680990,"id":"w4qr45iruyx54ij","previousEventId":"vrclwm1adz5p7kr","previousOperationId":"pris6wan1u25dif"}
{"type":"operationEnd","doDiffs":false,"previousEventId":"evfqve786qrt63t","previousOperationId":"jd2fejdi4ih3lxe","operationId":"jd2fejdi4ih3lxe","timestamp":1681825680993,"id":"ymn7qpox13e5u8v"}
