{"type":"operationStart","subtype":"profile","data":{"_id":"wLmf2m61o8pzFVbv","timestamp":"2023-04-11T19:41:25.115Z","state":"queued","mode":"standard","timeout":60000,"creationDate":"2023-04-11T19:41:25.123Z","modificationDate":"2023-04-11T19:41:25.123Z","shortid":"GgusQDQ","$entitySet":"profiles"},"doDiffs":false,"timestamp":1681242085121,"id":"p7udsxbckaiw4pg","previousOperationId":null,"operationId":"54wllo2zxgnmz2d"}
{"type":"log","level":"info","message":"Render request 1 queued for execution and waiting for available worker","previousOperationId":"54wllo2zxgnmz2d","timestamp":1681242085121,"id":"691y3fii5iexb4a"}
{"type":"operationStart","subtype":"render","name":"anonymous","previousOperationId":"54wllo2zxgnmz2d","timestamp":1681242085296,"id":"xzkw8gapn3vllec","previousEventId":"p7udsxbckaiw4pg","operationId":"m4ej7q51vmjhkj1"}
{"type":"log","timestamp":1681242085297,"level":"info","message":"Starting rendering request 1","meta":{"rootId":"gab4f250fiyewnr","id":"gab4f250fiyewnr"},"id":"plgzm8qk6cat07r","previousOperationId":"m4ej7q51vmjhkj1"}
{"type":"log","timestamp":1681242085298,"level":"info","message":"Rendering anonymous template { recipe: chrome-pdf, engine: handlebars }","meta":{"rootId":"gab4f250fiyewnr","id":"gab4f250fiyewnr"},"id":"91fpbtomabuur4q","previousOperationId":"m4ej7q51vmjhkj1"}
{"type":"log","timestamp":1681242085299,"level":"debug","message":"Inline data specified.","meta":{"rootId":"gab4f250fiyewnr","id":"gab4f250fiyewnr"},"id":"eo60y1ku2qxk55o","previousOperationId":"m4ej7q51vmjhkj1"}
{"type":"log","timestamp":1681242085304,"level":"debug","message":"Base url not specified, skipping its injection.","meta":{"rootId":"gab4f250fiyewnr","id":"gab4f250fiyewnr"},"id":"sngyauew9fl8wvt","previousOperationId":"m4ej7q51vmjhkj1"}
{"type":"operationStart","subtype":"engine","name":"handlebars","timestamp":1681242085305,"id":"ty0lv5o8a2envfr","previousEventId":"xzkw8gapn3vllec","operationId":"ph17c66m0hyd07v","previousOperationId":"m4ej7q51vmjhkj1"}
{"type":"log","timestamp":1681242085305,"level":"debug","message":"Rendering engine handlebars","meta":{"rootId":"gab4f250fiyewnr","id":"gab4f250fiyewnr"},"id":"lweo249hp610sey","previousOperationId":"ph17c66m0hyd07v"}
{"type":"operationEnd","operationId":"ph17c66m0hyd07v","timestamp":1681242086202,"id":"dmhxhdbjmaf26b8","previousEventId":"ty0lv5o8a2envfr","previousOperationId":"ph17c66m0hyd07v"}
{"type":"operationStart","subtype":"recipe","name":"chrome-pdf","timestamp":1681242086203,"id":"sr78r1ibnzss1et","previousEventId":"dmhxhdbjmaf26b8","operationId":"w816ol9q6sd4l65","previousOperationId":"ph17c66m0hyd07v"}
{"type":"log","timestamp":1681242086203,"level":"debug","message":"Executing recipe chrome-pdf","meta":{"rootId":"gab4f250fiyewnr","id":"gab4f250fiyewnr"},"id":"2lktas1hkixrymz","previousOperationId":"w816ol9q6sd4l65"}
{"type":"log","timestamp":1681242086994,"level":"debug","message":"Converting with chrome HeadlessChrome/105.0.5173.0 using chrome-pool strategy","meta":{"rootId":"gab4f250fiyewnr","id":"gab4f250fiyewnr"},"id":"2ednrayj9rxjx3v","previousOperationId":"w816ol9q6sd4l65"}
{"type":"log","timestamp":1681242087320,"level":"debug","message":"Page request: GET (document) file:///C:/Users/SACHIN~1/AppData/Local/Temp/jsreport/autocleanup/87eee221-1a08-4f7d-9967-d26f27399871-chrome-pdf.html","meta":{"rootId":"gab4f250fiyewnr","id":"gab4f250fiyewnr"},"id":"dz7e6g9o2jt6xap","previousOperationId":"w816ol9q6sd4l65"}
{"type":"log","timestamp":1681242087341,"level":"debug","message":"Page request finished: GET (document) 200 file:///C:/Users/SACHIN~1/AppData/Local/Temp/jsreport/autocleanup/87eee221-1a08-4f7d-9967-d26f27399871-chrome-pdf.html","meta":{"rootId":"gab4f250fiyewnr","id":"gab4f250fiyewnr"},"id":"yg64knrje138r23","previousOperationId":"w816ol9q6sd4l65"}
{"type":"log","timestamp":1681242087341,"level":"debug","message":"Page request: GET (stylesheet) https://stackpath.bootstrapcdn.com/bootstrap/4.4.1/css/bootstrap.min.css","meta":{"rootId":"gab4f250fiyewnr","id":"gab4f250fiyewnr"},"id":"39gf937xwtowqdo","previousOperationId":"w816ol9q6sd4l65"}
{"type":"log","timestamp":1681242087342,"level":"debug","message":"Page request: GET (image) https://assets-global.website-files.com/5ca4d1fd374efbecd845739f/611be296e1ecb589c495418a_JAS%20and%20Greencarrier.png","meta":{"rootId":"gab4f250fiyewnr","id":"gab4f250fiyewnr"},"id":"sfc4xcg56evesfu","previousOperationId":"w816ol9q6sd4l65"}
{"type":"log","timestamp":1681242090420,"level":"debug","message":"Page request finished: GET (image) 200 https://assets-global.website-files.com/5ca4d1fd374efbecd845739f/611be296e1ecb589c495418a_JAS%20and%20Greencarrier.png","meta":{"rootId":"gab4f250fiyewnr","id":"gab4f250fiyewnr"},"id":"jy9bgl0eetwgawa","previousOperationId":"w816ol9q6sd4l65"}
{"type":"log","timestamp":1681242090508,"level":"debug","message":"Page request finished: GET (stylesheet) 200 https://stackpath.bootstrapcdn.com/bootstrap/4.4.1/css/bootstrap.min.css","meta":{"rootId":"gab4f250fiyewnr","id":"gab4f250fiyewnr"},"id":"hzl9yd1hmyq2rt8","previousOperationId":"w816ol9q6sd4l65"}
{"type":"log","timestamp":1681242090730,"level":"debug","message":"Running chrome with params {\"timeout\":58772,\"margin\":{},\"printBackground\":true}","meta":{"rootId":"gab4f250fiyewnr","id":"gab4f250fiyewnr"},"id":"80attfjadblxttp","previousOperationId":"w816ol9q6sd4l65"}
{"type":"operationEnd","operationId":"w816ol9q6sd4l65","timestamp":1681242091149,"id":"s3yhl7b3syqn1q5","previousEventId":"sr78r1ibnzss1et","previousOperationId":"w816ol9q6sd4l65"}
{"type":"log","timestamp":1681242091150,"level":"debug","message":"Skipping storing report.","meta":{"rootId":"gab4f250fiyewnr","id":"gab4f250fiyewnr"},"id":"8fvby3qae5loob1","previousOperationId":"w816ol9q6sd4l65"}
{"type":"log","timestamp":1681242091151,"level":"info","message":"Rendering request 1 finished in 6037 ms","meta":{"rootId":"gab4f250fiyewnr","id":"gab4f250fiyewnr"},"id":"v6w3liuh4yi6ztq","previousOperationId":"w816ol9q6sd4l65"}
{"type":"operationEnd","subtype":"render","operationId":"m4ej7q51vmjhkj1","timestamp":1681242091151,"id":"hzzfcs2imxfyvvg","previousEventId":"s3yhl7b3syqn1q5","previousOperationId":"w816ol9q6sd4l65"}
{"type":"operationEnd","doDiffs":false,"previousEventId":"p7udsxbckaiw4pg","previousOperationId":"54wllo2zxgnmz2d","operationId":"54wllo2zxgnmz2d","timestamp":1681242091156,"id":"nb2vsaztqo0cw92"}
