{"type":"operationStart","subtype":"profile","data":{"_id":"ifITGsBoDq2kCD3i","timestamp":"2023-05-18T14:49:10.787Z","state":"queued","mode":"standard","timeout":60000,"creationDate":"2023-05-18T14:49:10.794Z","modificationDate":"2023-05-18T14:49:10.794Z","shortid":"4xcLuRf","$entitySet":"profiles"},"doDiffs":false,"timestamp":1684421350792,"id":"l31tw8h27lbbpnp","previousOperationId":null,"operationId":"nf2gwnwzqjzx6m3"}
{"type":"log","level":"info","message":"Render request 2 queued for execution and waiting for available worker","previousOperationId":"nf2gwnwzqjzx6m3","timestamp":1684421350792,"id":"fdn62kc2e1lewaj"}
{"type":"operationStart","subtype":"render","name":"anonymous","previousOperationId":"nf2gwnwzqjzx6m3","timestamp":1684421350801,"id":"zy9vbi48wbtfrtx","previousEventId":"l31tw8h27lbbpnp","operationId":"tjwr8k54cnuqywz"}
{"type":"log","timestamp":1684421350801,"level":"info","message":"Starting rendering request 2","meta":{"rootId":"gecab1wzmnaq1ek","id":"gecab1wzmnaq1ek"},"id":"5i3blk15d7wad2c","previousOperationId":"tjwr8k54cnuqywz"}
{"type":"log","timestamp":1684421350802,"level":"info","message":"Rendering anonymous template { recipe: chrome-pdf, engine: handlebars }","meta":{"rootId":"gecab1wzmnaq1ek","id":"gecab1wzmnaq1ek"},"id":"34as0x0457l37cp","previousOperationId":"tjwr8k54cnuqywz"}
{"type":"log","timestamp":1684421350802,"level":"debug","message":"Inline data specified.","meta":{"rootId":"gecab1wzmnaq1ek","id":"gecab1wzmnaq1ek"},"id":"m0suqhv901w4tla","previousOperationId":"tjwr8k54cnuqywz"}
{"type":"log","timestamp":1684421350804,"level":"debug","message":"Base url not specified, skipping its injection.","meta":{"rootId":"gecab1wzmnaq1ek","id":"gecab1wzmnaq1ek"},"id":"wesihm6y7grv67v","previousOperationId":"tjwr8k54cnuqywz"}
{"type":"operationStart","subtype":"engine","name":"handlebars","timestamp":1684421350805,"id":"w0g47l7mtlwv7rm","previousEventId":"zy9vbi48wbtfrtx","operationId":"1aqbx5o9rpw8mzk","previousOperationId":"tjwr8k54cnuqywz"}
{"type":"log","timestamp":1684421350805,"level":"debug","message":"Rendering engine handlebars","meta":{"rootId":"gecab1wzmnaq1ek","id":"gecab1wzmnaq1ek"},"id":"kqy4eozay440xjd","previousOperationId":"1aqbx5o9rpw8mzk"}
{"type":"operationEnd","operationId":"1aqbx5o9rpw8mzk","timestamp":1684421350821,"id":"bi1j3ntnzgud3pr","previousEventId":"w0g47l7mtlwv7rm","previousOperationId":"1aqbx5o9rpw8mzk"}
{"type":"operationStart","subtype":"recipe","name":"chrome-pdf","timestamp":1684421350823,"id":"uxkaash80k2urk6","previousEventId":"bi1j3ntnzgud3pr","operationId":"piwpuqfr346odz6","previousOperationId":"1aqbx5o9rpw8mzk"}
{"type":"log","timestamp":1684421350823,"level":"debug","message":"Executing recipe chrome-pdf","meta":{"rootId":"gecab1wzmnaq1ek","id":"gecab1wzmnaq1ek"},"id":"85gg46vhlxu9hka","previousOperationId":"piwpuqfr346odz6"}
{"type":"log","timestamp":1684421350829,"level":"debug","message":"Converting with chrome HeadlessChrome/105.0.5173.0 using chrome-pool strategy","meta":{"rootId":"gecab1wzmnaq1ek","id":"gecab1wzmnaq1ek"},"id":"yl6iva1wwg7jey2","previousOperationId":"piwpuqfr346odz6"}
{"type":"log","timestamp":1684421351036,"level":"debug","message":"Page request: GET (document) file:///C:/Users/hp/AppData/Local/Temp/jsreport/autocleanup/565d53b6-5435-467a-b027-d11dd911a91d-chrome-pdf.html","meta":{"rootId":"gecab1wzmnaq1ek","id":"gecab1wzmnaq1ek"},"id":"j6ep6456nwqlrnv","previousOperationId":"piwpuqfr346odz6"}
{"type":"log","timestamp":1684421351047,"level":"debug","message":"Page request finished: GET (document) 200 file:///C:/Users/hp/AppData/Local/Temp/jsreport/autocleanup/565d53b6-5435-467a-b027-d11dd911a91d-chrome-pdf.html","meta":{"rootId":"gecab1wzmnaq1ek","id":"gecab1wzmnaq1ek"},"id":"esnd7ujeu5t0jdn","previousOperationId":"piwpuqfr346odz6"}
{"type":"log","timestamp":1684421351149,"level":"debug","message":"Running chrome with params {\"timeout\":59960,\"margin\":{},\"printBackground\":true}","meta":{"rootId":"gecab1wzmnaq1ek","id":"gecab1wzmnaq1ek"},"id":"1jio9z62b97vuw9","previousOperationId":"piwpuqfr346odz6"}
{"type":"operationEnd","operationId":"piwpuqfr346odz6","timestamp":1684421351622,"id":"igkku1u21hfj04t","previousEventId":"uxkaash80k2urk6","previousOperationId":"piwpuqfr346odz6"}
{"type":"log","timestamp":1684421351623,"level":"debug","message":"Skipping storing report.","meta":{"rootId":"gecab1wzmnaq1ek","id":"gecab1wzmnaq1ek"},"id":"tebvvgwbitg923n","previousOperationId":"piwpuqfr346odz6"}
{"type":"log","timestamp":1684421351623,"level":"info","message":"Rendering request 2 finished in 837 ms","meta":{"rootId":"gecab1wzmnaq1ek","id":"gecab1wzmnaq1ek"},"id":"4yyn6y0v3pvy9ze","previousOperationId":"piwpuqfr346odz6"}
{"type":"operationEnd","subtype":"render","operationId":"tjwr8k54cnuqywz","timestamp":1684421351623,"id":"mtaqbel6uip0l8k","previousEventId":"igkku1u21hfj04t","previousOperationId":"piwpuqfr346odz6"}
{"type":"operationEnd","doDiffs":false,"previousEventId":"l31tw8h27lbbpnp","previousOperationId":"nf2gwnwzqjzx6m3","operationId":"nf2gwnwzqjzx6m3","timestamp":1684421351626,"id":"rp152u2ons53zv5"}
