{"type":"operationStart","subtype":"profile","data":{"_id":"BJVJjyUQH5tMmKgV","timestamp":"2023-05-16T10:56:24.971Z","state":"queued","mode":"standard","timeout":60000,"creationDate":"2023-05-16T10:56:24.973Z","modificationDate":"2023-05-16T10:56:24.973Z","shortid":"88-SzKh","$entitySet":"profiles"},"doDiffs":false,"timestamp":1684234584972,"id":"pqr7gljsf38b1bx","previousOperationId":null,"operationId":"eqvc0z76l7ez2yp"}
{"type":"log","level":"info","message":"Render request 1 queued for execution and waiting for available worker","previousOperationId":"eqvc0z76l7ez2yp","timestamp":1684234584972,"id":"ocw3dc7gqb0fedf"}
{"type":"operationStart","subtype":"render","name":"anonymous","previousOperationId":"eqvc0z76l7ez2yp","timestamp":1684234584984,"id":"f3trltcpzcybjdz","previousEventId":"pqr7gljsf38b1bx","operationId":"2pl19b6vu3crex5"}
{"type":"log","timestamp":1684234584985,"level":"info","message":"Starting rendering request 1","meta":{"rootId":"gg2aht4lnvkbxo5","id":"gg2aht4lnvkbxo5"},"id":"wazk4v3el2e8h3n","previousOperationId":"2pl19b6vu3crex5"}
{"type":"log","timestamp":1684234584986,"level":"info","message":"Rendering anonymous template { recipe: chrome-pdf, engine: handlebars }","meta":{"rootId":"gg2aht4lnvkbxo5","id":"gg2aht4lnvkbxo5"},"id":"arfdr5s6763cy0e","previousOperationId":"2pl19b6vu3crex5"}
{"type":"log","timestamp":1684234584987,"level":"debug","message":"Inline data specified.","meta":{"rootId":"gg2aht4lnvkbxo5","id":"gg2aht4lnvkbxo5"},"id":"hvrexmzivhjj4xu","previousOperationId":"2pl19b6vu3crex5"}
{"type":"log","timestamp":1684234584989,"level":"debug","message":"Base url not specified, skipping its injection.","meta":{"rootId":"gg2aht4lnvkbxo5","id":"gg2aht4lnvkbxo5"},"id":"x67msdtv84arbll","previousOperationId":"2pl19b6vu3crex5"}
{"type":"operationStart","subtype":"engine","name":"handlebars","timestamp":1684234584989,"id":"qsuimr574cfqi7a","previousEventId":"f3trltcpzcybjdz","operationId":"vl1ecrustel9rzj","previousOperationId":"2pl19b6vu3crex5"}
{"type":"log","timestamp":1684234584989,"level":"debug","message":"Rendering engine handlebars","meta":{"rootId":"gg2aht4lnvkbxo5","id":"gg2aht4lnvkbxo5"},"id":"vayzwkcbit5aisq","previousOperationId":"vl1ecrustel9rzj"}
{"type":"operationEnd","operationId":"vl1ecrustel9rzj","timestamp":1684234587250,"id":"k3paeo4fbnbqcey","previousEventId":"qsuimr574cfqi7a","previousOperationId":"vl1ecrustel9rzj"}
{"type":"operationStart","subtype":"recipe","name":"chrome-pdf","timestamp":1684234587251,"id":"4ro26cmowlx3g3l","previousEventId":"k3paeo4fbnbqcey","operationId":"etyyixz7jqsoh74","previousOperationId":"vl1ecrustel9rzj"}
{"type":"log","timestamp":1684234587251,"level":"debug","message":"Executing recipe chrome-pdf","meta":{"rootId":"gg2aht4lnvkbxo5","id":"gg2aht4lnvkbxo5"},"id":"qkkmlv9ra59hrje","previousOperationId":"etyyixz7jqsoh74"}
{"type":"log","timestamp":1684234587707,"level":"debug","message":"Converting with chrome HeadlessChrome/105.0.5173.0 using chrome-pool strategy","meta":{"rootId":"gg2aht4lnvkbxo5","id":"gg2aht4lnvkbxo5"},"id":"hmi1586fsdrz266","previousOperationId":"etyyixz7jqsoh74"}
{"type":"log","timestamp":1684234589100,"level":"debug","message":"Page request: GET (document) file:///C:/Users/hp/AppData/Local/Temp/jsreport/autocleanup/2ce703e8-3b7b-4c28-a68e-fd0c4d015ffc-chrome-pdf.html","meta":{"rootId":"gg2aht4lnvkbxo5","id":"gg2aht4lnvkbxo5"},"id":"zqxrpzfi57achw7","previousOperationId":"etyyixz7jqsoh74"}
{"type":"log","timestamp":1684234589109,"level":"debug","message":"Page request finished: GET (document) 200 file:///C:/Users/hp/AppData/Local/Temp/jsreport/autocleanup/2ce703e8-3b7b-4c28-a68e-fd0c4d015ffc-chrome-pdf.html","meta":{"rootId":"gg2aht4lnvkbxo5","id":"gg2aht4lnvkbxo5"},"id":"p6r81nv7ardnpfx","previousOperationId":"etyyixz7jqsoh74"}
{"type":"log","timestamp":1684234589143,"level":"debug","message":"Running chrome with params {\"timeout\":57543,\"margin\":{},\"printBackground\":true}","meta":{"rootId":"gg2aht4lnvkbxo5","id":"gg2aht4lnvkbxo5"},"id":"18x0681qzx1vpdq","previousOperationId":"etyyixz7jqsoh74"}
{"type":"operationEnd","operationId":"etyyixz7jqsoh74","timestamp":1684234589253,"id":"w6ckuo7zple95ch","previousEventId":"4ro26cmowlx3g3l","previousOperationId":"etyyixz7jqsoh74"}
{"type":"log","timestamp":1684234589254,"level":"debug","message":"Skipping storing report.","meta":{"rootId":"gg2aht4lnvkbxo5","id":"gg2aht4lnvkbxo5"},"id":"nsrxzfkr8ih8df3","previousOperationId":"etyyixz7jqsoh74"}
{"type":"log","timestamp":1684234589254,"level":"info","message":"Rendering request 1 finished in 4284 ms","meta":{"rootId":"gg2aht4lnvkbxo5","id":"gg2aht4lnvkbxo5"},"id":"upq8709ktqkayos","previousOperationId":"etyyixz7jqsoh74"}
{"type":"operationEnd","subtype":"render","operationId":"2pl19b6vu3crex5","timestamp":1684234589254,"id":"k8sltb16wm5qw24","previousEventId":"w6ckuo7zple95ch","previousOperationId":"etyyixz7jqsoh74"}
{"type":"operationEnd","doDiffs":false,"previousEventId":"pqr7gljsf38b1bx","previousOperationId":"eqvc0z76l7ez2yp","operationId":"eqvc0z76l7ez2yp","timestamp":1684234589256,"id":"awh5f9lpwuq7s7t"}
