{"type":"operationStart","subtype":"profile","data":{"_id":"ttHzRg1ICQBOlmPr","timestamp":"2023-05-18T18:59:15.461Z","state":"queued","mode":"standard","timeout":60000,"creationDate":"2023-05-18T18:59:15.465Z","modificationDate":"2023-05-18T18:59:15.465Z","shortid":"e3LwgRV","$entitySet":"profiles"},"doDiffs":false,"timestamp":1684436355464,"id":"2wv6zjuyyjskhp0","previousOperationId":null,"operationId":"i5jlvmj09o6evzq"}
{"type":"log","level":"info","message":"Render request 9 queued for execution and waiting for available worker","previousOperationId":"i5jlvmj09o6evzq","timestamp":1684436355464,"id":"kw84oqwjkf2qpy1"}
{"type":"operationStart","subtype":"render","name":"anonymous","previousOperationId":"i5jlvmj09o6evzq","timestamp":1684436355471,"id":"6h27sqjpsmj4tcg","previousEventId":"2wv6zjuyyjskhp0","operationId":"ly3t6gdzm9oty96"}
{"type":"log","timestamp":1684436355471,"level":"info","message":"Starting rendering request 9","meta":{"rootId":"gklemur4u9vylzk","id":"gklemur4u9vylzk"},"id":"tftk2siynubsxqz","previousOperationId":"ly3t6gdzm9oty96"}
{"type":"log","timestamp":1684436355471,"level":"info","message":"Rendering anonymous template { recipe: chrome-pdf, engine: handlebars }","meta":{"rootId":"gklemur4u9vylzk","id":"gklemur4u9vylzk"},"id":"419y8md09jc3dq4","previousOperationId":"ly3t6gdzm9oty96"}
{"type":"log","timestamp":1684436355471,"level":"debug","message":"Inline data specified.","meta":{"rootId":"gklemur4u9vylzk","id":"gklemur4u9vylzk"},"id":"dnsme3x591h5zc6","previousOperationId":"ly3t6gdzm9oty96"}
{"type":"log","timestamp":1684436355472,"level":"debug","message":"Base url not specified, skipping its injection.","meta":{"rootId":"gklemur4u9vylzk","id":"gklemur4u9vylzk"},"id":"5k52df2p94jelpw","previousOperationId":"ly3t6gdzm9oty96"}
{"type":"operationStart","subtype":"engine","name":"handlebars","timestamp":1684436355473,"id":"tj88k0wrlvovmyu","previousEventId":"6h27sqjpsmj4tcg","operationId":"wit4nd3ekkusmgm","previousOperationId":"ly3t6gdzm9oty96"}
{"type":"log","timestamp":1684436355473,"level":"debug","message":"Rendering engine handlebars","meta":{"rootId":"gklemur4u9vylzk","id":"gklemur4u9vylzk"},"id":"22zutlybvq0s2x6","previousOperationId":"wit4nd3ekkusmgm"}
{"type":"operationEnd","operationId":"wit4nd3ekkusmgm","timestamp":1684436355492,"id":"4plr96u9tu354nq","previousEventId":"tj88k0wrlvovmyu","previousOperationId":"wit4nd3ekkusmgm"}
{"type":"operationStart","subtype":"recipe","name":"chrome-pdf","timestamp":1684436355493,"id":"xt1jcrfd5b5hdyn","previousEventId":"4plr96u9tu354nq","operationId":"xv1mnqm5974dj0p","previousOperationId":"wit4nd3ekkusmgm"}
{"type":"log","timestamp":1684436355493,"level":"debug","message":"Executing recipe chrome-pdf","meta":{"rootId":"gklemur4u9vylzk","id":"gklemur4u9vylzk"},"id":"c9nfunvu2ousjea","previousOperationId":"xv1mnqm5974dj0p"}
{"type":"log","timestamp":1684436355508,"level":"debug","message":"Converting with chrome HeadlessChrome/105.0.5173.0 using chrome-pool strategy","meta":{"rootId":"gklemur4u9vylzk","id":"gklemur4u9vylzk"},"id":"lrz3fkstgcmxops","previousOperationId":"xv1mnqm5974dj0p"}
{"type":"log","timestamp":1684436355684,"level":"debug","message":"Page request: GET (document) file:///C:/Users/hp/AppData/Local/Temp/jsreport/autocleanup/5aeae11e-d792-443a-b25c-b0df6315f179-chrome-pdf.html","meta":{"rootId":"gklemur4u9vylzk","id":"gklemur4u9vylzk"},"id":"h3rsdw1uyq9r6cg","previousOperationId":"xv1mnqm5974dj0p"}
{"type":"log","timestamp":1684436355697,"level":"debug","message":"Page request finished: GET (document) 200 file:///C:/Users/hp/AppData/Local/Temp/jsreport/autocleanup/5aeae11e-d792-443a-b25c-b0df6315f179-chrome-pdf.html","meta":{"rootId":"gklemur4u9vylzk","id":"gklemur4u9vylzk"},"id":"1nt56hi8is3eybz","previousOperationId":"xv1mnqm5974dj0p"}
{"type":"log","timestamp":1684436355785,"level":"debug","message":"Running chrome with params {\"timeout\":59954,\"margin\":{},\"printBackground\":true}","meta":{"rootId":"gklemur4u9vylzk","id":"gklemur4u9vylzk"},"id":"31ov7vzsd1pz26o","previousOperationId":"xv1mnqm5974dj0p"}
{"type":"operationEnd","operationId":"xv1mnqm5974dj0p","timestamp":1684436356221,"id":"lsf1sxhe2kyvwfk","previousEventId":"xt1jcrfd5b5hdyn","previousOperationId":"xv1mnqm5974dj0p"}
{"type":"log","timestamp":1684436356221,"level":"debug","message":"Skipping storing report.","meta":{"rootId":"gklemur4u9vylzk","id":"gklemur4u9vylzk"},"id":"nz6932on4o6orvl","previousOperationId":"xv1mnqm5974dj0p"}
{"type":"log","timestamp":1684436356221,"level":"info","message":"Rendering request 9 finished in 761 ms","meta":{"rootId":"gklemur4u9vylzk","id":"gklemur4u9vylzk"},"id":"8tz3m8r3rqw2l9b","previousOperationId":"xv1mnqm5974dj0p"}
{"type":"operationEnd","subtype":"render","operationId":"ly3t6gdzm9oty96","timestamp":1684436356221,"id":"clntwsjughpbw5l","previousEventId":"lsf1sxhe2kyvwfk","previousOperationId":"xv1mnqm5974dj0p"}
{"type":"operationEnd","doDiffs":false,"previousEventId":"2wv6zjuyyjskhp0","previousOperationId":"i5jlvmj09o6evzq","operationId":"i5jlvmj09o6evzq","timestamp":1684436356224,"id":"0p4lvmnyp40xmqu"}
