{"type":"operationStart","subtype":"profile","data":{"_id":"xjzFXwa3XFYZWji7","timestamp":"2023-04-21T11:09:23.442Z","state":"queued","mode":"standard","timeout":60000,"creationDate":"2023-04-21T11:09:23.452Z","modificationDate":"2023-04-21T11:09:23.452Z","shortid":"WceTS_4","$entitySet":"profiles"},"doDiffs":false,"timestamp":1682075363450,"id":"28aeuhjbd9clc4r","previousOperationId":null,"operationId":"8ajymq0obk7rqhf"}
{"type":"log","level":"info","message":"Render request 1 queued for execution and waiting for available worker","previousOperationId":"8ajymq0obk7rqhf","timestamp":1682075363450,"id":"kb9u45u5e5v17iw"}
{"type":"operationStart","subtype":"render","name":"anonymous","previousOperationId":"8ajymq0obk7rqhf","timestamp":1682075363490,"id":"2s5csvcllky707w","previousEventId":"28aeuhjbd9clc4r","operationId":"3etshyico8zwqx1"}
{"type":"log","timestamp":1682075363491,"level":"info","message":"Starting rendering request 1","meta":{"rootId":"gmft4dhua73f2de","id":"gmft4dhua73f2de"},"id":"v1hpgq99c4484nv","previousOperationId":"3etshyico8zwqx1"}
{"type":"log","timestamp":1682075363493,"level":"info","message":"Rendering anonymous template { recipe: chrome-pdf, engine: handlebars }","meta":{"rootId":"gmft4dhua73f2de","id":"gmft4dhua73f2de"},"id":"goeh5k5dedexfau","previousOperationId":"3etshyico8zwqx1"}
{"type":"log","timestamp":1682075363494,"level":"debug","message":"Inline data specified.","meta":{"rootId":"gmft4dhua73f2de","id":"gmft4dhua73f2de"},"id":"22seh14l23094to","previousOperationId":"3etshyico8zwqx1"}
{"type":"log","timestamp":1682075363501,"level":"debug","message":"Base url not specified, skipping its injection.","meta":{"rootId":"gmft4dhua73f2de","id":"gmft4dhua73f2de"},"id":"95kqbhi8qrt7k5x","previousOperationId":"3etshyico8zwqx1"}
{"type":"operationStart","subtype":"engine","name":"handlebars","timestamp":1682075363502,"id":"jdox9ymaxuz4mdf","previousEventId":"2s5csvcllky707w","operationId":"5cttpclzk08t5lz","previousOperationId":"3etshyico8zwqx1"}
{"type":"log","timestamp":1682075363502,"level":"debug","message":"Rendering engine handlebars","meta":{"rootId":"gmft4dhua73f2de","id":"gmft4dhua73f2de"},"id":"lkj9hrdh5vur67h","previousOperationId":"5cttpclzk08t5lz"}
{"type":"operationEnd","operationId":"5cttpclzk08t5lz","timestamp":1682075364092,"id":"b6nunugx83vlkzh","previousEventId":"jdox9ymaxuz4mdf","previousOperationId":"5cttpclzk08t5lz"}
{"type":"operationStart","subtype":"recipe","name":"chrome-pdf","timestamp":1682075364093,"id":"4jfqtdbsmg49dtn","previousEventId":"b6nunugx83vlkzh","operationId":"l7xygfxlrolit76","previousOperationId":"5cttpclzk08t5lz"}
{"type":"log","timestamp":1682075364093,"level":"debug","message":"Executing recipe chrome-pdf","meta":{"rootId":"gmft4dhua73f2de","id":"gmft4dhua73f2de"},"id":"do91gyk97gp13s9","previousOperationId":"l7xygfxlrolit76"}
{"type":"log","timestamp":1682075364449,"level":"debug","message":"Converting with chrome HeadlessChrome/105.0.5173.0 using chrome-pool strategy","meta":{"rootId":"gmft4dhua73f2de","id":"gmft4dhua73f2de"},"id":"p65fpctrlmtir9u","previousOperationId":"l7xygfxlrolit76"}
{"type":"log","timestamp":1682075365318,"level":"debug","message":"Page request: GET (document) file:///C:/Users/hp/AppData/Local/Temp/jsreport/autocleanup/7efb4398-b396-48de-b657-de3d5e87f213-chrome-pdf.html","meta":{"rootId":"gmft4dhua73f2de","id":"gmft4dhua73f2de"},"id":"nbpmfltpp7oyr6k","previousOperationId":"l7xygfxlrolit76"}
{"type":"log","timestamp":1682075365331,"level":"debug","message":"Page request finished: GET (document) 200 file:///C:/Users/hp/AppData/Local/Temp/jsreport/autocleanup/7efb4398-b396-48de-b657-de3d5e87f213-chrome-pdf.html","meta":{"rootId":"gmft4dhua73f2de","id":"gmft4dhua73f2de"},"id":"41rpct4owtnzpw0","previousOperationId":"l7xygfxlrolit76"}
{"type":"log","timestamp":1682075365331,"level":"debug","message":"Page request: GET (stylesheet) https://stackpath.bootstrapcdn.com/bootstrap/4.4.1/css/bootstrap.min.css","meta":{"rootId":"gmft4dhua73f2de","id":"gmft4dhua73f2de"},"id":"c2okn9q5ovhau9m","previousOperationId":"l7xygfxlrolit76"}
{"type":"log","timestamp":1682075365332,"level":"debug","message":"Page request: GET (image) https://assets-global.website-files.com/5ca4d1fd374efbecd845739f/611be296e1ecb589c495418a_JAS%20and%20Greencarrier.png","meta":{"rootId":"gmft4dhua73f2de","id":"gmft4dhua73f2de"},"id":"z1d90awzwu3g44z","previousOperationId":"l7xygfxlrolit76"}
{"type":"log","timestamp":1682075365518,"level":"debug","message":"Page request finished: GET (stylesheet) 200 https://stackpath.bootstrapcdn.com/bootstrap/4.4.1/css/bootstrap.min.css","meta":{"rootId":"gmft4dhua73f2de","id":"gmft4dhua73f2de"},"id":"ytmwrxi6y179npv","previousOperationId":"l7xygfxlrolit76"}
{"type":"log","timestamp":1682075365586,"level":"debug","message":"Page request finished: GET (image) 200 https://assets-global.website-files.com/5ca4d1fd374efbecd845739f/611be296e1ecb589c495418a_JAS%20and%20Greencarrier.png","meta":{"rootId":"gmft4dhua73f2de","id":"gmft4dhua73f2de"},"id":"awdjmi42b9df0ld","previousOperationId":"l7xygfxlrolit76"}
{"type":"log","timestamp":1682075365588,"level":"debug","message":"Running chrome with params {\"timeout\":59174,\"margin\":{},\"printBackground\":true}","meta":{"rootId":"gmft4dhua73f2de","id":"gmft4dhua73f2de"},"id":"ejs2fmacvesc739","previousOperationId":"l7xygfxlrolit76"}
{"type":"operationEnd","operationId":"l7xygfxlrolit76","timestamp":1682075365823,"id":"7961of2qn545euz","previousEventId":"4jfqtdbsmg49dtn","previousOperationId":"l7xygfxlrolit76"}
{"type":"log","timestamp":1682075365824,"level":"debug","message":"Skipping storing report.","meta":{"rootId":"gmft4dhua73f2de","id":"gmft4dhua73f2de"},"id":"r9aa3nf2se30agp","previousOperationId":"l7xygfxlrolit76"}
{"type":"log","timestamp":1682075365824,"level":"info","message":"Rendering request 1 finished in 2383 ms","meta":{"rootId":"gmft4dhua73f2de","id":"gmft4dhua73f2de"},"id":"nyab1sfwmhpvbbj","previousOperationId":"l7xygfxlrolit76"}
{"type":"operationEnd","subtype":"render","operationId":"3etshyico8zwqx1","timestamp":1682075365824,"id":"ktjaeivrfx1h8m4","previousEventId":"7961of2qn545euz","previousOperationId":"l7xygfxlrolit76"}
{"type":"operationEnd","doDiffs":false,"previousEventId":"28aeuhjbd9clc4r","previousOperationId":"8ajymq0obk7rqhf","operationId":"8ajymq0obk7rqhf","timestamp":1682075365828,"id":"tk4tbqftlla59a2"}
