{"type":"operationStart","subtype":"profile","data":{"_id":"gfPqkHr8OxIsHLDQ","timestamp":"2023-05-16T06:46:51.806Z","state":"queued","mode":"standard","timeout":60000,"creationDate":"2023-05-16T06:46:51.809Z","modificationDate":"2023-05-16T06:46:51.809Z","shortid":"gwJIedV","$entitySet":"profiles"},"doDiffs":false,"timestamp":1684219611808,"id":"ri6gb7jbxe9jd3h","previousOperationId":null,"operationId":"wfdw9tviwcjaa7b"}
{"type":"log","level":"info","message":"Render request 1 queued for execution and waiting for available worker","previousOperationId":"wfdw9tviwcjaa7b","timestamp":1684219611808,"id":"m6xmjry0sfqi3y5"}
{"type":"operationStart","subtype":"render","name":"anonymous","previousOperationId":"wfdw9tviwcjaa7b","timestamp":1684219611828,"id":"lpff0fdyqlwa3f7","previousEventId":"ri6gb7jbxe9jd3h","operationId":"vir392k6f7vlivt"}
{"type":"log","timestamp":1684219611829,"level":"info","message":"Starting rendering request 1","meta":{"rootId":"gnu8tpg3cb6ju0n","id":"gnu8tpg3cb6ju0n"},"id":"vkt54aonbawb9oz","previousOperationId":"vir392k6f7vlivt"}
{"type":"log","timestamp":1684219611831,"level":"info","message":"Rendering anonymous template { recipe: chrome-pdf, engine: handlebars }","meta":{"rootId":"gnu8tpg3cb6ju0n","id":"gnu8tpg3cb6ju0n"},"id":"uew8mfrgzijcazb","previousOperationId":"vir392k6f7vlivt"}
{"type":"log","timestamp":1684219611831,"level":"debug","message":"Inline data specified.","meta":{"rootId":"gnu8tpg3cb6ju0n","id":"gnu8tpg3cb6ju0n"},"id":"dabhj4alrffdc0w","previousOperationId":"vir392k6f7vlivt"}
{"type":"log","timestamp":1684219611835,"level":"debug","message":"Base url not specified, skipping its injection.","meta":{"rootId":"gnu8tpg3cb6ju0n","id":"gnu8tpg3cb6ju0n"},"id":"y3rqyd87b1xkcp5","previousOperationId":"vir392k6f7vlivt"}
{"type":"operationStart","subtype":"engine","name":"handlebars","timestamp":1684219611836,"id":"r8s95m38dz7satt","previousEventId":"lpff0fdyqlwa3f7","operationId":"9yxnctpgg775i3x","previousOperationId":"vir392k6f7vlivt"}
{"type":"log","timestamp":1684219611836,"level":"debug","message":"Rendering engine handlebars","meta":{"rootId":"gnu8tpg3cb6ju0n","id":"gnu8tpg3cb6ju0n"},"id":"l98m6rwx0f4cgd0","previousOperationId":"9yxnctpgg775i3x"}
{"type":"operationEnd","operationId":"9yxnctpgg775i3x","timestamp":1684219612397,"id":"6mrmaad9a1ao1qn","previousEventId":"r8s95m38dz7satt","previousOperationId":"9yxnctpgg775i3x"}
{"type":"operationStart","subtype":"recipe","name":"chrome-pdf","timestamp":1684219612397,"id":"bp9v75d09gmusm8","previousEventId":"6mrmaad9a1ao1qn","operationId":"np8bb6czqisj4zg","previousOperationId":"9yxnctpgg775i3x"}
{"type":"log","timestamp":1684219612398,"level":"debug","message":"Executing recipe chrome-pdf","meta":{"rootId":"gnu8tpg3cb6ju0n","id":"gnu8tpg3cb6ju0n"},"id":"gnt5glik4m65klb","previousOperationId":"np8bb6czqisj4zg"}
{"type":"log","timestamp":1684219612837,"level":"debug","message":"Converting with chrome HeadlessChrome/105.0.5173.0 using chrome-pool strategy","meta":{"rootId":"gnu8tpg3cb6ju0n","id":"gnu8tpg3cb6ju0n"},"id":"x4phpr6pbd2a8wo","previousOperationId":"np8bb6czqisj4zg"}
{"type":"log","timestamp":1684219614206,"level":"debug","message":"Page request: GET (document) file:///C:/Users/hp/AppData/Local/Temp/jsreport/autocleanup/c72d893e-3151-42cf-bc92-d879b7c76c3b-chrome-pdf.html","meta":{"rootId":"gnu8tpg3cb6ju0n","id":"gnu8tpg3cb6ju0n"},"id":"ygzysopqxjau47q","previousOperationId":"np8bb6czqisj4zg"}
{"type":"log","timestamp":1684219614217,"level":"debug","message":"Page request finished: GET (document) 200 file:///C:/Users/hp/AppData/Local/Temp/jsreport/autocleanup/c72d893e-3151-42cf-bc92-d879b7c76c3b-chrome-pdf.html","meta":{"rootId":"gnu8tpg3cb6ju0n","id":"gnu8tpg3cb6ju0n"},"id":"vzjqh1n7umj9pui","previousOperationId":"np8bb6czqisj4zg"}
{"type":"log","timestamp":1684219614264,"level":"debug","message":"Running chrome with params {\"timeout\":59197,\"margin\":{},\"printBackground\":true}","meta":{"rootId":"gnu8tpg3cb6ju0n","id":"gnu8tpg3cb6ju0n"},"id":"ya2t7sno2khxdxh","previousOperationId":"np8bb6czqisj4zg"}
{"type":"operationEnd","operationId":"np8bb6czqisj4zg","timestamp":1684219614433,"id":"y5ccat5ubu59f05","previousEventId":"bp9v75d09gmusm8","previousOperationId":"np8bb6czqisj4zg"}
{"type":"log","timestamp":1684219614434,"level":"debug","message":"Skipping storing report.","meta":{"rootId":"gnu8tpg3cb6ju0n","id":"gnu8tpg3cb6ju0n"},"id":"3ddtj0yhrlt6i61","previousOperationId":"np8bb6czqisj4zg"}
{"type":"log","timestamp":1684219614434,"level":"info","message":"Rendering request 1 finished in 2629 ms","meta":{"rootId":"gnu8tpg3cb6ju0n","id":"gnu8tpg3cb6ju0n"},"id":"nve0yzfsr4t35hf","previousOperationId":"np8bb6czqisj4zg"}
{"type":"operationEnd","subtype":"render","operationId":"vir392k6f7vlivt","timestamp":1684219614435,"id":"hkxgrlkxjdomau4","previousEventId":"y5ccat5ubu59f05","previousOperationId":"np8bb6czqisj4zg"}
{"type":"operationEnd","doDiffs":false,"previousEventId":"ri6gb7jbxe9jd3h","previousOperationId":"wfdw9tviwcjaa7b","operationId":"wfdw9tviwcjaa7b","timestamp":1684219614438,"id":"z86r2ijhpff7rcb"}
