{"type":"operationStart","subtype":"profile","data":{"_id":"LE7cn9PP5mHYwaz9","timestamp":"2023-05-18T15:32:38.315Z","state":"queued","mode":"standard","timeout":60000,"creationDate":"2023-05-18T15:32:38.318Z","modificationDate":"2023-05-18T15:32:38.318Z","shortid":"iqqPKu1","$entitySet":"profiles"},"doDiffs":false,"timestamp":1684423958317,"id":"u2b5gw206hhb1ul","previousOperationId":null,"operationId":"cojst7lt0ris07v"}
{"type":"log","level":"info","message":"Render request 2 queued for execution and waiting for available worker","previousOperationId":"cojst7lt0ris07v","timestamp":1684423958317,"id":"i6kwot3yyeac7km"}
{"type":"operationStart","subtype":"render","name":"anonymous","previousOperationId":"cojst7lt0ris07v","timestamp":1684423958324,"id":"ibmvsjtkz0s4y1u","previousEventId":"u2b5gw206hhb1ul","operationId":"vjxdl9u1lpg4n0j"}
{"type":"log","timestamp":1684423958324,"level":"info","message":"Starting rendering request 2","meta":{"rootId":"gqhhwmkcxp8b8vx","id":"gqhhwmkcxp8b8vx"},"id":"4lmu80mpu4oqnj5","previousOperationId":"vjxdl9u1lpg4n0j"}
{"type":"log","timestamp":1684423958324,"level":"info","message":"Rendering anonymous template { recipe: chrome-pdf, engine: handlebars }","meta":{"rootId":"gqhhwmkcxp8b8vx","id":"gqhhwmkcxp8b8vx"},"id":"3ivu9chg68y11m6","previousOperationId":"vjxdl9u1lpg4n0j"}
{"type":"log","timestamp":1684423958324,"level":"debug","message":"Inline data specified.","meta":{"rootId":"gqhhwmkcxp8b8vx","id":"gqhhwmkcxp8b8vx"},"id":"pc10szdpuxd4i7o","previousOperationId":"vjxdl9u1lpg4n0j"}
{"type":"log","timestamp":1684423958326,"level":"debug","message":"Base url not specified, skipping its injection.","meta":{"rootId":"gqhhwmkcxp8b8vx","id":"gqhhwmkcxp8b8vx"},"id":"cn9kguam74uv9u8","previousOperationId":"vjxdl9u1lpg4n0j"}
{"type":"operationStart","subtype":"engine","name":"handlebars","timestamp":1684423958326,"id":"q0jwwlfsv5o3six","previousEventId":"ibmvsjtkz0s4y1u","operationId":"i4w21yqyad5p9n6","previousOperationId":"vjxdl9u1lpg4n0j"}
{"type":"log","timestamp":1684423958326,"level":"debug","message":"Rendering engine handlebars","meta":{"rootId":"gqhhwmkcxp8b8vx","id":"gqhhwmkcxp8b8vx"},"id":"14i9nxc3p21z9ob","previousOperationId":"i4w21yqyad5p9n6"}
{"type":"operationEnd","operationId":"i4w21yqyad5p9n6","timestamp":1684423958336,"id":"rlurev7vnq1bit6","previousEventId":"q0jwwlfsv5o3six","previousOperationId":"i4w21yqyad5p9n6"}
{"type":"operationStart","subtype":"recipe","name":"chrome-pdf","timestamp":1684423958337,"id":"umvnu1fo89hnnw6","previousEventId":"rlurev7vnq1bit6","operationId":"jpptmzgf380272w","previousOperationId":"i4w21yqyad5p9n6"}
{"type":"log","timestamp":1684423958337,"level":"debug","message":"Executing recipe chrome-pdf","meta":{"rootId":"gqhhwmkcxp8b8vx","id":"gqhhwmkcxp8b8vx"},"id":"lqf7tvz2x32vu38","previousOperationId":"jpptmzgf380272w"}
{"type":"log","timestamp":1684423958378,"level":"debug","message":"Converting with chrome HeadlessChrome/105.0.5173.0 using chrome-pool strategy","meta":{"rootId":"gqhhwmkcxp8b8vx","id":"gqhhwmkcxp8b8vx"},"id":"ih2qtuqc3hh0zbn","previousOperationId":"jpptmzgf380272w"}
{"type":"log","timestamp":1684423958545,"level":"debug","message":"Page request: GET (document) file:///C:/Users/hp/AppData/Local/Temp/jsreport/autocleanup/2f4ed05f-51c5-4f82-a27e-567901e8d2ac-chrome-pdf.html","meta":{"rootId":"gqhhwmkcxp8b8vx","id":"gqhhwmkcxp8b8vx"},"id":"ftsxovbuiovh4al","previousOperationId":"jpptmzgf380272w"}
{"type":"log","timestamp":1684423958557,"level":"debug","message":"Page request finished: GET (document) 200 file:///C:/Users/hp/AppData/Local/Temp/jsreport/autocleanup/2f4ed05f-51c5-4f82-a27e-567901e8d2ac-chrome-pdf.html","meta":{"rootId":"gqhhwmkcxp8b8vx","id":"gqhhwmkcxp8b8vx"},"id":"v4cuq6jqbjq05vh","previousOperationId":"jpptmzgf380272w"}
{"type":"log","timestamp":1684423958649,"level":"debug","message":"Running chrome with params {\"timeout\":59974,\"margin\":{},\"printBackground\":true}","meta":{"rootId":"gqhhwmkcxp8b8vx","id":"gqhhwmkcxp8b8vx"},"id":"z8413rkrxd5u7zd","previousOperationId":"jpptmzgf380272w"}
{"type":"operationEnd","operationId":"jpptmzgf380272w","timestamp":1684423959107,"id":"s03zkd3qqwxnl8l","previousEventId":"umvnu1fo89hnnw6","previousOperationId":"jpptmzgf380272w"}
{"type":"log","timestamp":1684423959107,"level":"debug","message":"Skipping storing report.","meta":{"rootId":"gqhhwmkcxp8b8vx","id":"gqhhwmkcxp8b8vx"},"id":"h5tkj1uu230qnef","previousOperationId":"jpptmzgf380272w"}
{"type":"log","timestamp":1684423959107,"level":"info","message":"Rendering request 2 finished in 793 ms","meta":{"rootId":"gqhhwmkcxp8b8vx","id":"gqhhwmkcxp8b8vx"},"id":"3f8rmpvp32yrbuz","previousOperationId":"jpptmzgf380272w"}
{"type":"operationEnd","subtype":"render","operationId":"vjxdl9u1lpg4n0j","timestamp":1684423959107,"id":"z5qq1sazexshh5n","previousEventId":"s03zkd3qqwxnl8l","previousOperationId":"jpptmzgf380272w"}
{"type":"operationEnd","doDiffs":false,"previousEventId":"u2b5gw206hhb1ul","previousOperationId":"cojst7lt0ris07v","operationId":"cojst7lt0ris07v","timestamp":1684423959110,"id":"dog49v43es8d9b7"}
