{"type":"operationStart","subtype":"profile","data":{"_id":"PryocX9NTULDZhsr","timestamp":"2023-04-10T10:16:01.346Z","state":"queued","mode":"standard","timeout":60000,"creationDate":"2023-04-10T10:16:01.364Z","modificationDate":"2023-04-10T10:16:01.364Z","shortid":"3cvi6Ja","$entitySet":"profiles"},"doDiffs":false,"timestamp":1681121761362,"id":"bl5j562lh6etvwg","previousOperationId":null,"operationId":"ffdjql7yvv5dox1"}
{"type":"log","level":"info","message":"Render request 1 queued for execution and waiting for available worker","previousOperationId":"ffdjql7yvv5dox1","timestamp":1681121761362,"id":"27gh2sutm9dd8ye"}
{"type":"operationStart","subtype":"render","name":"anonymous","previousOperationId":"ffdjql7yvv5dox1","timestamp":1681121761398,"id":"q39h35j2n9t8d7o","previousEventId":"bl5j562lh6etvwg","operationId":"zseyz0egcfww1pc"}
{"type":"log","timestamp":1681121761399,"level":"info","message":"Starting rendering request 1","meta":{"rootId":"gy2xpczxge1pczp","id":"gy2xpczxge1pczp"},"id":"0zcwlcpdh6y4d1d","previousOperationId":"zseyz0egcfww1pc"}
{"type":"log","timestamp":1681121761400,"level":"info","message":"Rendering anonymous template { recipe: chrome-pdf, engine: handlebars }","meta":{"rootId":"gy2xpczxge1pczp","id":"gy2xpczxge1pczp"},"id":"fmdw18kz8of9axf","previousOperationId":"zseyz0egcfww1pc"}
{"type":"log","timestamp":1681121761401,"level":"debug","message":"Inline data specified.","meta":{"rootId":"gy2xpczxge1pczp","id":"gy2xpczxge1pczp"},"id":"1xra6a661t3q2wa","previousOperationId":"zseyz0egcfww1pc"}
{"type":"log","timestamp":1681121761406,"level":"debug","message":"Base url not specified, skipping its injection.","meta":{"rootId":"gy2xpczxge1pczp","id":"gy2xpczxge1pczp"},"id":"rvpfh9tu6w5vc0k","previousOperationId":"zseyz0egcfww1pc"}
{"type":"operationStart","subtype":"engine","name":"handlebars","timestamp":1681121761407,"id":"o0qb51dhtv99ajs","previousEventId":"q39h35j2n9t8d7o","operationId":"wfsz9bavms6gtbd","previousOperationId":"zseyz0egcfww1pc"}
{"type":"log","timestamp":1681121761407,"level":"debug","message":"Rendering engine handlebars","meta":{"rootId":"gy2xpczxge1pczp","id":"gy2xpczxge1pczp"},"id":"yuc2ikn4kezm06s","previousOperationId":"wfsz9bavms6gtbd"}
{"type":"operationEnd","operationId":"wfsz9bavms6gtbd","timestamp":1681121762083,"id":"jvc9dxx3xqnac57","previousEventId":"o0qb51dhtv99ajs","previousOperationId":"wfsz9bavms6gtbd"}
{"type":"operationStart","subtype":"recipe","name":"chrome-pdf","timestamp":1681121762084,"id":"qk74qm5frteacyr","previousEventId":"jvc9dxx3xqnac57","operationId":"16c4qos49tu7ssg","previousOperationId":"wfsz9bavms6gtbd"}
{"type":"log","timestamp":1681121762084,"level":"debug","message":"Executing recipe chrome-pdf","meta":{"rootId":"gy2xpczxge1pczp","id":"gy2xpczxge1pczp"},"id":"ikmxo8d0ey4kxu7","previousOperationId":"16c4qos49tu7ssg"}
{"type":"log","timestamp":1681121762609,"level":"debug","message":"Converting with chrome HeadlessChrome/105.0.5173.0 using chrome-pool strategy","meta":{"rootId":"gy2xpczxge1pczp","id":"gy2xpczxge1pczp"},"id":"u7iwshvp3io6i52","previousOperationId":"16c4qos49tu7ssg"}
{"type":"log","timestamp":1681121762747,"level":"debug","message":"Page request: GET (document) file:///C:/Users/SACHIN~1/AppData/Local/Temp/jsreport/autocleanup/ab072022-b606-45c1-8a4b-fc53d096edec-chrome-pdf.html","meta":{"rootId":"gy2xpczxge1pczp","id":"gy2xpczxge1pczp"},"id":"0yhwjueve5bhvmm","previousOperationId":"16c4qos49tu7ssg"}
{"type":"log","timestamp":1681121762762,"level":"debug","message":"Page request finished: GET (document) 200 file:///C:/Users/SACHIN~1/AppData/Local/Temp/jsreport/autocleanup/ab072022-b606-45c1-8a4b-fc53d096edec-chrome-pdf.html","meta":{"rootId":"gy2xpczxge1pczp","id":"gy2xpczxge1pczp"},"id":"5yk8ial38akvl64","previousOperationId":"16c4qos49tu7ssg"}
{"type":"log","timestamp":1681121762762,"level":"debug","message":"Page request: GET (stylesheet) https://stackpath.bootstrapcdn.com/bootstrap/4.4.1/css/bootstrap.min.css","meta":{"rootId":"gy2xpczxge1pczp","id":"gy2xpczxge1pczp"},"id":"xn22kvpi2d9fo39","previousOperationId":"16c4qos49tu7ssg"}
{"type":"log","timestamp":1681121762763,"level":"debug","message":"Page request: GET (image) https://assets-global.website-files.com/5ca4d1fd374efbecd845739f/611be296e1ecb589c495418a_JAS%20and%20Greencarrier.png","meta":{"rootId":"gy2xpczxge1pczp","id":"gy2xpczxge1pczp"},"id":"wkjywosk505ejuu","previousOperationId":"16c4qos49tu7ssg"}
{"type":"log","timestamp":1681121763471,"level":"debug","message":"Page request finished: GET (stylesheet) 200 https://stackpath.bootstrapcdn.com/bootstrap/4.4.1/css/bootstrap.min.css","meta":{"rootId":"gy2xpczxge1pczp","id":"gy2xpczxge1pczp"},"id":"zm9i8g1xx01v5c9","previousOperationId":"16c4qos49tu7ssg"}
{"type":"log","timestamp":1681121763571,"level":"debug","message":"Page request finished: GET (image) 200 https://assets-global.website-files.com/5ca4d1fd374efbecd845739f/611be296e1ecb589c495418a_JAS%20and%20Greencarrier.png","meta":{"rootId":"gy2xpczxge1pczp","id":"gy2xpczxge1pczp"},"id":"9f6dnd11ooz9558","previousOperationId":"16c4qos49tu7ssg"}
{"type":"log","timestamp":1681121763575,"level":"debug","message":"Running chrome with params {\"timeout\":59116,\"margin\":{},\"printBackground\":true}","meta":{"rootId":"gy2xpczxge1pczp","id":"gy2xpczxge1pczp"},"id":"jl2lky44eigh9l1","previousOperationId":"16c4qos49tu7ssg"}
{"type":"operationEnd","operationId":"16c4qos49tu7ssg","timestamp":1681121763882,"id":"i35cndwgs851me0","previousEventId":"qk74qm5frteacyr","previousOperationId":"16c4qos49tu7ssg"}
{"type":"log","timestamp":1681121763883,"level":"debug","message":"Skipping storing report.","meta":{"rootId":"gy2xpczxge1pczp","id":"gy2xpczxge1pczp"},"id":"ayls774zczaxctq","previousOperationId":"16c4qos49tu7ssg"}
{"type":"log","timestamp":1681121763884,"level":"info","message":"Rendering request 1 finished in 2539 ms","meta":{"rootId":"gy2xpczxge1pczp","id":"gy2xpczxge1pczp"},"id":"t8wfyw3qg4214rx","previousOperationId":"16c4qos49tu7ssg"}
{"type":"operationEnd","subtype":"render","operationId":"zseyz0egcfww1pc","timestamp":1681121763884,"id":"s9qc3ifk9hrrmt2","previousEventId":"i35cndwgs851me0","previousOperationId":"16c4qos49tu7ssg"}
{"type":"operationEnd","doDiffs":false,"previousEventId":"bl5j562lh6etvwg","previousOperationId":"ffdjql7yvv5dox1","operationId":"ffdjql7yvv5dox1","timestamp":1681121763887,"id":"8lchkyg1i14f65g"}
