{"type":"operationStart","subtype":"profile","data":{"_id":"LGnAlWj1DEtxYikr","timestamp":"2023-05-19T08:46:12.215Z","state":"queued","mode":"standard","timeout":60000,"creationDate":"2023-05-19T08:46:12.217Z","modificationDate":"2023-05-19T08:46:12.217Z","shortid":"fjdi5UQ","$entitySet":"profiles"},"doDiffs":false,"timestamp":1684485972217,"id":"msydqq21p4yzs38","previousOperationId":null,"operationId":"lvrj6dyx4mjgre4"}
{"type":"log","level":"info","message":"Render request 4 queued for execution and waiting for available worker","previousOperationId":"lvrj6dyx4mjgre4","timestamp":1684485972217,"id":"51c79h2ew48ikor"}
{"type":"operationStart","subtype":"render","name":"anonymous","previousOperationId":"lvrj6dyx4mjgre4","timestamp":1684485972221,"id":"k5so1lcdj09u3uq","previousEventId":"msydqq21p4yzs38","operationId":"yyfpfocjal1wa9p"}
{"type":"log","timestamp":1684485972221,"level":"info","message":"Starting rendering request 4","meta":{"rootId":"gyvzppb9t2g8txf","id":"gyvzppb9t2g8txf"},"id":"npf6tspg3mmop0v","previousOperationId":"yyfpfocjal1wa9p"}
{"type":"log","timestamp":1684485972221,"level":"info","message":"Rendering anonymous template { recipe: chrome-pdf, engine: handlebars }","meta":{"rootId":"gyvzppb9t2g8txf","id":"gyvzppb9t2g8txf"},"id":"kekoabidxrx1izn","previousOperationId":"yyfpfocjal1wa9p"}
{"type":"log","timestamp":1684485972221,"level":"debug","message":"Inline data specified.","meta":{"rootId":"gyvzppb9t2g8txf","id":"gyvzppb9t2g8txf"},"id":"v84t1oxfd6u1xv9","previousOperationId":"yyfpfocjal1wa9p"}
{"type":"log","timestamp":1684485972222,"level":"debug","message":"Base url not specified, skipping its injection.","meta":{"rootId":"gyvzppb9t2g8txf","id":"gyvzppb9t2g8txf"},"id":"rl46uqv92d53xuk","previousOperationId":"yyfpfocjal1wa9p"}
{"type":"operationStart","subtype":"engine","name":"handlebars","timestamp":1684485972222,"id":"njxrlhwj5chnb52","previousEventId":"k5so1lcdj09u3uq","operationId":"23pvh9a0yrsao2m","previousOperationId":"yyfpfocjal1wa9p"}
{"type":"log","timestamp":1684485972222,"level":"debug","message":"Rendering engine handlebars","meta":{"rootId":"gyvzppb9t2g8txf","id":"gyvzppb9t2g8txf"},"id":"kzdqoqq4ixaxhv3","previousOperationId":"23pvh9a0yrsao2m"}
{"type":"operationEnd","operationId":"23pvh9a0yrsao2m","timestamp":1684485972228,"id":"3n0p84k7jjnidmn","previousEventId":"njxrlhwj5chnb52","previousOperationId":"23pvh9a0yrsao2m"}
{"type":"operationStart","subtype":"recipe","name":"chrome-pdf","timestamp":1684485972229,"id":"a4gktcj6lpfeydk","previousEventId":"3n0p84k7jjnidmn","operationId":"qkw4o5dm5oergwc","previousOperationId":"23pvh9a0yrsao2m"}
{"type":"log","timestamp":1684485972229,"level":"debug","message":"Executing recipe chrome-pdf","meta":{"rootId":"gyvzppb9t2g8txf","id":"gyvzppb9t2g8txf"},"id":"emtv0815a8le0jz","previousOperationId":"qkw4o5dm5oergwc"}
{"type":"log","timestamp":1684485972231,"level":"debug","message":"Converting with chrome HeadlessChrome/105.0.5173.0 using chrome-pool strategy","meta":{"rootId":"gyvzppb9t2g8txf","id":"gyvzppb9t2g8txf"},"id":"ih2pezv5gppveta","previousOperationId":"qkw4o5dm5oergwc"}
{"type":"log","timestamp":1684485972317,"level":"debug","message":"Page request: GET (document) file:///C:/Users/hp/AppData/Local/Temp/jsreport/autocleanup/457cd029-fb04-4a8d-bab5-8bf111cb0313-chrome-pdf.html","meta":{"rootId":"gyvzppb9t2g8txf","id":"gyvzppb9t2g8txf"},"id":"ib30khbvo16txd8","previousOperationId":"qkw4o5dm5oergwc"}
{"type":"log","timestamp":1684485972326,"level":"debug","message":"Page request finished: GET (document) 200 file:///C:/Users/hp/AppData/Local/Temp/jsreport/autocleanup/457cd029-fb04-4a8d-bab5-8bf111cb0313-chrome-pdf.html","meta":{"rootId":"gyvzppb9t2g8txf","id":"gyvzppb9t2g8txf"},"id":"osnk1v31qnttj4e","previousOperationId":"qkw4o5dm5oergwc"}
{"type":"log","timestamp":1684485972381,"level":"debug","message":"Running chrome with params {\"timeout\":59985,\"margin\":{},\"printBackground\":true}","meta":{"rootId":"gyvzppb9t2g8txf","id":"gyvzppb9t2g8txf"},"id":"870ssa452zkfjqw","previousOperationId":"qkw4o5dm5oergwc"}
{"type":"operationEnd","operationId":"qkw4o5dm5oergwc","timestamp":1684485972606,"id":"qri4wq2fz4vpkcg","previousEventId":"a4gktcj6lpfeydk","previousOperationId":"qkw4o5dm5oergwc"}
{"type":"log","timestamp":1684485972606,"level":"debug","message":"Skipping storing report.","meta":{"rootId":"gyvzppb9t2g8txf","id":"gyvzppb9t2g8txf"},"id":"mef4q1txqpg2mvj","previousOperationId":"qkw4o5dm5oergwc"}
{"type":"log","timestamp":1684485972606,"level":"info","message":"Rendering request 4 finished in 391 ms","meta":{"rootId":"gyvzppb9t2g8txf","id":"gyvzppb9t2g8txf"},"id":"d7qttjblbpewho1","previousOperationId":"qkw4o5dm5oergwc"}
{"type":"operationEnd","subtype":"render","operationId":"yyfpfocjal1wa9p","timestamp":1684485972606,"id":"9s38qvtomkym93d","previousEventId":"qri4wq2fz4vpkcg","previousOperationId":"qkw4o5dm5oergwc"}
{"type":"operationEnd","doDiffs":false,"previousEventId":"msydqq21p4yzs38","previousOperationId":"lvrj6dyx4mjgre4","operationId":"lvrj6dyx4mjgre4","timestamp":1684485972608,"id":"n0s51ouuogw4116"}
