{"type":"operationStart","subtype":"profile","data":{"_id":"bWbBSNwBNvtIRgZu","timestamp":"2023-05-19T14:55:46.395Z","state":"queued","mode":"standard","timeout":60000,"creationDate":"2023-05-19T14:55:46.398Z","modificationDate":"2023-05-19T14:55:46.398Z","shortid":"OL7Tp1S","$entitySet":"profiles"},"doDiffs":false,"timestamp":1684508146397,"id":"bmegpqq0o0oxm49","previousOperationId":null,"operationId":"wlkp7wuvqshsroo"}
{"type":"log","level":"info","message":"Render request 1 queued for execution and waiting for available worker","previousOperationId":"wlkp7wuvqshsroo","timestamp":1684508146397,"id":"f0acw4owimwlhgm"}
{"type":"operationStart","subtype":"render","name":"anonymous","previousOperationId":"wlkp7wuvqshsroo","timestamp":1684508146415,"id":"8t4vz7q44jy133f","previousEventId":"bmegpqq0o0oxm49","operationId":"u2ce8m8sx4s9p7r"}
{"type":"log","timestamp":1684508146416,"level":"info","message":"Starting rendering request 1","meta":{"rootId":"hnai3yob6nqthr2","id":"hnai3yob6nqthr2"},"id":"rq1fgn531qj3cbs","previousOperationId":"u2ce8m8sx4s9p7r"}
{"type":"log","timestamp":1684508146418,"level":"info","message":"Rendering anonymous template { recipe: chrome-pdf, engine: handlebars }","meta":{"rootId":"hnai3yob6nqthr2","id":"hnai3yob6nqthr2"},"id":"2b5gs98smz7vi1s","previousOperationId":"u2ce8m8sx4s9p7r"}
{"type":"log","timestamp":1684508146419,"level":"debug","message":"Inline data specified.","meta":{"rootId":"hnai3yob6nqthr2","id":"hnai3yob6nqthr2"},"id":"6nuhju7dmmmwox1","previousOperationId":"u2ce8m8sx4s9p7r"}
{"type":"log","timestamp":1684508146426,"level":"debug","message":"Base url not specified, skipping its injection.","meta":{"rootId":"hnai3yob6nqthr2","id":"hnai3yob6nqthr2"},"id":"5ujrbifdtwi8zyz","previousOperationId":"u2ce8m8sx4s9p7r"}
{"type":"operationStart","subtype":"engine","name":"handlebars","timestamp":1684508146428,"id":"c9kgouq5wff1xii","previousEventId":"8t4vz7q44jy133f","operationId":"gymyfui04v8wue7","previousOperationId":"u2ce8m8sx4s9p7r"}
{"type":"log","timestamp":1684508146428,"level":"debug","message":"Rendering engine handlebars","meta":{"rootId":"hnai3yob6nqthr2","id":"hnai3yob6nqthr2"},"id":"bpthbvas3lg4h6k","previousOperationId":"gymyfui04v8wue7"}
{"type":"operationEnd","operationId":"gymyfui04v8wue7","timestamp":1684508147082,"id":"l51gcdssvsyd03i","previousEventId":"c9kgouq5wff1xii","previousOperationId":"gymyfui04v8wue7"}
{"type":"operationStart","subtype":"recipe","name":"chrome-pdf","timestamp":1684508147083,"id":"hh652z8e7yo4u4s","previousEventId":"l51gcdssvsyd03i","operationId":"a27wgylmhsp57pc","previousOperationId":"gymyfui04v8wue7"}
{"type":"log","timestamp":1684508147083,"level":"debug","message":"Executing recipe chrome-pdf","meta":{"rootId":"hnai3yob6nqthr2","id":"hnai3yob6nqthr2"},"id":"5jojdkqixfkmf44","previousOperationId":"a27wgylmhsp57pc"}
{"type":"log","timestamp":1684508147636,"level":"debug","message":"Converting with chrome HeadlessChrome/105.0.5173.0 using chrome-pool strategy","meta":{"rootId":"hnai3yob6nqthr2","id":"hnai3yob6nqthr2"},"id":"ellazvip1nulwzr","previousOperationId":"a27wgylmhsp57pc"}
{"type":"log","timestamp":1684508148538,"level":"debug","message":"Page request: GET (document) file:///C:/Users/hp/AppData/Local/Temp/jsreport/autocleanup/f7ff0f83-4121-4a68-b2f0-07845b5d2f22-chrome-pdf.html","meta":{"rootId":"hnai3yob6nqthr2","id":"hnai3yob6nqthr2"},"id":"4jikgca63j6sz66","previousOperationId":"a27wgylmhsp57pc"}
{"type":"log","timestamp":1684508148557,"level":"debug","message":"Page request finished: GET (document) 200 file:///C:/Users/hp/AppData/Local/Temp/jsreport/autocleanup/f7ff0f83-4121-4a68-b2f0-07845b5d2f22-chrome-pdf.html","meta":{"rootId":"hnai3yob6nqthr2","id":"hnai3yob6nqthr2"},"id":"gddit0rl4jpjzw2","previousOperationId":"a27wgylmhsp57pc"}
{"type":"log","timestamp":1684508148649,"level":"debug","message":"Running chrome with params {\"timeout\":59160,\"margin\":{},\"printBackground\":true}","meta":{"rootId":"hnai3yob6nqthr2","id":"hnai3yob6nqthr2"},"id":"3svsofpd8hxdj5v","previousOperationId":"a27wgylmhsp57pc"}
{"type":"operationEnd","operationId":"a27wgylmhsp57pc","timestamp":1684508149051,"id":"8xxzbw4vr9mnsu3","previousEventId":"hh652z8e7yo4u4s","previousOperationId":"a27wgylmhsp57pc"}
{"type":"log","timestamp":1684508149052,"level":"debug","message":"Skipping storing report.","meta":{"rootId":"hnai3yob6nqthr2","id":"hnai3yob6nqthr2"},"id":"ekua8bibi183y7m","previousOperationId":"a27wgylmhsp57pc"}
{"type":"log","timestamp":1684508149053,"level":"info","message":"Rendering request 1 finished in 2659 ms","meta":{"rootId":"hnai3yob6nqthr2","id":"hnai3yob6nqthr2"},"id":"8029kjrzjfe50vb","previousOperationId":"a27wgylmhsp57pc"}
{"type":"operationEnd","subtype":"render","operationId":"u2ce8m8sx4s9p7r","timestamp":1684508149053,"id":"jt228gv9smmafuy","previousEventId":"8xxzbw4vr9mnsu3","previousOperationId":"a27wgylmhsp57pc"}
{"type":"operationEnd","doDiffs":false,"previousEventId":"bmegpqq0o0oxm49","previousOperationId":"wlkp7wuvqshsroo","operationId":"wlkp7wuvqshsroo","timestamp":1684508149057,"id":"g2ocspoepy0sp3h"}
