{"type":"operationStart","subtype":"profile","data":{"_id":"jpzi7Fn766S87N1j","timestamp":"2023-04-10T10:11:09.809Z","state":"queued","mode":"standard","timeout":60000,"creationDate":"2023-04-10T10:11:09.816Z","modificationDate":"2023-04-10T10:11:09.816Z","shortid":"xAXOxw8","$entitySet":"profiles"},"doDiffs":false,"timestamp":1681121469815,"id":"jjt53r3x6ha73ne","previousOperationId":null,"operationId":"im7enpk66gbx6f7"}
{"type":"log","level":"info","message":"Render request 1 queued for execution and waiting for available worker","previousOperationId":"im7enpk66gbx6f7","timestamp":1681121469815,"id":"0sz58n2lu0apt6t"}
{"type":"operationStart","subtype":"render","name":"anonymous","previousOperationId":"im7enpk66gbx6f7","timestamp":1681121469842,"id":"14g34imhu02zwwp","previousEventId":"jjt53r3x6ha73ne","operationId":"f5qok6bepvpccmd"}
{"type":"log","timestamp":1681121469843,"level":"info","message":"Starting rendering request 1","meta":{"rootId":"hvv0lxm7553pys9","id":"hvv0lxm7553pys9"},"id":"7io9vymrxteurgv","previousOperationId":"f5qok6bepvpccmd"}
{"type":"log","timestamp":1681121469845,"level":"info","message":"Rendering anonymous template { recipe: chrome-pdf, engine: handlebars }","meta":{"rootId":"hvv0lxm7553pys9","id":"hvv0lxm7553pys9"},"id":"m9xhqh3kwcgg2bd","previousOperationId":"f5qok6bepvpccmd"}
{"type":"log","timestamp":1681121469846,"level":"debug","message":"Inline data specified.","meta":{"rootId":"hvv0lxm7553pys9","id":"hvv0lxm7553pys9"},"id":"dtddt35q4my7jtd","previousOperationId":"f5qok6bepvpccmd"}
{"type":"log","timestamp":1681121469851,"level":"debug","message":"Base url not specified, skipping its injection.","meta":{"rootId":"hvv0lxm7553pys9","id":"hvv0lxm7553pys9"},"id":"m4syukww7k2nfw3","previousOperationId":"f5qok6bepvpccmd"}
{"type":"operationStart","subtype":"engine","name":"handlebars","timestamp":1681121469852,"id":"cidli7zwmop622b","previousEventId":"14g34imhu02zwwp","operationId":"p415niu24kaesx1","previousOperationId":"f5qok6bepvpccmd"}
{"type":"log","timestamp":1681121469852,"level":"debug","message":"Rendering engine handlebars","meta":{"rootId":"hvv0lxm7553pys9","id":"hvv0lxm7553pys9"},"id":"5fkp0x88y783xdt","previousOperationId":"p415niu24kaesx1"}
{"type":"operationEnd","operationId":"p415niu24kaesx1","timestamp":1681121470584,"id":"7npidg16ee6hadz","previousEventId":"cidli7zwmop622b","previousOperationId":"p415niu24kaesx1"}
{"type":"operationStart","subtype":"recipe","name":"chrome-pdf","timestamp":1681121470585,"id":"iks0rw3uwabhu1a","previousEventId":"7npidg16ee6hadz","operationId":"ptd778dfj25zrek","previousOperationId":"p415niu24kaesx1"}
{"type":"log","timestamp":1681121470585,"level":"debug","message":"Executing recipe chrome-pdf","meta":{"rootId":"hvv0lxm7553pys9","id":"hvv0lxm7553pys9"},"id":"077sg03cc7qxxob","previousOperationId":"ptd778dfj25zrek"}
{"type":"log","timestamp":1681121471475,"level":"debug","message":"Converting with chrome HeadlessChrome/105.0.5173.0 using chrome-pool strategy","meta":{"rootId":"hvv0lxm7553pys9","id":"hvv0lxm7553pys9"},"id":"pzs55wqhn0i8ama","previousOperationId":"ptd778dfj25zrek"}
{"type":"log","timestamp":1681121471655,"level":"debug","message":"Page request: GET (document) file:///C:/Users/SACHIN~1/AppData/Local/Temp/jsreport/autocleanup/b8931687-4f22-4ba7-940c-23d046950777-chrome-pdf.html","meta":{"rootId":"hvv0lxm7553pys9","id":"hvv0lxm7553pys9"},"id":"64z5d4ueou6b6j1","previousOperationId":"ptd778dfj25zrek"}
{"type":"log","timestamp":1681121471681,"level":"debug","message":"Page request: GET (stylesheet) https://stackpath.bootstrapcdn.com/bootstrap/4.4.1/css/bootstrap.min.css","meta":{"rootId":"hvv0lxm7553pys9","id":"hvv0lxm7553pys9"},"id":"rfq3joinrbs3dqs","previousOperationId":"ptd778dfj25zrek"}
{"type":"log","timestamp":1681121471682,"level":"debug","message":"Page request finished: GET (document) 200 file:///C:/Users/SACHIN~1/AppData/Local/Temp/jsreport/autocleanup/b8931687-4f22-4ba7-940c-23d046950777-chrome-pdf.html","meta":{"rootId":"hvv0lxm7553pys9","id":"hvv0lxm7553pys9"},"id":"q23h2vf7nb1t1xs","previousOperationId":"ptd778dfj25zrek"}
{"type":"log","timestamp":1681121471682,"level":"debug","message":"Page request: GET (image) https://assets-global.website-files.com/5ca4d1fd374efbecd845739f/611be296e1ecb589c495418a_JAS%20and%20Greencarrier.png","meta":{"rootId":"hvv0lxm7553pys9","id":"hvv0lxm7553pys9"},"id":"bn0y2vcduv7cc54","previousOperationId":"ptd778dfj25zrek"}
{"type":"log","timestamp":1681121472568,"level":"debug","message":"Page request finished: GET (image) 200 https://assets-global.website-files.com/5ca4d1fd374efbecd845739f/611be296e1ecb589c495418a_JAS%20and%20Greencarrier.png","meta":{"rootId":"hvv0lxm7553pys9","id":"hvv0lxm7553pys9"},"id":"d7038rkpbpj44mu","previousOperationId":"ptd778dfj25zrek"}
{"type":"log","timestamp":1681121472590,"level":"debug","message":"Page request finished: GET (stylesheet) 200 https://stackpath.bootstrapcdn.com/bootstrap/4.4.1/css/bootstrap.min.css","meta":{"rootId":"hvv0lxm7553pys9","id":"hvv0lxm7553pys9"},"id":"x1qzjhoks8w9a5p","previousOperationId":"ptd778dfj25zrek"}
{"type":"log","timestamp":1681121472690,"level":"debug","message":"Running chrome with params {\"timeout\":58999,\"margin\":{},\"printBackground\":true}","meta":{"rootId":"hvv0lxm7553pys9","id":"hvv0lxm7553pys9"},"id":"zlzechmcni9eoow","previousOperationId":"ptd778dfj25zrek"}
{"type":"operationEnd","operationId":"ptd778dfj25zrek","timestamp":1681121472940,"id":"glwrqyliilzyvki","previousEventId":"iks0rw3uwabhu1a","previousOperationId":"ptd778dfj25zrek"}
{"type":"log","timestamp":1681121472941,"level":"debug","message":"Skipping storing report.","meta":{"rootId":"hvv0lxm7553pys9","id":"hvv0lxm7553pys9"},"id":"a8rj5549rj6ewye","previousOperationId":"ptd778dfj25zrek"}
{"type":"log","timestamp":1681121472941,"level":"info","message":"Rendering request 1 finished in 3133 ms","meta":{"rootId":"hvv0lxm7553pys9","id":"hvv0lxm7553pys9"},"id":"4zwzp4cxo65ucde","previousOperationId":"ptd778dfj25zrek"}
{"type":"operationEnd","subtype":"render","operationId":"f5qok6bepvpccmd","timestamp":1681121472941,"id":"2wmhx4fivnc73pk","previousEventId":"glwrqyliilzyvki","previousOperationId":"ptd778dfj25zrek"}
{"type":"operationEnd","doDiffs":false,"previousEventId":"jjt53r3x6ha73ne","previousOperationId":"im7enpk66gbx6f7","operationId":"im7enpk66gbx6f7","timestamp":1681121472944,"id":"5xhmfvgw9hbehra"}
