{"type":"operationStart","subtype":"profile","data":{"_id":"HutVyx3FJs180xL7","timestamp":"2023-04-19T15:05:20.067Z","state":"queued","mode":"standard","timeout":60000,"creationDate":"2023-04-19T15:05:20.074Z","modificationDate":"2023-04-19T15:05:20.074Z","shortid":"6nl1eqp","$entitySet":"profiles"},"doDiffs":false,"timestamp":1681916720070,"id":"o0zupgqkk80n5oj","previousOperationId":null,"operationId":"9i9rg20yky71cid"}
{"type":"log","level":"info","message":"Render request 2 queued for execution and waiting for available worker","previousOperationId":"9i9rg20yky71cid","timestamp":1681916720070,"id":"m6p52mplx9rh0eb"}
{"type":"operationStart","subtype":"render","name":"anonymous","previousOperationId":"9i9rg20yky71cid","timestamp":1681916720087,"id":"ulq726nbahvwss9","previousEventId":"o0zupgqkk80n5oj","operationId":"sb8gh5kolott20o"}
{"type":"log","timestamp":1681916720088,"level":"info","message":"Starting rendering request 2","meta":{"rootId":"i27d3p5ggowgq6p","id":"i27d3p5ggowgq6p"},"id":"qec92bws9e9scyh","previousOperationId":"sb8gh5kolott20o"}
{"type":"log","timestamp":1681916720089,"level":"info","message":"Rendering anonymous template { recipe: chrome-pdf, engine: handlebars }","meta":{"rootId":"i27d3p5ggowgq6p","id":"i27d3p5ggowgq6p"},"id":"eg3qrnhewdu4b0f","previousOperationId":"sb8gh5kolott20o"}
{"type":"log","timestamp":1681916720089,"level":"debug","message":"Inline data specified.","meta":{"rootId":"i27d3p5ggowgq6p","id":"i27d3p5ggowgq6p"},"id":"a299wq94yq4mg2u","previousOperationId":"sb8gh5kolott20o"}
{"type":"log","timestamp":1681916720091,"level":"debug","message":"Base url not specified, skipping its injection.","meta":{"rootId":"i27d3p5ggowgq6p","id":"i27d3p5ggowgq6p"},"id":"cptpgk0j7azw93g","previousOperationId":"sb8gh5kolott20o"}
{"type":"operationStart","subtype":"engine","name":"handlebars","timestamp":1681916720093,"id":"iu26dea89jlmreg","previousEventId":"ulq726nbahvwss9","operationId":"q57w2fivrlkksso","previousOperationId":"sb8gh5kolott20o"}
{"type":"log","timestamp":1681916720093,"level":"debug","message":"Rendering engine handlebars","meta":{"rootId":"i27d3p5ggowgq6p","id":"i27d3p5ggowgq6p"},"id":"pkf3iohd8sdti8m","previousOperationId":"q57w2fivrlkksso"}
{"type":"operationEnd","operationId":"q57w2fivrlkksso","timestamp":1681916720105,"id":"hp207372rv9xpbk","previousEventId":"iu26dea89jlmreg","previousOperationId":"q57w2fivrlkksso"}
{"type":"operationStart","subtype":"recipe","name":"chrome-pdf","timestamp":1681916720106,"id":"cc7lnkiwy4tw081","previousEventId":"hp207372rv9xpbk","operationId":"yinb6fwcbgemtt7","previousOperationId":"q57w2fivrlkksso"}
{"type":"log","timestamp":1681916720106,"level":"debug","message":"Executing recipe chrome-pdf","meta":{"rootId":"i27d3p5ggowgq6p","id":"i27d3p5ggowgq6p"},"id":"qx8emzny7wiu18u","previousOperationId":"yinb6fwcbgemtt7"}
{"type":"log","timestamp":1681916720110,"level":"debug","message":"Converting with chrome HeadlessChrome/105.0.5173.0 using chrome-pool strategy","meta":{"rootId":"i27d3p5ggowgq6p","id":"i27d3p5ggowgq6p"},"id":"oby2w98g98mynmm","previousOperationId":"yinb6fwcbgemtt7"}
{"type":"log","timestamp":1681916720246,"level":"debug","message":"Page request: GET (document) file:///C:/Users/Faizy/AppData/Local/Temp/jsreport/autocleanup/8e4ca730-f22f-42c6-bdeb-3bf208594be1-chrome-pdf.html","meta":{"rootId":"i27d3p5ggowgq6p","id":"i27d3p5ggowgq6p"},"id":"2frvls5m302pubc","previousOperationId":"yinb6fwcbgemtt7"}
{"type":"log","timestamp":1681916720256,"level":"debug","message":"Page request: GET (stylesheet) https://stackpath.bootstrapcdn.com/bootstrap/4.4.1/css/bootstrap.min.css","meta":{"rootId":"i27d3p5ggowgq6p","id":"i27d3p5ggowgq6p"},"id":"rerc5993sztiabv","previousOperationId":"yinb6fwcbgemtt7"}
{"type":"log","timestamp":1681916720256,"level":"debug","message":"Page request: GET (image) https://assets-global.website-files.com/5ca4d1fd374efbecd845739f/611be296e1ecb589c495418a_JAS%20and%20Greencarrier.png","meta":{"rootId":"i27d3p5ggowgq6p","id":"i27d3p5ggowgq6p"},"id":"crve4pbgrlcfmda","previousOperationId":"yinb6fwcbgemtt7"}
{"type":"log","timestamp":1681916720257,"level":"debug","message":"Page request finished: GET (document) 200 file:///C:/Users/Faizy/AppData/Local/Temp/jsreport/autocleanup/8e4ca730-f22f-42c6-bdeb-3bf208594be1-chrome-pdf.html","meta":{"rootId":"i27d3p5ggowgq6p","id":"i27d3p5ggowgq6p"},"id":"ex67bsr4txdovoj","previousOperationId":"yinb6fwcbgemtt7"}
{"type":"log","timestamp":1681916720260,"level":"debug","message":"Page request finished: GET (image) 200 https://assets-global.website-files.com/5ca4d1fd374efbecd845739f/611be296e1ecb589c495418a_JAS%20and%20Greencarrier.png","meta":{"rootId":"i27d3p5ggowgq6p","id":"i27d3p5ggowgq6p"},"id":"7t3tthlajnnitdl","previousOperationId":"yinb6fwcbgemtt7"}
{"type":"log","timestamp":1681916720266,"level":"debug","message":"Page request finished: GET (stylesheet) 200 https://stackpath.bootstrapcdn.com/bootstrap/4.4.1/css/bootstrap.min.css","meta":{"rootId":"i27d3p5ggowgq6p","id":"i27d3p5ggowgq6p"},"id":"9m5e9l7r7px86y1","previousOperationId":"yinb6fwcbgemtt7"}
{"type":"log","timestamp":1681916720356,"level":"debug","message":"Running chrome with params {\"timeout\":59956,\"margin\":{},\"printBackground\":true}","meta":{"rootId":"i27d3p5ggowgq6p","id":"i27d3p5ggowgq6p"},"id":"et6i7leleymduxs","previousOperationId":"yinb6fwcbgemtt7"}
{"type":"operationEnd","operationId":"yinb6fwcbgemtt7","timestamp":1681916720600,"id":"wm5ar77mpvid3kr","previousEventId":"cc7lnkiwy4tw081","previousOperationId":"yinb6fwcbgemtt7"}
{"type":"log","timestamp":1681916720601,"level":"debug","message":"Skipping storing report.","meta":{"rootId":"i27d3p5ggowgq6p","id":"i27d3p5ggowgq6p"},"id":"0c98n537f5ncxrn","previousOperationId":"yinb6fwcbgemtt7"}
{"type":"log","timestamp":1681916720601,"level":"info","message":"Rendering request 2 finished in 537 ms","meta":{"rootId":"i27d3p5ggowgq6p","id":"i27d3p5ggowgq6p"},"id":"m3jtflpmbvml1xz","previousOperationId":"yinb6fwcbgemtt7"}
{"type":"operationEnd","subtype":"render","operationId":"sb8gh5kolott20o","timestamp":1681916720601,"id":"yqcnk3jfrv60x76","previousEventId":"wm5ar77mpvid3kr","previousOperationId":"yinb6fwcbgemtt7"}
{"type":"operationEnd","doDiffs":false,"previousEventId":"o0zupgqkk80n5oj","previousOperationId":"9i9rg20yky71cid","operationId":"9i9rg20yky71cid","timestamp":1681916720604,"id":"m6hi5xgdv9goay2"}
