{"type":"operationStart","subtype":"profile","data":{"_id":"yDoIwv4nvW5LpH83","timestamp":"2023-05-19T08:04:52.237Z","state":"queued","mode":"standard","timeout":60000,"creationDate":"2023-05-19T08:04:52.239Z","modificationDate":"2023-05-19T08:04:52.239Z","shortid":"2YeRGmd","$entitySet":"profiles"},"doDiffs":false,"timestamp":1684483492238,"id":"mul5g3e5p11turk","previousOperationId":null,"operationId":"x6rg26w1xk1q6vy"}
{"type":"log","level":"info","message":"Render request 1 queued for execution and waiting for available worker","previousOperationId":"x6rg26w1xk1q6vy","timestamp":1684483492238,"id":"1ch1lh8whzk8hnr"}
{"type":"operationStart","subtype":"render","name":"anonymous","previousOperationId":"x6rg26w1xk1q6vy","timestamp":1684483492258,"id":"vkt2xzyume3xzih","previousEventId":"mul5g3e5p11turk","operationId":"97qvxncstmu9wlf"}
{"type":"log","timestamp":1684483492259,"level":"info","message":"Starting rendering request 1","meta":{"rootId":"ib12931xccfmebe","id":"ib12931xccfmebe"},"id":"yaa0kj0ezu2qbxl","previousOperationId":"97qvxncstmu9wlf"}
{"type":"log","timestamp":1684483492262,"level":"info","message":"Rendering anonymous template { recipe: chrome-pdf, engine: handlebars }","meta":{"rootId":"ib12931xccfmebe","id":"ib12931xccfmebe"},"id":"eotc3nbx7urxfv2","previousOperationId":"97qvxncstmu9wlf"}
{"type":"log","timestamp":1684483492262,"level":"debug","message":"Inline data specified.","meta":{"rootId":"ib12931xccfmebe","id":"ib12931xccfmebe"},"id":"kq1hbgwrk98zbz1","previousOperationId":"97qvxncstmu9wlf"}
{"type":"log","timestamp":1684483492270,"level":"debug","message":"Base url not specified, skipping its injection.","meta":{"rootId":"ib12931xccfmebe","id":"ib12931xccfmebe"},"id":"j6n4h22lk5gyycc","previousOperationId":"97qvxncstmu9wlf"}
{"type":"operationStart","subtype":"engine","name":"handlebars","timestamp":1684483492272,"id":"vse7cd067zphl2u","previousEventId":"vkt2xzyume3xzih","operationId":"r8ff3th238z5gxf","previousOperationId":"97qvxncstmu9wlf"}
{"type":"log","timestamp":1684483492272,"level":"debug","message":"Rendering engine handlebars","meta":{"rootId":"ib12931xccfmebe","id":"ib12931xccfmebe"},"id":"tjemhh2y2o394h8","previousOperationId":"r8ff3th238z5gxf"}
{"type":"operationEnd","operationId":"r8ff3th238z5gxf","timestamp":1684483492918,"id":"lyp2qcvtdfrvtvb","previousEventId":"vse7cd067zphl2u","previousOperationId":"r8ff3th238z5gxf"}
{"type":"operationStart","subtype":"recipe","name":"chrome-pdf","timestamp":1684483492919,"id":"w44qjue8k120z0w","previousEventId":"lyp2qcvtdfrvtvb","operationId":"7955ar2tzytjy12","previousOperationId":"r8ff3th238z5gxf"}
{"type":"log","timestamp":1684483492919,"level":"debug","message":"Executing recipe chrome-pdf","meta":{"rootId":"ib12931xccfmebe","id":"ib12931xccfmebe"},"id":"8cozgouaum6nu1i","previousOperationId":"7955ar2tzytjy12"}
{"type":"log","timestamp":1684483493370,"level":"debug","message":"Converting with chrome HeadlessChrome/105.0.5173.0 using chrome-pool strategy","meta":{"rootId":"ib12931xccfmebe","id":"ib12931xccfmebe"},"id":"9ah0kxjes4itiho","previousOperationId":"7955ar2tzytjy12"}
{"type":"log","timestamp":1684483494254,"level":"debug","message":"Page request: GET (document) file:///C:/Users/hp/AppData/Local/Temp/jsreport/autocleanup/d248838d-3a3b-409e-a589-b37a9e5bc048-chrome-pdf.html","meta":{"rootId":"ib12931xccfmebe","id":"ib12931xccfmebe"},"id":"e8b5j3wp6i2b1qm","previousOperationId":"7955ar2tzytjy12"}
{"type":"log","timestamp":1684483494270,"level":"debug","message":"Page request finished: GET (document) 200 file:///C:/Users/hp/AppData/Local/Temp/jsreport/autocleanup/d248838d-3a3b-409e-a589-b37a9e5bc048-chrome-pdf.html","meta":{"rootId":"ib12931xccfmebe","id":"ib12931xccfmebe"},"id":"vsg63wkcl80covz","previousOperationId":"7955ar2tzytjy12"}
{"type":"log","timestamp":1684483494369,"level":"debug","message":"Running chrome with params {\"timeout\":59161,\"margin\":{},\"printBackground\":true}","meta":{"rootId":"ib12931xccfmebe","id":"ib12931xccfmebe"},"id":"iybe434fuy9kz9r","previousOperationId":"7955ar2tzytjy12"}
{"type":"operationEnd","operationId":"7955ar2tzytjy12","timestamp":1684483494792,"id":"simycpxo1un2z8b","previousEventId":"w44qjue8k120z0w","previousOperationId":"7955ar2tzytjy12"}
{"type":"log","timestamp":1684483494792,"level":"debug","message":"Skipping storing report.","meta":{"rootId":"ib12931xccfmebe","id":"ib12931xccfmebe"},"id":"htlmdcubd8lef06","previousOperationId":"7955ar2tzytjy12"}
{"type":"log","timestamp":1684483494793,"level":"info","message":"Rendering request 1 finished in 2557 ms","meta":{"rootId":"ib12931xccfmebe","id":"ib12931xccfmebe"},"id":"17t7azzyz1xlrs8","previousOperationId":"7955ar2tzytjy12"}
{"type":"operationEnd","subtype":"render","operationId":"97qvxncstmu9wlf","timestamp":1684483494793,"id":"xu38yowce9w72fs","previousEventId":"simycpxo1un2z8b","previousOperationId":"7955ar2tzytjy12"}
{"type":"operationEnd","doDiffs":false,"previousEventId":"mul5g3e5p11turk","previousOperationId":"x6rg26w1xk1q6vy","operationId":"x6rg26w1xk1q6vy","timestamp":1684483494797,"id":"ym2kl6khk0rhupt"}
