{"type":"operationStart","subtype":"profile","data":{"_id":"fdNspomlIO3YYCL8","timestamp":"2023-04-10T10:27:36.373Z","state":"queued","mode":"standard","timeout":60000,"creationDate":"2023-04-10T10:27:36.379Z","modificationDate":"2023-04-10T10:27:36.379Z","shortid":"GS8BrgC","$entitySet":"profiles"},"doDiffs":false,"timestamp":1681122456378,"id":"9gqxafsegya4hpj","previousOperationId":null,"operationId":"dpr8p5j7dy6db24"}
{"type":"log","level":"info","message":"Render request 1 queued for execution and waiting for available worker","previousOperationId":"dpr8p5j7dy6db24","timestamp":1681122456378,"id":"c1m9vwj5isd8ipg"}
{"type":"operationStart","subtype":"render","name":"anonymous","previousOperationId":"dpr8p5j7dy6db24","timestamp":1681122456404,"id":"pw0fca385hnh9tc","previousEventId":"9gqxafsegya4hpj","operationId":"yx4py9oniiv3sjw"}
{"type":"log","timestamp":1681122456405,"level":"info","message":"Starting rendering request 1","meta":{"rootId":"ins6ha64rpd9eoo","id":"ins6ha64rpd9eoo"},"id":"49kmmsx5hq6fn3a","previousOperationId":"yx4py9oniiv3sjw"}
{"type":"log","timestamp":1681122456407,"level":"info","message":"Rendering anonymous template { recipe: chrome-pdf, engine: handlebars }","meta":{"rootId":"ins6ha64rpd9eoo","id":"ins6ha64rpd9eoo"},"id":"2jx8kqxcck8g5bl","previousOperationId":"yx4py9oniiv3sjw"}
{"type":"log","timestamp":1681122456407,"level":"debug","message":"Inline data specified.","meta":{"rootId":"ins6ha64rpd9eoo","id":"ins6ha64rpd9eoo"},"id":"a53z4mqsuzup4n9","previousOperationId":"yx4py9oniiv3sjw"}
{"type":"log","timestamp":1681122456413,"level":"debug","message":"Base url not specified, skipping its injection.","meta":{"rootId":"ins6ha64rpd9eoo","id":"ins6ha64rpd9eoo"},"id":"vzm56lidpapags2","previousOperationId":"yx4py9oniiv3sjw"}
{"type":"operationStart","subtype":"engine","name":"handlebars","timestamp":1681122456414,"id":"1t1g0decu8v5crs","previousEventId":"pw0fca385hnh9tc","operationId":"62l9v45ozfdv5e8","previousOperationId":"yx4py9oniiv3sjw"}
{"type":"log","timestamp":1681122456414,"level":"debug","message":"Rendering engine handlebars","meta":{"rootId":"ins6ha64rpd9eoo","id":"ins6ha64rpd9eoo"},"id":"lst6k5ycvrijia1","previousOperationId":"62l9v45ozfdv5e8"}
{"type":"operationEnd","operationId":"62l9v45ozfdv5e8","timestamp":1681122457015,"id":"rp7r2kwwfofgfeg","previousEventId":"1t1g0decu8v5crs","previousOperationId":"62l9v45ozfdv5e8"}
{"type":"operationStart","subtype":"recipe","name":"chrome-pdf","timestamp":1681122457016,"id":"91ghx5up0cjnzbq","previousEventId":"rp7r2kwwfofgfeg","operationId":"j5yzm8zlefaq0by","previousOperationId":"62l9v45ozfdv5e8"}
{"type":"log","timestamp":1681122457016,"level":"debug","message":"Executing recipe chrome-pdf","meta":{"rootId":"ins6ha64rpd9eoo","id":"ins6ha64rpd9eoo"},"id":"7e7xelhwvpjmvzv","previousOperationId":"j5yzm8zlefaq0by"}
{"type":"log","timestamp":1681122457595,"level":"debug","message":"Converting with chrome HeadlessChrome/105.0.5173.0 using chrome-pool strategy","meta":{"rootId":"ins6ha64rpd9eoo","id":"ins6ha64rpd9eoo"},"id":"9pfe8ap11mhuel1","previousOperationId":"j5yzm8zlefaq0by"}
{"type":"log","timestamp":1681122457735,"level":"debug","message":"Page request: GET (document) file:///C:/Users/SACHIN~1/AppData/Local/Temp/jsreport/autocleanup/ceb01694-000f-4343-b243-b820775165da-chrome-pdf.html","meta":{"rootId":"ins6ha64rpd9eoo","id":"ins6ha64rpd9eoo"},"id":"k3b4mqw5ovhufcv","previousOperationId":"j5yzm8zlefaq0by"}
{"type":"log","timestamp":1681122457747,"level":"debug","message":"Page request: GET (stylesheet) https://stackpath.bootstrapcdn.com/bootstrap/4.4.1/css/bootstrap.min.css","meta":{"rootId":"ins6ha64rpd9eoo","id":"ins6ha64rpd9eoo"},"id":"gl3ndnjkn7zbyxq","previousOperationId":"j5yzm8zlefaq0by"}
{"type":"log","timestamp":1681122457748,"level":"debug","message":"Page request finished: GET (document) 200 file:///C:/Users/SACHIN~1/AppData/Local/Temp/jsreport/autocleanup/ceb01694-000f-4343-b243-b820775165da-chrome-pdf.html","meta":{"rootId":"ins6ha64rpd9eoo","id":"ins6ha64rpd9eoo"},"id":"2g64jtuvh464li3","previousOperationId":"j5yzm8zlefaq0by"}
{"type":"log","timestamp":1681122457749,"level":"debug","message":"Page request: GET (image) https://assets-global.website-files.com/5ca4d1fd374efbecd845739f/611be296e1ecb589c495418a_JAS%20and%20Greencarrier.png","meta":{"rootId":"ins6ha64rpd9eoo","id":"ins6ha64rpd9eoo"},"id":"v5wjbev3thekxk1","previousOperationId":"j5yzm8zlefaq0by"}
{"type":"log","timestamp":1681122460752,"level":"debug","message":"Page request finished: GET (image) 200 https://assets-global.website-files.com/5ca4d1fd374efbecd845739f/611be296e1ecb589c495418a_JAS%20and%20Greencarrier.png","meta":{"rootId":"ins6ha64rpd9eoo","id":"ins6ha64rpd9eoo"},"id":"s2rsqhcw1hkin56","previousOperationId":"j5yzm8zlefaq0by"}
{"type":"log","timestamp":1681122460891,"level":"debug","message":"Page request finished: GET (stylesheet) 200 https://stackpath.bootstrapcdn.com/bootstrap/4.4.1/css/bootstrap.min.css","meta":{"rootId":"ins6ha64rpd9eoo","id":"ins6ha64rpd9eoo"},"id":"b5qq3gee0fes60l","previousOperationId":"j5yzm8zlefaq0by"}
{"type":"log","timestamp":1681122460968,"level":"debug","message":"Running chrome with params {\"timeout\":59173,\"margin\":{},\"printBackground\":true}","meta":{"rootId":"ins6ha64rpd9eoo","id":"ins6ha64rpd9eoo"},"id":"aun9i129mkv96fx","previousOperationId":"j5yzm8zlefaq0by"}
{"type":"operationEnd","operationId":"j5yzm8zlefaq0by","timestamp":1681122461200,"id":"yd752yh18op6pd0","previousEventId":"91ghx5up0cjnzbq","previousOperationId":"j5yzm8zlefaq0by"}
{"type":"log","timestamp":1681122461201,"level":"debug","message":"Skipping storing report.","meta":{"rootId":"ins6ha64rpd9eoo","id":"ins6ha64rpd9eoo"},"id":"at3zjvv9x0tc37o","previousOperationId":"j5yzm8zlefaq0by"}
{"type":"log","timestamp":1681122461201,"level":"info","message":"Rendering request 1 finished in 4829 ms","meta":{"rootId":"ins6ha64rpd9eoo","id":"ins6ha64rpd9eoo"},"id":"g3y1jcxp6u3kqcs","previousOperationId":"j5yzm8zlefaq0by"}
{"type":"operationEnd","subtype":"render","operationId":"yx4py9oniiv3sjw","timestamp":1681122461201,"id":"gs4xhcye50hsg1p","previousEventId":"yd752yh18op6pd0","previousOperationId":"j5yzm8zlefaq0by"}
{"type":"operationEnd","doDiffs":false,"previousEventId":"9gqxafsegya4hpj","previousOperationId":"dpr8p5j7dy6db24","operationId":"dpr8p5j7dy6db24","timestamp":1681122461203,"id":"1jif5yvlrlt379g"}
