{"type":"operationStart","subtype":"profile","data":{"_id":"TeYhhDYhWumfwAdI","timestamp":"2023-04-18T17:55:26.830Z","state":"queued","mode":"standard","timeout":60000,"creationDate":"2023-04-18T17:55:26.837Z","modificationDate":"2023-04-18T17:55:26.837Z","shortid":"EsQ9usY","$entitySet":"profiles"},"doDiffs":false,"timestamp":1681840526836,"id":"bt7x9dqkao7rx2f","previousOperationId":null,"operationId":"s8v6xavrjlto7kb"}
{"type":"log","level":"info","message":"Render request 1 queued for execution and waiting for available worker","previousOperationId":"s8v6xavrjlto7kb","timestamp":1681840526836,"id":"sufih78qn51cisn"}
{"type":"operationStart","subtype":"render","name":"anonymous","previousOperationId":"s8v6xavrjlto7kb","timestamp":1681840526862,"id":"o2w07gci162omwr","previousEventId":"bt7x9dqkao7rx2f","operationId":"t20izbl2muyfn1f"}
{"type":"log","timestamp":1681840526863,"level":"info","message":"Starting rendering request 1","meta":{"rootId":"ipi3rsr4trefxtr","id":"ipi3rsr4trefxtr"},"id":"96zmlr1cf465akh","previousOperationId":"t20izbl2muyfn1f"}
{"type":"log","timestamp":1681840526865,"level":"info","message":"Rendering anonymous template { recipe: chrome-pdf, engine: handlebars }","meta":{"rootId":"ipi3rsr4trefxtr","id":"ipi3rsr4trefxtr"},"id":"lp7tivbbc557byd","previousOperationId":"t20izbl2muyfn1f"}
{"type":"log","timestamp":1681840526865,"level":"debug","message":"Inline data specified.","meta":{"rootId":"ipi3rsr4trefxtr","id":"ipi3rsr4trefxtr"},"id":"mzc6yglwwhw7i8j","previousOperationId":"t20izbl2muyfn1f"}
{"type":"log","timestamp":1681840526871,"level":"debug","message":"Base url not specified, skipping its injection.","meta":{"rootId":"ipi3rsr4trefxtr","id":"ipi3rsr4trefxtr"},"id":"1hyvmmom13k1g03","previousOperationId":"t20izbl2muyfn1f"}
{"type":"operationStart","subtype":"engine","name":"handlebars","timestamp":1681840526872,"id":"wu6xjgo3c3gpqqg","previousEventId":"o2w07gci162omwr","operationId":"sr21ulfd83aozy7","previousOperationId":"t20izbl2muyfn1f"}
{"type":"log","timestamp":1681840526872,"level":"debug","message":"Rendering engine handlebars","meta":{"rootId":"ipi3rsr4trefxtr","id":"ipi3rsr4trefxtr"},"id":"13wjocnodh7gv3t","previousOperationId":"sr21ulfd83aozy7"}
{"type":"operationEnd","operationId":"sr21ulfd83aozy7","timestamp":1681840527413,"id":"8oc6q6pudirgz3t","previousEventId":"wu6xjgo3c3gpqqg","previousOperationId":"sr21ulfd83aozy7"}
{"type":"operationStart","subtype":"recipe","name":"chrome-pdf","timestamp":1681840527414,"id":"xqvtr8spdwopd7x","previousEventId":"8oc6q6pudirgz3t","operationId":"z77z27fbav861m6","previousOperationId":"sr21ulfd83aozy7"}
{"type":"log","timestamp":1681840527414,"level":"debug","message":"Executing recipe chrome-pdf","meta":{"rootId":"ipi3rsr4trefxtr","id":"ipi3rsr4trefxtr"},"id":"ez1oxjewo2mbhjg","previousOperationId":"z77z27fbav861m6"}
{"type":"log","timestamp":1681840527793,"level":"debug","message":"Converting with chrome HeadlessChrome/105.0.5173.0 using chrome-pool strategy","meta":{"rootId":"ipi3rsr4trefxtr","id":"ipi3rsr4trefxtr"},"id":"tts35qenetlydns","previousOperationId":"z77z27fbav861m6"}
{"type":"log","timestamp":1681840528716,"level":"debug","message":"Page request: GET (document) file:///C:/Users/hp/AppData/Local/Temp/jsreport/autocleanup/3d5c2e5e-8f10-4e13-be21-bd19ab3f8006-chrome-pdf.html","meta":{"rootId":"ipi3rsr4trefxtr","id":"ipi3rsr4trefxtr"},"id":"5dhmw52s34duvuh","previousOperationId":"z77z27fbav861m6"}
{"type":"log","timestamp":1681840528733,"level":"debug","message":"Page request: GET (stylesheet) https://stackpath.bootstrapcdn.com/bootstrap/4.4.1/css/bootstrap.min.css","meta":{"rootId":"ipi3rsr4trefxtr","id":"ipi3rsr4trefxtr"},"id":"i3oeko5ixsa3taq","previousOperationId":"z77z27fbav861m6"}
{"type":"log","timestamp":1681840528734,"level":"debug","message":"Page request finished: GET (document) 200 file:///C:/Users/hp/AppData/Local/Temp/jsreport/autocleanup/3d5c2e5e-8f10-4e13-be21-bd19ab3f8006-chrome-pdf.html","meta":{"rootId":"ipi3rsr4trefxtr","id":"ipi3rsr4trefxtr"},"id":"9ctiqhwle8ktu18","previousOperationId":"z77z27fbav861m6"}
{"type":"log","timestamp":1681840528734,"level":"debug","message":"Page request: GET (image) https://assets-global.website-files.com/5ca4d1fd374efbecd845739f/611be296e1ecb589c495418a_JAS%20and%20Greencarrier.png","meta":{"rootId":"ipi3rsr4trefxtr","id":"ipi3rsr4trefxtr"},"id":"hob0z9i3uvetbh9","previousOperationId":"z77z27fbav861m6"}
{"type":"log","timestamp":1681840528856,"level":"debug","message":"Page request finished: GET (stylesheet) 200 https://stackpath.bootstrapcdn.com/bootstrap/4.4.1/css/bootstrap.min.css","meta":{"rootId":"ipi3rsr4trefxtr","id":"ipi3rsr4trefxtr"},"id":"l9p2n5vuonoujgs","previousOperationId":"z77z27fbav861m6"}
{"type":"log","timestamp":1681840528923,"level":"debug","message":"Page request finished: GET (image) 200 https://assets-global.website-files.com/5ca4d1fd374efbecd845739f/611be296e1ecb589c495418a_JAS%20and%20Greencarrier.png","meta":{"rootId":"ipi3rsr4trefxtr","id":"ipi3rsr4trefxtr"},"id":"00s4jtv2wsdswxf","previousOperationId":"z77z27fbav861m6"}
{"type":"log","timestamp":1681840528926,"level":"debug","message":"Running chrome with params {\"timeout\":59254,\"margin\":{},\"printBackground\":true}","meta":{"rootId":"ipi3rsr4trefxtr","id":"ipi3rsr4trefxtr"},"id":"1vyylhypbyxpq0d","previousOperationId":"z77z27fbav861m6"}
{"type":"operationEnd","operationId":"z77z27fbav861m6","timestamp":1681840529169,"id":"qihcb7pidcqnu99","previousEventId":"xqvtr8spdwopd7x","previousOperationId":"z77z27fbav861m6"}
{"type":"log","timestamp":1681840529170,"level":"debug","message":"Skipping storing report.","meta":{"rootId":"ipi3rsr4trefxtr","id":"ipi3rsr4trefxtr"},"id":"s8koqbz61i5zaco","previousOperationId":"z77z27fbav861m6"}
{"type":"log","timestamp":1681840529171,"level":"info","message":"Rendering request 1 finished in 2341 ms","meta":{"rootId":"ipi3rsr4trefxtr","id":"ipi3rsr4trefxtr"},"id":"lt6067e1us8dyip","previousOperationId":"z77z27fbav861m6"}
{"type":"operationEnd","subtype":"render","operationId":"t20izbl2muyfn1f","timestamp":1681840529171,"id":"hlb0wweaczkk9wm","previousEventId":"qihcb7pidcqnu99","previousOperationId":"z77z27fbav861m6"}
{"type":"operationEnd","doDiffs":false,"previousEventId":"bt7x9dqkao7rx2f","previousOperationId":"s8v6xavrjlto7kb","operationId":"s8v6xavrjlto7kb","timestamp":1681840529174,"id":"kccgzo5r4picah8"}
