{"type":"operationStart","subtype":"profile","data":{"_id":"DViTIXpIk3DRaV1m","timestamp":"2023-05-17T10:37:47.960Z","state":"queued","mode":"standard","timeout":60000,"creationDate":"2023-05-17T10:37:47.963Z","modificationDate":"2023-05-17T10:37:47.963Z","shortid":"Dt579aA","$entitySet":"profiles"},"doDiffs":false,"timestamp":1684319867962,"id":"9ntj76wwu8abmwe","previousOperationId":null,"operationId":"54azp87lroy4ymc"}
{"type":"log","level":"info","message":"Render request 2 queued for execution and waiting for available worker","previousOperationId":"54azp87lroy4ymc","timestamp":1684319867962,"id":"qb2btf52fa78nme"}
{"type":"operationStart","subtype":"render","name":"anonymous","previousOperationId":"54azp87lroy4ymc","timestamp":1684319867968,"id":"5y8nioh4jvhrds6","previousEventId":"9ntj76wwu8abmwe","operationId":"13mfbmyajvkd3z0"}
{"type":"log","timestamp":1684319867968,"level":"info","message":"Starting rendering request 2","meta":{"rootId":"iskjg646i08df67","id":"iskjg646i08df67"},"id":"wn17udsulq5y71b","previousOperationId":"13mfbmyajvkd3z0"}
{"type":"log","timestamp":1684319867968,"level":"info","message":"Rendering anonymous template { recipe: chrome-pdf, engine: handlebars }","meta":{"rootId":"iskjg646i08df67","id":"iskjg646i08df67"},"id":"owpxium1wjb3iiq","previousOperationId":"13mfbmyajvkd3z0"}
{"type":"log","timestamp":1684319867968,"level":"debug","message":"Inline data specified.","meta":{"rootId":"iskjg646i08df67","id":"iskjg646i08df67"},"id":"twbfyup6uk6m1vr","previousOperationId":"13mfbmyajvkd3z0"}
{"type":"log","timestamp":1684319867971,"level":"debug","message":"Base url not specified, skipping its injection.","meta":{"rootId":"iskjg646i08df67","id":"iskjg646i08df67"},"id":"8cl0ep72gtsyo4h","previousOperationId":"13mfbmyajvkd3z0"}
{"type":"operationStart","subtype":"engine","name":"handlebars","timestamp":1684319867972,"id":"fpy16xdqkp3j9pt","previousEventId":"5y8nioh4jvhrds6","operationId":"2u2td3rdyrs3iqs","previousOperationId":"13mfbmyajvkd3z0"}
{"type":"log","timestamp":1684319867972,"level":"debug","message":"Rendering engine handlebars","meta":{"rootId":"iskjg646i08df67","id":"iskjg646i08df67"},"id":"833gcip4eses2yf","previousOperationId":"2u2td3rdyrs3iqs"}
{"type":"operationEnd","operationId":"2u2td3rdyrs3iqs","timestamp":1684319867981,"id":"etf5lff0710gr6y","previousEventId":"fpy16xdqkp3j9pt","previousOperationId":"2u2td3rdyrs3iqs"}
{"type":"operationStart","subtype":"recipe","name":"chrome-pdf","timestamp":1684319867981,"id":"1ic1fhmonm1kj7d","previousEventId":"etf5lff0710gr6y","operationId":"cas1iqoj97rl30j","previousOperationId":"2u2td3rdyrs3iqs"}
{"type":"log","timestamp":1684319867981,"level":"debug","message":"Executing recipe chrome-pdf","meta":{"rootId":"iskjg646i08df67","id":"iskjg646i08df67"},"id":"bkr0ew7tkr39yy1","previousOperationId":"cas1iqoj97rl30j"}
{"type":"log","timestamp":1684319867989,"level":"debug","message":"Converting with chrome HeadlessChrome/105.0.5173.0 using chrome-pool strategy","meta":{"rootId":"iskjg646i08df67","id":"iskjg646i08df67"},"id":"cz6sk0qlelmbv66","previousOperationId":"cas1iqoj97rl30j"}
{"type":"log","timestamp":1684319868103,"level":"debug","message":"Page request: GET (document) file:///C:/Users/hp/AppData/Local/Temp/jsreport/autocleanup/1bcb3655-5341-420e-8103-6f5e6ebf07c7-chrome-pdf.html","meta":{"rootId":"iskjg646i08df67","id":"iskjg646i08df67"},"id":"vnlbbgy5j4rcddx","previousOperationId":"cas1iqoj97rl30j"}
{"type":"log","timestamp":1684319868112,"level":"debug","message":"Page request finished: GET (document) 200 file:///C:/Users/hp/AppData/Local/Temp/jsreport/autocleanup/1bcb3655-5341-420e-8103-6f5e6ebf07c7-chrome-pdf.html","meta":{"rootId":"iskjg646i08df67","id":"iskjg646i08df67"},"id":"s9avfxpmz0igsvr","previousOperationId":"cas1iqoj97rl30j"}
{"type":"log","timestamp":1684319868193,"level":"debug","message":"Running chrome with params {\"timeout\":59976,\"margin\":{},\"printBackground\":true}","meta":{"rootId":"iskjg646i08df67","id":"iskjg646i08df67"},"id":"zxwz8f02qsb0v8g","previousOperationId":"cas1iqoj97rl30j"}
{"type":"operationEnd","operationId":"cas1iqoj97rl30j","timestamp":1684319868321,"id":"v96g3oakxys1l83","previousEventId":"1ic1fhmonm1kj7d","previousOperationId":"cas1iqoj97rl30j"}
{"type":"log","timestamp":1684319868321,"level":"debug","message":"Skipping storing report.","meta":{"rootId":"iskjg646i08df67","id":"iskjg646i08df67"},"id":"cpnz3ei9qofa24g","previousOperationId":"cas1iqoj97rl30j"}
{"type":"log","timestamp":1684319868321,"level":"info","message":"Rendering request 2 finished in 361 ms","meta":{"rootId":"iskjg646i08df67","id":"iskjg646i08df67"},"id":"5gcq542ns3ebneo","previousOperationId":"cas1iqoj97rl30j"}
{"type":"operationEnd","subtype":"render","operationId":"13mfbmyajvkd3z0","timestamp":1684319868321,"id":"71snr01kkd2s3e4","previousEventId":"v96g3oakxys1l83","previousOperationId":"cas1iqoj97rl30j"}
{"type":"operationEnd","doDiffs":false,"previousEventId":"9ntj76wwu8abmwe","previousOperationId":"54azp87lroy4ymc","operationId":"54azp87lroy4ymc","timestamp":1684319868323,"id":"9mjxqlhhkbzvv6s"}
