{"type":"operationStart","subtype":"profile","data":{"_id":"w1769TxNGz6Js70M","timestamp":"2023-05-18T14:47:16.236Z","state":"queued","mode":"standard","timeout":60000,"creationDate":"2023-05-18T14:47:16.239Z","modificationDate":"2023-05-18T14:47:16.239Z","shortid":"MQPejiR","$entitySet":"profiles"},"doDiffs":false,"timestamp":1684421236238,"id":"hbd47kyzkqk6qyn","previousOperationId":null,"operationId":"u5pre4hjxjjsl8n"}
{"type":"log","level":"info","message":"Render request 1 queued for execution and waiting for available worker","previousOperationId":"u5pre4hjxjjsl8n","timestamp":1684421236238,"id":"o78m3sq9r4te2tb"}
{"type":"operationStart","subtype":"render","name":"anonymous","previousOperationId":"u5pre4hjxjjsl8n","timestamp":1684421236256,"id":"33j7li37wo74bza","previousEventId":"hbd47kyzkqk6qyn","operationId":"apziwa72z318hde"}
{"type":"log","timestamp":1684421236258,"level":"info","message":"Starting rendering request 1","meta":{"rootId":"it7nmstznjyykux","id":"it7nmstznjyykux"},"id":"6kjyi65xu887onx","previousOperationId":"apziwa72z318hde"}
{"type":"log","timestamp":1684421236260,"level":"info","message":"Rendering anonymous template { recipe: chrome-pdf, engine: handlebars }","meta":{"rootId":"it7nmstznjyykux","id":"it7nmstznjyykux"},"id":"u152govxqlaeqfi","previousOperationId":"apziwa72z318hde"}
{"type":"log","timestamp":1684421236260,"level":"debug","message":"Inline data specified.","meta":{"rootId":"it7nmstznjyykux","id":"it7nmstznjyykux"},"id":"lpq75rvuirkdfib","previousOperationId":"apziwa72z318hde"}
{"type":"log","timestamp":1684421236268,"level":"debug","message":"Base url not specified, skipping its injection.","meta":{"rootId":"it7nmstznjyykux","id":"it7nmstznjyykux"},"id":"4a16khh7s1gcop4","previousOperationId":"apziwa72z318hde"}
{"type":"operationStart","subtype":"engine","name":"handlebars","timestamp":1684421236269,"id":"r49oetrod02xp8n","previousEventId":"33j7li37wo74bza","operationId":"miyr7kwthla4fhr","previousOperationId":"apziwa72z318hde"}
{"type":"log","timestamp":1684421236269,"level":"debug","message":"Rendering engine handlebars","meta":{"rootId":"it7nmstznjyykux","id":"it7nmstznjyykux"},"id":"4ivm5stolhs0lh2","previousOperationId":"miyr7kwthla4fhr"}
{"type":"operationEnd","operationId":"miyr7kwthla4fhr","timestamp":1684421236870,"id":"yerlrsvltm00f2g","previousEventId":"r49oetrod02xp8n","previousOperationId":"miyr7kwthla4fhr"}
{"type":"operationStart","subtype":"recipe","name":"chrome-pdf","timestamp":1684421236872,"id":"otj71m8997pc0dv","previousEventId":"yerlrsvltm00f2g","operationId":"apmv3sk7vhr4ajk","previousOperationId":"miyr7kwthla4fhr"}
{"type":"log","timestamp":1684421236872,"level":"debug","message":"Executing recipe chrome-pdf","meta":{"rootId":"it7nmstznjyykux","id":"it7nmstznjyykux"},"id":"it5gu0nz70boxg2","previousOperationId":"apmv3sk7vhr4ajk"}
{"type":"log","timestamp":1684421237408,"level":"debug","message":"Converting with chrome HeadlessChrome/105.0.5173.0 using chrome-pool strategy","meta":{"rootId":"it7nmstznjyykux","id":"it7nmstznjyykux"},"id":"zpqjbcv8agm1za3","previousOperationId":"apmv3sk7vhr4ajk"}
{"type":"log","timestamp":1684421238984,"level":"debug","message":"Page request: GET (document) file:///C:/Users/hp/AppData/Local/Temp/jsreport/autocleanup/41906ec4-114f-4a76-8327-bc5422271251-chrome-pdf.html","meta":{"rootId":"it7nmstznjyykux","id":"it7nmstznjyykux"},"id":"o4o1bp5t183eekc","previousOperationId":"apmv3sk7vhr4ajk"}
{"type":"log","timestamp":1684421239000,"level":"debug","message":"Page request finished: GET (document) 200 file:///C:/Users/hp/AppData/Local/Temp/jsreport/autocleanup/41906ec4-114f-4a76-8327-bc5422271251-chrome-pdf.html","meta":{"rootId":"it7nmstznjyykux","id":"it7nmstznjyykux"},"id":"e6nm3dwoggge782","previousOperationId":"apmv3sk7vhr4ajk"}
{"type":"log","timestamp":1684421239096,"level":"debug","message":"Running chrome with params {\"timeout\":59212,\"margin\":{},\"printBackground\":true}","meta":{"rootId":"it7nmstznjyykux","id":"it7nmstznjyykux"},"id":"9uz5bp63orbjgfz","previousOperationId":"apmv3sk7vhr4ajk"}
{"type":"operationEnd","operationId":"apmv3sk7vhr4ajk","timestamp":1684421239525,"id":"h2pm5mg5fico57q","previousEventId":"otj71m8997pc0dv","previousOperationId":"apmv3sk7vhr4ajk"}
{"type":"log","timestamp":1684421239526,"level":"debug","message":"Skipping storing report.","meta":{"rootId":"it7nmstznjyykux","id":"it7nmstznjyykux"},"id":"owjyxo0mjvly0hv","previousOperationId":"apmv3sk7vhr4ajk"}
{"type":"log","timestamp":1684421239526,"level":"info","message":"Rendering request 1 finished in 3291 ms","meta":{"rootId":"it7nmstznjyykux","id":"it7nmstznjyykux"},"id":"xqx1dwbod12gh3w","previousOperationId":"apmv3sk7vhr4ajk"}
{"type":"operationEnd","subtype":"render","operationId":"apziwa72z318hde","timestamp":1684421239526,"id":"gejtk2m9f7879k2","previousEventId":"h2pm5mg5fico57q","previousOperationId":"apmv3sk7vhr4ajk"}
{"type":"operationEnd","doDiffs":false,"previousEventId":"hbd47kyzkqk6qyn","previousOperationId":"u5pre4hjxjjsl8n","operationId":"u5pre4hjxjjsl8n","timestamp":1684421239530,"id":"451ystb0ldxajyf"}
