{"type":"operationStart","subtype":"profile","data":{"_id":"y78WhIHAChGuMInk","timestamp":"2023-05-16T15:09:31.331Z","state":"queued","mode":"standard","timeout":60000,"creationDate":"2023-05-16T15:09:31.334Z","modificationDate":"2023-05-16T15:09:31.334Z","shortid":"QBcPYOq","$entitySet":"profiles"},"doDiffs":false,"timestamp":1684249771333,"id":"n2xxihbyzjcc0xw","previousOperationId":null,"operationId":"v5vlol0t1km42ba"}
{"type":"log","level":"info","message":"Render request 1 queued for execution and waiting for available worker","previousOperationId":"v5vlol0t1km42ba","timestamp":1684249771333,"id":"0lbz3bfn55cr3j8"}
{"type":"operationStart","subtype":"render","name":"anonymous","previousOperationId":"v5vlol0t1km42ba","timestamp":1684249771354,"id":"w67cdq10euuru6k","previousEventId":"n2xxihbyzjcc0xw","operationId":"0y8po7vxo46lwig"}
{"type":"log","timestamp":1684249771355,"level":"info","message":"Starting rendering request 1","meta":{"rootId":"ixtdkebb9m95p4z","id":"ixtdkebb9m95p4z"},"id":"c2fj4xxw921ttsj","previousOperationId":"0y8po7vxo46lwig"}
{"type":"log","timestamp":1684249771358,"level":"info","message":"Rendering anonymous template { recipe: chrome-pdf, engine: handlebars }","meta":{"rootId":"ixtdkebb9m95p4z","id":"ixtdkebb9m95p4z"},"id":"u3n2vg728pili4l","previousOperationId":"0y8po7vxo46lwig"}
{"type":"log","timestamp":1684249771358,"level":"debug","message":"Inline data specified.","meta":{"rootId":"ixtdkebb9m95p4z","id":"ixtdkebb9m95p4z"},"id":"nnqyxwxde85qj6o","previousOperationId":"0y8po7vxo46lwig"}
{"type":"log","timestamp":1684249771367,"level":"debug","message":"Base url not specified, skipping its injection.","meta":{"rootId":"ixtdkebb9m95p4z","id":"ixtdkebb9m95p4z"},"id":"i00vyfuu5gc9evv","previousOperationId":"0y8po7vxo46lwig"}
{"type":"operationStart","subtype":"engine","name":"handlebars","timestamp":1684249771368,"id":"fsuvouca4vtdk80","previousEventId":"w67cdq10euuru6k","operationId":"kafv8c2dgijflau","previousOperationId":"0y8po7vxo46lwig"}
{"type":"log","timestamp":1684249771368,"level":"debug","message":"Rendering engine handlebars","meta":{"rootId":"ixtdkebb9m95p4z","id":"ixtdkebb9m95p4z"},"id":"8ofq4luoobjjgcf","previousOperationId":"kafv8c2dgijflau"}
{"type":"operationEnd","operationId":"kafv8c2dgijflau","timestamp":1684249772022,"id":"ozu30b0henajf1i","previousEventId":"fsuvouca4vtdk80","previousOperationId":"kafv8c2dgijflau"}
{"type":"operationStart","subtype":"recipe","name":"chrome-pdf","timestamp":1684249772023,"id":"d1neim5880hyhes","previousEventId":"ozu30b0henajf1i","operationId":"kp5ggrid5n7wi5v","previousOperationId":"kafv8c2dgijflau"}
{"type":"log","timestamp":1684249772023,"level":"debug","message":"Executing recipe chrome-pdf","meta":{"rootId":"ixtdkebb9m95p4z","id":"ixtdkebb9m95p4z"},"id":"yq9nmivcqzywj3f","previousOperationId":"kp5ggrid5n7wi5v"}
{"type":"log","timestamp":1684249772527,"level":"debug","message":"Converting with chrome HeadlessChrome/105.0.5173.0 using chrome-pool strategy","meta":{"rootId":"ixtdkebb9m95p4z","id":"ixtdkebb9m95p4z"},"id":"67xw5c0meq5oj53","previousOperationId":"kp5ggrid5n7wi5v"}
{"type":"log","timestamp":1684249773972,"level":"debug","message":"Page request: GET (document) file:///C:/Users/hp/AppData/Local/Temp/jsreport/autocleanup/4d714827-e7df-4bda-984c-4a4c20e1e0ec-chrome-pdf.html","meta":{"rootId":"ixtdkebb9m95p4z","id":"ixtdkebb9m95p4z"},"id":"snn4oszmonqerwl","previousOperationId":"kp5ggrid5n7wi5v"}
{"type":"log","timestamp":1684249773987,"level":"debug","message":"Page request finished: GET (document) 200 file:///C:/Users/hp/AppData/Local/Temp/jsreport/autocleanup/4d714827-e7df-4bda-984c-4a4c20e1e0ec-chrome-pdf.html","meta":{"rootId":"ixtdkebb9m95p4z","id":"ixtdkebb9m95p4z"},"id":"jr1agg07zibzknv","previousOperationId":"kp5ggrid5n7wi5v"}
{"type":"log","timestamp":1684249774044,"level":"debug","message":"Running chrome with params {\"timeout\":59121,\"margin\":{},\"printBackground\":true}","meta":{"rootId":"ixtdkebb9m95p4z","id":"ixtdkebb9m95p4z"},"id":"n7wsotxqe0m8gne","previousOperationId":"kp5ggrid5n7wi5v"}
{"type":"operationEnd","operationId":"kp5ggrid5n7wi5v","timestamp":1684249774214,"id":"t52vq4n23b3qink","previousEventId":"d1neim5880hyhes","previousOperationId":"kp5ggrid5n7wi5v"}
{"type":"log","timestamp":1684249774215,"level":"debug","message":"Skipping storing report.","meta":{"rootId":"ixtdkebb9m95p4z","id":"ixtdkebb9m95p4z"},"id":"ctq9sv8nlhpr3p8","previousOperationId":"kp5ggrid5n7wi5v"}
{"type":"log","timestamp":1684249774215,"level":"info","message":"Rendering request 1 finished in 2884 ms","meta":{"rootId":"ixtdkebb9m95p4z","id":"ixtdkebb9m95p4z"},"id":"fzl8rd1zzv32bdb","previousOperationId":"kp5ggrid5n7wi5v"}
{"type":"operationEnd","subtype":"render","operationId":"0y8po7vxo46lwig","timestamp":1684249774215,"id":"dijw1uzjuqqt41h","previousEventId":"t52vq4n23b3qink","previousOperationId":"kp5ggrid5n7wi5v"}
{"type":"operationEnd","doDiffs":false,"previousEventId":"n2xxihbyzjcc0xw","previousOperationId":"v5vlol0t1km42ba","operationId":"v5vlol0t1km42ba","timestamp":1684249774219,"id":"ld7461yrf2a4dua"}
