{"type":"operationStart","subtype":"profile","data":{"_id":"bOtZYZtKP7cMTS3c","timestamp":"2023-05-18T18:40:30.858Z","state":"queued","mode":"standard","timeout":60000,"creationDate":"2023-05-18T18:40:30.861Z","modificationDate":"2023-05-18T18:40:30.861Z","shortid":"fzUDKjf","$entitySet":"profiles"},"doDiffs":false,"timestamp":1684435230860,"id":"3nqnbttlbmlzx9d","previousOperationId":null,"operationId":"hq1w6gnbarelj2z"}
{"type":"log","level":"info","message":"Render request 2 queued for execution and waiting for available worker","previousOperationId":"hq1w6gnbarelj2z","timestamp":1684435230860,"id":"c6nrsgd9v755hz6"}
{"type":"operationStart","subtype":"render","name":"anonymous","previousOperationId":"hq1w6gnbarelj2z","timestamp":1684435230866,"id":"eyh4x4zgipr2nmh","previousEventId":"3nqnbttlbmlzx9d","operationId":"t98xr0jgry3p3lo"}
{"type":"log","timestamp":1684435230866,"level":"info","message":"Starting rendering request 2","meta":{"rootId":"jc1pxczu8sunotr","id":"jc1pxczu8sunotr"},"id":"ru7mhqyyi07apa6","previousOperationId":"t98xr0jgry3p3lo"}
{"type":"log","timestamp":1684435230866,"level":"info","message":"Rendering anonymous template { recipe: chrome-pdf, engine: handlebars }","meta":{"rootId":"jc1pxczu8sunotr","id":"jc1pxczu8sunotr"},"id":"2kiojkgrmwl86ao","previousOperationId":"t98xr0jgry3p3lo"}
{"type":"log","timestamp":1684435230866,"level":"debug","message":"Inline data specified.","meta":{"rootId":"jc1pxczu8sunotr","id":"jc1pxczu8sunotr"},"id":"3ye0pfdj6rm3gey","previousOperationId":"t98xr0jgry3p3lo"}
{"type":"log","timestamp":1684435230868,"level":"debug","message":"Base url not specified, skipping its injection.","meta":{"rootId":"jc1pxczu8sunotr","id":"jc1pxczu8sunotr"},"id":"3sjrmp5cxq7brzi","previousOperationId":"t98xr0jgry3p3lo"}
{"type":"operationStart","subtype":"engine","name":"handlebars","timestamp":1684435230869,"id":"kqjf34u8r4w046p","previousEventId":"eyh4x4zgipr2nmh","operationId":"upnmuxq8cubyfdn","previousOperationId":"t98xr0jgry3p3lo"}
{"type":"log","timestamp":1684435230869,"level":"debug","message":"Rendering engine handlebars","meta":{"rootId":"jc1pxczu8sunotr","id":"jc1pxczu8sunotr"},"id":"9xa7ymxjesyzox9","previousOperationId":"upnmuxq8cubyfdn"}
{"type":"operationEnd","operationId":"upnmuxq8cubyfdn","timestamp":1684435230897,"id":"1ahsql5i4sijoi8","previousEventId":"kqjf34u8r4w046p","previousOperationId":"upnmuxq8cubyfdn"}
{"type":"operationStart","subtype":"recipe","name":"chrome-pdf","timestamp":1684435230898,"id":"3xlano12ilcgoig","previousEventId":"1ahsql5i4sijoi8","operationId":"lxrvt3p1kfho54h","previousOperationId":"upnmuxq8cubyfdn"}
{"type":"log","timestamp":1684435230898,"level":"debug","message":"Executing recipe chrome-pdf","meta":{"rootId":"jc1pxczu8sunotr","id":"jc1pxczu8sunotr"},"id":"00w505ld00x7x7a","previousOperationId":"lxrvt3p1kfho54h"}
{"type":"log","timestamp":1684435230905,"level":"debug","message":"Converting with chrome HeadlessChrome/105.0.5173.0 using chrome-pool strategy","meta":{"rootId":"jc1pxczu8sunotr","id":"jc1pxczu8sunotr"},"id":"mxgfw7hu0tickcd","previousOperationId":"lxrvt3p1kfho54h"}
{"type":"log","timestamp":1684435231067,"level":"debug","message":"Page request: GET (document) file:///C:/Users/hp/AppData/Local/Temp/jsreport/autocleanup/dac631db-3835-46a1-8eae-1ba09712f60c-chrome-pdf.html","meta":{"rootId":"jc1pxczu8sunotr","id":"jc1pxczu8sunotr"},"id":"2w4v8s03myxfq1f","previousOperationId":"lxrvt3p1kfho54h"}
{"type":"log","timestamp":1684435231079,"level":"debug","message":"Page request finished: GET (document) 200 file:///C:/Users/hp/AppData/Local/Temp/jsreport/autocleanup/dac631db-3835-46a1-8eae-1ba09712f60c-chrome-pdf.html","meta":{"rootId":"jc1pxczu8sunotr","id":"jc1pxczu8sunotr"},"id":"g45pjiunvpripu3","previousOperationId":"lxrvt3p1kfho54h"}
{"type":"log","timestamp":1684435231128,"level":"debug","message":"Running chrome with params {\"timeout\":59956,\"margin\":{},\"printBackground\":true}","meta":{"rootId":"jc1pxczu8sunotr","id":"jc1pxczu8sunotr"},"id":"au6cijrg5w2b3ve","previousOperationId":"lxrvt3p1kfho54h"}
{"type":"operationEnd","operationId":"lxrvt3p1kfho54h","timestamp":1684435231325,"id":"6009ksug7pbycdm","previousEventId":"3xlano12ilcgoig","previousOperationId":"lxrvt3p1kfho54h"}
{"type":"log","timestamp":1684435231325,"level":"debug","message":"Skipping storing report.","meta":{"rootId":"jc1pxczu8sunotr","id":"jc1pxczu8sunotr"},"id":"kamjuw86dzgd5qa","previousOperationId":"lxrvt3p1kfho54h"}
{"type":"log","timestamp":1684435231325,"level":"info","message":"Rendering request 2 finished in 467 ms","meta":{"rootId":"jc1pxczu8sunotr","id":"jc1pxczu8sunotr"},"id":"n5pt7np3ia9k86p","previousOperationId":"lxrvt3p1kfho54h"}
{"type":"operationEnd","subtype":"render","operationId":"t98xr0jgry3p3lo","timestamp":1684435231325,"id":"y59vq6ycvevnka5","previousEventId":"6009ksug7pbycdm","previousOperationId":"lxrvt3p1kfho54h"}
{"type":"operationEnd","doDiffs":false,"previousEventId":"3nqnbttlbmlzx9d","previousOperationId":"hq1w6gnbarelj2z","operationId":"hq1w6gnbarelj2z","timestamp":1684435231328,"id":"v1rmezymxsxlsh3"}
