{"type":"operationStart","subtype":"profile","data":{"_id":"I4lumb0eYZ1MHD4B","timestamp":"2023-04-18T13:46:17.738Z","state":"queued","mode":"standard","timeout":60000,"creationDate":"2023-04-18T13:46:17.745Z","modificationDate":"2023-04-18T13:46:17.745Z","shortid":"YCUZmvW","$entitySet":"profiles"},"doDiffs":false,"timestamp":1681825577742,"id":"8ppsbr5wm2nknca","previousOperationId":null,"operationId":"l1a1v63w6skrcza"}
{"type":"log","level":"info","message":"Render request 1 queued for execution and waiting for available worker","previousOperationId":"l1a1v63w6skrcza","timestamp":1681825577742,"id":"4mqro3hlow7qjj4"}
{"type":"operationStart","subtype":"render","name":"anonymous","previousOperationId":"l1a1v63w6skrcza","timestamp":1681825577777,"id":"ggmyqu2wk7t6zca","previousEventId":"8ppsbr5wm2nknca","operationId":"8oe67ffk6pro09w"}
{"type":"log","timestamp":1681825577780,"level":"info","message":"Starting rendering request 1","meta":{"rootId":"jjhc1kftosg8oiu","id":"jjhc1kftosg8oiu"},"id":"vr49xh2lykilqaq","previousOperationId":"8oe67ffk6pro09w"}
{"type":"log","timestamp":1681825577784,"level":"info","message":"Rendering anonymous template { recipe: chrome-pdf, engine: handlebars }","meta":{"rootId":"jjhc1kftosg8oiu","id":"jjhc1kftosg8oiu"},"id":"ucn10rrbhbect5z","previousOperationId":"8oe67ffk6pro09w"}
{"type":"log","timestamp":1681825577785,"level":"debug","message":"Inline data specified.","meta":{"rootId":"jjhc1kftosg8oiu","id":"jjhc1kftosg8oiu"},"id":"41rki02snp4bng9","previousOperationId":"8oe67ffk6pro09w"}
{"type":"log","timestamp":1681825577797,"level":"debug","message":"Base url not specified, skipping its injection.","meta":{"rootId":"jjhc1kftosg8oiu","id":"jjhc1kftosg8oiu"},"id":"6avgavg9ivca2ny","previousOperationId":"8oe67ffk6pro09w"}
{"type":"operationStart","subtype":"engine","name":"handlebars","timestamp":1681825577799,"id":"pojmr1c26rl22rz","previousEventId":"ggmyqu2wk7t6zca","operationId":"736u5a2l7irwgw9","previousOperationId":"8oe67ffk6pro09w"}
{"type":"log","timestamp":1681825577800,"level":"debug","message":"Rendering engine handlebars","meta":{"rootId":"jjhc1kftosg8oiu","id":"jjhc1kftosg8oiu"},"id":"gyqo6owewnol96e","previousOperationId":"736u5a2l7irwgw9"}
{"type":"operationEnd","operationId":"736u5a2l7irwgw9","timestamp":1681825579119,"id":"t6f40e3urgqdy1r","previousEventId":"pojmr1c26rl22rz","previousOperationId":"736u5a2l7irwgw9"}
{"type":"operationStart","subtype":"recipe","name":"chrome-pdf","timestamp":1681825579120,"id":"dgm97x96sojx6gw","previousEventId":"t6f40e3urgqdy1r","operationId":"63dprqdt40drg4r","previousOperationId":"736u5a2l7irwgw9"}
{"type":"log","timestamp":1681825579120,"level":"debug","message":"Executing recipe chrome-pdf","meta":{"rootId":"jjhc1kftosg8oiu","id":"jjhc1kftosg8oiu"},"id":"of4sl9hitsongsa","previousOperationId":"63dprqdt40drg4r"}
{"type":"log","timestamp":1681825579695,"level":"debug","message":"Converting with chrome HeadlessChrome/105.0.5173.0 using chrome-pool strategy","meta":{"rootId":"jjhc1kftosg8oiu","id":"jjhc1kftosg8oiu"},"id":"9guj909snkqmj6b","previousOperationId":"63dprqdt40drg4r"}
{"type":"log","timestamp":1681825579885,"level":"debug","message":"Page request: GET (document) file:///C:/Users/SACHIN~1/AppData/Local/Temp/jsreport/autocleanup/6d049459-2c9a-476d-8788-cf73bf3baf7f-chrome-pdf.html","meta":{"rootId":"jjhc1kftosg8oiu","id":"jjhc1kftosg8oiu"},"id":"g9d1ed6hpb9vsuk","previousOperationId":"63dprqdt40drg4r"}
{"type":"log","timestamp":1681825579906,"level":"debug","message":"Page request finished: GET (document) 200 file:///C:/Users/SACHIN~1/AppData/Local/Temp/jsreport/autocleanup/6d049459-2c9a-476d-8788-cf73bf3baf7f-chrome-pdf.html","meta":{"rootId":"jjhc1kftosg8oiu","id":"jjhc1kftosg8oiu"},"id":"2xfdb43de9268ee","previousOperationId":"63dprqdt40drg4r"}
{"type":"log","timestamp":1681825579906,"level":"debug","message":"Page request: GET (stylesheet) https://stackpath.bootstrapcdn.com/bootstrap/4.4.1/css/bootstrap.min.css","meta":{"rootId":"jjhc1kftosg8oiu","id":"jjhc1kftosg8oiu"},"id":"prjvk6fr7egs841","previousOperationId":"63dprqdt40drg4r"}
{"type":"log","timestamp":1681825579908,"level":"debug","message":"Page request: GET (image) https://assets-global.website-files.com/5ca4d1fd374efbecd845739f/611be296e1ecb589c495418a_JAS%20and%20Greencarrier.png","meta":{"rootId":"jjhc1kftosg8oiu","id":"jjhc1kftosg8oiu"},"id":"q84jganigqylwzm","previousOperationId":"63dprqdt40drg4r"}
{"type":"log","timestamp":1681825583709,"level":"debug","message":"Page request finished: GET (image) 200 https://assets-global.website-files.com/5ca4d1fd374efbecd845739f/611be296e1ecb589c495418a_JAS%20and%20Greencarrier.png","meta":{"rootId":"jjhc1kftosg8oiu","id":"jjhc1kftosg8oiu"},"id":"vj2t3t78xam2pj1","previousOperationId":"63dprqdt40drg4r"}
{"type":"log","timestamp":1681825583915,"level":"debug","message":"Page request finished: GET (stylesheet) 200 https://stackpath.bootstrapcdn.com/bootstrap/4.4.1/css/bootstrap.min.css","meta":{"rootId":"jjhc1kftosg8oiu","id":"jjhc1kftosg8oiu"},"id":"ujzr55rmb0ul10d","previousOperationId":"63dprqdt40drg4r"}
{"type":"log","timestamp":1681825584061,"level":"debug","message":"Running chrome with params {\"timeout\":58455,\"margin\":{},\"printBackground\":true}","meta":{"rootId":"jjhc1kftosg8oiu","id":"jjhc1kftosg8oiu"},"id":"ij46xm1id5nvxru","previousOperationId":"63dprqdt40drg4r"}
{"type":"operationEnd","operationId":"63dprqdt40drg4r","timestamp":1681825584358,"id":"3eulxspgn3n3uk6","previousEventId":"dgm97x96sojx6gw","previousOperationId":"63dprqdt40drg4r"}
{"type":"log","timestamp":1681825584359,"level":"debug","message":"Skipping storing report.","meta":{"rootId":"jjhc1kftosg8oiu","id":"jjhc1kftosg8oiu"},"id":"ucj20itc3qcmvq7","previousOperationId":"63dprqdt40drg4r"}
{"type":"log","timestamp":1681825584359,"level":"info","message":"Rendering request 1 finished in 6623 ms","meta":{"rootId":"jjhc1kftosg8oiu","id":"jjhc1kftosg8oiu"},"id":"us7nbp6c6we1kdp","previousOperationId":"63dprqdt40drg4r"}
{"type":"operationEnd","subtype":"render","operationId":"8oe67ffk6pro09w","timestamp":1681825584359,"id":"t2jdtauu2zpmtsq","previousEventId":"3eulxspgn3n3uk6","previousOperationId":"63dprqdt40drg4r"}
{"type":"operationEnd","doDiffs":false,"previousEventId":"8ppsbr5wm2nknca","previousOperationId":"l1a1v63w6skrcza","operationId":"l1a1v63w6skrcza","timestamp":1681825584363,"id":"fgldym755uyjrln"}
