{"type":"operationStart","subtype":"profile","data":{"_id":"yMnihUat1jD4nEDm","timestamp":"2023-05-16T05:07:26.858Z","state":"queued","mode":"standard","timeout":60000,"creationDate":"2023-05-16T05:07:26.861Z","modificationDate":"2023-05-16T05:07:26.861Z","shortid":"WOeGo7I","$entitySet":"profiles"},"doDiffs":false,"timestamp":1684213646860,"id":"rncz8ycq1ximxas","previousOperationId":null,"operationId":"kd40i489p38gbxj"}
{"type":"log","level":"info","message":"Render request 5 queued for execution and waiting for available worker","previousOperationId":"kd40i489p38gbxj","timestamp":1684213646860,"id":"latq3tbx1imal04"}
{"type":"operationStart","subtype":"render","name":"anonymous","previousOperationId":"kd40i489p38gbxj","timestamp":1684213646868,"id":"q8hxgyvixj0nwfi","previousEventId":"rncz8ycq1ximxas","operationId":"p86hzk6w34s2oca"}
{"type":"log","timestamp":1684213646868,"level":"info","message":"Starting rendering request 5","meta":{"rootId":"jtgv8pgkohgnfi1","id":"jtgv8pgkohgnfi1"},"id":"01vpnsl9zag7on4","previousOperationId":"p86hzk6w34s2oca"}
{"type":"log","timestamp":1684213646869,"level":"info","message":"Rendering anonymous template { recipe: chrome-pdf, engine: handlebars }","meta":{"rootId":"jtgv8pgkohgnfi1","id":"jtgv8pgkohgnfi1"},"id":"hh5tg9kb4dtqst3","previousOperationId":"p86hzk6w34s2oca"}
{"type":"log","timestamp":1684213646869,"level":"debug","message":"Inline data specified.","meta":{"rootId":"jtgv8pgkohgnfi1","id":"jtgv8pgkohgnfi1"},"id":"qy8henhhjp5fmei","previousOperationId":"p86hzk6w34s2oca"}
{"type":"log","timestamp":1684213646873,"level":"debug","message":"Base url not specified, skipping its injection.","meta":{"rootId":"jtgv8pgkohgnfi1","id":"jtgv8pgkohgnfi1"},"id":"uu1camuclh3i7rs","previousOperationId":"p86hzk6w34s2oca"}
{"type":"operationStart","subtype":"engine","name":"handlebars","timestamp":1684213646874,"id":"s6ghkgrvntc1e48","previousEventId":"q8hxgyvixj0nwfi","operationId":"lj9mldu7t5p1r2v","previousOperationId":"p86hzk6w34s2oca"}
{"type":"log","timestamp":1684213646874,"level":"debug","message":"Rendering engine handlebars","meta":{"rootId":"jtgv8pgkohgnfi1","id":"jtgv8pgkohgnfi1"},"id":"lkqekq918oxqowc","previousOperationId":"lj9mldu7t5p1r2v"}
{"type":"operationEnd","operationId":"lj9mldu7t5p1r2v","timestamp":1684213646887,"id":"s77tpkbpipcyl1t","previousEventId":"s6ghkgrvntc1e48","previousOperationId":"lj9mldu7t5p1r2v"}
{"type":"operationStart","subtype":"recipe","name":"chrome-pdf","timestamp":1684213646887,"id":"ufw4jjaqi9xju09","previousEventId":"s77tpkbpipcyl1t","operationId":"kioge4us5o68yy4","previousOperationId":"lj9mldu7t5p1r2v"}
{"type":"log","timestamp":1684213646888,"level":"debug","message":"Executing recipe chrome-pdf","meta":{"rootId":"jtgv8pgkohgnfi1","id":"jtgv8pgkohgnfi1"},"id":"61awv38rusa5hhx","previousOperationId":"kioge4us5o68yy4"}
{"type":"log","timestamp":1684213646899,"level":"debug","message":"Converting with chrome HeadlessChrome/105.0.5173.0 using chrome-pool strategy","meta":{"rootId":"jtgv8pgkohgnfi1","id":"jtgv8pgkohgnfi1"},"id":"44kfx67krxlq5vw","previousOperationId":"kioge4us5o68yy4"}
{"type":"log","timestamp":1684213647038,"level":"debug","message":"Page request: GET (document) file:///C:/Users/hp/AppData/Local/Temp/jsreport/autocleanup/9a4b592b-9ccf-4181-8f55-367ade20e4e0-chrome-pdf.html","meta":{"rootId":"jtgv8pgkohgnfi1","id":"jtgv8pgkohgnfi1"},"id":"2bwdlc09fm3kcgk","previousOperationId":"kioge4us5o68yy4"}
{"type":"log","timestamp":1684213647049,"level":"debug","message":"Page request finished: GET (document) 200 file:///C:/Users/hp/AppData/Local/Temp/jsreport/autocleanup/9a4b592b-9ccf-4181-8f55-367ade20e4e0-chrome-pdf.html","meta":{"rootId":"jtgv8pgkohgnfi1","id":"jtgv8pgkohgnfi1"},"id":"5sjc7eco0b0g49w","previousOperationId":"kioge4us5o68yy4"}
{"type":"log","timestamp":1684213647104,"level":"debug","message":"Running chrome with params {\"timeout\":59967,\"margin\":{},\"printBackground\":true}","meta":{"rootId":"jtgv8pgkohgnfi1","id":"jtgv8pgkohgnfi1"},"id":"trj4wggmt53cww2","previousOperationId":"kioge4us5o68yy4"}
{"type":"operationEnd","operationId":"kioge4us5o68yy4","timestamp":1684213647272,"id":"9jrie2it98r9lj4","previousEventId":"ufw4jjaqi9xju09","previousOperationId":"kioge4us5o68yy4"}
{"type":"log","timestamp":1684213647272,"level":"debug","message":"Skipping storing report.","meta":{"rootId":"jtgv8pgkohgnfi1","id":"jtgv8pgkohgnfi1"},"id":"5br9yvg9uqqqbck","previousOperationId":"kioge4us5o68yy4"}
{"type":"log","timestamp":1684213647273,"level":"info","message":"Rendering request 5 finished in 415 ms","meta":{"rootId":"jtgv8pgkohgnfi1","id":"jtgv8pgkohgnfi1"},"id":"o5hxwhqo5xfbx8g","previousOperationId":"kioge4us5o68yy4"}
{"type":"operationEnd","subtype":"render","operationId":"p86hzk6w34s2oca","timestamp":1684213647273,"id":"gqs7y52hbx9xn3g","previousEventId":"9jrie2it98r9lj4","previousOperationId":"kioge4us5o68yy4"}
{"type":"operationEnd","doDiffs":false,"previousEventId":"rncz8ycq1ximxas","previousOperationId":"kd40i489p38gbxj","operationId":"kd40i489p38gbxj","timestamp":1684213647276,"id":"b4xslqop6ro2m4q"}
