{"type":"operationStart","subtype":"profile","data":{"_id":"osrpIWbuE8iqyaUZ","timestamp":"2023-05-17T20:01:26.495Z","state":"queued","mode":"standard","timeout":60000,"creationDate":"2023-05-17T20:01:26.657Z","modificationDate":"2023-05-17T20:01:26.657Z","shortid":"D1c5LWY","$entitySet":"profiles"},"doDiffs":false,"timestamp":1684353686656,"id":"ql2ue9zyhx93qml","previousOperationId":null,"operationId":"6dn9fsg66t6anq1"}
{"type":"log","level":"info","message":"Render request 10 queued for execution and waiting for available worker","previousOperationId":"6dn9fsg66t6anq1","timestamp":1684353686656,"id":"5p84yuztdb7xjz8"}
{"type":"operationStart","subtype":"render","name":"anonymous","previousOperationId":"6dn9fsg66t6anq1","timestamp":1684353688034,"id":"i24rls9ujzotrfg","previousEventId":"ql2ue9zyhx93qml","operationId":"9qm8ln9m7akqohl"}
{"type":"log","timestamp":1684353688034,"level":"info","message":"Starting rendering request 10","meta":{"rootId":"k5wz90eytma6ztq","id":"k5wz90eytma6ztq"},"id":"zxdbak5qek6839q","previousOperationId":"9qm8ln9m7akqohl"}
{"type":"log","timestamp":1684353688034,"level":"info","message":"Rendering anonymous template { recipe: chrome-pdf, engine: handlebars }","meta":{"rootId":"k5wz90eytma6ztq","id":"k5wz90eytma6ztq"},"id":"o18nbiroh98lpnp","previousOperationId":"9qm8ln9m7akqohl"}
{"type":"log","timestamp":1684353688034,"level":"debug","message":"Inline data specified.","meta":{"rootId":"k5wz90eytma6ztq","id":"k5wz90eytma6ztq"},"id":"a64uj69nk4vqbhn","previousOperationId":"9qm8ln9m7akqohl"}
{"type":"log","timestamp":1684353688036,"level":"debug","message":"Base url not specified, skipping its injection.","meta":{"rootId":"k5wz90eytma6ztq","id":"k5wz90eytma6ztq"},"id":"qt37idjb6pksgqr","previousOperationId":"9qm8ln9m7akqohl"}
{"type":"operationStart","subtype":"engine","name":"handlebars","timestamp":1684353688036,"id":"6wsfek0nanaumdg","previousEventId":"i24rls9ujzotrfg","operationId":"k8gsr8earquwfaf","previousOperationId":"9qm8ln9m7akqohl"}
{"type":"log","timestamp":1684353688036,"level":"debug","message":"Rendering engine handlebars","meta":{"rootId":"k5wz90eytma6ztq","id":"k5wz90eytma6ztq"},"id":"o3qozm1l4xelzq9","previousOperationId":"k8gsr8earquwfaf"}
{"type":"operationEnd","operationId":"k8gsr8earquwfaf","timestamp":1684353688050,"id":"dst9zc72tl1pt6n","previousEventId":"6wsfek0nanaumdg","previousOperationId":"k8gsr8earquwfaf"}
{"type":"operationStart","subtype":"recipe","name":"chrome-pdf","timestamp":1684353688051,"id":"ccr5t9oqd0jd9ou","previousEventId":"dst9zc72tl1pt6n","operationId":"arf5t9dl48cdald","previousOperationId":"k8gsr8earquwfaf"}
{"type":"log","timestamp":1684353688051,"level":"debug","message":"Executing recipe chrome-pdf","meta":{"rootId":"k5wz90eytma6ztq","id":"k5wz90eytma6ztq"},"id":"a334r3lxdxeb072","previousOperationId":"arf5t9dl48cdald"}
{"type":"log","timestamp":1684353688075,"level":"debug","message":"Converting with chrome HeadlessChrome/105.0.5173.0 using chrome-pool strategy","meta":{"rootId":"k5wz90eytma6ztq","id":"k5wz90eytma6ztq"},"id":"aac37iv2wfyhzwc","previousOperationId":"arf5t9dl48cdald"}
{"type":"log","timestamp":1684353688237,"level":"debug","message":"Page request: GET (document) file:///C:/Users/hp/AppData/Local/Temp/jsreport/autocleanup/64380df9-56fb-4bc1-b8c0-5eea1224a065-chrome-pdf.html","meta":{"rootId":"k5wz90eytma6ztq","id":"k5wz90eytma6ztq"},"id":"13hkgs06esnp244","previousOperationId":"arf5t9dl48cdald"}
{"type":"log","timestamp":1684353688253,"level":"debug","message":"Page request finished: GET (document) 200 file:///C:/Users/hp/AppData/Local/Temp/jsreport/autocleanup/64380df9-56fb-4bc1-b8c0-5eea1224a065-chrome-pdf.html","meta":{"rootId":"k5wz90eytma6ztq","id":"k5wz90eytma6ztq"},"id":"zlsdyq37temm5m0","previousOperationId":"arf5t9dl48cdald"}
{"type":"log","timestamp":1684353688385,"level":"debug","message":"Running chrome with params {\"timeout\":58420,\"margin\":{},\"printBackground\":true}","meta":{"rootId":"k5wz90eytma6ztq","id":"k5wz90eytma6ztq"},"id":"80nsufr5t9xr7tx","previousOperationId":"arf5t9dl48cdald"}
{"type":"operationEnd","operationId":"arf5t9dl48cdald","timestamp":1684353689066,"id":"m38akoeren3t88j","previousEventId":"ccr5t9oqd0jd9ou","previousOperationId":"arf5t9dl48cdald"}
{"type":"log","timestamp":1684353689066,"level":"debug","message":"Skipping storing report.","meta":{"rootId":"k5wz90eytma6ztq","id":"k5wz90eytma6ztq"},"id":"xjbjwxjgqyh8p90","previousOperationId":"arf5t9dl48cdald"}
{"type":"log","timestamp":1684353689067,"level":"info","message":"Rendering request 10 finished in 2573 ms","meta":{"rootId":"k5wz90eytma6ztq","id":"k5wz90eytma6ztq"},"id":"w0mmz3wtwus08g6","previousOperationId":"arf5t9dl48cdald"}
{"type":"operationEnd","subtype":"render","operationId":"9qm8ln9m7akqohl","timestamp":1684353689067,"id":"kav97mfvm95jvuc","previousEventId":"m38akoeren3t88j","previousOperationId":"arf5t9dl48cdald"}
{"type":"operationEnd","doDiffs":false,"previousEventId":"ql2ue9zyhx93qml","previousOperationId":"6dn9fsg66t6anq1","operationId":"6dn9fsg66t6anq1","timestamp":1684353689130,"id":"e9eifl3qwerq512"}
