{"type":"operationStart","subtype":"profile","data":{"_id":"jdUgfiuDIntFKkeU","timestamp":"2023-05-17T10:37:34.110Z","state":"queued","mode":"standard","timeout":60000,"creationDate":"2023-05-17T10:37:34.113Z","modificationDate":"2023-05-17T10:37:34.113Z","shortid":"nVlpPba","$entitySet":"profiles"},"doDiffs":false,"timestamp":1684319854112,"id":"4wu7druh73jzzxb","previousOperationId":null,"operationId":"5b21loyqi0eujw9"}
{"type":"log","level":"info","message":"Render request 1 queued for execution and waiting for available worker","previousOperationId":"5b21loyqi0eujw9","timestamp":1684319854112,"id":"nm5twyfzvtquhy4"}
{"type":"operationStart","subtype":"render","name":"anonymous","previousOperationId":"5b21loyqi0eujw9","timestamp":1684319854125,"id":"rl3b9kguio7u3za","previousEventId":"4wu7druh73jzzxb","operationId":"lbmzvb4sx7to53c"}
{"type":"log","timestamp":1684319854126,"level":"info","message":"Starting rendering request 1","meta":{"rootId":"k6rpvn1j56fqx5i","id":"k6rpvn1j56fqx5i"},"id":"pwakp232r1x9zun","previousOperationId":"lbmzvb4sx7to53c"}
{"type":"log","timestamp":1684319854127,"level":"info","message":"Rendering anonymous template { recipe: chrome-pdf, engine: handlebars }","meta":{"rootId":"k6rpvn1j56fqx5i","id":"k6rpvn1j56fqx5i"},"id":"dmk9jm61h1jrap9","previousOperationId":"lbmzvb4sx7to53c"}
{"type":"log","timestamp":1684319854127,"level":"debug","message":"Inline data specified.","meta":{"rootId":"k6rpvn1j56fqx5i","id":"k6rpvn1j56fqx5i"},"id":"wrdyeihn6phby1q","previousOperationId":"lbmzvb4sx7to53c"}
{"type":"log","timestamp":1684319854130,"level":"debug","message":"Base url not specified, skipping its injection.","meta":{"rootId":"k6rpvn1j56fqx5i","id":"k6rpvn1j56fqx5i"},"id":"6zpol67y0cz3tze","previousOperationId":"lbmzvb4sx7to53c"}
{"type":"operationStart","subtype":"engine","name":"handlebars","timestamp":1684319854131,"id":"uddd0ygyo5f7hkh","previousEventId":"rl3b9kguio7u3za","operationId":"9vp4k7anjm5pha5","previousOperationId":"lbmzvb4sx7to53c"}
{"type":"log","timestamp":1684319854131,"level":"debug","message":"Rendering engine handlebars","meta":{"rootId":"k6rpvn1j56fqx5i","id":"k6rpvn1j56fqx5i"},"id":"3pob9wl5rrit4qp","previousOperationId":"9vp4k7anjm5pha5"}
{"type":"operationEnd","operationId":"9vp4k7anjm5pha5","timestamp":1684319856746,"id":"smxqa725hx5d7gq","previousEventId":"uddd0ygyo5f7hkh","previousOperationId":"9vp4k7anjm5pha5"}
{"type":"operationStart","subtype":"recipe","name":"chrome-pdf","timestamp":1684319856746,"id":"sh3uvrgxk7akfah","previousEventId":"smxqa725hx5d7gq","operationId":"f85ts0zamhumtql","previousOperationId":"9vp4k7anjm5pha5"}
{"type":"log","timestamp":1684319856746,"level":"debug","message":"Executing recipe chrome-pdf","meta":{"rootId":"k6rpvn1j56fqx5i","id":"k6rpvn1j56fqx5i"},"id":"lqasvwnaj7ntu6p","previousOperationId":"f85ts0zamhumtql"}
{"type":"log","timestamp":1684319857291,"level":"debug","message":"Converting with chrome HeadlessChrome/105.0.5173.0 using chrome-pool strategy","meta":{"rootId":"k6rpvn1j56fqx5i","id":"k6rpvn1j56fqx5i"},"id":"o2vnexfuqtff347","previousOperationId":"f85ts0zamhumtql"}
{"type":"log","timestamp":1684319858861,"level":"debug","message":"Page request: GET (document) file:///C:/Users/hp/AppData/Local/Temp/jsreport/autocleanup/052d62ee-a7ae-4e82-bed7-fc3d1f9a9695-chrome-pdf.html","meta":{"rootId":"k6rpvn1j56fqx5i","id":"k6rpvn1j56fqx5i"},"id":"xcgkd2crm8gi40j","previousOperationId":"f85ts0zamhumtql"}
{"type":"log","timestamp":1684319858878,"level":"debug","message":"Page request finished: GET (document) 200 file:///C:/Users/hp/AppData/Local/Temp/jsreport/autocleanup/052d62ee-a7ae-4e82-bed7-fc3d1f9a9695-chrome-pdf.html","meta":{"rootId":"k6rpvn1j56fqx5i","id":"k6rpvn1j56fqx5i"},"id":"othsz1jfrb8x3qg","previousOperationId":"f85ts0zamhumtql"}
{"type":"log","timestamp":1684319858933,"level":"debug","message":"Running chrome with params {\"timeout\":57217,\"margin\":{},\"printBackground\":true}","meta":{"rootId":"k6rpvn1j56fqx5i","id":"k6rpvn1j56fqx5i"},"id":"cf74t9wugid9yd7","previousOperationId":"f85ts0zamhumtql"}
{"type":"operationEnd","operationId":"f85ts0zamhumtql","timestamp":1684319859071,"id":"0g04o0i6k4ll8m3","previousEventId":"sh3uvrgxk7akfah","previousOperationId":"f85ts0zamhumtql"}
{"type":"log","timestamp":1684319859072,"level":"debug","message":"Skipping storing report.","meta":{"rootId":"k6rpvn1j56fqx5i","id":"k6rpvn1j56fqx5i"},"id":"97ona79jk83nkg4","previousOperationId":"f85ts0zamhumtql"}
{"type":"log","timestamp":1684319859072,"level":"info","message":"Rendering request 1 finished in 4963 ms","meta":{"rootId":"k6rpvn1j56fqx5i","id":"k6rpvn1j56fqx5i"},"id":"z78frx5ex1ydkss","previousOperationId":"f85ts0zamhumtql"}
{"type":"operationEnd","subtype":"render","operationId":"lbmzvb4sx7to53c","timestamp":1684319859072,"id":"dp5jres71mt6nec","previousEventId":"0g04o0i6k4ll8m3","previousOperationId":"f85ts0zamhumtql"}
{"type":"operationEnd","doDiffs":false,"previousEventId":"4wu7druh73jzzxb","previousOperationId":"5b21loyqi0eujw9","operationId":"5b21loyqi0eujw9","timestamp":1684319859074,"id":"6uk0rm7978husn4"}
