{"type":"operationStart","subtype":"profile","data":{"_id":"PALHNaf56sbmbjBQ","timestamp":"2023-05-16T05:03:44.494Z","state":"queued","mode":"standard","timeout":60000,"creationDate":"2023-05-16T05:03:44.500Z","modificationDate":"2023-05-16T05:03:44.500Z","shortid":"YW6ypP5","$entitySet":"profiles"},"doDiffs":false,"timestamp":1684213424499,"id":"qo1nvyxvbr9smu2","previousOperationId":null,"operationId":"li7mj429qiy9skc"}
{"type":"log","level":"info","message":"Render request 3 queued for execution and waiting for available worker","previousOperationId":"li7mj429qiy9skc","timestamp":1684213424499,"id":"3z3jc54ib0faw0s"}
{"type":"operationStart","subtype":"render","name":"anonymous","previousOperationId":"li7mj429qiy9skc","timestamp":1684213424525,"id":"78q0voohqn9k41m","previousEventId":"qo1nvyxvbr9smu2","operationId":"l6vqt550m0j3ppe"}
{"type":"log","timestamp":1684213424527,"level":"info","message":"Starting rendering request 3","meta":{"rootId":"kimqc9kq5h1uzw0","id":"kimqc9kq5h1uzw0"},"id":"7nnn7vimdld8vyn","previousOperationId":"l6vqt550m0j3ppe"}
{"type":"log","timestamp":1684213424529,"level":"info","message":"Rendering anonymous template { recipe: chrome-pdf, engine: handlebars }","meta":{"rootId":"kimqc9kq5h1uzw0","id":"kimqc9kq5h1uzw0"},"id":"38t7srbagayxnev","previousOperationId":"l6vqt550m0j3ppe"}
{"type":"log","timestamp":1684213424530,"level":"debug","message":"Inline data specified.","meta":{"rootId":"kimqc9kq5h1uzw0","id":"kimqc9kq5h1uzw0"},"id":"quuipf1fviggqbg","previousOperationId":"l6vqt550m0j3ppe"}
{"type":"log","timestamp":1684213424541,"level":"debug","message":"Base url not specified, skipping its injection.","meta":{"rootId":"kimqc9kq5h1uzw0","id":"kimqc9kq5h1uzw0"},"id":"2it7hmza3p68nj5","previousOperationId":"l6vqt550m0j3ppe"}
{"type":"operationStart","subtype":"engine","name":"handlebars","timestamp":1684213424543,"id":"c1wpnsb20pv02gi","previousEventId":"78q0voohqn9k41m","operationId":"8tvpu129spexo9v","previousOperationId":"l6vqt550m0j3ppe"}
{"type":"log","timestamp":1684213424543,"level":"debug","message":"Rendering engine handlebars","meta":{"rootId":"kimqc9kq5h1uzw0","id":"kimqc9kq5h1uzw0"},"id":"6jegzq2pgpv0mzz","previousOperationId":"8tvpu129spexo9v"}
{"type":"operationEnd","operationId":"8tvpu129spexo9v","timestamp":1684213429253,"id":"3o1ylblkxxf0afb","previousEventId":"c1wpnsb20pv02gi","previousOperationId":"8tvpu129spexo9v"}
{"type":"operationStart","subtype":"recipe","name":"chrome-pdf","timestamp":1684213429254,"id":"4io1hv7w9trebwh","previousEventId":"3o1ylblkxxf0afb","operationId":"q3b66l0ldkq1119","previousOperationId":"8tvpu129spexo9v"}
{"type":"log","timestamp":1684213429254,"level":"debug","message":"Executing recipe chrome-pdf","meta":{"rootId":"kimqc9kq5h1uzw0","id":"kimqc9kq5h1uzw0"},"id":"d264mwena7iuniy","previousOperationId":"q3b66l0ldkq1119"}
{"type":"log","timestamp":1684213431966,"level":"debug","message":"Converting with chrome HeadlessChrome/105.0.5173.0 using chrome-pool strategy","meta":{"rootId":"kimqc9kq5h1uzw0","id":"kimqc9kq5h1uzw0"},"id":"v7pp4n8gim29atp","previousOperationId":"q3b66l0ldkq1119"}
{"type":"log","timestamp":1684213433620,"level":"debug","message":"Page request: GET (document) file:///C:/Users/hp/AppData/Local/Temp/jsreport/autocleanup/e8815fd0-0c73-4e0b-9b72-100cd56390fd-chrome-pdf.html","meta":{"rootId":"kimqc9kq5h1uzw0","id":"kimqc9kq5h1uzw0"},"id":"8ksbr9wvuq739j4","previousOperationId":"q3b66l0ldkq1119"}
{"type":"log","timestamp":1684213433631,"level":"debug","message":"Page request finished: GET (document) 200 file:///C:/Users/hp/AppData/Local/Temp/jsreport/autocleanup/e8815fd0-0c73-4e0b-9b72-100cd56390fd-chrome-pdf.html","meta":{"rootId":"kimqc9kq5h1uzw0","id":"kimqc9kq5h1uzw0"},"id":"yn7049mhqw2s37c","previousOperationId":"q3b66l0ldkq1119"}
{"type":"log","timestamp":1684213433675,"level":"debug","message":"Running chrome with params {\"timeout\":52744,\"margin\":{},\"printBackground\":true}","meta":{"rootId":"kimqc9kq5h1uzw0","id":"kimqc9kq5h1uzw0"},"id":"m98tzy7k3caq9xl","previousOperationId":"q3b66l0ldkq1119"}
{"type":"operationEnd","operationId":"q3b66l0ldkq1119","timestamp":1684213433879,"id":"8arcs1my8cu2lob","previousEventId":"4io1hv7w9trebwh","previousOperationId":"q3b66l0ldkq1119"}
{"type":"log","timestamp":1684213433881,"level":"debug","message":"Skipping storing report.","meta":{"rootId":"kimqc9kq5h1uzw0","id":"kimqc9kq5h1uzw0"},"id":"cxb3ldjee5iajiz","previousOperationId":"q3b66l0ldkq1119"}
{"type":"log","timestamp":1684213433881,"level":"info","message":"Rendering request 3 finished in 9388 ms","meta":{"rootId":"kimqc9kq5h1uzw0","id":"kimqc9kq5h1uzw0"},"id":"ydv8xble49arinm","previousOperationId":"q3b66l0ldkq1119"}
{"type":"operationEnd","subtype":"render","operationId":"l6vqt550m0j3ppe","timestamp":1684213433881,"id":"zcwxqd8lvx1zghj","previousEventId":"8arcs1my8cu2lob","previousOperationId":"q3b66l0ldkq1119"}
{"type":"operationEnd","doDiffs":false,"previousEventId":"qo1nvyxvbr9smu2","previousOperationId":"li7mj429qiy9skc","operationId":"li7mj429qiy9skc","timestamp":1684213433887,"id":"d9vzh0mox9vraew"}
