{"type":"operationStart","subtype":"profile","data":{"_id":"pMFmUTea8ySGBCwb","timestamp":"2023-05-15T08:17:33.486Z","state":"queued","mode":"standard","timeout":60000,"creationDate":"2023-05-15T08:17:33.491Z","modificationDate":"2023-05-15T08:17:33.491Z","shortid":"ATGJU7C","$entitySet":"profiles"},"doDiffs":false,"timestamp":1684138653489,"id":"97lxwn3kkzynu2n","previousOperationId":null,"operationId":"itqp1qlkzsd6mvx"}
{"type":"log","level":"info","message":"Render request 1 queued for execution and waiting for available worker","previousOperationId":"itqp1qlkzsd6mvx","timestamp":1684138653489,"id":"g8tgupjz5stu9xz"}
{"type":"operationStart","subtype":"render","name":"anonymous","previousOperationId":"itqp1qlkzsd6mvx","timestamp":1684138653509,"id":"qsr1ik8ksv0o6ph","previousEventId":"97lxwn3kkzynu2n","operationId":"g6ffel6c1ikr7s1"}
{"type":"log","timestamp":1684138653510,"level":"info","message":"Starting rendering request 1","meta":{"rootId":"kmkzn54m8f2c1yq","id":"kmkzn54m8f2c1yq"},"id":"axo2y2ofb92p6dq","previousOperationId":"g6ffel6c1ikr7s1"}
{"type":"log","timestamp":1684138653512,"level":"info","message":"Rendering anonymous template { recipe: chrome-pdf, engine: handlebars }","meta":{"rootId":"kmkzn54m8f2c1yq","id":"kmkzn54m8f2c1yq"},"id":"q3g43d80n9zutfy","previousOperationId":"g6ffel6c1ikr7s1"}
{"type":"log","timestamp":1684138653512,"level":"debug","message":"Inline data specified.","meta":{"rootId":"kmkzn54m8f2c1yq","id":"kmkzn54m8f2c1yq"},"id":"lw13requ3i3n6vq","previousOperationId":"g6ffel6c1ikr7s1"}
{"type":"log","timestamp":1684138653515,"level":"debug","message":"Base url not specified, skipping its injection.","meta":{"rootId":"kmkzn54m8f2c1yq","id":"kmkzn54m8f2c1yq"},"id":"p5xhlz23glpwh7l","previousOperationId":"g6ffel6c1ikr7s1"}
{"type":"operationStart","subtype":"engine","name":"handlebars","timestamp":1684138653516,"id":"jsw4eifn9mguqnb","previousEventId":"qsr1ik8ksv0o6ph","operationId":"wbqvuvu2nc5mryi","previousOperationId":"g6ffel6c1ikr7s1"}
{"type":"log","timestamp":1684138653516,"level":"debug","message":"Rendering engine handlebars","meta":{"rootId":"kmkzn54m8f2c1yq","id":"kmkzn54m8f2c1yq"},"id":"lajyu6yjmni2y5c","previousOperationId":"wbqvuvu2nc5mryi"}
{"type":"operationEnd","operationId":"wbqvuvu2nc5mryi","timestamp":1684138656563,"id":"4ydbov9baehy35c","previousEventId":"jsw4eifn9mguqnb","previousOperationId":"wbqvuvu2nc5mryi"}
{"type":"operationStart","subtype":"recipe","name":"chrome-pdf","timestamp":1684138656564,"id":"9qv2svb2dqnkkie","previousEventId":"4ydbov9baehy35c","operationId":"vfbwoq6powiii01","previousOperationId":"wbqvuvu2nc5mryi"}
{"type":"log","timestamp":1684138656564,"level":"debug","message":"Executing recipe chrome-pdf","meta":{"rootId":"kmkzn54m8f2c1yq","id":"kmkzn54m8f2c1yq"},"id":"0qz9s3t7hn72nax","previousOperationId":"vfbwoq6powiii01"}
{"type":"log","timestamp":1684138657304,"level":"debug","message":"Converting with chrome HeadlessChrome/105.0.5173.0 using chrome-pool strategy","meta":{"rootId":"kmkzn54m8f2c1yq","id":"kmkzn54m8f2c1yq"},"id":"wnttc07b98auc20","previousOperationId":"vfbwoq6powiii01"}
{"type":"log","timestamp":1684138658883,"level":"debug","message":"Page request: GET (document) file:///C:/Users/hp/AppData/Local/Temp/jsreport/autocleanup/e5784cd6-6d25-4b1c-9161-777a088eebe8-chrome-pdf.html","meta":{"rootId":"kmkzn54m8f2c1yq","id":"kmkzn54m8f2c1yq"},"id":"hrkj44j161po4f3","previousOperationId":"vfbwoq6powiii01"}
{"type":"log","timestamp":1684138658900,"level":"debug","message":"Page request finished: GET (document) 200 file:///C:/Users/hp/AppData/Local/Temp/jsreport/autocleanup/e5784cd6-6d25-4b1c-9161-777a088eebe8-chrome-pdf.html","meta":{"rootId":"kmkzn54m8f2c1yq","id":"kmkzn54m8f2c1yq"},"id":"rjwfovnc8f5hcpu","previousOperationId":"vfbwoq6powiii01"}
{"type":"log","timestamp":1684138658960,"level":"debug","message":"Running chrome with params {\"timeout\":56754,\"margin\":{},\"printBackground\":true}","meta":{"rootId":"kmkzn54m8f2c1yq","id":"kmkzn54m8f2c1yq"},"id":"lgdayqro2mmxcj2","previousOperationId":"vfbwoq6powiii01"}
{"type":"operationEnd","operationId":"vfbwoq6powiii01","timestamp":1684138659136,"id":"kzcahnpzpgxkxqp","previousEventId":"9qv2svb2dqnkkie","previousOperationId":"vfbwoq6powiii01"}
{"type":"log","timestamp":1684138659137,"level":"debug","message":"Skipping storing report.","meta":{"rootId":"kmkzn54m8f2c1yq","id":"kmkzn54m8f2c1yq"},"id":"co11txea5v12nxo","previousOperationId":"vfbwoq6powiii01"}
{"type":"log","timestamp":1684138659137,"level":"info","message":"Rendering request 1 finished in 5651 ms","meta":{"rootId":"kmkzn54m8f2c1yq","id":"kmkzn54m8f2c1yq"},"id":"a4an8m7yqm8ghtg","previousOperationId":"vfbwoq6powiii01"}
{"type":"operationEnd","subtype":"render","operationId":"g6ffel6c1ikr7s1","timestamp":1684138659137,"id":"r9kgr2ky2f6q35j","previousEventId":"kzcahnpzpgxkxqp","previousOperationId":"vfbwoq6powiii01"}
{"type":"operationEnd","doDiffs":false,"previousEventId":"97lxwn3kkzynu2n","previousOperationId":"itqp1qlkzsd6mvx","operationId":"itqp1qlkzsd6mvx","timestamp":1684138659140,"id":"zu7ctpbzlate2cn"}
