{"type":"operationStart","subtype":"profile","data":{"_id":"bo8mp5GoO33mkxZa","timestamp":"2023-05-17T19:12:31.037Z","state":"queued","mode":"standard","timeout":60000,"creationDate":"2023-05-17T19:12:31.041Z","modificationDate":"2023-05-17T19:12:31.041Z","shortid":"aa8Zlxq","$entitySet":"profiles"},"doDiffs":false,"timestamp":1684350751039,"id":"srsdx60kiq5f0nk","previousOperationId":null,"operationId":"n7tyuyykb8ltpi7"}
{"type":"log","level":"info","message":"Render request 1 queued for execution and waiting for available worker","previousOperationId":"n7tyuyykb8ltpi7","timestamp":1684350751040,"id":"uycth6v82b1hob5"}
{"type":"operationStart","subtype":"render","name":"anonymous","previousOperationId":"n7tyuyykb8ltpi7","timestamp":1684350751054,"id":"0c9nj8mdqz95ydz","previousEventId":"srsdx60kiq5f0nk","operationId":"2r58k1y5gdxj31i"}
{"type":"log","timestamp":1684350751055,"level":"info","message":"Starting rendering request 1","meta":{"rootId":"kry76emtvrofsks","id":"kry76emtvrofsks"},"id":"4pek543fh7h4723","previousOperationId":"2r58k1y5gdxj31i"}
{"type":"log","timestamp":1684350751057,"level":"info","message":"Rendering anonymous template { recipe: chrome-pdf, engine: handlebars }","meta":{"rootId":"kry76emtvrofsks","id":"kry76emtvrofsks"},"id":"rh8fw3gyj35v1wy","previousOperationId":"2r58k1y5gdxj31i"}
{"type":"log","timestamp":1684350751057,"level":"debug","message":"Inline data specified.","meta":{"rootId":"kry76emtvrofsks","id":"kry76emtvrofsks"},"id":"ine64t6nrk0anrg","previousOperationId":"2r58k1y5gdxj31i"}
{"type":"log","timestamp":1684350751061,"level":"debug","message":"Base url not specified, skipping its injection.","meta":{"rootId":"kry76emtvrofsks","id":"kry76emtvrofsks"},"id":"gn31dcidsayo1bt","previousOperationId":"2r58k1y5gdxj31i"}
{"type":"operationStart","subtype":"engine","name":"handlebars","timestamp":1684350751064,"id":"fd657dsxwtes1zs","previousEventId":"0c9nj8mdqz95ydz","operationId":"eu3f6bkco6shqwa","previousOperationId":"2r58k1y5gdxj31i"}
{"type":"log","timestamp":1684350751064,"level":"debug","message":"Rendering engine handlebars","meta":{"rootId":"kry76emtvrofsks","id":"kry76emtvrofsks"},"id":"lnn03mxawt9wwzi","previousOperationId":"eu3f6bkco6shqwa"}
{"type":"operationEnd","operationId":"eu3f6bkco6shqwa","timestamp":1684350753982,"id":"4cfgoye7rloikir","previousEventId":"fd657dsxwtes1zs","previousOperationId":"eu3f6bkco6shqwa"}
{"type":"operationStart","subtype":"recipe","name":"chrome-pdf","timestamp":1684350753983,"id":"tugg0e1emqyzi6t","previousEventId":"4cfgoye7rloikir","operationId":"w44921trop5fd7s","previousOperationId":"eu3f6bkco6shqwa"}
{"type":"log","timestamp":1684350753983,"level":"debug","message":"Executing recipe chrome-pdf","meta":{"rootId":"kry76emtvrofsks","id":"kry76emtvrofsks"},"id":"vrky45xek4rdazc","previousOperationId":"w44921trop5fd7s"}
{"type":"log","timestamp":1684350754610,"level":"debug","message":"Converting with chrome HeadlessChrome/105.0.5173.0 using chrome-pool strategy","meta":{"rootId":"kry76emtvrofsks","id":"kry76emtvrofsks"},"id":"e9onbk42b7fdsch","previousOperationId":"w44921trop5fd7s"}
{"type":"log","timestamp":1684350756249,"level":"debug","message":"Page request: GET (document) file:///C:/Users/hp/AppData/Local/Temp/jsreport/autocleanup/cf102074-a223-47c7-bfa6-a0556c620aea-chrome-pdf.html","meta":{"rootId":"kry76emtvrofsks","id":"kry76emtvrofsks"},"id":"0v8cben4hei09gd","previousOperationId":"w44921trop5fd7s"}
{"type":"log","timestamp":1684350756262,"level":"debug","message":"Page request finished: GET (document) 200 file:///C:/Users/hp/AppData/Local/Temp/jsreport/autocleanup/cf102074-a223-47c7-bfa6-a0556c620aea-chrome-pdf.html","meta":{"rootId":"kry76emtvrofsks","id":"kry76emtvrofsks"},"id":"sokwpi4mwen9bkd","previousOperationId":"w44921trop5fd7s"}
{"type":"log","timestamp":1684350756317,"level":"debug","message":"Running chrome with params {\"timeout\":56904,\"margin\":{},\"printBackground\":true}","meta":{"rootId":"kry76emtvrofsks","id":"kry76emtvrofsks"},"id":"wjqz0lwd1hxpp7p","previousOperationId":"w44921trop5fd7s"}
{"type":"operationEnd","operationId":"w44921trop5fd7s","timestamp":1684350756470,"id":"cjithk6y68v0i3a","previousEventId":"tugg0e1emqyzi6t","previousOperationId":"w44921trop5fd7s"}
{"type":"log","timestamp":1684350756471,"level":"debug","message":"Skipping storing report.","meta":{"rootId":"kry76emtvrofsks","id":"kry76emtvrofsks"},"id":"yggyyevt24o32ie","previousOperationId":"w44921trop5fd7s"}
{"type":"log","timestamp":1684350756471,"level":"info","message":"Rendering request 1 finished in 5434 ms","meta":{"rootId":"kry76emtvrofsks","id":"kry76emtvrofsks"},"id":"xvvnoy9q2hz3eaj","previousOperationId":"w44921trop5fd7s"}
{"type":"operationEnd","subtype":"render","operationId":"2r58k1y5gdxj31i","timestamp":1684350756471,"id":"ux077th2pch815j","previousEventId":"cjithk6y68v0i3a","previousOperationId":"w44921trop5fd7s"}
{"type":"operationEnd","doDiffs":false,"previousEventId":"srsdx60kiq5f0nk","previousOperationId":"n7tyuyykb8ltpi7","operationId":"n7tyuyykb8ltpi7","timestamp":1684350756476,"id":"s5beyrflw4j0ct9"}
