{"type":"operationStart","subtype":"profile","data":{"_id":"QBUd6qZWvh2cW29u","timestamp":"2023-05-15T15:56:37.948Z","state":"queued","mode":"standard","timeout":60000,"creationDate":"2023-05-15T15:56:37.953Z","modificationDate":"2023-05-15T15:56:37.953Z","shortid":"regw8mC","$entitySet":"profiles"},"doDiffs":false,"timestamp":1684166197951,"id":"uueppz6vzxmds68","previousOperationId":null,"operationId":"o5mdvqhzfx1j3ex"}
{"type":"log","level":"info","message":"Render request 2 queued for execution and waiting for available worker","previousOperationId":"o5mdvqhzfx1j3ex","timestamp":1684166197951,"id":"don71pqq67bq0vh"}
{"type":"operationStart","subtype":"render","name":"anonymous","previousOperationId":"o5mdvqhzfx1j3ex","timestamp":1684166197963,"id":"qzisoo42woofeac","previousEventId":"uueppz6vzxmds68","operationId":"owqtc8w4svu9n6b"}
{"type":"log","timestamp":1684166197964,"level":"info","message":"Starting rendering request 2","meta":{"rootId":"ktmq1olfx7yi1fd","id":"ktmq1olfx7yi1fd"},"id":"vrj7aqe5qxjvd3r","previousOperationId":"owqtc8w4svu9n6b"}
{"type":"log","timestamp":1684166197964,"level":"info","message":"Rendering anonymous template { recipe: chrome-pdf, engine: handlebars }","meta":{"rootId":"ktmq1olfx7yi1fd","id":"ktmq1olfx7yi1fd"},"id":"gwl13ysr1xiqglc","previousOperationId":"owqtc8w4svu9n6b"}
{"type":"log","timestamp":1684166197964,"level":"debug","message":"Inline data specified.","meta":{"rootId":"ktmq1olfx7yi1fd","id":"ktmq1olfx7yi1fd"},"id":"q5mqr24oeqb2fu6","previousOperationId":"owqtc8w4svu9n6b"}
{"type":"log","timestamp":1684166197972,"level":"debug","message":"Base url not specified, skipping its injection.","meta":{"rootId":"ktmq1olfx7yi1fd","id":"ktmq1olfx7yi1fd"},"id":"mw9dcy7fn996iom","previousOperationId":"owqtc8w4svu9n6b"}
{"type":"operationStart","subtype":"engine","name":"handlebars","timestamp":1684166197973,"id":"f0p6o3eyh8wfron","previousEventId":"qzisoo42woofeac","operationId":"2p62ovg204fzppk","previousOperationId":"owqtc8w4svu9n6b"}
{"type":"log","timestamp":1684166197973,"level":"debug","message":"Rendering engine handlebars","meta":{"rootId":"ktmq1olfx7yi1fd","id":"ktmq1olfx7yi1fd"},"id":"hezfqqnym9pvozc","previousOperationId":"2p62ovg204fzppk"}
{"type":"operationEnd","operationId":"2p62ovg204fzppk","timestamp":1684166197987,"id":"h6862x3ykdkcad1","previousEventId":"f0p6o3eyh8wfron","previousOperationId":"2p62ovg204fzppk"}
{"type":"operationStart","subtype":"recipe","name":"chrome-pdf","timestamp":1684166197988,"id":"dwe0fzvava6qm2q","previousEventId":"h6862x3ykdkcad1","operationId":"wlaaemerzra28hd","previousOperationId":"2p62ovg204fzppk"}
{"type":"log","timestamp":1684166197988,"level":"debug","message":"Executing recipe chrome-pdf","meta":{"rootId":"ktmq1olfx7yi1fd","id":"ktmq1olfx7yi1fd"},"id":"p1z2z9l6okbr1zv","previousOperationId":"wlaaemerzra28hd"}
{"type":"log","timestamp":1684166197992,"level":"debug","message":"Converting with chrome HeadlessChrome/105.0.5173.0 using chrome-pool strategy","meta":{"rootId":"ktmq1olfx7yi1fd","id":"ktmq1olfx7yi1fd"},"id":"5aenl3ba3ezjt8e","previousOperationId":"wlaaemerzra28hd"}
{"type":"log","timestamp":1684166198154,"level":"debug","message":"Page request: GET (document) file:///C:/Users/hp/AppData/Local/Temp/jsreport/autocleanup/4bbd2e3e-ce98-41c6-9dd6-5029017a6250-chrome-pdf.html","meta":{"rootId":"ktmq1olfx7yi1fd","id":"ktmq1olfx7yi1fd"},"id":"humkmw8040hmh4h","previousOperationId":"wlaaemerzra28hd"}
{"type":"log","timestamp":1684166198165,"level":"debug","message":"Page request finished: GET (document) 200 file:///C:/Users/hp/AppData/Local/Temp/jsreport/autocleanup/4bbd2e3e-ce98-41c6-9dd6-5029017a6250-chrome-pdf.html","meta":{"rootId":"ktmq1olfx7yi1fd","id":"ktmq1olfx7yi1fd"},"id":"wc7yem7wc1936y1","previousOperationId":"wlaaemerzra28hd"}
{"type":"log","timestamp":1684166198212,"level":"debug","message":"Running chrome with params {\"timeout\":59957,\"margin\":{},\"printBackground\":true}","meta":{"rootId":"ktmq1olfx7yi1fd","id":"ktmq1olfx7yi1fd"},"id":"5zqqoktlkus5ved","previousOperationId":"wlaaemerzra28hd"}
{"type":"operationEnd","operationId":"wlaaemerzra28hd","timestamp":1684166198407,"id":"dmcpx0omeopg5gp","previousEventId":"dwe0fzvava6qm2q","previousOperationId":"wlaaemerzra28hd"}
{"type":"log","timestamp":1684166198407,"level":"debug","message":"Skipping storing report.","meta":{"rootId":"ktmq1olfx7yi1fd","id":"ktmq1olfx7yi1fd"},"id":"pu8hg8ycme5k3uy","previousOperationId":"wlaaemerzra28hd"}
{"type":"log","timestamp":1684166198408,"level":"info","message":"Rendering request 2 finished in 461 ms","meta":{"rootId":"ktmq1olfx7yi1fd","id":"ktmq1olfx7yi1fd"},"id":"em3nqwc6zwzcoes","previousOperationId":"wlaaemerzra28hd"}
{"type":"operationEnd","subtype":"render","operationId":"owqtc8w4svu9n6b","timestamp":1684166198408,"id":"q56syp6x7dbkx8l","previousEventId":"dmcpx0omeopg5gp","previousOperationId":"wlaaemerzra28hd"}
{"type":"operationEnd","doDiffs":false,"previousEventId":"uueppz6vzxmds68","previousOperationId":"o5mdvqhzfx1j3ex","operationId":"o5mdvqhzfx1j3ex","timestamp":1684166198411,"id":"b67tdbp1s4mimnl"}
