{"type":"operationStart","subtype":"profile","data":{"_id":"Bo8uwqCXa7DJ6roH","timestamp":"2023-05-19T08:05:04.605Z","state":"queued","mode":"standard","timeout":60000,"creationDate":"2023-05-19T08:05:04.610Z","modificationDate":"2023-05-19T08:05:04.610Z","shortid":"yPYCQtu","$entitySet":"profiles"},"doDiffs":false,"timestamp":1684483504609,"id":"14iuj0x7alylged","previousOperationId":null,"operationId":"ofm9w2stde3w70a"}
{"type":"log","level":"info","message":"Render request 2 queued for execution and waiting for available worker","previousOperationId":"ofm9w2stde3w70a","timestamp":1684483504609,"id":"835fum42qk0z2jj"}
{"type":"operationStart","subtype":"render","name":"anonymous","previousOperationId":"ofm9w2stde3w70a","timestamp":1684483504619,"id":"jtv828f3vbjyzlj","previousEventId":"14iuj0x7alylged","operationId":"5htu7akby7osyg8"}
{"type":"log","timestamp":1684483504619,"level":"info","message":"Starting rendering request 2","meta":{"rootId":"l1cb8wtik3bo965","id":"l1cb8wtik3bo965"},"id":"4fhsqbgbcwlueyt","previousOperationId":"5htu7akby7osyg8"}
{"type":"log","timestamp":1684483504619,"level":"info","message":"Rendering anonymous template { recipe: chrome-pdf, engine: handlebars }","meta":{"rootId":"l1cb8wtik3bo965","id":"l1cb8wtik3bo965"},"id":"smznhndy62bee9l","previousOperationId":"5htu7akby7osyg8"}
{"type":"log","timestamp":1684483504619,"level":"debug","message":"Inline data specified.","meta":{"rootId":"l1cb8wtik3bo965","id":"l1cb8wtik3bo965"},"id":"orva35khjtf7vx5","previousOperationId":"5htu7akby7osyg8"}
{"type":"log","timestamp":1684483504622,"level":"debug","message":"Base url not specified, skipping its injection.","meta":{"rootId":"l1cb8wtik3bo965","id":"l1cb8wtik3bo965"},"id":"2p9ye49r3a6lnrc","previousOperationId":"5htu7akby7osyg8"}
{"type":"operationStart","subtype":"engine","name":"handlebars","timestamp":1684483504623,"id":"vraylyeji7gctps","previousEventId":"jtv828f3vbjyzlj","operationId":"sox81rfkn80l8fv","previousOperationId":"5htu7akby7osyg8"}
{"type":"log","timestamp":1684483504623,"level":"debug","message":"Rendering engine handlebars","meta":{"rootId":"l1cb8wtik3bo965","id":"l1cb8wtik3bo965"},"id":"hk3wffn2znmedzt","previousOperationId":"sox81rfkn80l8fv"}
{"type":"operationEnd","operationId":"sox81rfkn80l8fv","timestamp":1684483504646,"id":"xxof8d99xi9cxoh","previousEventId":"vraylyeji7gctps","previousOperationId":"sox81rfkn80l8fv"}
{"type":"operationStart","subtype":"recipe","name":"chrome-pdf","timestamp":1684483504647,"id":"o3rq4agb9d65k3v","previousEventId":"xxof8d99xi9cxoh","operationId":"ofnvudqcb7jmcpv","previousOperationId":"sox81rfkn80l8fv"}
{"type":"log","timestamp":1684483504647,"level":"debug","message":"Executing recipe chrome-pdf","meta":{"rootId":"l1cb8wtik3bo965","id":"l1cb8wtik3bo965"},"id":"47rq2dp8u11agpw","previousOperationId":"ofnvudqcb7jmcpv"}
{"type":"log","timestamp":1684483504671,"level":"debug","message":"Converting with chrome HeadlessChrome/105.0.5173.0 using chrome-pool strategy","meta":{"rootId":"l1cb8wtik3bo965","id":"l1cb8wtik3bo965"},"id":"vl7perm484qhed6","previousOperationId":"ofnvudqcb7jmcpv"}
{"type":"log","timestamp":1684483504833,"level":"debug","message":"Page request: GET (document) file:///C:/Users/hp/AppData/Local/Temp/jsreport/autocleanup/8fc15256-f63d-40c3-a03b-b9adb01dbfc3-chrome-pdf.html","meta":{"rootId":"l1cb8wtik3bo965","id":"l1cb8wtik3bo965"},"id":"elxct9l21x50hkr","previousOperationId":"ofnvudqcb7jmcpv"}
{"type":"log","timestamp":1684483504845,"level":"debug","message":"Page request finished: GET (document) 200 file:///C:/Users/hp/AppData/Local/Temp/jsreport/autocleanup/8fc15256-f63d-40c3-a03b-b9adb01dbfc3-chrome-pdf.html","meta":{"rootId":"l1cb8wtik3bo965","id":"l1cb8wtik3bo965"},"id":"nz2husvf502kjrp","previousOperationId":"ofnvudqcb7jmcpv"}
{"type":"log","timestamp":1684483504938,"level":"debug","message":"Running chrome with params {\"timeout\":59954,\"margin\":{},\"printBackground\":true}","meta":{"rootId":"l1cb8wtik3bo965","id":"l1cb8wtik3bo965"},"id":"9j6t4h7i5vg3xfl","previousOperationId":"ofnvudqcb7jmcpv"}
{"type":"operationEnd","operationId":"ofnvudqcb7jmcpv","timestamp":1684483505359,"id":"4e4af7v5tk7a60h","previousEventId":"o3rq4agb9d65k3v","previousOperationId":"ofnvudqcb7jmcpv"}
{"type":"log","timestamp":1684483505359,"level":"debug","message":"Skipping storing report.","meta":{"rootId":"l1cb8wtik3bo965","id":"l1cb8wtik3bo965"},"id":"yfl8lwprskgbmmh","previousOperationId":"ofnvudqcb7jmcpv"}
{"type":"log","timestamp":1684483505359,"level":"info","message":"Rendering request 2 finished in 755 ms","meta":{"rootId":"l1cb8wtik3bo965","id":"l1cb8wtik3bo965"},"id":"qepnc24jq79wewm","previousOperationId":"ofnvudqcb7jmcpv"}
{"type":"operationEnd","subtype":"render","operationId":"5htu7akby7osyg8","timestamp":1684483505359,"id":"eh0g4tfh7svpitt","previousEventId":"4e4af7v5tk7a60h","previousOperationId":"ofnvudqcb7jmcpv"}
{"type":"operationEnd","doDiffs":false,"previousEventId":"14iuj0x7alylged","previousOperationId":"ofm9w2stde3w70a","operationId":"ofm9w2stde3w70a","timestamp":1684483505362,"id":"cl6g5myqpobvjoy"}
