{"type":"operationStart","subtype":"profile","data":{"_id":"4tjuoVfdF1HUn9pX","timestamp":"2023-05-18T18:27:02.239Z","state":"queued","mode":"standard","timeout":60000,"creationDate":"2023-05-18T18:27:02.243Z","modificationDate":"2023-05-18T18:27:02.243Z","shortid":"eHylJOS","$entitySet":"profiles"},"doDiffs":false,"timestamp":1684434422242,"id":"cq58dm6n6opttx8","previousOperationId":null,"operationId":"7meu2vggur0bbx2"}
{"type":"log","level":"info","message":"Render request 2 queued for execution and waiting for available worker","previousOperationId":"7meu2vggur0bbx2","timestamp":1684434422242,"id":"83dgfq0bvrfzeoq"}
{"type":"operationStart","subtype":"render","name":"anonymous","previousOperationId":"7meu2vggur0bbx2","timestamp":1684434422251,"id":"zra8opprwuzomd0","previousEventId":"cq58dm6n6opttx8","operationId":"fk6pzpicioq4xac"}
{"type":"log","timestamp":1684434422251,"level":"info","message":"Starting rendering request 2","meta":{"rootId":"lnlw8bfbjzni97l","id":"lnlw8bfbjzni97l"},"id":"1beo7mb2hk52t1i","previousOperationId":"fk6pzpicioq4xac"}
{"type":"log","timestamp":1684434422251,"level":"info","message":"Rendering anonymous template { recipe: chrome-pdf, engine: handlebars }","meta":{"rootId":"lnlw8bfbjzni97l","id":"lnlw8bfbjzni97l"},"id":"b9ropybdzifjuy7","previousOperationId":"fk6pzpicioq4xac"}
{"type":"log","timestamp":1684434422251,"level":"debug","message":"Inline data specified.","meta":{"rootId":"lnlw8bfbjzni97l","id":"lnlw8bfbjzni97l"},"id":"m8deqm2pg4yyr3o","previousOperationId":"fk6pzpicioq4xac"}
{"type":"log","timestamp":1684434422257,"level":"debug","message":"Base url not specified, skipping its injection.","meta":{"rootId":"lnlw8bfbjzni97l","id":"lnlw8bfbjzni97l"},"id":"m8sdt15300hhohn","previousOperationId":"fk6pzpicioq4xac"}
{"type":"operationStart","subtype":"engine","name":"handlebars","timestamp":1684434422259,"id":"c8zu5v4ok72s7fy","previousEventId":"zra8opprwuzomd0","operationId":"adh7vmpvit4jzfb","previousOperationId":"fk6pzpicioq4xac"}
{"type":"log","timestamp":1684434422259,"level":"debug","message":"Rendering engine handlebars","meta":{"rootId":"lnlw8bfbjzni97l","id":"lnlw8bfbjzni97l"},"id":"z5s2ebor4ii9jup","previousOperationId":"adh7vmpvit4jzfb"}
{"type":"operationEnd","operationId":"adh7vmpvit4jzfb","timestamp":1684434422274,"id":"v1nkya7wamifvzk","previousEventId":"c8zu5v4ok72s7fy","previousOperationId":"adh7vmpvit4jzfb"}
{"type":"operationStart","subtype":"recipe","name":"chrome-pdf","timestamp":1684434422275,"id":"odt2ryhg5zjau7a","previousEventId":"v1nkya7wamifvzk","operationId":"phzi2g28ddufr8b","previousOperationId":"adh7vmpvit4jzfb"}
{"type":"log","timestamp":1684434422275,"level":"debug","message":"Executing recipe chrome-pdf","meta":{"rootId":"lnlw8bfbjzni97l","id":"lnlw8bfbjzni97l"},"id":"yeh7nklrxs5naxz","previousOperationId":"phzi2g28ddufr8b"}
{"type":"log","timestamp":1684434422303,"level":"debug","message":"Converting with chrome HeadlessChrome/105.0.5173.0 using chrome-pool strategy","meta":{"rootId":"lnlw8bfbjzni97l","id":"lnlw8bfbjzni97l"},"id":"beeaa72g43xu4rv","previousOperationId":"phzi2g28ddufr8b"}
{"type":"log","timestamp":1684434422453,"level":"debug","message":"Page request: GET (document) file:///C:/Users/hp/AppData/Local/Temp/jsreport/autocleanup/ca7efb0e-bf0d-4e70-9543-6e492013a8f0-chrome-pdf.html","meta":{"rootId":"lnlw8bfbjzni97l","id":"lnlw8bfbjzni97l"},"id":"9v9zjk6idk79izw","previousOperationId":"phzi2g28ddufr8b"}
{"type":"log","timestamp":1684434422465,"level":"debug","message":"Page request finished: GET (document) 200 file:///C:/Users/hp/AppData/Local/Temp/jsreport/autocleanup/ca7efb0e-bf0d-4e70-9543-6e492013a8f0-chrome-pdf.html","meta":{"rootId":"lnlw8bfbjzni97l","id":"lnlw8bfbjzni97l"},"id":"eduu433byb82g92","previousOperationId":"phzi2g28ddufr8b"}
{"type":"log","timestamp":1684434422501,"level":"debug","message":"Running chrome with params {\"timeout\":59959,\"margin\":{},\"printBackground\":true}","meta":{"rootId":"lnlw8bfbjzni97l","id":"lnlw8bfbjzni97l"},"id":"e9sotidla5kp1a2","previousOperationId":"phzi2g28ddufr8b"}
{"type":"operationEnd","operationId":"phzi2g28ddufr8b","timestamp":1684434422629,"id":"kuts8x8471gwb1j","previousEventId":"odt2ryhg5zjau7a","previousOperationId":"phzi2g28ddufr8b"}
{"type":"log","timestamp":1684434422629,"level":"debug","message":"Skipping storing report.","meta":{"rootId":"lnlw8bfbjzni97l","id":"lnlw8bfbjzni97l"},"id":"jtyy2ycwyvuhngk","previousOperationId":"phzi2g28ddufr8b"}
{"type":"log","timestamp":1684434422629,"level":"info","message":"Rendering request 2 finished in 391 ms","meta":{"rootId":"lnlw8bfbjzni97l","id":"lnlw8bfbjzni97l"},"id":"s72pc07zu0camg8","previousOperationId":"phzi2g28ddufr8b"}
{"type":"operationEnd","subtype":"render","operationId":"fk6pzpicioq4xac","timestamp":1684434422629,"id":"wc0ps3xyn8s7iwr","previousEventId":"kuts8x8471gwb1j","previousOperationId":"phzi2g28ddufr8b"}
{"type":"operationEnd","doDiffs":false,"previousEventId":"cq58dm6n6opttx8","previousOperationId":"7meu2vggur0bbx2","operationId":"7meu2vggur0bbx2","timestamp":1684434422632,"id":"h917l2ty9cxxs5n"}
