{"type":"operationStart","subtype":"profile","data":{"_id":"SwQhumldWAU2sgNd","timestamp":"2023-05-17T20:01:47.420Z","state":"queued","mode":"standard","timeout":60000,"creationDate":"2023-05-17T20:01:48.119Z","modificationDate":"2023-05-17T20:01:48.119Z","shortid":"pXeYozp","$entitySet":"profiles"},"doDiffs":false,"timestamp":1684353708118,"id":"3uks00v8auardw7","previousOperationId":null,"operationId":"nrua3n2jqa51oq7"}
{"type":"log","level":"info","message":"Render request 12 queued for execution and waiting for available worker","previousOperationId":"nrua3n2jqa51oq7","timestamp":1684353708118,"id":"qnutmn5u8pr9qz3"}
{"type":"operationStart","subtype":"render","name":"anonymous","previousOperationId":"nrua3n2jqa51oq7","timestamp":1684353708129,"id":"1vq6uq52xp2l8i4","previousEventId":"3uks00v8auardw7","operationId":"suf5mgycblikdsq"}
{"type":"log","timestamp":1684353708130,"level":"info","message":"Starting rendering request 12","meta":{"rootId":"lsfz2inymd3bn5h","id":"lsfz2inymd3bn5h"},"id":"hvzneipc0reje9u","previousOperationId":"suf5mgycblikdsq"}
{"type":"log","timestamp":1684353708130,"level":"info","message":"Rendering anonymous template { recipe: chrome-pdf, engine: handlebars }","meta":{"rootId":"lsfz2inymd3bn5h","id":"lsfz2inymd3bn5h"},"id":"qrbkqjopmu8obux","previousOperationId":"suf5mgycblikdsq"}
{"type":"log","timestamp":1684353708130,"level":"debug","message":"Inline data specified.","meta":{"rootId":"lsfz2inymd3bn5h","id":"lsfz2inymd3bn5h"},"id":"o6bmv459q9croow","previousOperationId":"suf5mgycblikdsq"}
{"type":"log","timestamp":1684353708132,"level":"debug","message":"Base url not specified, skipping its injection.","meta":{"rootId":"lsfz2inymd3bn5h","id":"lsfz2inymd3bn5h"},"id":"8skpwtnp7tbyp5w","previousOperationId":"suf5mgycblikdsq"}
{"type":"operationStart","subtype":"engine","name":"handlebars","timestamp":1684353708132,"id":"lft5ksgffzlf1bn","previousEventId":"1vq6uq52xp2l8i4","operationId":"mqzrtafo7kfe9ov","previousOperationId":"suf5mgycblikdsq"}
{"type":"log","timestamp":1684353708132,"level":"debug","message":"Rendering engine handlebars","meta":{"rootId":"lsfz2inymd3bn5h","id":"lsfz2inymd3bn5h"},"id":"o27zmi6sql9767c","previousOperationId":"mqzrtafo7kfe9ov"}
{"type":"operationEnd","operationId":"mqzrtafo7kfe9ov","timestamp":1684353708145,"id":"k9kh9bzqxwgrpmm","previousEventId":"lft5ksgffzlf1bn","previousOperationId":"mqzrtafo7kfe9ov"}
{"type":"operationStart","subtype":"recipe","name":"chrome-pdf","timestamp":1684353708146,"id":"arenfza6pz8dpd0","previousEventId":"k9kh9bzqxwgrpmm","operationId":"5lcis5wzos3ap5z","previousOperationId":"mqzrtafo7kfe9ov"}
{"type":"log","timestamp":1684353708146,"level":"debug","message":"Executing recipe chrome-pdf","meta":{"rootId":"lsfz2inymd3bn5h","id":"lsfz2inymd3bn5h"},"id":"3apjfhzd09v59ys","previousOperationId":"5lcis5wzos3ap5z"}
{"type":"log","timestamp":1684353708152,"level":"debug","message":"Converting with chrome HeadlessChrome/105.0.5173.0 using chrome-pool strategy","meta":{"rootId":"lsfz2inymd3bn5h","id":"lsfz2inymd3bn5h"},"id":"fcdhi8o6qay6dc2","previousOperationId":"5lcis5wzos3ap5z"}
{"type":"log","timestamp":1684353708371,"level":"debug","message":"Page request: GET (document) file:///C:/Users/hp/AppData/Local/Temp/jsreport/autocleanup/46db7fcc-742b-41f5-9572-ccd8bf2dcf0f-chrome-pdf.html","meta":{"rootId":"lsfz2inymd3bn5h","id":"lsfz2inymd3bn5h"},"id":"4xd28dr4t549jfg","previousOperationId":"5lcis5wzos3ap5z"}
{"type":"log","timestamp":1684353708387,"level":"debug","message":"Page request finished: GET (document) 200 file:///C:/Users/hp/AppData/Local/Temp/jsreport/autocleanup/46db7fcc-742b-41f5-9572-ccd8bf2dcf0f-chrome-pdf.html","meta":{"rootId":"lsfz2inymd3bn5h","id":"lsfz2inymd3bn5h"},"id":"6tgi9dvsqnbades","previousOperationId":"5lcis5wzos3ap5z"}
{"type":"log","timestamp":1684353708526,"level":"debug","message":"Running chrome with params {\"timeout\":59271,\"margin\":{},\"printBackground\":true}","meta":{"rootId":"lsfz2inymd3bn5h","id":"lsfz2inymd3bn5h"},"id":"spn52gdw5i1eynt","previousOperationId":"5lcis5wzos3ap5z"}
{"type":"operationEnd","operationId":"5lcis5wzos3ap5z","timestamp":1684353709113,"id":"5lmnzihqs4e34t4","previousEventId":"arenfza6pz8dpd0","previousOperationId":"5lcis5wzos3ap5z"}
{"type":"log","timestamp":1684353709114,"level":"debug","message":"Skipping storing report.","meta":{"rootId":"lsfz2inymd3bn5h","id":"lsfz2inymd3bn5h"},"id":"znvfi3muc40p2by","previousOperationId":"5lcis5wzos3ap5z"}
{"type":"log","timestamp":1684353709114,"level":"info","message":"Rendering request 12 finished in 1694 ms","meta":{"rootId":"lsfz2inymd3bn5h","id":"lsfz2inymd3bn5h"},"id":"frab7m8swojhrzz","previousOperationId":"5lcis5wzos3ap5z"}
{"type":"operationEnd","subtype":"render","operationId":"suf5mgycblikdsq","timestamp":1684353709114,"id":"94k2mhqwd5zlmig","previousEventId":"5lmnzihqs4e34t4","previousOperationId":"5lcis5wzos3ap5z"}
{"type":"operationEnd","doDiffs":false,"previousEventId":"3uks00v8auardw7","previousOperationId":"nrua3n2jqa51oq7","operationId":"nrua3n2jqa51oq7","timestamp":1684353709119,"id":"6qedefiryqocvsw"}
