{"type":"operationStart","subtype":"profile","data":{"_id":"f9BjRUcgJ7YFf5MF","timestamp":"2023-04-18T13:47:56.482Z","state":"queued","mode":"standard","timeout":60000,"creationDate":"2023-04-18T13:47:56.487Z","modificationDate":"2023-04-18T13:47:56.487Z","shortid":"kdU0bUv","$entitySet":"profiles"},"doDiffs":false,"timestamp":1681825676485,"id":"xnr5eho4bjthl2x","previousOperationId":null,"operationId":"l1s8xc5491qpueo"}
{"type":"log","level":"info","message":"Render request 9 queued for execution and waiting for available worker","previousOperationId":"l1s8xc5491qpueo","timestamp":1681825676485,"id":"n7rmzgbrip2yd1r"}
{"type":"operationStart","subtype":"render","name":"anonymous","previousOperationId":"l1s8xc5491qpueo","timestamp":1681825676495,"id":"gw0zh6cobwru385","previousEventId":"xnr5eho4bjthl2x","operationId":"q6swn4btwzml7fc"}
{"type":"log","timestamp":1681825676495,"level":"info","message":"Starting rendering request 9","meta":{"rootId":"lws4lfxuclautm5","id":"lws4lfxuclautm5"},"id":"jfwcpe9pjht6lp9","previousOperationId":"q6swn4btwzml7fc"}
{"type":"log","timestamp":1681825676495,"level":"info","message":"Rendering anonymous template { recipe: chrome-pdf, engine: handlebars }","meta":{"rootId":"lws4lfxuclautm5","id":"lws4lfxuclautm5"},"id":"7rw6e96dmundulq","previousOperationId":"q6swn4btwzml7fc"}
{"type":"log","timestamp":1681825676495,"level":"debug","message":"Inline data specified.","meta":{"rootId":"lws4lfxuclautm5","id":"lws4lfxuclautm5"},"id":"1a1cw898371m6fa","previousOperationId":"q6swn4btwzml7fc"}
{"type":"log","timestamp":1681825676497,"level":"debug","message":"Base url not specified, skipping its injection.","meta":{"rootId":"lws4lfxuclautm5","id":"lws4lfxuclautm5"},"id":"9ldmrj7ayyd3j58","previousOperationId":"q6swn4btwzml7fc"}
{"type":"operationStart","subtype":"engine","name":"handlebars","timestamp":1681825676498,"id":"8t5dztd3jk5pn2a","previousEventId":"gw0zh6cobwru385","operationId":"gu3i3gl7ip0khdf","previousOperationId":"q6swn4btwzml7fc"}
{"type":"log","timestamp":1681825676498,"level":"debug","message":"Rendering engine handlebars","meta":{"rootId":"lws4lfxuclautm5","id":"lws4lfxuclautm5"},"id":"c4yrw3qxnfuga9m","previousOperationId":"gu3i3gl7ip0khdf"}
{"type":"operationEnd","operationId":"gu3i3gl7ip0khdf","timestamp":1681825676517,"id":"3uvzhvcodetyg9d","previousEventId":"8t5dztd3jk5pn2a","previousOperationId":"gu3i3gl7ip0khdf"}
{"type":"operationStart","subtype":"recipe","name":"chrome-pdf","timestamp":1681825676518,"id":"nj9e4nmxsrlecae","previousEventId":"3uvzhvcodetyg9d","operationId":"ayplr39rewuwu5a","previousOperationId":"gu3i3gl7ip0khdf"}
{"type":"log","timestamp":1681825676518,"level":"debug","message":"Executing recipe chrome-pdf","meta":{"rootId":"lws4lfxuclautm5","id":"lws4lfxuclautm5"},"id":"xaiy8768s987d6p","previousOperationId":"ayplr39rewuwu5a"}
{"type":"log","timestamp":1681825676526,"level":"debug","message":"Converting with chrome HeadlessChrome/105.0.5173.0 using chrome-pool strategy","meta":{"rootId":"lws4lfxuclautm5","id":"lws4lfxuclautm5"},"id":"uzxx4catrqb25ix","previousOperationId":"ayplr39rewuwu5a"}
{"type":"log","timestamp":1681825676681,"level":"debug","message":"Page request: GET (document) file:///C:/Users/SACHIN~1/AppData/Local/Temp/jsreport/autocleanup/e9633462-28c4-4392-874f-6e07486bad9d-chrome-pdf.html","meta":{"rootId":"lws4lfxuclautm5","id":"lws4lfxuclautm5"},"id":"akw87d5v4n2k7w2","previousOperationId":"ayplr39rewuwu5a"}
{"type":"log","timestamp":1681825676696,"level":"debug","message":"Page request finished: GET (document) 200 file:///C:/Users/SACHIN~1/AppData/Local/Temp/jsreport/autocleanup/e9633462-28c4-4392-874f-6e07486bad9d-chrome-pdf.html","meta":{"rootId":"lws4lfxuclautm5","id":"lws4lfxuclautm5"},"id":"8o5blywa9a62lyd","previousOperationId":"ayplr39rewuwu5a"}
{"type":"log","timestamp":1681825676696,"level":"debug","message":"Page request: GET (stylesheet) https://stackpath.bootstrapcdn.com/bootstrap/4.4.1/css/bootstrap.min.css","meta":{"rootId":"lws4lfxuclautm5","id":"lws4lfxuclautm5"},"id":"zotv4fcrbzsijx6","previousOperationId":"ayplr39rewuwu5a"}
{"type":"log","timestamp":1681825676696,"level":"debug","message":"Page request: GET (image) https://assets-global.website-files.com/5ca4d1fd374efbecd845739f/611be296e1ecb589c495418a_JAS%20and%20Greencarrier.png","meta":{"rootId":"lws4lfxuclautm5","id":"lws4lfxuclautm5"},"id":"7aq87hyh3umff8c","previousOperationId":"ayplr39rewuwu5a"}
{"type":"log","timestamp":1681825676703,"level":"debug","message":"Page request finished: GET (image) 200 https://assets-global.website-files.com/5ca4d1fd374efbecd845739f/611be296e1ecb589c495418a_JAS%20and%20Greencarrier.png","meta":{"rootId":"lws4lfxuclautm5","id":"lws4lfxuclautm5"},"id":"0tthz43ur4sy2so","previousOperationId":"ayplr39rewuwu5a"}
{"type":"log","timestamp":1681825676710,"level":"debug","message":"Page request finished: GET (stylesheet) 200 https://stackpath.bootstrapcdn.com/bootstrap/4.4.1/css/bootstrap.min.css","meta":{"rootId":"lws4lfxuclautm5","id":"lws4lfxuclautm5"},"id":"zwq4wieru0jqjw9","previousOperationId":"ayplr39rewuwu5a"}
{"type":"log","timestamp":1681825676795,"level":"debug","message":"Running chrome with params {\"timeout\":59959,\"margin\":{},\"printBackground\":true}","meta":{"rootId":"lws4lfxuclautm5","id":"lws4lfxuclautm5"},"id":"cx2o7d17pxfrz6b","previousOperationId":"ayplr39rewuwu5a"}
{"type":"operationEnd","operationId":"ayplr39rewuwu5a","timestamp":1681825677072,"id":"7nmhqd6vt6jlj82","previousEventId":"nj9e4nmxsrlecae","previousOperationId":"ayplr39rewuwu5a"}
{"type":"log","timestamp":1681825677072,"level":"debug","message":"Skipping storing report.","meta":{"rootId":"lws4lfxuclautm5","id":"lws4lfxuclautm5"},"id":"j3suyfidwxr6upn","previousOperationId":"ayplr39rewuwu5a"}
{"type":"log","timestamp":1681825677072,"level":"info","message":"Rendering request 9 finished in 590 ms","meta":{"rootId":"lws4lfxuclautm5","id":"lws4lfxuclautm5"},"id":"8vi7ujp88u7a4jj","previousOperationId":"ayplr39rewuwu5a"}
{"type":"operationEnd","subtype":"render","operationId":"q6swn4btwzml7fc","timestamp":1681825677072,"id":"hxh47ebtpqxcil4","previousEventId":"7nmhqd6vt6jlj82","previousOperationId":"ayplr39rewuwu5a"}
{"type":"operationEnd","doDiffs":false,"previousEventId":"xnr5eho4bjthl2x","previousOperationId":"l1s8xc5491qpueo","operationId":"l1s8xc5491qpueo","timestamp":1681825677076,"id":"q2go4ofb5itdg87"}
