{"type":"operationStart","subtype":"profile","data":{"_id":"3jHasWJlDVxeVyJG","timestamp":"2023-04-10T10:27:57.789Z","state":"queued","mode":"standard","timeout":60000,"creationDate":"2023-04-10T10:27:57.809Z","modificationDate":"2023-04-10T10:27:57.809Z","shortid":"NrOmafO","$entitySet":"profiles"},"doDiffs":false,"timestamp":1681122477808,"id":"hzkyz0r59ljij7l","previousOperationId":null,"operationId":"kf4fvzeez13yok7"}
{"type":"log","level":"info","message":"Render request 2 queued for execution and waiting for available worker","previousOperationId":"kf4fvzeez13yok7","timestamp":1681122477808,"id":"ah2566erw0u8dby"}
{"type":"operationStart","subtype":"render","name":"anonymous","previousOperationId":"kf4fvzeez13yok7","timestamp":1681122477842,"id":"hz6nbifvp0lf8i9","previousEventId":"hzkyz0r59ljij7l","operationId":"fg8ta1u6lihk520"}
{"type":"log","timestamp":1681122477842,"level":"info","message":"Starting rendering request 2","meta":{"rootId":"m2voiwi7irf6fex","id":"m2voiwi7irf6fex"},"id":"nyuviguvc0dgt9w","previousOperationId":"fg8ta1u6lihk520"}
{"type":"log","timestamp":1681122477843,"level":"info","message":"Rendering anonymous template { recipe: chrome-pdf, engine: handlebars }","meta":{"rootId":"m2voiwi7irf6fex","id":"m2voiwi7irf6fex"},"id":"6mip1a4jrul3yge","previousOperationId":"fg8ta1u6lihk520"}
{"type":"log","timestamp":1681122477843,"level":"debug","message":"Inline data specified.","meta":{"rootId":"m2voiwi7irf6fex","id":"m2voiwi7irf6fex"},"id":"1qwwmcz1tu8alu8","previousOperationId":"fg8ta1u6lihk520"}
{"type":"log","timestamp":1681122477849,"level":"debug","message":"Base url not specified, skipping its injection.","meta":{"rootId":"m2voiwi7irf6fex","id":"m2voiwi7irf6fex"},"id":"t2483cymiayefwm","previousOperationId":"fg8ta1u6lihk520"}
{"type":"operationStart","subtype":"engine","name":"handlebars","timestamp":1681122477850,"id":"t2sv3f3jbz8q7mz","previousEventId":"hz6nbifvp0lf8i9","operationId":"xbw39f2i2bhg0dl","previousOperationId":"fg8ta1u6lihk520"}
{"type":"log","timestamp":1681122477850,"level":"debug","message":"Rendering engine handlebars","meta":{"rootId":"m2voiwi7irf6fex","id":"m2voiwi7irf6fex"},"id":"brw4j558mfapr4y","previousOperationId":"xbw39f2i2bhg0dl"}
{"type":"operationEnd","operationId":"xbw39f2i2bhg0dl","timestamp":1681122477865,"id":"xqvms0c7ur851fd","previousEventId":"t2sv3f3jbz8q7mz","previousOperationId":"xbw39f2i2bhg0dl"}
{"type":"operationStart","subtype":"recipe","name":"chrome-pdf","timestamp":1681122477866,"id":"ljjwo4rl6ox9nll","previousEventId":"xqvms0c7ur851fd","operationId":"8jp6ovdkods7w55","previousOperationId":"xbw39f2i2bhg0dl"}
{"type":"log","timestamp":1681122477866,"level":"debug","message":"Executing recipe chrome-pdf","meta":{"rootId":"m2voiwi7irf6fex","id":"m2voiwi7irf6fex"},"id":"abefyizhwl40otf","previousOperationId":"8jp6ovdkods7w55"}
{"type":"log","timestamp":1681122477890,"level":"debug","message":"Converting with chrome HeadlessChrome/105.0.5173.0 using chrome-pool strategy","meta":{"rootId":"m2voiwi7irf6fex","id":"m2voiwi7irf6fex"},"id":"y9h29bpqc35bc4w","previousOperationId":"8jp6ovdkods7w55"}
{"type":"log","timestamp":1681122478047,"level":"debug","message":"Page request: GET (document) file:///C:/Users/SACHIN~1/AppData/Local/Temp/jsreport/autocleanup/89e2820a-3f1b-4eaa-8790-17791aac06eb-chrome-pdf.html","meta":{"rootId":"m2voiwi7irf6fex","id":"m2voiwi7irf6fex"},"id":"vmyoy8h0frvr78t","previousOperationId":"8jp6ovdkods7w55"}
{"type":"log","timestamp":1681122478060,"level":"debug","message":"Page request finished: GET (document) 200 file:///C:/Users/SACHIN~1/AppData/Local/Temp/jsreport/autocleanup/89e2820a-3f1b-4eaa-8790-17791aac06eb-chrome-pdf.html","meta":{"rootId":"m2voiwi7irf6fex","id":"m2voiwi7irf6fex"},"id":"cysbz53ynpcszq6","previousOperationId":"8jp6ovdkods7w55"}
{"type":"log","timestamp":1681122478060,"level":"debug","message":"Page request: GET (stylesheet) https://stackpath.bootstrapcdn.com/bootstrap/4.4.1/css/bootstrap.min.css","meta":{"rootId":"m2voiwi7irf6fex","id":"m2voiwi7irf6fex"},"id":"vftlihyo3qjpz1l","previousOperationId":"8jp6ovdkods7w55"}
{"type":"log","timestamp":1681122478061,"level":"debug","message":"Page request: GET (image) https://assets-global.website-files.com/5ca4d1fd374efbecd845739f/611be296e1ecb589c495418a_JAS%20and%20Greencarrier.png","meta":{"rootId":"m2voiwi7irf6fex","id":"m2voiwi7irf6fex"},"id":"wv3ldpawy7l3tv2","previousOperationId":"8jp6ovdkods7w55"}
{"type":"log","timestamp":1681122478068,"level":"debug","message":"Page request finished: GET (image) 200 https://assets-global.website-files.com/5ca4d1fd374efbecd845739f/611be296e1ecb589c495418a_JAS%20and%20Greencarrier.png","meta":{"rootId":"m2voiwi7irf6fex","id":"m2voiwi7irf6fex"},"id":"sib4mv29c7fkwsj","previousOperationId":"8jp6ovdkods7w55"}
{"type":"log","timestamp":1681122478075,"level":"debug","message":"Page request finished: GET (stylesheet) 200 https://stackpath.bootstrapcdn.com/bootstrap/4.4.1/css/bootstrap.min.css","meta":{"rootId":"m2voiwi7irf6fex","id":"m2voiwi7irf6fex"},"id":"utwzn99yej9o927","previousOperationId":"8jp6ovdkods7w55"}
{"type":"log","timestamp":1681122478153,"level":"debug","message":"Running chrome with params {\"timeout\":59919,\"margin\":{},\"printBackground\":true}","meta":{"rootId":"m2voiwi7irf6fex","id":"m2voiwi7irf6fex"},"id":"trflm6cuhwz63kv","previousOperationId":"8jp6ovdkods7w55"}
{"type":"operationEnd","operationId":"8jp6ovdkods7w55","timestamp":1681122478512,"id":"34cqep8nu8gn4yb","previousEventId":"ljjwo4rl6ox9nll","previousOperationId":"8jp6ovdkods7w55"}
{"type":"log","timestamp":1681122478512,"level":"debug","message":"Skipping storing report.","meta":{"rootId":"m2voiwi7irf6fex","id":"m2voiwi7irf6fex"},"id":"wodn5luxh0wzu4c","previousOperationId":"8jp6ovdkods7w55"}
{"type":"log","timestamp":1681122478512,"level":"info","message":"Rendering request 2 finished in 724 ms","meta":{"rootId":"m2voiwi7irf6fex","id":"m2voiwi7irf6fex"},"id":"shpcraw0729oa0v","previousOperationId":"8jp6ovdkods7w55"}
{"type":"operationEnd","subtype":"render","operationId":"fg8ta1u6lihk520","timestamp":1681122478512,"id":"i527pg14w67xan5","previousEventId":"34cqep8nu8gn4yb","previousOperationId":"8jp6ovdkods7w55"}
{"type":"operationEnd","doDiffs":false,"previousEventId":"hzkyz0r59ljij7l","previousOperationId":"kf4fvzeez13yok7","operationId":"kf4fvzeez13yok7","timestamp":1681122478514,"id":"vzw1g4rtsm7fnmp"}
