{"type":"operationStart","subtype":"profile","data":{"_id":"KSrSXKm0n7EXJTa8","timestamp":"2023-05-17T20:01:10.391Z","state":"queued","mode":"standard","timeout":60000,"creationDate":"2023-05-17T20:01:10.398Z","modificationDate":"2023-05-17T20:01:10.398Z","shortid":"F-lOSFr","$entitySet":"profiles"},"doDiffs":false,"timestamp":1684353670397,"id":"dx7un4wfb05h0g8","previousOperationId":null,"operationId":"vz15az200mbqv6s"}
{"type":"log","level":"info","message":"Render request 7 queued for execution and waiting for available worker","previousOperationId":"vz15az200mbqv6s","timestamp":1684353670397,"id":"7ao7f2f635strnt"}
{"type":"operationStart","subtype":"render","name":"anonymous","previousOperationId":"vz15az200mbqv6s","timestamp":1684353671714,"id":"4ts9phqsenam7ah","previousEventId":"dx7un4wfb05h0g8","operationId":"chzxnjbu8g9wgea"}
{"type":"log","timestamp":1684353671714,"level":"info","message":"Starting rendering request 7","meta":{"rootId":"mfnsyopxoagdo0w","id":"mfnsyopxoagdo0w"},"id":"ag9sa2oe7235ywl","previousOperationId":"chzxnjbu8g9wgea"}
{"type":"log","timestamp":1684353671714,"level":"info","message":"Rendering anonymous template { recipe: chrome-pdf, engine: handlebars }","meta":{"rootId":"mfnsyopxoagdo0w","id":"mfnsyopxoagdo0w"},"id":"rcoc2esxh7aqs5r","previousOperationId":"chzxnjbu8g9wgea"}
{"type":"log","timestamp":1684353671714,"level":"debug","message":"Inline data specified.","meta":{"rootId":"mfnsyopxoagdo0w","id":"mfnsyopxoagdo0w"},"id":"caoshep2ldzz6wi","previousOperationId":"chzxnjbu8g9wgea"}
{"type":"log","timestamp":1684353671716,"level":"debug","message":"Base url not specified, skipping its injection.","meta":{"rootId":"mfnsyopxoagdo0w","id":"mfnsyopxoagdo0w"},"id":"s66rznhvvsu2e5e","previousOperationId":"chzxnjbu8g9wgea"}
{"type":"operationStart","subtype":"engine","name":"handlebars","timestamp":1684353671716,"id":"8nrgvzkndoqwoh9","previousEventId":"4ts9phqsenam7ah","operationId":"0lxl4dojfdjyuta","previousOperationId":"chzxnjbu8g9wgea"}
{"type":"log","timestamp":1684353671716,"level":"debug","message":"Rendering engine handlebars","meta":{"rootId":"mfnsyopxoagdo0w","id":"mfnsyopxoagdo0w"},"id":"xrnw68o5licv2gr","previousOperationId":"0lxl4dojfdjyuta"}
{"type":"operationEnd","operationId":"0lxl4dojfdjyuta","timestamp":1684353671734,"id":"ucin5o6kc1z7mt2","previousEventId":"8nrgvzkndoqwoh9","previousOperationId":"0lxl4dojfdjyuta"}
{"type":"operationStart","subtype":"recipe","name":"chrome-pdf","timestamp":1684353671735,"id":"3wnlfd4cyip0rje","previousEventId":"ucin5o6kc1z7mt2","operationId":"3zbhfa89o42ql74","previousOperationId":"0lxl4dojfdjyuta"}
{"type":"log","timestamp":1684353671735,"level":"debug","message":"Executing recipe chrome-pdf","meta":{"rootId":"mfnsyopxoagdo0w","id":"mfnsyopxoagdo0w"},"id":"8p7v1eiqntpghqy","previousOperationId":"3zbhfa89o42ql74"}
{"type":"log","timestamp":1684353671741,"level":"debug","message":"Converting with chrome HeadlessChrome/105.0.5173.0 using chrome-pool strategy","meta":{"rootId":"mfnsyopxoagdo0w","id":"mfnsyopxoagdo0w"},"id":"moqb74id661hhjs","previousOperationId":"3zbhfa89o42ql74"}
{"type":"log","timestamp":1684353671933,"level":"debug","message":"Page request: GET (document) file:///C:/Users/hp/AppData/Local/Temp/jsreport/autocleanup/e736a0b7-f9b5-4d8e-83af-7cef754a6a8d-chrome-pdf.html","meta":{"rootId":"mfnsyopxoagdo0w","id":"mfnsyopxoagdo0w"},"id":"mm79yqrovcjdh12","previousOperationId":"3zbhfa89o42ql74"}
{"type":"log","timestamp":1684353671951,"level":"debug","message":"Page request finished: GET (document) 200 file:///C:/Users/hp/AppData/Local/Temp/jsreport/autocleanup/e736a0b7-f9b5-4d8e-83af-7cef754a6a8d-chrome-pdf.html","meta":{"rootId":"mfnsyopxoagdo0w","id":"mfnsyopxoagdo0w"},"id":"0amb6vv04jz1e4a","previousOperationId":"3zbhfa89o42ql74"}
{"type":"log","timestamp":1684353672085,"level":"debug","message":"Running chrome with params {\"timeout\":58652,\"margin\":{},\"printBackground\":true}","meta":{"rootId":"mfnsyopxoagdo0w","id":"mfnsyopxoagdo0w"},"id":"yy5u6ly494pubjr","previousOperationId":"3zbhfa89o42ql74"}
{"type":"operationEnd","operationId":"3zbhfa89o42ql74","timestamp":1684353672684,"id":"6wkncmbk1zxkz0k","previousEventId":"3wnlfd4cyip0rje","previousOperationId":"3zbhfa89o42ql74"}
{"type":"log","timestamp":1684353672685,"level":"debug","message":"Skipping storing report.","meta":{"rootId":"mfnsyopxoagdo0w","id":"mfnsyopxoagdo0w"},"id":"6e6b3omx76huq4r","previousOperationId":"3zbhfa89o42ql74"}
{"type":"log","timestamp":1684353672685,"level":"info","message":"Rendering request 7 finished in 2295 ms","meta":{"rootId":"mfnsyopxoagdo0w","id":"mfnsyopxoagdo0w"},"id":"5at94o6j67c1azz","previousOperationId":"3zbhfa89o42ql74"}
{"type":"operationEnd","subtype":"render","operationId":"chzxnjbu8g9wgea","timestamp":1684353672685,"id":"q0q5u4momrjb3p7","previousEventId":"6wkncmbk1zxkz0k","previousOperationId":"3zbhfa89o42ql74"}
{"type":"operationEnd","doDiffs":false,"previousEventId":"dx7un4wfb05h0g8","previousOperationId":"vz15az200mbqv6s","operationId":"vz15az200mbqv6s","timestamp":1684353672688,"id":"voz188y7wo3eccc"}
