{"type":"operationStart","subtype":"profile","data":{"_id":"rjnOwW1YNgB9wHEN","timestamp":"2023-05-18T18:07:34.796Z","state":"queued","mode":"standard","timeout":60000,"creationDate":"2023-05-18T18:07:34.800Z","modificationDate":"2023-05-18T18:07:34.800Z","shortid":"679kUgG","$entitySet":"profiles"},"doDiffs":false,"timestamp":1684433254798,"id":"g47cxf76dql57ie","previousOperationId":null,"operationId":"wozi5i31q56ivph"}
{"type":"log","level":"info","message":"Render request 1 queued for execution and waiting for available worker","previousOperationId":"wozi5i31q56ivph","timestamp":1684433254798,"id":"0e1o46tm9sw5e2i"}
{"type":"operationStart","subtype":"render","name":"anonymous","previousOperationId":"wozi5i31q56ivph","timestamp":1684433254818,"id":"atzbulk5zfntscd","previousEventId":"g47cxf76dql57ie","operationId":"ff11a5x6upoxj4w"}
{"type":"log","timestamp":1684433254819,"level":"info","message":"Starting rendering request 1","meta":{"rootId":"mx14xt2cqcv2t9u","id":"mx14xt2cqcv2t9u"},"id":"8a8lwsouq5nykw1","previousOperationId":"ff11a5x6upoxj4w"}
{"type":"log","timestamp":1684433254821,"level":"info","message":"Rendering anonymous template { recipe: chrome-pdf, engine: handlebars }","meta":{"rootId":"mx14xt2cqcv2t9u","id":"mx14xt2cqcv2t9u"},"id":"c9y28pr9e4tl297","previousOperationId":"ff11a5x6upoxj4w"}
{"type":"log","timestamp":1684433254822,"level":"debug","message":"Inline data specified.","meta":{"rootId":"mx14xt2cqcv2t9u","id":"mx14xt2cqcv2t9u"},"id":"x6dhe15bl738wcl","previousOperationId":"ff11a5x6upoxj4w"}
{"type":"log","timestamp":1684433254830,"level":"debug","message":"Base url not specified, skipping its injection.","meta":{"rootId":"mx14xt2cqcv2t9u","id":"mx14xt2cqcv2t9u"},"id":"sh7hw0g8att10pp","previousOperationId":"ff11a5x6upoxj4w"}
{"type":"operationStart","subtype":"engine","name":"handlebars","timestamp":1684433254831,"id":"ec0m4ny7187d7bj","previousEventId":"atzbulk5zfntscd","operationId":"rueq66zlr5ylffn","previousOperationId":"ff11a5x6upoxj4w"}
{"type":"log","timestamp":1684433254831,"level":"debug","message":"Rendering engine handlebars","meta":{"rootId":"mx14xt2cqcv2t9u","id":"mx14xt2cqcv2t9u"},"id":"gz1bzqc5j42bpyp","previousOperationId":"rueq66zlr5ylffn"}
{"type":"operationEnd","operationId":"rueq66zlr5ylffn","timestamp":1684433255438,"id":"ev8yk6yv3f5yhgh","previousEventId":"ec0m4ny7187d7bj","previousOperationId":"rueq66zlr5ylffn"}
{"type":"operationStart","subtype":"recipe","name":"chrome-pdf","timestamp":1684433255439,"id":"973oztsxs2gkuqi","previousEventId":"ev8yk6yv3f5yhgh","operationId":"p4otijapl6lyu03","previousOperationId":"rueq66zlr5ylffn"}
{"type":"log","timestamp":1684433255439,"level":"debug","message":"Executing recipe chrome-pdf","meta":{"rootId":"mx14xt2cqcv2t9u","id":"mx14xt2cqcv2t9u"},"id":"qk67aceao5idqbf","previousOperationId":"p4otijapl6lyu03"}
{"type":"log","timestamp":1684433255941,"level":"debug","message":"Converting with chrome HeadlessChrome/105.0.5173.0 using chrome-pool strategy","meta":{"rootId":"mx14xt2cqcv2t9u","id":"mx14xt2cqcv2t9u"},"id":"e0k5sp5wf4nrc98","previousOperationId":"p4otijapl6lyu03"}
{"type":"log","timestamp":1684433256810,"level":"debug","message":"Page request: GET (document) file:///C:/Users/hp/AppData/Local/Temp/jsreport/autocleanup/7b02acfc-7d78-4cb4-9489-3ca68f64fe50-chrome-pdf.html","meta":{"rootId":"mx14xt2cqcv2t9u","id":"mx14xt2cqcv2t9u"},"id":"0rr4lx9ofw8epj7","previousOperationId":"p4otijapl6lyu03"}
{"type":"log","timestamp":1684433256822,"level":"debug","message":"Page request finished: GET (document) 200 file:///C:/Users/hp/AppData/Local/Temp/jsreport/autocleanup/7b02acfc-7d78-4cb4-9489-3ca68f64fe50-chrome-pdf.html","meta":{"rootId":"mx14xt2cqcv2t9u","id":"mx14xt2cqcv2t9u"},"id":"hkr935ew7slzxeg","previousOperationId":"p4otijapl6lyu03"}
{"type":"log","timestamp":1684433256861,"level":"debug","message":"Running chrome with params {\"timeout\":59193,\"margin\":{},\"printBackground\":true}","meta":{"rootId":"mx14xt2cqcv2t9u","id":"mx14xt2cqcv2t9u"},"id":"qj5jgl85ps7xwyp","previousOperationId":"p4otijapl6lyu03"}
{"type":"operationEnd","operationId":"p4otijapl6lyu03","timestamp":1684433256953,"id":"cod1jzc93irwy5a","previousEventId":"973oztsxs2gkuqi","previousOperationId":"p4otijapl6lyu03"}
{"type":"log","timestamp":1684433256954,"level":"debug","message":"Skipping storing report.","meta":{"rootId":"mx14xt2cqcv2t9u","id":"mx14xt2cqcv2t9u"},"id":"0t00nascznn25sl","previousOperationId":"p4otijapl6lyu03"}
{"type":"log","timestamp":1684433256954,"level":"info","message":"Rendering request 1 finished in 2159 ms","meta":{"rootId":"mx14xt2cqcv2t9u","id":"mx14xt2cqcv2t9u"},"id":"3egk63z9y352cgb","previousOperationId":"p4otijapl6lyu03"}
{"type":"operationEnd","subtype":"render","operationId":"ff11a5x6upoxj4w","timestamp":1684433256954,"id":"ou3pfwk6ch68o7t","previousEventId":"cod1jzc93irwy5a","previousOperationId":"p4otijapl6lyu03"}
{"type":"operationEnd","doDiffs":false,"previousEventId":"g47cxf76dql57ie","previousOperationId":"wozi5i31q56ivph","operationId":"wozi5i31q56ivph","timestamp":1684433256958,"id":"c2dmg93hke8gkmo"}
