{"type":"operationStart","subtype":"profile","data":{"_id":"zmirEXzHA3NJrBGr","timestamp":"2023-05-16T07:00:58.498Z","state":"queued","mode":"standard","timeout":60000,"creationDate":"2023-05-16T07:00:58.501Z","modificationDate":"2023-05-16T07:00:58.501Z","shortid":"OMT6b2w","$entitySet":"profiles"},"doDiffs":false,"timestamp":1684220458500,"id":"5mglapgg3pihuas","previousOperationId":null,"operationId":"iw6sure0xids1ai"}
{"type":"log","level":"info","message":"Render request 4 queued for execution and waiting for available worker","previousOperationId":"iw6sure0xids1ai","timestamp":1684220458500,"id":"71vv1nbegu1r4qw"}
{"type":"operationStart","subtype":"render","name":"anonymous","previousOperationId":"iw6sure0xids1ai","timestamp":1684220458505,"id":"hfwizrhxpshxpy9","previousEventId":"5mglapgg3pihuas","operationId":"j6d0e4oehcbkv6j"}
{"type":"log","timestamp":1684220458505,"level":"info","message":"Starting rendering request 4","meta":{"rootId":"n1j9yiytpo2pu60","id":"n1j9yiytpo2pu60"},"id":"a9oh6emllk7ekdu","previousOperationId":"j6d0e4oehcbkv6j"}
{"type":"log","timestamp":1684220458505,"level":"info","message":"Rendering anonymous template { recipe: chrome-pdf, engine: handlebars }","meta":{"rootId":"n1j9yiytpo2pu60","id":"n1j9yiytpo2pu60"},"id":"6rh6bfplx1qbjvo","previousOperationId":"j6d0e4oehcbkv6j"}
{"type":"log","timestamp":1684220458505,"level":"debug","message":"Inline data specified.","meta":{"rootId":"n1j9yiytpo2pu60","id":"n1j9yiytpo2pu60"},"id":"2vhtosiim876iyh","previousOperationId":"j6d0e4oehcbkv6j"}
{"type":"log","timestamp":1684220458507,"level":"debug","message":"Base url not specified, skipping its injection.","meta":{"rootId":"n1j9yiytpo2pu60","id":"n1j9yiytpo2pu60"},"id":"tcxknpwi02e1xk0","previousOperationId":"j6d0e4oehcbkv6j"}
{"type":"operationStart","subtype":"engine","name":"handlebars","timestamp":1684220458507,"id":"e64ob7807y53gj3","previousEventId":"hfwizrhxpshxpy9","operationId":"yk9caot5h6c8xm3","previousOperationId":"j6d0e4oehcbkv6j"}
{"type":"log","timestamp":1684220458507,"level":"debug","message":"Rendering engine handlebars","meta":{"rootId":"n1j9yiytpo2pu60","id":"n1j9yiytpo2pu60"},"id":"h6fukooec69yd2d","previousOperationId":"yk9caot5h6c8xm3"}
{"type":"operationEnd","operationId":"yk9caot5h6c8xm3","timestamp":1684220458518,"id":"yl7hrmk0nwbh6do","previousEventId":"e64ob7807y53gj3","previousOperationId":"yk9caot5h6c8xm3"}
{"type":"operationStart","subtype":"recipe","name":"chrome-pdf","timestamp":1684220458519,"id":"1hzpi7pd1ilghqp","previousEventId":"yl7hrmk0nwbh6do","operationId":"h6gmnq4lujpiqk7","previousOperationId":"yk9caot5h6c8xm3"}
{"type":"log","timestamp":1684220458519,"level":"debug","message":"Executing recipe chrome-pdf","meta":{"rootId":"n1j9yiytpo2pu60","id":"n1j9yiytpo2pu60"},"id":"eqfe68bh4ajix3f","previousOperationId":"h6gmnq4lujpiqk7"}
{"type":"log","timestamp":1684220458530,"level":"debug","message":"Converting with chrome HeadlessChrome/105.0.5173.0 using chrome-pool strategy","meta":{"rootId":"n1j9yiytpo2pu60","id":"n1j9yiytpo2pu60"},"id":"mo3njqxd20j7ec5","previousOperationId":"h6gmnq4lujpiqk7"}
{"type":"log","timestamp":1684220458666,"level":"debug","message":"Page request: GET (document) file:///C:/Users/hp/AppData/Local/Temp/jsreport/autocleanup/e3be9b0a-8558-4a02-818b-b964f0d84639-chrome-pdf.html","meta":{"rootId":"n1j9yiytpo2pu60","id":"n1j9yiytpo2pu60"},"id":"z1tzekv90kqmoup","previousOperationId":"h6gmnq4lujpiqk7"}
{"type":"log","timestamp":1684220458677,"level":"debug","message":"Page request finished: GET (document) 200 file:///C:/Users/hp/AppData/Local/Temp/jsreport/autocleanup/e3be9b0a-8558-4a02-818b-b964f0d84639-chrome-pdf.html","meta":{"rootId":"n1j9yiytpo2pu60","id":"n1j9yiytpo2pu60"},"id":"f42x6jf76mubvvo","previousOperationId":"h6gmnq4lujpiqk7"}
{"type":"log","timestamp":1684220458724,"level":"debug","message":"Running chrome with params {\"timeout\":59975,\"margin\":{},\"printBackground\":true}","meta":{"rootId":"n1j9yiytpo2pu60","id":"n1j9yiytpo2pu60"},"id":"jr9bntgz3tpzwnj","previousOperationId":"h6gmnq4lujpiqk7"}
{"type":"operationEnd","operationId":"h6gmnq4lujpiqk7","timestamp":1684220458929,"id":"rjdk3ds3ohoyw21","previousEventId":"1hzpi7pd1ilghqp","previousOperationId":"h6gmnq4lujpiqk7"}
{"type":"log","timestamp":1684220458930,"level":"debug","message":"Skipping storing report.","meta":{"rootId":"n1j9yiytpo2pu60","id":"n1j9yiytpo2pu60"},"id":"ax69cob4gd8btxv","previousOperationId":"h6gmnq4lujpiqk7"}
{"type":"log","timestamp":1684220458930,"level":"info","message":"Rendering request 4 finished in 433 ms","meta":{"rootId":"n1j9yiytpo2pu60","id":"n1j9yiytpo2pu60"},"id":"81wiyktbrj2ve7w","previousOperationId":"h6gmnq4lujpiqk7"}
{"type":"operationEnd","subtype":"render","operationId":"j6d0e4oehcbkv6j","timestamp":1684220458930,"id":"f2qjhwcol39p5ve","previousEventId":"rjdk3ds3ohoyw21","previousOperationId":"h6gmnq4lujpiqk7"}
{"type":"operationEnd","doDiffs":false,"previousEventId":"5mglapgg3pihuas","previousOperationId":"iw6sure0xids1ai","operationId":"iw6sure0xids1ai","timestamp":1684220458932,"id":"0d7heou03vs91yo"}
