{"type":"operationStart","subtype":"profile","data":{"_id":"h7eAAu1857XWt8h4","timestamp":"2023-05-15T12:40:09.351Z","state":"queued","mode":"standard","timeout":60000,"creationDate":"2023-05-15T12:40:09.353Z","modificationDate":"2023-05-15T12:40:09.353Z","shortid":"REZbLR0","$entitySet":"profiles"},"doDiffs":false,"timestamp":1684154409352,"id":"vc8zvp3l3grbx6t","previousOperationId":null,"operationId":"uync6875xh73xa7"}
{"type":"log","level":"info","message":"Render request 1 queued for execution and waiting for available worker","previousOperationId":"uync6875xh73xa7","timestamp":1684154409352,"id":"9rqld97bja3olwo"}
{"type":"operationStart","subtype":"render","name":"anonymous","previousOperationId":"uync6875xh73xa7","timestamp":1684154409366,"id":"324hr2gimkl83gg","previousEventId":"vc8zvp3l3grbx6t","operationId":"6afo5im3jhxcs7b"}
{"type":"log","timestamp":1684154409367,"level":"info","message":"Starting rendering request 1","meta":{"rootId":"n58ms9ag21swyjj","id":"n58ms9ag21swyjj"},"id":"63klehv3w8yse7e","previousOperationId":"6afo5im3jhxcs7b"}
{"type":"log","timestamp":1684154409369,"level":"info","message":"Rendering anonymous template { recipe: chrome-pdf, engine: handlebars }","meta":{"rootId":"n58ms9ag21swyjj","id":"n58ms9ag21swyjj"},"id":"ra0f7vgnp3fea8j","previousOperationId":"6afo5im3jhxcs7b"}
{"type":"log","timestamp":1684154409369,"level":"debug","message":"Inline data specified.","meta":{"rootId":"n58ms9ag21swyjj","id":"n58ms9ag21swyjj"},"id":"v9h1zj4yur655j1","previousOperationId":"6afo5im3jhxcs7b"}
{"type":"log","timestamp":1684154409372,"level":"debug","message":"Base url not specified, skipping its injection.","meta":{"rootId":"n58ms9ag21swyjj","id":"n58ms9ag21swyjj"},"id":"xyxbvq4wvikxgri","previousOperationId":"6afo5im3jhxcs7b"}
{"type":"operationStart","subtype":"engine","name":"handlebars","timestamp":1684154409373,"id":"ghw6hdm1w5pvzyx","previousEventId":"324hr2gimkl83gg","operationId":"lqxhy3lheaz80gk","previousOperationId":"6afo5im3jhxcs7b"}
{"type":"log","timestamp":1684154409373,"level":"debug","message":"Rendering engine handlebars","meta":{"rootId":"n58ms9ag21swyjj","id":"n58ms9ag21swyjj"},"id":"1wutxdetc3zil0o","previousOperationId":"lqxhy3lheaz80gk"}
{"type":"operationEnd","operationId":"lqxhy3lheaz80gk","timestamp":1684154412258,"id":"lt78zpc91k5vshz","previousEventId":"ghw6hdm1w5pvzyx","previousOperationId":"lqxhy3lheaz80gk"}
{"type":"operationStart","subtype":"recipe","name":"chrome-pdf","timestamp":1684154412259,"id":"7a5yv9ezg3cy0mx","previousEventId":"lt78zpc91k5vshz","operationId":"b869p7h0xqv6uho","previousOperationId":"lqxhy3lheaz80gk"}
{"type":"log","timestamp":1684154412259,"level":"debug","message":"Executing recipe chrome-pdf","meta":{"rootId":"n58ms9ag21swyjj","id":"n58ms9ag21swyjj"},"id":"y1kdj7re2t17or9","previousOperationId":"b869p7h0xqv6uho"}
{"type":"log","timestamp":1684154412879,"level":"debug","message":"Converting with chrome HeadlessChrome/105.0.5173.0 using chrome-pool strategy","meta":{"rootId":"n58ms9ag21swyjj","id":"n58ms9ag21swyjj"},"id":"ehlx8qjj4k0hz5t","previousOperationId":"b869p7h0xqv6uho"}
{"type":"log","timestamp":1684154414455,"level":"debug","message":"Page request: GET (document) file:///C:/Users/hp/AppData/Local/Temp/jsreport/autocleanup/911d0f53-f74a-4730-801e-8f044495d2ac-chrome-pdf.html","meta":{"rootId":"n58ms9ag21swyjj","id":"n58ms9ag21swyjj"},"id":"1vuyqabbsx5d2la","previousOperationId":"b869p7h0xqv6uho"}
{"type":"log","timestamp":1684154414470,"level":"debug","message":"Page request finished: GET (document) 200 file:///C:/Users/hp/AppData/Local/Temp/jsreport/autocleanup/911d0f53-f74a-4730-801e-8f044495d2ac-chrome-pdf.html","meta":{"rootId":"n58ms9ag21swyjj","id":"n58ms9ag21swyjj"},"id":"5obqyan95lo3464","previousOperationId":"b869p7h0xqv6uho"}
{"type":"log","timestamp":1684154414526,"level":"debug","message":"Running chrome with params {\"timeout\":56946,\"margin\":{},\"printBackground\":true}","meta":{"rootId":"n58ms9ag21swyjj","id":"n58ms9ag21swyjj"},"id":"di8p14dx3e1s1yw","previousOperationId":"b869p7h0xqv6uho"}
{"type":"operationEnd","operationId":"b869p7h0xqv6uho","timestamp":1684154414705,"id":"ijp351osf25zq2h","previousEventId":"7a5yv9ezg3cy0mx","previousOperationId":"b869p7h0xqv6uho"}
{"type":"log","timestamp":1684154414706,"level":"debug","message":"Skipping storing report.","meta":{"rootId":"n58ms9ag21swyjj","id":"n58ms9ag21swyjj"},"id":"p0fm8yu2p59qrww","previousOperationId":"b869p7h0xqv6uho"}
{"type":"log","timestamp":1684154414707,"level":"info","message":"Rendering request 1 finished in 5357 ms","meta":{"rootId":"n58ms9ag21swyjj","id":"n58ms9ag21swyjj"},"id":"tszctc3h8fzzdyb","previousOperationId":"b869p7h0xqv6uho"}
{"type":"operationEnd","subtype":"render","operationId":"6afo5im3jhxcs7b","timestamp":1684154414707,"id":"t5sdd8bzrwqkmyk","previousEventId":"ijp351osf25zq2h","previousOperationId":"b869p7h0xqv6uho"}
{"type":"operationEnd","doDiffs":false,"previousEventId":"vc8zvp3l3grbx6t","previousOperationId":"uync6875xh73xa7","operationId":"uync6875xh73xa7","timestamp":1684154414710,"id":"a7e37nmlqp28afx"}
