{"type":"operationStart","subtype":"profile","data":{"_id":"yW3uUVRVpWykrg7R","timestamp":"2023-05-17T20:01:09.953Z","state":"queued","mode":"standard","timeout":60000,"creationDate":"2023-05-17T20:01:10.395Z","modificationDate":"2023-05-17T20:01:10.395Z","shortid":"uzGgiqm","$entitySet":"profiles"},"doDiffs":false,"timestamp":1684353670394,"id":"1di8gnov7q2rtjk","previousOperationId":null,"operationId":"ynphf32mahb8zwj"}
{"type":"log","level":"info","message":"Render request 4 queued for execution and waiting for available worker","previousOperationId":"ynphf32mahb8zwj","timestamp":1684353670394,"id":"dowpjux0bkb5t5d"}
{"type":"operationStart","subtype":"render","name":"anonymous","previousOperationId":"ynphf32mahb8zwj","timestamp":1684353670407,"id":"r5ev502a9xbxkog","previousEventId":"1di8gnov7q2rtjk","operationId":"4ivcbi7byk5jr9h"}
{"type":"log","timestamp":1684353670407,"level":"info","message":"Starting rendering request 4","meta":{"rootId":"ncj9fwgqxhai1pe","id":"ncj9fwgqxhai1pe"},"id":"n5lmxiouiyuds5a","previousOperationId":"4ivcbi7byk5jr9h"}
{"type":"log","timestamp":1684353670407,"level":"info","message":"Rendering anonymous template { recipe: chrome-pdf, engine: handlebars }","meta":{"rootId":"ncj9fwgqxhai1pe","id":"ncj9fwgqxhai1pe"},"id":"oj1wtlevyp8pdmt","previousOperationId":"4ivcbi7byk5jr9h"}
{"type":"log","timestamp":1684353670407,"level":"debug","message":"Inline data specified.","meta":{"rootId":"ncj9fwgqxhai1pe","id":"ncj9fwgqxhai1pe"},"id":"d1ylm5v2sky4q5n","previousOperationId":"4ivcbi7byk5jr9h"}
{"type":"log","timestamp":1684353670408,"level":"debug","message":"Base url not specified, skipping its injection.","meta":{"rootId":"ncj9fwgqxhai1pe","id":"ncj9fwgqxhai1pe"},"id":"9jq1gre9asv5qjs","previousOperationId":"4ivcbi7byk5jr9h"}
{"type":"operationStart","subtype":"engine","name":"handlebars","timestamp":1684353670409,"id":"3iww0lkulvpwjec","previousEventId":"r5ev502a9xbxkog","operationId":"4stryqd7mbvaddi","previousOperationId":"4ivcbi7byk5jr9h"}
{"type":"log","timestamp":1684353670409,"level":"debug","message":"Rendering engine handlebars","meta":{"rootId":"ncj9fwgqxhai1pe","id":"ncj9fwgqxhai1pe"},"id":"xl8z54r2ujs1ltj","previousOperationId":"4stryqd7mbvaddi"}
{"type":"operationEnd","operationId":"4stryqd7mbvaddi","timestamp":1684353670425,"id":"gm2pvuydrisg3hd","previousEventId":"3iww0lkulvpwjec","previousOperationId":"4stryqd7mbvaddi"}
{"type":"operationStart","subtype":"recipe","name":"chrome-pdf","timestamp":1684353670426,"id":"9incpgvhfj8y14f","previousEventId":"gm2pvuydrisg3hd","operationId":"y5e0189bs807y21","previousOperationId":"4stryqd7mbvaddi"}
{"type":"log","timestamp":1684353670426,"level":"debug","message":"Executing recipe chrome-pdf","meta":{"rootId":"ncj9fwgqxhai1pe","id":"ncj9fwgqxhai1pe"},"id":"0vhdfw92zbec2mx","previousOperationId":"y5e0189bs807y21"}
{"type":"log","timestamp":1684353670433,"level":"debug","message":"Converting with chrome HeadlessChrome/105.0.5173.0 using chrome-pool strategy","meta":{"rootId":"ncj9fwgqxhai1pe","id":"ncj9fwgqxhai1pe"},"id":"d4rw6dpifb10e5s","previousOperationId":"y5e0189bs807y21"}
{"type":"log","timestamp":1684353670733,"level":"debug","message":"Page request: GET (document) file:///C:/Users/hp/AppData/Local/Temp/jsreport/autocleanup/3d7d1d31-99c9-4bac-b1ab-f117a6df6466-chrome-pdf.html","meta":{"rootId":"ncj9fwgqxhai1pe","id":"ncj9fwgqxhai1pe"},"id":"yx4fllj5r3j22to","previousOperationId":"y5e0189bs807y21"}
{"type":"log","timestamp":1684353670749,"level":"debug","message":"Page request finished: GET (document) 200 file:///C:/Users/hp/AppData/Local/Temp/jsreport/autocleanup/3d7d1d31-99c9-4bac-b1ab-f117a6df6466-chrome-pdf.html","meta":{"rootId":"ncj9fwgqxhai1pe","id":"ncj9fwgqxhai1pe"},"id":"2phiuwc7fyv2h5d","previousOperationId":"y5e0189bs807y21"}
{"type":"log","timestamp":1684353670887,"level":"debug","message":"Running chrome with params {\"timeout\":59523,\"margin\":{},\"printBackground\":true}","meta":{"rootId":"ncj9fwgqxhai1pe","id":"ncj9fwgqxhai1pe"},"id":"db96x214wwxrrds","previousOperationId":"y5e0189bs807y21"}
{"type":"operationEnd","operationId":"y5e0189bs807y21","timestamp":1684353671602,"id":"0uwrzb3emojptd1","previousEventId":"9incpgvhfj8y14f","previousOperationId":"y5e0189bs807y21"}
{"type":"log","timestamp":1684353671602,"level":"debug","message":"Skipping storing report.","meta":{"rootId":"ncj9fwgqxhai1pe","id":"ncj9fwgqxhai1pe"},"id":"aqhzhi009qpamb7","previousOperationId":"y5e0189bs807y21"}
{"type":"log","timestamp":1684353671602,"level":"info","message":"Rendering request 4 finished in 1650 ms","meta":{"rootId":"ncj9fwgqxhai1pe","id":"ncj9fwgqxhai1pe"},"id":"6xblbg6scb3gijn","previousOperationId":"y5e0189bs807y21"}
{"type":"operationEnd","subtype":"render","operationId":"4ivcbi7byk5jr9h","timestamp":1684353671602,"id":"4s725pxpfapmu3p","previousEventId":"0uwrzb3emojptd1","previousOperationId":"y5e0189bs807y21"}
{"type":"operationEnd","doDiffs":false,"previousEventId":"1di8gnov7q2rtjk","previousOperationId":"ynphf32mahb8zwj","operationId":"ynphf32mahb8zwj","timestamp":1684353671606,"id":"d1qye96eve5vqoy"}
