{"type":"operationStart","subtype":"profile","data":{"_id":"ILOkgKbLm7WqcwQW","timestamp":"2023-05-17T13:16:23.448Z","state":"queued","mode":"standard","timeout":60000,"creationDate":"2023-05-17T13:16:23.451Z","modificationDate":"2023-05-17T13:16:23.451Z","shortid":"r3turFa","$entitySet":"profiles"},"doDiffs":false,"timestamp":1684329383450,"id":"ijmz6upeoytju70","previousOperationId":null,"operationId":"4urn2bx51623l4k"}
{"type":"log","level":"info","message":"Render request 1 queued for execution and waiting for available worker","previousOperationId":"4urn2bx51623l4k","timestamp":1684329383450,"id":"is35k0qbikumj1m"}
{"type":"operationStart","subtype":"render","name":"anonymous","previousOperationId":"4urn2bx51623l4k","timestamp":1684329383467,"id":"ypnbn1efux10kte","previousEventId":"ijmz6upeoytju70","operationId":"g7qy0v9ph5yqiuu"}
{"type":"log","timestamp":1684329383469,"level":"info","message":"Starting rendering request 1","meta":{"rootId":"nhakl547z10k1gj","id":"nhakl547z10k1gj"},"id":"4lr6jlf1grrt05a","previousOperationId":"g7qy0v9ph5yqiuu"}
{"type":"log","timestamp":1684329383471,"level":"info","message":"Rendering anonymous template { recipe: chrome-pdf, engine: handlebars }","meta":{"rootId":"nhakl547z10k1gj","id":"nhakl547z10k1gj"},"id":"wkqlfmxj6em3ur0","previousOperationId":"g7qy0v9ph5yqiuu"}
{"type":"log","timestamp":1684329383471,"level":"debug","message":"Inline data specified.","meta":{"rootId":"nhakl547z10k1gj","id":"nhakl547z10k1gj"},"id":"q47s911fx0z3rks","previousOperationId":"g7qy0v9ph5yqiuu"}
{"type":"log","timestamp":1684329383475,"level":"debug","message":"Base url not specified, skipping its injection.","meta":{"rootId":"nhakl547z10k1gj","id":"nhakl547z10k1gj"},"id":"nl83dwp8j89tn1j","previousOperationId":"g7qy0v9ph5yqiuu"}
{"type":"operationStart","subtype":"engine","name":"handlebars","timestamp":1684329383477,"id":"880y3pub587mze0","previousEventId":"ypnbn1efux10kte","operationId":"po52ul1xmetvybg","previousOperationId":"g7qy0v9ph5yqiuu"}
{"type":"log","timestamp":1684329383477,"level":"debug","message":"Rendering engine handlebars","meta":{"rootId":"nhakl547z10k1gj","id":"nhakl547z10k1gj"},"id":"p03jled6kc3w50e","previousOperationId":"po52ul1xmetvybg"}
{"type":"operationEnd","operationId":"po52ul1xmetvybg","timestamp":1684329384113,"id":"xzerx5hw5kr5o1d","previousEventId":"880y3pub587mze0","previousOperationId":"po52ul1xmetvybg"}
{"type":"operationStart","subtype":"recipe","name":"chrome-pdf","timestamp":1684329384114,"id":"ejmqs95d52bsmta","previousEventId":"xzerx5hw5kr5o1d","operationId":"vyh0x3khvk7tdks","previousOperationId":"po52ul1xmetvybg"}
{"type":"log","timestamp":1684329384114,"level":"debug","message":"Executing recipe chrome-pdf","meta":{"rootId":"nhakl547z10k1gj","id":"nhakl547z10k1gj"},"id":"1376yi0e2wtxl3x","previousOperationId":"vyh0x3khvk7tdks"}
{"type":"log","timestamp":1684329384516,"level":"debug","message":"Converting with chrome HeadlessChrome/105.0.5173.0 using chrome-pool strategy","meta":{"rootId":"nhakl547z10k1gj","id":"nhakl547z10k1gj"},"id":"ab787d82qg8mxa8","previousOperationId":"vyh0x3khvk7tdks"}
{"type":"log","timestamp":1684329385914,"level":"debug","message":"Page request: GET (document) file:///C:/Users/hp/AppData/Local/Temp/jsreport/autocleanup/b45fee1a-644d-4922-9d42-b84ae11a8a75-chrome-pdf.html","meta":{"rootId":"nhakl547z10k1gj","id":"nhakl547z10k1gj"},"id":"2k7hcnk8tgb4z63","previousOperationId":"vyh0x3khvk7tdks"}
{"type":"log","timestamp":1684329385925,"level":"debug","message":"Page request finished: GET (document) 200 file:///C:/Users/hp/AppData/Local/Temp/jsreport/autocleanup/b45fee1a-644d-4922-9d42-b84ae11a8a75-chrome-pdf.html","meta":{"rootId":"nhakl547z10k1gj","id":"nhakl547z10k1gj"},"id":"qiiw5gmiv9fmafa","previousOperationId":"vyh0x3khvk7tdks"}
{"type":"log","timestamp":1684329385974,"level":"debug","message":"Running chrome with params {\"timeout\":59175,\"margin\":{},\"printBackground\":true}","meta":{"rootId":"nhakl547z10k1gj","id":"nhakl547z10k1gj"},"id":"4rknzuuuwoanrii","previousOperationId":"vyh0x3khvk7tdks"}
{"type":"operationEnd","operationId":"vyh0x3khvk7tdks","timestamp":1684329386173,"id":"2fml7uko7nhuco6","previousEventId":"ejmqs95d52bsmta","previousOperationId":"vyh0x3khvk7tdks"}
{"type":"log","timestamp":1684329386173,"level":"debug","message":"Skipping storing report.","meta":{"rootId":"nhakl547z10k1gj","id":"nhakl547z10k1gj"},"id":"f5w94uvbwfz4c5d","previousOperationId":"vyh0x3khvk7tdks"}
{"type":"log","timestamp":1684329386174,"level":"info","message":"Rendering request 1 finished in 2726 ms","meta":{"rootId":"nhakl547z10k1gj","id":"nhakl547z10k1gj"},"id":"40yughp41k2286z","previousOperationId":"vyh0x3khvk7tdks"}
{"type":"operationEnd","subtype":"render","operationId":"g7qy0v9ph5yqiuu","timestamp":1684329386174,"id":"kwybm1cbrbu2b1b","previousEventId":"2fml7uko7nhuco6","previousOperationId":"vyh0x3khvk7tdks"}
{"type":"operationEnd","doDiffs":false,"previousEventId":"ijmz6upeoytju70","previousOperationId":"4urn2bx51623l4k","operationId":"4urn2bx51623l4k","timestamp":1684329386177,"id":"ld8zbrrt4q3omio"}
