{"type":"operationStart","subtype":"profile","data":{"_id":"zyUK5oU1KQIXVcRH","timestamp":"2023-05-17T20:01:47.716Z","state":"queued","mode":"standard","timeout":60000,"creationDate":"2023-05-17T20:01:48.120Z","modificationDate":"2023-05-17T20:01:48.120Z","shortid":"JQWkl5H","$entitySet":"profiles"},"doDiffs":false,"timestamp":1684353708120,"id":"v8v68g6t0w472ab","previousOperationId":null,"operationId":"1yavlg1fz5k16fm"}
{"type":"log","level":"info","message":"Render request 14 queued for execution and waiting for available worker","previousOperationId":"1yavlg1fz5k16fm","timestamp":1684353708120,"id":"y7o3zs5fm13ble4"}
{"type":"operationStart","subtype":"render","name":"anonymous","previousOperationId":"1yavlg1fz5k16fm","timestamp":1684353708149,"id":"auv6h1538p7tzyw","previousEventId":"v8v68g6t0w472ab","operationId":"2qdelnjwpriww84"}
{"type":"log","timestamp":1684353708149,"level":"info","message":"Starting rendering request 14","meta":{"rootId":"nxke1bj7luaycat","id":"nxke1bj7luaycat"},"id":"lv5iftex2vrm1lg","previousOperationId":"2qdelnjwpriww84"}
{"type":"log","timestamp":1684353708150,"level":"info","message":"Rendering anonymous template { recipe: chrome-pdf, engine: handlebars }","meta":{"rootId":"nxke1bj7luaycat","id":"nxke1bj7luaycat"},"id":"062kacnden9cydx","previousOperationId":"2qdelnjwpriww84"}
{"type":"log","timestamp":1684353708150,"level":"debug","message":"Inline data specified.","meta":{"rootId":"nxke1bj7luaycat","id":"nxke1bj7luaycat"},"id":"r2q923dlggdiiaw","previousOperationId":"2qdelnjwpriww84"}
{"type":"log","timestamp":1684353708152,"level":"debug","message":"Base url not specified, skipping its injection.","meta":{"rootId":"nxke1bj7luaycat","id":"nxke1bj7luaycat"},"id":"pvkeg2sp1qdprkv","previousOperationId":"2qdelnjwpriww84"}
{"type":"operationStart","subtype":"engine","name":"handlebars","timestamp":1684353708152,"id":"gjhsj1wkirqysd3","previousEventId":"auv6h1538p7tzyw","operationId":"y3r57kzh17fy72b","previousOperationId":"2qdelnjwpriww84"}
{"type":"log","timestamp":1684353708152,"level":"debug","message":"Rendering engine handlebars","meta":{"rootId":"nxke1bj7luaycat","id":"nxke1bj7luaycat"},"id":"r8ash0u9mi13yne","previousOperationId":"y3r57kzh17fy72b"}
{"type":"operationEnd","operationId":"y3r57kzh17fy72b","timestamp":1684353708165,"id":"74318cqtzydacvf","previousEventId":"gjhsj1wkirqysd3","previousOperationId":"y3r57kzh17fy72b"}
{"type":"operationStart","subtype":"recipe","name":"chrome-pdf","timestamp":1684353708166,"id":"70z2pbc62vl94o1","previousEventId":"74318cqtzydacvf","operationId":"jnmceq8e7z6otnc","previousOperationId":"y3r57kzh17fy72b"}
{"type":"log","timestamp":1684353708166,"level":"debug","message":"Executing recipe chrome-pdf","meta":{"rootId":"nxke1bj7luaycat","id":"nxke1bj7luaycat"},"id":"n8bqxh6yrbfvf3b","previousOperationId":"jnmceq8e7z6otnc"}
{"type":"log","timestamp":1684353708171,"level":"debug","message":"Converting with chrome HeadlessChrome/105.0.5173.0 using chrome-pool strategy","meta":{"rootId":"nxke1bj7luaycat","id":"nxke1bj7luaycat"},"id":"baangz33qofygh7","previousOperationId":"jnmceq8e7z6otnc"}
{"type":"log","timestamp":1684353708371,"level":"debug","message":"Page request: GET (document) file:///C:/Users/hp/AppData/Local/Temp/jsreport/autocleanup/f2128b13-2b2e-4eeb-975d-3ee5d56b1386-chrome-pdf.html","meta":{"rootId":"nxke1bj7luaycat","id":"nxke1bj7luaycat"},"id":"sg5jyf8863zl13k","previousOperationId":"jnmceq8e7z6otnc"}
{"type":"log","timestamp":1684353708390,"level":"debug","message":"Page request finished: GET (document) 200 file:///C:/Users/hp/AppData/Local/Temp/jsreport/autocleanup/f2128b13-2b2e-4eeb-975d-3ee5d56b1386-chrome-pdf.html","meta":{"rootId":"nxke1bj7luaycat","id":"nxke1bj7luaycat"},"id":"qq1ty9v6075hvee","previousOperationId":"jnmceq8e7z6otnc"}
{"type":"log","timestamp":1684353708538,"level":"debug","message":"Running chrome with params {\"timeout\":59546,\"margin\":{},\"printBackground\":true}","meta":{"rootId":"nxke1bj7luaycat","id":"nxke1bj7luaycat"},"id":"m6fi01z3irmkfd3","previousOperationId":"jnmceq8e7z6otnc"}
{"type":"operationEnd","operationId":"jnmceq8e7z6otnc","timestamp":1684353709114,"id":"abb6utud1o3fivm","previousEventId":"70z2pbc62vl94o1","previousOperationId":"jnmceq8e7z6otnc"}
{"type":"log","timestamp":1684353709114,"level":"debug","message":"Skipping storing report.","meta":{"rootId":"nxke1bj7luaycat","id":"nxke1bj7luaycat"},"id":"rmonqzjxughewha","previousOperationId":"jnmceq8e7z6otnc"}
{"type":"log","timestamp":1684353709114,"level":"info","message":"Rendering request 14 finished in 1399 ms","meta":{"rootId":"nxke1bj7luaycat","id":"nxke1bj7luaycat"},"id":"t9u38k6o5mb26ri","previousOperationId":"jnmceq8e7z6otnc"}
{"type":"operationEnd","subtype":"render","operationId":"2qdelnjwpriww84","timestamp":1684353709114,"id":"jq54xojvfr4v9lk","previousEventId":"abb6utud1o3fivm","previousOperationId":"jnmceq8e7z6otnc"}
{"type":"operationEnd","doDiffs":false,"previousEventId":"v8v68g6t0w472ab","previousOperationId":"1yavlg1fz5k16fm","operationId":"1yavlg1fz5k16fm","timestamp":1684353709184,"id":"4yvkaiarvsdvhwh"}
