{"type":"operationStart","subtype":"profile","data":{"_id":"8s7YfVUEeLrQTdhI","timestamp":"2023-05-15T16:06:43.935Z","state":"queued","mode":"standard","timeout":60000,"creationDate":"2023-05-15T16:06:43.938Z","modificationDate":"2023-05-15T16:06:43.938Z","shortid":"QTgdKyC","$entitySet":"profiles"},"doDiffs":false,"timestamp":1684166803937,"id":"4ilse833papcypo","previousOperationId":null,"operationId":"m6jfpsdwfn1ow6l"}
{"type":"log","level":"info","message":"Render request 1 queued for execution and waiting for available worker","previousOperationId":"m6jfpsdwfn1ow6l","timestamp":1684166803937,"id":"3z52299lvb1clz6"}
{"type":"operationStart","subtype":"render","name":"anonymous","previousOperationId":"m6jfpsdwfn1ow6l","timestamp":1684166803958,"id":"akzselaxtaaexqk","previousEventId":"4ilse833papcypo","operationId":"sysest0ek8gqvvp"}
{"type":"log","timestamp":1684166803959,"level":"info","message":"Starting rendering request 1","meta":{"rootId":"o2f4ko6zk87uvhc","id":"o2f4ko6zk87uvhc"},"id":"2z6qyr0amd2u2sw","previousOperationId":"sysest0ek8gqvvp"}
{"type":"log","timestamp":1684166803961,"level":"info","message":"Rendering anonymous template { recipe: chrome-pdf, engine: handlebars }","meta":{"rootId":"o2f4ko6zk87uvhc","id":"o2f4ko6zk87uvhc"},"id":"rjhl69p7szz4y0j","previousOperationId":"sysest0ek8gqvvp"}
{"type":"log","timestamp":1684166803962,"level":"debug","message":"Inline data specified.","meta":{"rootId":"o2f4ko6zk87uvhc","id":"o2f4ko6zk87uvhc"},"id":"avext498crulz2y","previousOperationId":"sysest0ek8gqvvp"}
{"type":"log","timestamp":1684166803969,"level":"debug","message":"Base url not specified, skipping its injection.","meta":{"rootId":"o2f4ko6zk87uvhc","id":"o2f4ko6zk87uvhc"},"id":"igzv3v3lozn7ys9","previousOperationId":"sysest0ek8gqvvp"}
{"type":"operationStart","subtype":"engine","name":"handlebars","timestamp":1684166803970,"id":"cpssr7nnmjshzf1","previousEventId":"akzselaxtaaexqk","operationId":"ada8l7f2yzzv3ev","previousOperationId":"sysest0ek8gqvvp"}
{"type":"log","timestamp":1684166803971,"level":"debug","message":"Rendering engine handlebars","meta":{"rootId":"o2f4ko6zk87uvhc","id":"o2f4ko6zk87uvhc"},"id":"5my1osi4joqftyu","previousOperationId":"ada8l7f2yzzv3ev"}
{"type":"operationEnd","operationId":"ada8l7f2yzzv3ev","timestamp":1684166804550,"id":"t4jjowh6lqo2liw","previousEventId":"cpssr7nnmjshzf1","previousOperationId":"ada8l7f2yzzv3ev"}
{"type":"operationStart","subtype":"recipe","name":"chrome-pdf","timestamp":1684166804551,"id":"m3qui8ddgny2h3b","previousEventId":"t4jjowh6lqo2liw","operationId":"m4457ksztk8xli1","previousOperationId":"ada8l7f2yzzv3ev"}
{"type":"log","timestamp":1684166804551,"level":"debug","message":"Executing recipe chrome-pdf","meta":{"rootId":"o2f4ko6zk87uvhc","id":"o2f4ko6zk87uvhc"},"id":"kgzlx5d6h9h7fex","previousOperationId":"m4457ksztk8xli1"}
{"type":"log","timestamp":1684166804944,"level":"debug","message":"Converting with chrome HeadlessChrome/105.0.5173.0 using chrome-pool strategy","meta":{"rootId":"o2f4ko6zk87uvhc","id":"o2f4ko6zk87uvhc"},"id":"zkcoa135vvp7zks","previousOperationId":"m4457ksztk8xli1"}
{"type":"log","timestamp":1684166806385,"level":"debug","message":"Page request: GET (document) file:///C:/Users/hp/AppData/Local/Temp/jsreport/autocleanup/1c5ce1bf-1fb7-4314-be69-10a007a4531f-chrome-pdf.html","meta":{"rootId":"o2f4ko6zk87uvhc","id":"o2f4ko6zk87uvhc"},"id":"dx4ctxkegr1hzqa","previousOperationId":"m4457ksztk8xli1"}
{"type":"log","timestamp":1684166806397,"level":"debug","message":"Page request finished: GET (document) 200 file:///C:/Users/hp/AppData/Local/Temp/jsreport/autocleanup/1c5ce1bf-1fb7-4314-be69-10a007a4531f-chrome-pdf.html","meta":{"rootId":"o2f4ko6zk87uvhc","id":"o2f4ko6zk87uvhc"},"id":"e6f0bo01l4nzt0g","previousOperationId":"m4457ksztk8xli1"}
{"type":"log","timestamp":1684166806453,"level":"debug","message":"Running chrome with params {\"timeout\":59218,\"margin\":{},\"printBackground\":true}","meta":{"rootId":"o2f4ko6zk87uvhc","id":"o2f4ko6zk87uvhc"},"id":"nordopdxoys6jbl","previousOperationId":"m4457ksztk8xli1"}
{"type":"operationEnd","operationId":"m4457ksztk8xli1","timestamp":1684166806669,"id":"i1tjl5fks2jmf4r","previousEventId":"m3qui8ddgny2h3b","previousOperationId":"m4457ksztk8xli1"}
{"type":"log","timestamp":1684166806670,"level":"debug","message":"Skipping storing report.","meta":{"rootId":"o2f4ko6zk87uvhc","id":"o2f4ko6zk87uvhc"},"id":"ye35g6xcxzvtgax","previousOperationId":"m4457ksztk8xli1"}
{"type":"log","timestamp":1684166806670,"level":"info","message":"Rendering request 1 finished in 2735 ms","meta":{"rootId":"o2f4ko6zk87uvhc","id":"o2f4ko6zk87uvhc"},"id":"dnyavlft0x6ma88","previousOperationId":"m4457ksztk8xli1"}
{"type":"operationEnd","subtype":"render","operationId":"sysest0ek8gqvvp","timestamp":1684166806670,"id":"33thv9np2lnj3v2","previousEventId":"i1tjl5fks2jmf4r","previousOperationId":"m4457ksztk8xli1"}
{"type":"operationEnd","doDiffs":false,"previousEventId":"4ilse833papcypo","previousOperationId":"m6jfpsdwfn1ow6l","operationId":"m6jfpsdwfn1ow6l","timestamp":1684166806674,"id":"2wim6t1uelp7h6j"}
