{"type":"operationStart","subtype":"profile","data":{"_id":"OadrUaLCxiQej8vn","timestamp":"2023-04-18T17:54:29.557Z","state":"queued","mode":"standard","timeout":60000,"creationDate":"2023-04-18T17:54:29.566Z","modificationDate":"2023-04-18T17:54:29.566Z","shortid":"tCmcYIZ","$entitySet":"profiles"},"doDiffs":false,"timestamp":1681840469565,"id":"ujszcdykzn42715","previousOperationId":null,"operationId":"rwvsa52a92do39q"}
{"type":"log","level":"info","message":"Render request 2 queued for execution and waiting for available worker","previousOperationId":"rwvsa52a92do39q","timestamp":1681840469565,"id":"09wuhs675q9t836"}
{"type":"operationStart","subtype":"render","name":"anonymous","previousOperationId":"rwvsa52a92do39q","timestamp":1681840469592,"id":"syv0jyqeeudx6gu","previousEventId":"ujszcdykzn42715","operationId":"9usu83ea1am19q9"}
{"type":"log","timestamp":1681840469592,"level":"info","message":"Starting rendering request 2","meta":{"rootId":"okgwazrvud5ts7x","id":"okgwazrvud5ts7x"},"id":"5nwibc6fwvufsp2","previousOperationId":"9usu83ea1am19q9"}
{"type":"log","timestamp":1681840469593,"level":"info","message":"Rendering anonymous template { recipe: chrome-pdf, engine: handlebars }","meta":{"rootId":"okgwazrvud5ts7x","id":"okgwazrvud5ts7x"},"id":"l9r5ngetrbrhsjq","previousOperationId":"9usu83ea1am19q9"}
{"type":"log","timestamp":1681840469593,"level":"debug","message":"Inline data specified.","meta":{"rootId":"okgwazrvud5ts7x","id":"okgwazrvud5ts7x"},"id":"tidt2ij9y4glu5p","previousOperationId":"9usu83ea1am19q9"}
{"type":"log","timestamp":1681840469598,"level":"debug","message":"Base url not specified, skipping its injection.","meta":{"rootId":"okgwazrvud5ts7x","id":"okgwazrvud5ts7x"},"id":"25rpw4fg8chab6o","previousOperationId":"9usu83ea1am19q9"}
{"type":"operationStart","subtype":"engine","name":"handlebars","timestamp":1681840469599,"id":"eh21xl3ls3xc9jf","previousEventId":"syv0jyqeeudx6gu","operationId":"akno3hylsmkf0hx","previousOperationId":"9usu83ea1am19q9"}
{"type":"log","timestamp":1681840469600,"level":"debug","message":"Rendering engine handlebars","meta":{"rootId":"okgwazrvud5ts7x","id":"okgwazrvud5ts7x"},"id":"srzc1lki3yyc3wk","previousOperationId":"akno3hylsmkf0hx"}
{"type":"operationEnd","operationId":"akno3hylsmkf0hx","timestamp":1681840469617,"id":"xivgfok3hjmccki","previousEventId":"eh21xl3ls3xc9jf","previousOperationId":"akno3hylsmkf0hx"}
{"type":"operationStart","subtype":"recipe","name":"chrome-pdf","timestamp":1681840469618,"id":"e5v67lwwk5gouvh","previousEventId":"xivgfok3hjmccki","operationId":"saxkibe5gjlw7k6","previousOperationId":"akno3hylsmkf0hx"}
{"type":"log","timestamp":1681840469618,"level":"debug","message":"Executing recipe chrome-pdf","meta":{"rootId":"okgwazrvud5ts7x","id":"okgwazrvud5ts7x"},"id":"0vw2gggrf624efk","previousOperationId":"saxkibe5gjlw7k6"}
{"type":"log","timestamp":1681840469625,"level":"debug","message":"Converting with chrome HeadlessChrome/105.0.5173.0 using chrome-pool strategy","meta":{"rootId":"okgwazrvud5ts7x","id":"okgwazrvud5ts7x"},"id":"ow0pv8k4hvlu9jm","previousOperationId":"saxkibe5gjlw7k6"}
{"type":"log","timestamp":1681840469799,"level":"debug","message":"Page request: GET (document) file:///C:/Users/hp/AppData/Local/Temp/jsreport/autocleanup/20bfd72b-b667-4ddc-b0bf-a41c9df57c3e-chrome-pdf.html","meta":{"rootId":"okgwazrvud5ts7x","id":"okgwazrvud5ts7x"},"id":"nu08kso87rv8ay1","previousOperationId":"saxkibe5gjlw7k6"}
{"type":"log","timestamp":1681840469812,"level":"debug","message":"Page request finished: GET (document) 200 file:///C:/Users/hp/AppData/Local/Temp/jsreport/autocleanup/20bfd72b-b667-4ddc-b0bf-a41c9df57c3e-chrome-pdf.html","meta":{"rootId":"okgwazrvud5ts7x","id":"okgwazrvud5ts7x"},"id":"5fg50nhh2x8uc02","previousOperationId":"saxkibe5gjlw7k6"}
{"type":"log","timestamp":1681840469812,"level":"debug","message":"Page request: GET (stylesheet) https://stackpath.bootstrapcdn.com/bootstrap/4.4.1/css/bootstrap.min.css","meta":{"rootId":"okgwazrvud5ts7x","id":"okgwazrvud5ts7x"},"id":"wn3q8uj86ms07qt","previousOperationId":"saxkibe5gjlw7k6"}
{"type":"log","timestamp":1681840469813,"level":"debug","message":"Page request: GET (image) https://assets-global.website-files.com/5ca4d1fd374efbecd845739f/611be296e1ecb589c495418a_JAS%20and%20Greencarrier.png","meta":{"rootId":"okgwazrvud5ts7x","id":"okgwazrvud5ts7x"},"id":"x1dagw0z6el5zsb","previousOperationId":"saxkibe5gjlw7k6"}
{"type":"log","timestamp":1681840469819,"level":"debug","message":"Page request finished: GET (image) 200 https://assets-global.website-files.com/5ca4d1fd374efbecd845739f/611be296e1ecb589c495418a_JAS%20and%20Greencarrier.png","meta":{"rootId":"okgwazrvud5ts7x","id":"okgwazrvud5ts7x"},"id":"dt88faqopmushag","previousOperationId":"saxkibe5gjlw7k6"}
{"type":"log","timestamp":1681840469826,"level":"debug","message":"Page request finished: GET (stylesheet) 200 https://stackpath.bootstrapcdn.com/bootstrap/4.4.1/css/bootstrap.min.css","meta":{"rootId":"okgwazrvud5ts7x","id":"okgwazrvud5ts7x"},"id":"umcz9o3k7ri5m3p","previousOperationId":"saxkibe5gjlw7k6"}
{"type":"log","timestamp":1681840469907,"level":"debug","message":"Running chrome with params {\"timeout\":59935,\"margin\":{},\"printBackground\":true}","meta":{"rootId":"okgwazrvud5ts7x","id":"okgwazrvud5ts7x"},"id":"q515dmq3g5zs4y2","previousOperationId":"saxkibe5gjlw7k6"}
{"type":"operationEnd","operationId":"saxkibe5gjlw7k6","timestamp":1681840470175,"id":"gp7jw2h7ct4c4n7","previousEventId":"e5v67lwwk5gouvh","previousOperationId":"saxkibe5gjlw7k6"}
{"type":"log","timestamp":1681840470175,"level":"debug","message":"Skipping storing report.","meta":{"rootId":"okgwazrvud5ts7x","id":"okgwazrvud5ts7x"},"id":"pg2fpesr31q0gec","previousOperationId":"saxkibe5gjlw7k6"}
{"type":"log","timestamp":1681840470175,"level":"info","message":"Rendering request 2 finished in 619 ms","meta":{"rootId":"okgwazrvud5ts7x","id":"okgwazrvud5ts7x"},"id":"kn1h6ybgw8ijg6w","previousOperationId":"saxkibe5gjlw7k6"}
{"type":"operationEnd","subtype":"render","operationId":"9usu83ea1am19q9","timestamp":1681840470176,"id":"ca6lpxo9m8k38vc","previousEventId":"gp7jw2h7ct4c4n7","previousOperationId":"saxkibe5gjlw7k6"}
{"type":"operationEnd","doDiffs":false,"previousEventId":"ujszcdykzn42715","previousOperationId":"rwvsa52a92do39q","operationId":"rwvsa52a92do39q","timestamp":1681840470178,"id":"6ggwo1hsd57c5g3"}
