{"type":"operationStart","subtype":"profile","data":{"_id":"SCHAN7FoAQIFUiWU","timestamp":"2023-05-18T18:15:08.308Z","state":"queued","mode":"standard","timeout":60000,"creationDate":"2023-05-18T18:15:08.310Z","modificationDate":"2023-05-18T18:15:08.310Z","shortid":"U5HqurK","$entitySet":"profiles"},"doDiffs":false,"timestamp":1684433708309,"id":"287isgubl4y1ocu","previousOperationId":null,"operationId":"rrnoya426l7a6x5"}
{"type":"log","level":"info","message":"Render request 4 queued for execution and waiting for available worker","previousOperationId":"rrnoya426l7a6x5","timestamp":1684433708309,"id":"4cf10szuym5af4o"}
{"type":"operationStart","subtype":"render","name":"anonymous","previousOperationId":"rrnoya426l7a6x5","timestamp":1684433708314,"id":"q2knzminenswr7b","previousEventId":"287isgubl4y1ocu","operationId":"oyezeob3r13gtwh"}
{"type":"log","timestamp":1684433708315,"level":"info","message":"Starting rendering request 4","meta":{"rootId":"olhwknkq95c88db","id":"olhwknkq95c88db"},"id":"czhks4whhzyzuy7","previousOperationId":"oyezeob3r13gtwh"}
{"type":"log","timestamp":1684433708315,"level":"info","message":"Rendering anonymous template { recipe: chrome-pdf, engine: handlebars }","meta":{"rootId":"olhwknkq95c88db","id":"olhwknkq95c88db"},"id":"njwy7xufe3aud2z","previousOperationId":"oyezeob3r13gtwh"}
{"type":"log","timestamp":1684433708315,"level":"debug","message":"Inline data specified.","meta":{"rootId":"olhwknkq95c88db","id":"olhwknkq95c88db"},"id":"36qlfh5sfj0u0zz","previousOperationId":"oyezeob3r13gtwh"}
{"type":"log","timestamp":1684433708319,"level":"debug","message":"Base url not specified, skipping its injection.","meta":{"rootId":"olhwknkq95c88db","id":"olhwknkq95c88db"},"id":"app7tvc2wy8g38d","previousOperationId":"oyezeob3r13gtwh"}
{"type":"operationStart","subtype":"engine","name":"handlebars","timestamp":1684433708320,"id":"7px77klshpskmn3","previousEventId":"q2knzminenswr7b","operationId":"gh29ymxshgov0mn","previousOperationId":"oyezeob3r13gtwh"}
{"type":"log","timestamp":1684433708320,"level":"debug","message":"Rendering engine handlebars","meta":{"rootId":"olhwknkq95c88db","id":"olhwknkq95c88db"},"id":"kbmo4b6vayd2hzd","previousOperationId":"gh29ymxshgov0mn"}
{"type":"operationEnd","operationId":"gh29ymxshgov0mn","timestamp":1684433708331,"id":"u6q3uymykot4d9v","previousEventId":"7px77klshpskmn3","previousOperationId":"gh29ymxshgov0mn"}
{"type":"operationStart","subtype":"recipe","name":"chrome-pdf","timestamp":1684433708332,"id":"vr3hv67mxbmzxr8","previousEventId":"u6q3uymykot4d9v","operationId":"me87x2hs84m649h","previousOperationId":"gh29ymxshgov0mn"}
{"type":"log","timestamp":1684433708332,"level":"debug","message":"Executing recipe chrome-pdf","meta":{"rootId":"olhwknkq95c88db","id":"olhwknkq95c88db"},"id":"u6o29iwy32xy8jd","previousOperationId":"me87x2hs84m649h"}
{"type":"log","timestamp":1684433708336,"level":"debug","message":"Converting with chrome HeadlessChrome/105.0.5173.0 using chrome-pool strategy","meta":{"rootId":"olhwknkq95c88db","id":"olhwknkq95c88db"},"id":"8koz0dtbbhlz1nb","previousOperationId":"me87x2hs84m649h"}
{"type":"log","timestamp":1684433708487,"level":"debug","message":"Page request: GET (document) file:///C:/Users/hp/AppData/Local/Temp/jsreport/autocleanup/b9ef4ab9-b5da-4e13-b1ee-5c24332dcc03-chrome-pdf.html","meta":{"rootId":"olhwknkq95c88db","id":"olhwknkq95c88db"},"id":"tfaubgjhq1qju4g","previousOperationId":"me87x2hs84m649h"}
{"type":"log","timestamp":1684433708499,"level":"debug","message":"Page request finished: GET (document) 200 file:///C:/Users/hp/AppData/Local/Temp/jsreport/autocleanup/b9ef4ab9-b5da-4e13-b1ee-5c24332dcc03-chrome-pdf.html","meta":{"rootId":"olhwknkq95c88db","id":"olhwknkq95c88db"},"id":"bx2xj717p78od77","previousOperationId":"me87x2hs84m649h"}
{"type":"log","timestamp":1684433708593,"level":"debug","message":"Running chrome with params {\"timeout\":59973,\"margin\":{},\"printBackground\":true}","meta":{"rootId":"olhwknkq95c88db","id":"olhwknkq95c88db"},"id":"cqvvuasn7hfqlb2","previousOperationId":"me87x2hs84m649h"}
{"type":"operationEnd","operationId":"me87x2hs84m649h","timestamp":1684433709083,"id":"wl94ecuye3ewzhb","previousEventId":"vr3hv67mxbmzxr8","previousOperationId":"me87x2hs84m649h"}
{"type":"log","timestamp":1684433709083,"level":"debug","message":"Skipping storing report.","meta":{"rootId":"olhwknkq95c88db","id":"olhwknkq95c88db"},"id":"af8fzh5lfduvae0","previousOperationId":"me87x2hs84m649h"}
{"type":"log","timestamp":1684433709084,"level":"info","message":"Rendering request 4 finished in 777 ms","meta":{"rootId":"olhwknkq95c88db","id":"olhwknkq95c88db"},"id":"tvt4vsekjsito1l","previousOperationId":"me87x2hs84m649h"}
{"type":"operationEnd","subtype":"render","operationId":"oyezeob3r13gtwh","timestamp":1684433709084,"id":"u1xice2p8u2rkr9","previousEventId":"wl94ecuye3ewzhb","previousOperationId":"me87x2hs84m649h"}
{"type":"operationEnd","doDiffs":false,"previousEventId":"287isgubl4y1ocu","previousOperationId":"rrnoya426l7a6x5","operationId":"rrnoya426l7a6x5","timestamp":1684433709086,"id":"5hl8agh9is3pkgh"}
