{"type":"operationStart","subtype":"profile","data":{"_id":"mv0U3R89tPMzBDDz","timestamp":"2023-04-11T19:00:00.281Z","state":"queued","mode":"standard","timeout":60000,"creationDate":"2023-04-11T19:00:00.294Z","modificationDate":"2023-04-11T19:00:00.294Z","shortid":"ANjlhkl","$entitySet":"profiles"},"doDiffs":false,"timestamp":1681239600292,"id":"nla0f8uo52b8px0","previousOperationId":null,"operationId":"p1oj89urojovowj"}
{"type":"log","level":"info","message":"Render request 1 queued for execution and waiting for available worker","previousOperationId":"p1oj89urojovowj","timestamp":1681239600292,"id":"4sy0ib2tr76t8p0"}
{"type":"operationStart","subtype":"render","name":"anonymous","previousOperationId":"p1oj89urojovowj","timestamp":1681239600331,"id":"ky9y5uxavl5pyeu","previousEventId":"nla0f8uo52b8px0","operationId":"424u1d7op1ymzfv"}
{"type":"log","timestamp":1681239600332,"level":"info","message":"Starting rendering request 1","meta":{"rootId":"omglaai0he0ewgt","id":"omglaai0he0ewgt"},"id":"mbcs7ff1t0ikfmb","previousOperationId":"424u1d7op1ymzfv"}
{"type":"log","timestamp":1681239600334,"level":"info","message":"Rendering anonymous template { recipe: chrome-pdf, engine: handlebars }","meta":{"rootId":"omglaai0he0ewgt","id":"omglaai0he0ewgt"},"id":"u027l5bapf5xc0n","previousOperationId":"424u1d7op1ymzfv"}
{"type":"log","timestamp":1681239600334,"level":"debug","message":"Inline data specified.","meta":{"rootId":"omglaai0he0ewgt","id":"omglaai0he0ewgt"},"id":"j0ljbc4k84t16mv","previousOperationId":"424u1d7op1ymzfv"}
{"type":"log","timestamp":1681239600343,"level":"debug","message":"Base url not specified, skipping its injection.","meta":{"rootId":"omglaai0he0ewgt","id":"omglaai0he0ewgt"},"id":"8us95154gsdad2y","previousOperationId":"424u1d7op1ymzfv"}
{"type":"operationStart","subtype":"engine","name":"handlebars","timestamp":1681239600344,"id":"lyhql4musddhh83","previousEventId":"ky9y5uxavl5pyeu","operationId":"go3ypiyb9zux4ht","previousOperationId":"424u1d7op1ymzfv"}
{"type":"log","timestamp":1681239600344,"level":"debug","message":"Rendering engine handlebars","meta":{"rootId":"omglaai0he0ewgt","id":"omglaai0he0ewgt"},"id":"bgdd8eg2soduzvg","previousOperationId":"go3ypiyb9zux4ht"}
{"type":"operationEnd","operationId":"go3ypiyb9zux4ht","timestamp":1681239601929,"id":"lsgyvjv5lznlika","previousEventId":"lyhql4musddhh83","previousOperationId":"go3ypiyb9zux4ht"}
{"type":"operationStart","subtype":"recipe","name":"chrome-pdf","timestamp":1681239601930,"id":"4svb75jhud7o27z","previousEventId":"lsgyvjv5lznlika","operationId":"mwp3ika8jjpn7cy","previousOperationId":"go3ypiyb9zux4ht"}
{"type":"log","timestamp":1681239601930,"level":"debug","message":"Executing recipe chrome-pdf","meta":{"rootId":"omglaai0he0ewgt","id":"omglaai0he0ewgt"},"id":"f0nofexu8v8cuo9","previousOperationId":"mwp3ika8jjpn7cy"}
{"type":"log","timestamp":1681239603016,"level":"debug","message":"Converting with chrome HeadlessChrome/105.0.5173.0 using chrome-pool strategy","meta":{"rootId":"omglaai0he0ewgt","id":"omglaai0he0ewgt"},"id":"kzkruii2t193zca","previousOperationId":"mwp3ika8jjpn7cy"}
{"type":"log","timestamp":1681239603244,"level":"debug","message":"Page request: GET (document) file:///C:/Users/SACHIN~1/AppData/Local/Temp/jsreport/autocleanup/33bfe6d3-9f64-45a8-bb4e-a7fe2849f89e-chrome-pdf.html","meta":{"rootId":"omglaai0he0ewgt","id":"omglaai0he0ewgt"},"id":"jj27bplqk7nqohh","previousOperationId":"mwp3ika8jjpn7cy"}
{"type":"log","timestamp":1681239603265,"level":"debug","message":"Page request finished: GET (document) 200 file:///C:/Users/SACHIN~1/AppData/Local/Temp/jsreport/autocleanup/33bfe6d3-9f64-45a8-bb4e-a7fe2849f89e-chrome-pdf.html","meta":{"rootId":"omglaai0he0ewgt","id":"omglaai0he0ewgt"},"id":"ju807m60kxirnq3","previousOperationId":"mwp3ika8jjpn7cy"}
{"type":"log","timestamp":1681239603266,"level":"debug","message":"Page request: GET (stylesheet) https://stackpath.bootstrapcdn.com/bootstrap/4.4.1/css/bootstrap.min.css","meta":{"rootId":"omglaai0he0ewgt","id":"omglaai0he0ewgt"},"id":"naoyjscjhtk7vlb","previousOperationId":"mwp3ika8jjpn7cy"}
{"type":"log","timestamp":1681239603266,"level":"debug","message":"Page request: GET (image) https://assets-global.website-files.com/5ca4d1fd374efbecd845739f/611be296e1ecb589c495418a_JAS%20and%20Greencarrier.png","meta":{"rootId":"omglaai0he0ewgt","id":"omglaai0he0ewgt"},"id":"l0m44nkuefljwml","previousOperationId":"mwp3ika8jjpn7cy"}
{"type":"log","timestamp":1681239606540,"level":"debug","message":"Page request finished: GET (image) 200 https://assets-global.website-files.com/5ca4d1fd374efbecd845739f/611be296e1ecb589c495418a_JAS%20and%20Greencarrier.png","meta":{"rootId":"omglaai0he0ewgt","id":"omglaai0he0ewgt"},"id":"na7dieen5emrgn5","previousOperationId":"mwp3ika8jjpn7cy"}
{"type":"log","timestamp":1681239606621,"level":"debug","message":"Page request finished: GET (stylesheet) 200 https://stackpath.bootstrapcdn.com/bootstrap/4.4.1/css/bootstrap.min.css","meta":{"rootId":"omglaai0he0ewgt","id":"omglaai0he0ewgt"},"id":"iwh6vyorzploj48","previousOperationId":"mwp3ika8jjpn7cy"}
{"type":"log","timestamp":1681239606807,"level":"debug","message":"Running chrome with params {\"timeout\":58161,\"margin\":{},\"printBackground\":true}","meta":{"rootId":"omglaai0he0ewgt","id":"omglaai0he0ewgt"},"id":"kc2t7uhr9u09l7r","previousOperationId":"mwp3ika8jjpn7cy"}
{"type":"operationEnd","operationId":"mwp3ika8jjpn7cy","timestamp":1681239607126,"id":"usluyws2cmoxmdj","previousEventId":"4svb75jhud7o27z","previousOperationId":"mwp3ika8jjpn7cy"}
{"type":"log","timestamp":1681239607127,"level":"debug","message":"Skipping storing report.","meta":{"rootId":"omglaai0he0ewgt","id":"omglaai0he0ewgt"},"id":"u35tpu5g8qa8pjg","previousOperationId":"mwp3ika8jjpn7cy"}
{"type":"log","timestamp":1681239607127,"level":"info","message":"Rendering request 1 finished in 6847 ms","meta":{"rootId":"omglaai0he0ewgt","id":"omglaai0he0ewgt"},"id":"9gp6tagd930nce0","previousOperationId":"mwp3ika8jjpn7cy"}
{"type":"operationEnd","subtype":"render","operationId":"424u1d7op1ymzfv","timestamp":1681239607127,"id":"yo4zsaujubhvqoj","previousEventId":"usluyws2cmoxmdj","previousOperationId":"mwp3ika8jjpn7cy"}
{"type":"operationEnd","doDiffs":false,"previousEventId":"nla0f8uo52b8px0","previousOperationId":"p1oj89urojovowj","operationId":"p1oj89urojovowj","timestamp":1681239607131,"id":"wmf9g3v2f93cp26"}
