{"type":"operationStart","subtype":"profile","data":{"_id":"VfPaLdr6fGzdxGAS","timestamp":"2023-05-18T18:32:05.812Z","state":"queued","mode":"standard","timeout":60000,"creationDate":"2023-05-18T18:32:05.816Z","modificationDate":"2023-05-18T18:32:05.816Z","shortid":"D9v5wts","$entitySet":"profiles"},"doDiffs":false,"timestamp":1684434725815,"id":"roh5hf065705f98","previousOperationId":null,"operationId":"bfpsojwo37ix4wm"}
{"type":"log","level":"info","message":"Render request 3 queued for execution and waiting for available worker","previousOperationId":"bfpsojwo37ix4wm","timestamp":1684434725815,"id":"p5vc9o4sw42vfq9"}
{"type":"operationStart","subtype":"render","name":"anonymous","previousOperationId":"bfpsojwo37ix4wm","timestamp":1684434725822,"id":"by0wlldc22j7hrq","previousEventId":"roh5hf065705f98","operationId":"n67kml37ffg6fua"}
{"type":"log","timestamp":1684434725822,"level":"info","message":"Starting rendering request 3","meta":{"rootId":"opg9cdqx6130jh1","id":"opg9cdqx6130jh1"},"id":"ga1l5p4x6rax51w","previousOperationId":"n67kml37ffg6fua"}
{"type":"log","timestamp":1684434725822,"level":"info","message":"Rendering anonymous template { recipe: chrome-pdf, engine: handlebars }","meta":{"rootId":"opg9cdqx6130jh1","id":"opg9cdqx6130jh1"},"id":"8f773h0dkaoskp8","previousOperationId":"n67kml37ffg6fua"}
{"type":"log","timestamp":1684434725822,"level":"debug","message":"Inline data specified.","meta":{"rootId":"opg9cdqx6130jh1","id":"opg9cdqx6130jh1"},"id":"a4j6jrwoqslvodd","previousOperationId":"n67kml37ffg6fua"}
{"type":"log","timestamp":1684434725824,"level":"debug","message":"Base url not specified, skipping its injection.","meta":{"rootId":"opg9cdqx6130jh1","id":"opg9cdqx6130jh1"},"id":"imr5lcgpt18uhl2","previousOperationId":"n67kml37ffg6fua"}
{"type":"operationStart","subtype":"engine","name":"handlebars","timestamp":1684434725825,"id":"txnkwvua1932nty","previousEventId":"by0wlldc22j7hrq","operationId":"3wustto51zo3d2t","previousOperationId":"n67kml37ffg6fua"}
{"type":"log","timestamp":1684434725825,"level":"debug","message":"Rendering engine handlebars","meta":{"rootId":"opg9cdqx6130jh1","id":"opg9cdqx6130jh1"},"id":"et6gd9d9xb3dzx0","previousOperationId":"3wustto51zo3d2t"}
{"type":"operationEnd","operationId":"3wustto51zo3d2t","timestamp":1684434725851,"id":"mq8p8j99mnz1ml6","previousEventId":"txnkwvua1932nty","previousOperationId":"3wustto51zo3d2t"}
{"type":"operationStart","subtype":"recipe","name":"chrome-pdf","timestamp":1684434725851,"id":"edarebuomt6su4j","previousEventId":"mq8p8j99mnz1ml6","operationId":"glepdkwz83gi8nn","previousOperationId":"3wustto51zo3d2t"}
{"type":"log","timestamp":1684434725851,"level":"debug","message":"Executing recipe chrome-pdf","meta":{"rootId":"opg9cdqx6130jh1","id":"opg9cdqx6130jh1"},"id":"fe4tb0trqeysqml","previousOperationId":"glepdkwz83gi8nn"}
{"type":"log","timestamp":1684434725858,"level":"debug","message":"Converting with chrome HeadlessChrome/105.0.5173.0 using chrome-pool strategy","meta":{"rootId":"opg9cdqx6130jh1","id":"opg9cdqx6130jh1"},"id":"yo8xed12l33d54z","previousOperationId":"glepdkwz83gi8nn"}
{"type":"log","timestamp":1684434726012,"level":"debug","message":"Page request: GET (document) file:///C:/Users/hp/AppData/Local/Temp/jsreport/autocleanup/8cb2f33f-99cc-45f9-8060-533af6bb0580-chrome-pdf.html","meta":{"rootId":"opg9cdqx6130jh1","id":"opg9cdqx6130jh1"},"id":"xetmsldqe9s8emk","previousOperationId":"glepdkwz83gi8nn"}
{"type":"log","timestamp":1684434726023,"level":"debug","message":"Page request finished: GET (document) 200 file:///C:/Users/hp/AppData/Local/Temp/jsreport/autocleanup/8cb2f33f-99cc-45f9-8060-533af6bb0580-chrome-pdf.html","meta":{"rootId":"opg9cdqx6130jh1","id":"opg9cdqx6130jh1"},"id":"3m657hylrmtjzl0","previousOperationId":"glepdkwz83gi8nn"}
{"type":"log","timestamp":1684434726070,"level":"debug","message":"Running chrome with params {\"timeout\":59958,\"margin\":{},\"printBackground\":true}","meta":{"rootId":"opg9cdqx6130jh1","id":"opg9cdqx6130jh1"},"id":"8mj2gr5zok5trw6","previousOperationId":"glepdkwz83gi8nn"}
{"type":"operationEnd","operationId":"glepdkwz83gi8nn","timestamp":1684434726209,"id":"q3t8ka2gg2bq87o","previousEventId":"edarebuomt6su4j","previousOperationId":"glepdkwz83gi8nn"}
{"type":"log","timestamp":1684434726209,"level":"debug","message":"Skipping storing report.","meta":{"rootId":"opg9cdqx6130jh1","id":"opg9cdqx6130jh1"},"id":"7gqe7gkvmuygzv8","previousOperationId":"glepdkwz83gi8nn"}
{"type":"log","timestamp":1684434726209,"level":"info","message":"Rendering request 3 finished in 397 ms","meta":{"rootId":"opg9cdqx6130jh1","id":"opg9cdqx6130jh1"},"id":"o4ker8nu2n4dyv4","previousOperationId":"glepdkwz83gi8nn"}
{"type":"operationEnd","subtype":"render","operationId":"n67kml37ffg6fua","timestamp":1684434726209,"id":"v61kq9m4169nwqt","previousEventId":"q3t8ka2gg2bq87o","previousOperationId":"glepdkwz83gi8nn"}
{"type":"operationEnd","doDiffs":false,"previousEventId":"roh5hf065705f98","previousOperationId":"bfpsojwo37ix4wm","operationId":"bfpsojwo37ix4wm","timestamp":1684434726212,"id":"pkk638crgzoqcqu"}
