{"type":"operationStart","subtype":"profile","data":{"_id":"MapBJ8TiFv0RWD7K","timestamp":"2023-04-18T16:36:15.162Z","state":"queued","mode":"standard","timeout":60000,"creationDate":"2023-04-18T16:36:15.168Z","modificationDate":"2023-04-18T16:36:15.168Z","shortid":"q76_bPa","$entitySet":"profiles"},"doDiffs":false,"timestamp":1681835775167,"id":"r3efffsqlyuzhzt","previousOperationId":null,"operationId":"xizlj7jkjrl0t6e"}
{"type":"log","level":"info","message":"Render request 1 queued for execution and waiting for available worker","previousOperationId":"xizlj7jkjrl0t6e","timestamp":1681835775167,"id":"yxlpw6qtnt1r7ny"}
{"type":"operationStart","subtype":"render","name":"anonymous","previousOperationId":"xizlj7jkjrl0t6e","timestamp":1681835775196,"id":"qr5m3onx6avtaql","previousEventId":"r3efffsqlyuzhzt","operationId":"onosuimm57jyvgx"}
{"type":"log","timestamp":1681835775197,"level":"info","message":"Starting rendering request 1","meta":{"rootId":"osflrtcyw86rho8","id":"osflrtcyw86rho8"},"id":"1kippja9wtvh8zh","previousOperationId":"onosuimm57jyvgx"}
{"type":"log","timestamp":1681835775199,"level":"info","message":"Rendering anonymous template { recipe: chrome-pdf, engine: handlebars }","meta":{"rootId":"osflrtcyw86rho8","id":"osflrtcyw86rho8"},"id":"uajb9hq4zu9hcbq","previousOperationId":"onosuimm57jyvgx"}
{"type":"log","timestamp":1681835775199,"level":"debug","message":"Inline data specified.","meta":{"rootId":"osflrtcyw86rho8","id":"osflrtcyw86rho8"},"id":"32mtb6lq0a0e7ub","previousOperationId":"onosuimm57jyvgx"}
{"type":"log","timestamp":1681835775205,"level":"debug","message":"Base url not specified, skipping its injection.","meta":{"rootId":"osflrtcyw86rho8","id":"osflrtcyw86rho8"},"id":"le1t5zf2m9uifxo","previousOperationId":"onosuimm57jyvgx"}
{"type":"operationStart","subtype":"engine","name":"handlebars","timestamp":1681835775206,"id":"qkjj11cvgz4yfjm","previousEventId":"qr5m3onx6avtaql","operationId":"rbi9mbhudkd9z3u","previousOperationId":"onosuimm57jyvgx"}
{"type":"log","timestamp":1681835775206,"level":"debug","message":"Rendering engine handlebars","meta":{"rootId":"osflrtcyw86rho8","id":"osflrtcyw86rho8"},"id":"l76ita6xg0tzwc9","previousOperationId":"rbi9mbhudkd9z3u"}
{"type":"operationEnd","operationId":"rbi9mbhudkd9z3u","timestamp":1681835778042,"id":"3vbg2x3mthd9z1a","previousEventId":"qkjj11cvgz4yfjm","previousOperationId":"rbi9mbhudkd9z3u"}
{"type":"operationStart","subtype":"recipe","name":"chrome-pdf","timestamp":1681835778043,"id":"1mqj7a72egak0zr","previousEventId":"3vbg2x3mthd9z1a","operationId":"b5offzcqiwdt4ya","previousOperationId":"rbi9mbhudkd9z3u"}
{"type":"log","timestamp":1681835778043,"level":"debug","message":"Executing recipe chrome-pdf","meta":{"rootId":"osflrtcyw86rho8","id":"osflrtcyw86rho8"},"id":"aivtrxz7xslakm3","previousOperationId":"b5offzcqiwdt4ya"}
{"type":"log","timestamp":1681835778615,"level":"debug","message":"Converting with chrome HeadlessChrome/105.0.5173.0 using chrome-pool strategy","meta":{"rootId":"osflrtcyw86rho8","id":"osflrtcyw86rho8"},"id":"i9fcwkyteq48f5f","previousOperationId":"b5offzcqiwdt4ya"}
{"type":"log","timestamp":1681835779714,"level":"debug","message":"Page request: GET (document) file:///C:/Users/hp/AppData/Local/Temp/jsreport/autocleanup/9e9ff128-b253-4966-a0fb-66500384c68e-chrome-pdf.html","meta":{"rootId":"osflrtcyw86rho8","id":"osflrtcyw86rho8"},"id":"fo9lfdfh2qry9dv","previousOperationId":"b5offzcqiwdt4ya"}
{"type":"log","timestamp":1681835779723,"level":"debug","message":"Page request finished: GET (document) 200 file:///C:/Users/hp/AppData/Local/Temp/jsreport/autocleanup/9e9ff128-b253-4966-a0fb-66500384c68e-chrome-pdf.html","meta":{"rootId":"osflrtcyw86rho8","id":"osflrtcyw86rho8"},"id":"89xppajev9zyr66","previousOperationId":"b5offzcqiwdt4ya"}
{"type":"log","timestamp":1681835779724,"level":"debug","message":"Page request: GET (stylesheet) https://stackpath.bootstrapcdn.com/bootstrap/4.4.1/css/bootstrap.min.css","meta":{"rootId":"osflrtcyw86rho8","id":"osflrtcyw86rho8"},"id":"67bl3kgt817dyik","previousOperationId":"b5offzcqiwdt4ya"}
{"type":"log","timestamp":1681835779724,"level":"debug","message":"Page request: GET (image) https://assets-global.website-files.com/5ca4d1fd374efbecd845739f/611be296e1ecb589c495418a_JAS%20and%20Greencarrier.png","meta":{"rootId":"osflrtcyw86rho8","id":"osflrtcyw86rho8"},"id":"s13y9ln5z3sjlqn","previousOperationId":"b5offzcqiwdt4ya"}
{"type":"log","timestamp":1681835782527,"level":"debug","message":"Page request finished: GET (image) 200 https://assets-global.website-files.com/5ca4d1fd374efbecd845739f/611be296e1ecb589c495418a_JAS%20and%20Greencarrier.png","meta":{"rootId":"osflrtcyw86rho8","id":"osflrtcyw86rho8"},"id":"001pfqlktiqiya4","previousOperationId":"b5offzcqiwdt4ya"}
{"type":"log","timestamp":1681835782594,"level":"debug","message":"Page request finished: GET (stylesheet) 200 https://stackpath.bootstrapcdn.com/bootstrap/4.4.1/css/bootstrap.min.css","meta":{"rootId":"osflrtcyw86rho8","id":"osflrtcyw86rho8"},"id":"ro7wpsz2l2d8lc1","previousOperationId":"b5offzcqiwdt4ya"}
{"type":"log","timestamp":1681835782669,"level":"debug","message":"Running chrome with params {\"timeout\":56974,\"margin\":{},\"printBackground\":true}","meta":{"rootId":"osflrtcyw86rho8","id":"osflrtcyw86rho8"},"id":"zhmnd6966jgu9tn","previousOperationId":"b5offzcqiwdt4ya"}
{"type":"operationEnd","operationId":"b5offzcqiwdt4ya","timestamp":1681835783008,"id":"knbpopgcojhl3ol","previousEventId":"1mqj7a72egak0zr","previousOperationId":"b5offzcqiwdt4ya"}
{"type":"log","timestamp":1681835783009,"level":"debug","message":"Skipping storing report.","meta":{"rootId":"osflrtcyw86rho8","id":"osflrtcyw86rho8"},"id":"bk78m5ti7eq7ip0","previousOperationId":"b5offzcqiwdt4ya"}
{"type":"log","timestamp":1681835783009,"level":"info","message":"Rendering request 1 finished in 7848 ms","meta":{"rootId":"osflrtcyw86rho8","id":"osflrtcyw86rho8"},"id":"3l2j9374ukr3ky9","previousOperationId":"b5offzcqiwdt4ya"}
{"type":"operationEnd","subtype":"render","operationId":"onosuimm57jyvgx","timestamp":1681835783009,"id":"s4xj4m5wqubfc5c","previousEventId":"knbpopgcojhl3ol","previousOperationId":"b5offzcqiwdt4ya"}
{"type":"operationEnd","doDiffs":false,"previousEventId":"r3efffsqlyuzhzt","previousOperationId":"xizlj7jkjrl0t6e","operationId":"xizlj7jkjrl0t6e","timestamp":1681835783013,"id":"358xyc4w8m9v5ex"}
