{"type":"operationStart","subtype":"profile","data":{"_id":"SwwnR6WjaGHq0wNi","timestamp":"2023-05-16T05:03:44.476Z","state":"queued","mode":"standard","timeout":60000,"creationDate":"2023-05-16T05:03:44.497Z","modificationDate":"2023-05-16T05:03:44.497Z","shortid":"HbdrUmH","$entitySet":"profiles"},"doDiffs":false,"timestamp":1684213424495,"id":"o3nd6zc8sxnb5sh","previousOperationId":null,"operationId":"d4g2pi46mywj5by"}
{"type":"log","level":"info","message":"Render request 2 queued for execution and waiting for available worker","previousOperationId":"d4g2pi46mywj5by","timestamp":1684213424495,"id":"np45ksyck7s8ldx"}
{"type":"operationStart","subtype":"render","name":"anonymous","previousOperationId":"d4g2pi46mywj5by","timestamp":1684213424503,"id":"pkuy37jmhuiibdu","previousEventId":"o3nd6zc8sxnb5sh","operationId":"98mlnzkyigjpif9"}
{"type":"log","timestamp":1684213424503,"level":"info","message":"Starting rendering request 2","meta":{"rootId":"prb4tq3ldep753s","id":"prb4tq3ldep753s"},"id":"2s4iv2xq22eiyr7","previousOperationId":"98mlnzkyigjpif9"}
{"type":"log","timestamp":1684213424503,"level":"info","message":"Rendering anonymous template { recipe: chrome-pdf, engine: handlebars }","meta":{"rootId":"prb4tq3ldep753s","id":"prb4tq3ldep753s"},"id":"172ap9r77jixapq","previousOperationId":"98mlnzkyigjpif9"}
{"type":"log","timestamp":1684213424503,"level":"debug","message":"Inline data specified.","meta":{"rootId":"prb4tq3ldep753s","id":"prb4tq3ldep753s"},"id":"032fso0wtzzw2e4","previousOperationId":"98mlnzkyigjpif9"}
{"type":"log","timestamp":1684213424506,"level":"debug","message":"Base url not specified, skipping its injection.","meta":{"rootId":"prb4tq3ldep753s","id":"prb4tq3ldep753s"},"id":"4ulbuqjw8dqi3lq","previousOperationId":"98mlnzkyigjpif9"}
{"type":"operationStart","subtype":"engine","name":"handlebars","timestamp":1684213424506,"id":"m60ts9swfl971z4","previousEventId":"pkuy37jmhuiibdu","operationId":"3mrf236i88e2922","previousOperationId":"98mlnzkyigjpif9"}
{"type":"log","timestamp":1684213424506,"level":"debug","message":"Rendering engine handlebars","meta":{"rootId":"prb4tq3ldep753s","id":"prb4tq3ldep753s"},"id":"gj676qaktgoo93l","previousOperationId":"3mrf236i88e2922"}
{"type":"operationEnd","operationId":"3mrf236i88e2922","timestamp":1684213424517,"id":"wyq1u0hw18zzbvt","previousEventId":"m60ts9swfl971z4","previousOperationId":"3mrf236i88e2922"}
{"type":"operationStart","subtype":"recipe","name":"chrome-pdf","timestamp":1684213424518,"id":"k4xrdom4jddssjn","previousEventId":"wyq1u0hw18zzbvt","operationId":"3xw46nu0jwk2b7p","previousOperationId":"3mrf236i88e2922"}
{"type":"log","timestamp":1684213424518,"level":"debug","message":"Executing recipe chrome-pdf","meta":{"rootId":"prb4tq3ldep753s","id":"prb4tq3ldep753s"},"id":"1qopgnzwo6ok8y7","previousOperationId":"3xw46nu0jwk2b7p"}
{"type":"log","timestamp":1684213424531,"level":"debug","message":"Converting with chrome HeadlessChrome/105.0.5173.0 using chrome-pool strategy","meta":{"rootId":"prb4tq3ldep753s","id":"prb4tq3ldep753s"},"id":"hzpidyviltoo3bh","previousOperationId":"3xw46nu0jwk2b7p"}
{"type":"log","timestamp":1684213424963,"level":"debug","message":"Page request: GET (document) file:///C:/Users/hp/AppData/Local/Temp/jsreport/autocleanup/5c2aead2-3232-427f-ba00-cbae804e8ddf-chrome-pdf.html","meta":{"rootId":"prb4tq3ldep753s","id":"prb4tq3ldep753s"},"id":"zxx5dtykjbak8dj","previousOperationId":"3xw46nu0jwk2b7p"}
{"type":"log","timestamp":1684213424975,"level":"debug","message":"Page request finished: GET (document) 200 file:///C:/Users/hp/AppData/Local/Temp/jsreport/autocleanup/5c2aead2-3232-427f-ba00-cbae804e8ddf-chrome-pdf.html","meta":{"rootId":"prb4tq3ldep753s","id":"prb4tq3ldep753s"},"id":"1wf2q5nlysqr53u","previousOperationId":"3xw46nu0jwk2b7p"}
{"type":"log","timestamp":1684213425029,"level":"debug","message":"Running chrome with params {\"timeout\":59954,\"margin\":{},\"printBackground\":true}","meta":{"rootId":"prb4tq3ldep753s","id":"prb4tq3ldep753s"},"id":"205k2dejlae1x6b","previousOperationId":"3xw46nu0jwk2b7p"}
{"type":"operationEnd","operationId":"3xw46nu0jwk2b7p","timestamp":1684213425241,"id":"9etaq7c4lyqcj81","previousEventId":"k4xrdom4jddssjn","previousOperationId":"3xw46nu0jwk2b7p"}
{"type":"log","timestamp":1684213425242,"level":"debug","message":"Skipping storing report.","meta":{"rootId":"prb4tq3ldep753s","id":"prb4tq3ldep753s"},"id":"ir8ul05u7igdigu","previousOperationId":"3xw46nu0jwk2b7p"}
{"type":"log","timestamp":1684213425242,"level":"info","message":"Rendering request 2 finished in 767 ms","meta":{"rootId":"prb4tq3ldep753s","id":"prb4tq3ldep753s"},"id":"6mpkjrk5vp6m5yd","previousOperationId":"3xw46nu0jwk2b7p"}
{"type":"operationEnd","subtype":"render","operationId":"98mlnzkyigjpif9","timestamp":1684213425242,"id":"y6oyd62exk77ruj","previousEventId":"9etaq7c4lyqcj81","previousOperationId":"3xw46nu0jwk2b7p"}
{"type":"operationEnd","doDiffs":false,"previousEventId":"o3nd6zc8sxnb5sh","previousOperationId":"d4g2pi46mywj5by","operationId":"d4g2pi46mywj5by","timestamp":1684213425245,"id":"yjc659k7o7r9wl1"}
