{"type":"operationStart","subtype":"profile","data":{"_id":"DVF16Msaqw67EPBI","timestamp":"2023-05-16T05:08:14.573Z","state":"queued","mode":"standard","timeout":60000,"creationDate":"2023-05-16T05:08:14.576Z","modificationDate":"2023-05-16T05:08:14.576Z","shortid":"yF2AH-m","$entitySet":"profiles"},"doDiffs":false,"timestamp":1684213694576,"id":"ou9ip49o6z0fgnf","previousOperationId":null,"operationId":"vadg2l157ww32zp"}
{"type":"log","level":"info","message":"Render request 6 queued for execution and waiting for available worker","previousOperationId":"vadg2l157ww32zp","timestamp":1684213694576,"id":"obnwdtvkm87k012"}
{"type":"operationStart","subtype":"render","name":"anonymous","previousOperationId":"vadg2l157ww32zp","timestamp":1684213694581,"id":"2kpog7hcdfjf9uu","previousEventId":"ou9ip49o6z0fgnf","operationId":"nk9qk1tmizqbhne"}
{"type":"log","timestamp":1684213694581,"level":"info","message":"Starting rendering request 6","meta":{"rootId":"pth7wbwkh8qvjmo","id":"pth7wbwkh8qvjmo"},"id":"p2hr2vapmqj5tnr","previousOperationId":"nk9qk1tmizqbhne"}
{"type":"log","timestamp":1684213694581,"level":"info","message":"Rendering anonymous template { recipe: chrome-pdf, engine: handlebars }","meta":{"rootId":"pth7wbwkh8qvjmo","id":"pth7wbwkh8qvjmo"},"id":"k2bsomagsqtqpj1","previousOperationId":"nk9qk1tmizqbhne"}
{"type":"log","timestamp":1684213694581,"level":"debug","message":"Inline data specified.","meta":{"rootId":"pth7wbwkh8qvjmo","id":"pth7wbwkh8qvjmo"},"id":"1vrckeu0wr4rw4m","previousOperationId":"nk9qk1tmizqbhne"}
{"type":"log","timestamp":1684213694583,"level":"debug","message":"Base url not specified, skipping its injection.","meta":{"rootId":"pth7wbwkh8qvjmo","id":"pth7wbwkh8qvjmo"},"id":"5wwj68ehvbunrhn","previousOperationId":"nk9qk1tmizqbhne"}
{"type":"operationStart","subtype":"engine","name":"handlebars","timestamp":1684213694583,"id":"rxgvdso4jyhq5rr","previousEventId":"2kpog7hcdfjf9uu","operationId":"3tlv3r5gzfrdso1","previousOperationId":"nk9qk1tmizqbhne"}
{"type":"log","timestamp":1684213694583,"level":"debug","message":"Rendering engine handlebars","meta":{"rootId":"pth7wbwkh8qvjmo","id":"pth7wbwkh8qvjmo"},"id":"jmoafm18v0ivr5i","previousOperationId":"3tlv3r5gzfrdso1"}
{"type":"operationEnd","operationId":"3tlv3r5gzfrdso1","timestamp":1684213694609,"id":"hvkj45rrazdzw2u","previousEventId":"rxgvdso4jyhq5rr","previousOperationId":"3tlv3r5gzfrdso1"}
{"type":"operationStart","subtype":"recipe","name":"chrome-pdf","timestamp":1684213694609,"id":"3kjjpadog3k4lkz","previousEventId":"hvkj45rrazdzw2u","operationId":"d1cntffzfyvkwn6","previousOperationId":"3tlv3r5gzfrdso1"}
{"type":"log","timestamp":1684213694609,"level":"debug","message":"Executing recipe chrome-pdf","meta":{"rootId":"pth7wbwkh8qvjmo","id":"pth7wbwkh8qvjmo"},"id":"y9qe5eooygxzqn4","previousOperationId":"d1cntffzfyvkwn6"}
{"type":"log","timestamp":1684213694613,"level":"debug","message":"Converting with chrome HeadlessChrome/105.0.5173.0 using chrome-pool strategy","meta":{"rootId":"pth7wbwkh8qvjmo","id":"pth7wbwkh8qvjmo"},"id":"nkpty18s4nwdlls","previousOperationId":"d1cntffzfyvkwn6"}
{"type":"log","timestamp":1684213694767,"level":"debug","message":"Page request: GET (document) file:///C:/Users/hp/AppData/Local/Temp/jsreport/autocleanup/30295767-985b-44a8-be12-2e473123875b-chrome-pdf.html","meta":{"rootId":"pth7wbwkh8qvjmo","id":"pth7wbwkh8qvjmo"},"id":"etexikp6ae9hupy","previousOperationId":"d1cntffzfyvkwn6"}
{"type":"log","timestamp":1684213694780,"level":"debug","message":"Page request finished: GET (document) 200 file:///C:/Users/hp/AppData/Local/Temp/jsreport/autocleanup/30295767-985b-44a8-be12-2e473123875b-chrome-pdf.html","meta":{"rootId":"pth7wbwkh8qvjmo","id":"pth7wbwkh8qvjmo"},"id":"fa2hj5lgjkohle2","previousOperationId":"d1cntffzfyvkwn6"}
{"type":"log","timestamp":1684213694846,"level":"debug","message":"Running chrome with params {\"timeout\":59961,\"margin\":{},\"printBackground\":true}","meta":{"rootId":"pth7wbwkh8qvjmo","id":"pth7wbwkh8qvjmo"},"id":"5yqcu2p2dvcp7lz","previousOperationId":"d1cntffzfyvkwn6"}
{"type":"operationEnd","operationId":"d1cntffzfyvkwn6","timestamp":1684213695068,"id":"b18d6hyswe67m5d","previousEventId":"3kjjpadog3k4lkz","previousOperationId":"d1cntffzfyvkwn6"}
{"type":"log","timestamp":1684213695068,"level":"debug","message":"Skipping storing report.","meta":{"rootId":"pth7wbwkh8qvjmo","id":"pth7wbwkh8qvjmo"},"id":"6qju5lsja3fwbvv","previousOperationId":"d1cntffzfyvkwn6"}
{"type":"log","timestamp":1684213695069,"level":"info","message":"Rendering request 6 finished in 497 ms","meta":{"rootId":"pth7wbwkh8qvjmo","id":"pth7wbwkh8qvjmo"},"id":"0d36khy55yz5oq5","previousOperationId":"d1cntffzfyvkwn6"}
{"type":"operationEnd","subtype":"render","operationId":"nk9qk1tmizqbhne","timestamp":1684213695069,"id":"kn0uo7ogjpr7ro9","previousEventId":"b18d6hyswe67m5d","previousOperationId":"d1cntffzfyvkwn6"}
{"type":"operationEnd","doDiffs":false,"previousEventId":"ou9ip49o6z0fgnf","previousOperationId":"vadg2l157ww32zp","operationId":"vadg2l157ww32zp","timestamp":1684213695071,"id":"rdlzbwxprqxdsu3"}
