{"type":"operationStart","subtype":"profile","data":{"_id":"ydbrCMdr8FM37Gri","timestamp":"2023-05-15T15:57:26.109Z","state":"queued","mode":"standard","timeout":60000,"creationDate":"2023-05-15T15:57:26.113Z","modificationDate":"2023-05-15T15:57:26.113Z","shortid":"ThXXfyy","$entitySet":"profiles"},"doDiffs":false,"timestamp":1684166246111,"id":"4pt2jz4ze901lst","previousOperationId":null,"operationId":"0p9zv0ts56yh1ai"}
{"type":"log","level":"info","message":"Render request 3 queued for execution and waiting for available worker","previousOperationId":"0p9zv0ts56yh1ai","timestamp":1684166246111,"id":"f54xb573etj5lqv"}
{"type":"operationStart","subtype":"render","name":"anonymous","previousOperationId":"0p9zv0ts56yh1ai","timestamp":1684166246121,"id":"e739pagr0gincqw","previousEventId":"4pt2jz4ze901lst","operationId":"eut7nx1vf3dp5z5"}
{"type":"log","timestamp":1684166246122,"level":"info","message":"Starting rendering request 3","meta":{"rootId":"q1p0xel9knzhxgf","id":"q1p0xel9knzhxgf"},"id":"qk68p0obar7y0dp","previousOperationId":"eut7nx1vf3dp5z5"}
{"type":"log","timestamp":1684166246122,"level":"info","message":"Rendering anonymous template { recipe: chrome-pdf, engine: handlebars }","meta":{"rootId":"q1p0xel9knzhxgf","id":"q1p0xel9knzhxgf"},"id":"rhqqk4fq3s0lznt","previousOperationId":"eut7nx1vf3dp5z5"}
{"type":"log","timestamp":1684166246122,"level":"debug","message":"Inline data specified.","meta":{"rootId":"q1p0xel9knzhxgf","id":"q1p0xel9knzhxgf"},"id":"l3vugk2anv1p4uj","previousOperationId":"eut7nx1vf3dp5z5"}
{"type":"log","timestamp":1684166246126,"level":"debug","message":"Base url not specified, skipping its injection.","meta":{"rootId":"q1p0xel9knzhxgf","id":"q1p0xel9knzhxgf"},"id":"rca05ioz6vqtvyh","previousOperationId":"eut7nx1vf3dp5z5"}
{"type":"operationStart","subtype":"engine","name":"handlebars","timestamp":1684166246126,"id":"sejql9xw2w2sffh","previousEventId":"e739pagr0gincqw","operationId":"p1i6p51nlrmi6na","previousOperationId":"eut7nx1vf3dp5z5"}
{"type":"log","timestamp":1684166246126,"level":"debug","message":"Rendering engine handlebars","meta":{"rootId":"q1p0xel9knzhxgf","id":"q1p0xel9knzhxgf"},"id":"gfjftagrbdiue5r","previousOperationId":"p1i6p51nlrmi6na"}
{"type":"operationEnd","operationId":"p1i6p51nlrmi6na","timestamp":1684166246137,"id":"xbjy0royx5qpv29","previousEventId":"sejql9xw2w2sffh","previousOperationId":"p1i6p51nlrmi6na"}
{"type":"operationStart","subtype":"recipe","name":"chrome-pdf","timestamp":1684166246138,"id":"ekuuf7e3u17jbhw","previousEventId":"xbjy0royx5qpv29","operationId":"1bksok08ksktcli","previousOperationId":"p1i6p51nlrmi6na"}
{"type":"log","timestamp":1684166246138,"level":"debug","message":"Executing recipe chrome-pdf","meta":{"rootId":"q1p0xel9knzhxgf","id":"q1p0xel9knzhxgf"},"id":"47n03ojz84ml2wu","previousOperationId":"1bksok08ksktcli"}
{"type":"log","timestamp":1684166246143,"level":"debug","message":"Converting with chrome HeadlessChrome/105.0.5173.0 using chrome-pool strategy","meta":{"rootId":"q1p0xel9knzhxgf","id":"q1p0xel9knzhxgf"},"id":"lqsf8cf3aw85zd4","previousOperationId":"1bksok08ksktcli"}
{"type":"log","timestamp":1684166246372,"level":"debug","message":"Page request: GET (document) file:///C:/Users/hp/AppData/Local/Temp/jsreport/autocleanup/ccf649b1-7b25-4d66-827f-444b3f8ef4ea-chrome-pdf.html","meta":{"rootId":"q1p0xel9knzhxgf","id":"q1p0xel9knzhxgf"},"id":"s1t1y4362nw7cw1","previousOperationId":"1bksok08ksktcli"}
{"type":"log","timestamp":1684166246384,"level":"debug","message":"Page request finished: GET (document) 200 file:///C:/Users/hp/AppData/Local/Temp/jsreport/autocleanup/ccf649b1-7b25-4d66-827f-444b3f8ef4ea-chrome-pdf.html","meta":{"rootId":"q1p0xel9knzhxgf","id":"q1p0xel9knzhxgf"},"id":"du3ftrqw0kvi2e1","previousOperationId":"1bksok08ksktcli"}
{"type":"log","timestamp":1684166246434,"level":"debug","message":"Running chrome with params {\"timeout\":59967,\"margin\":{},\"printBackground\":true}","meta":{"rootId":"q1p0xel9knzhxgf","id":"q1p0xel9knzhxgf"},"id":"jrhwybpig34i1ro","previousOperationId":"1bksok08ksktcli"}
{"type":"operationEnd","operationId":"1bksok08ksktcli","timestamp":1684166246603,"id":"orjypx0g5qsg7s4","previousEventId":"ekuuf7e3u17jbhw","previousOperationId":"1bksok08ksktcli"}
{"type":"log","timestamp":1684166246603,"level":"debug","message":"Skipping storing report.","meta":{"rootId":"q1p0xel9knzhxgf","id":"q1p0xel9knzhxgf"},"id":"4j5gvmh99buzlfh","previousOperationId":"1bksok08ksktcli"}
{"type":"log","timestamp":1684166246603,"level":"info","message":"Rendering request 3 finished in 495 ms","meta":{"rootId":"q1p0xel9knzhxgf","id":"q1p0xel9knzhxgf"},"id":"4kpo5glseicsmxe","previousOperationId":"1bksok08ksktcli"}
{"type":"operationEnd","subtype":"render","operationId":"eut7nx1vf3dp5z5","timestamp":1684166246603,"id":"p24sxc5tx6tiewd","previousEventId":"orjypx0g5qsg7s4","previousOperationId":"1bksok08ksktcli"}
{"type":"operationEnd","doDiffs":false,"previousEventId":"4pt2jz4ze901lst","previousOperationId":"0p9zv0ts56yh1ai","operationId":"0p9zv0ts56yh1ai","timestamp":1684166246606,"id":"dnf9qy6wcauowrn"}
