{"type":"operationStart","subtype":"profile","data":{"_id":"VKno9d08zKSvDcGC","timestamp":"2023-05-18T18:58:58.077Z","state":"queued","mode":"standard","timeout":60000,"creationDate":"2023-05-18T18:58:58.080Z","modificationDate":"2023-05-18T18:58:58.080Z","shortid":"b9r-N5k","$entitySet":"profiles"},"doDiffs":false,"timestamp":1684436338079,"id":"0plimhxa285ji0e","previousOperationId":null,"operationId":"34jnuyw6yop00z6"}
{"type":"log","level":"info","message":"Render request 8 queued for execution and waiting for available worker","previousOperationId":"34jnuyw6yop00z6","timestamp":1684436338079,"id":"xsv4lf8faf0a3b7"}
{"type":"operationStart","subtype":"render","name":"anonymous","previousOperationId":"34jnuyw6yop00z6","timestamp":1684436338084,"id":"qzbkqb6a3dvkc2l","previousEventId":"0plimhxa285ji0e","operationId":"hiheaf12zx4wahj"}
{"type":"log","timestamp":1684436338084,"level":"info","message":"Starting rendering request 8","meta":{"rootId":"q9tl3d7rgdb623r","id":"q9tl3d7rgdb623r"},"id":"uxziqz1le2mnbwd","previousOperationId":"hiheaf12zx4wahj"}
{"type":"log","timestamp":1684436338084,"level":"info","message":"Rendering anonymous template { recipe: chrome-pdf, engine: handlebars }","meta":{"rootId":"q9tl3d7rgdb623r","id":"q9tl3d7rgdb623r"},"id":"splsco9veoti458","previousOperationId":"hiheaf12zx4wahj"}
{"type":"log","timestamp":1684436338084,"level":"debug","message":"Inline data specified.","meta":{"rootId":"q9tl3d7rgdb623r","id":"q9tl3d7rgdb623r"},"id":"0k81x39tztsjdz7","previousOperationId":"hiheaf12zx4wahj"}
{"type":"log","timestamp":1684436338085,"level":"debug","message":"Base url not specified, skipping its injection.","meta":{"rootId":"q9tl3d7rgdb623r","id":"q9tl3d7rgdb623r"},"id":"pim08qzj6ma7nxy","previousOperationId":"hiheaf12zx4wahj"}
{"type":"operationStart","subtype":"engine","name":"handlebars","timestamp":1684436338086,"id":"sl2iu7kl4752xd4","previousEventId":"qzbkqb6a3dvkc2l","operationId":"w3ml9r6l8n0uo0y","previousOperationId":"hiheaf12zx4wahj"}
{"type":"log","timestamp":1684436338086,"level":"debug","message":"Rendering engine handlebars","meta":{"rootId":"q9tl3d7rgdb623r","id":"q9tl3d7rgdb623r"},"id":"bg2hoq4227phiax","previousOperationId":"w3ml9r6l8n0uo0y"}
{"type":"operationEnd","operationId":"w3ml9r6l8n0uo0y","timestamp":1684436338098,"id":"2f3m1l9npcjgpjr","previousEventId":"sl2iu7kl4752xd4","previousOperationId":"w3ml9r6l8n0uo0y"}
{"type":"operationStart","subtype":"recipe","name":"chrome-pdf","timestamp":1684436338099,"id":"1sngdubsx23e03z","previousEventId":"2f3m1l9npcjgpjr","operationId":"znnk6di7zt3506t","previousOperationId":"w3ml9r6l8n0uo0y"}
{"type":"log","timestamp":1684436338099,"level":"debug","message":"Executing recipe chrome-pdf","meta":{"rootId":"q9tl3d7rgdb623r","id":"q9tl3d7rgdb623r"},"id":"r4qf8cd4bjy12ua","previousOperationId":"znnk6di7zt3506t"}
{"type":"log","timestamp":1684436338103,"level":"debug","message":"Converting with chrome HeadlessChrome/105.0.5173.0 using chrome-pool strategy","meta":{"rootId":"q9tl3d7rgdb623r","id":"q9tl3d7rgdb623r"},"id":"upckaj8nfhgog4j","previousOperationId":"znnk6di7zt3506t"}
{"type":"log","timestamp":1684436338257,"level":"debug","message":"Page request: GET (document) file:///C:/Users/hp/AppData/Local/Temp/jsreport/autocleanup/8a65ca57-a275-476e-a15d-eed199cf28e3-chrome-pdf.html","meta":{"rootId":"q9tl3d7rgdb623r","id":"q9tl3d7rgdb623r"},"id":"slpnjpe1umedday","previousOperationId":"znnk6di7zt3506t"}
{"type":"log","timestamp":1684436338268,"level":"debug","message":"Page request finished: GET (document) 200 file:///C:/Users/hp/AppData/Local/Temp/jsreport/autocleanup/8a65ca57-a275-476e-a15d-eed199cf28e3-chrome-pdf.html","meta":{"rootId":"q9tl3d7rgdb623r","id":"q9tl3d7rgdb623r"},"id":"bnxcviumk08oucx","previousOperationId":"znnk6di7zt3506t"}
{"type":"log","timestamp":1684436338362,"level":"debug","message":"Running chrome with params {\"timeout\":59974,\"margin\":{},\"printBackground\":true}","meta":{"rootId":"q9tl3d7rgdb623r","id":"q9tl3d7rgdb623r"},"id":"qjmf0eze4fdlqha","previousOperationId":"znnk6di7zt3506t"}
{"type":"operationEnd","operationId":"znnk6di7zt3506t","timestamp":1684436338785,"id":"cilu1x0sxnuvr4v","previousEventId":"1sngdubsx23e03z","previousOperationId":"znnk6di7zt3506t"}
{"type":"log","timestamp":1684436338785,"level":"debug","message":"Skipping storing report.","meta":{"rootId":"q9tl3d7rgdb623r","id":"q9tl3d7rgdb623r"},"id":"fhvqgpfedlli1yk","previousOperationId":"znnk6di7zt3506t"}
{"type":"log","timestamp":1684436338785,"level":"info","message":"Rendering request 8 finished in 709 ms","meta":{"rootId":"q9tl3d7rgdb623r","id":"q9tl3d7rgdb623r"},"id":"mj6z1iwgzudd34o","previousOperationId":"znnk6di7zt3506t"}
{"type":"operationEnd","subtype":"render","operationId":"hiheaf12zx4wahj","timestamp":1684436338785,"id":"769s90lc1aicxfw","previousEventId":"cilu1x0sxnuvr4v","previousOperationId":"znnk6di7zt3506t"}
{"type":"operationEnd","doDiffs":false,"previousEventId":"0plimhxa285ji0e","previousOperationId":"34jnuyw6yop00z6","operationId":"34jnuyw6yop00z6","timestamp":1684436338788,"id":"2vt5rqu6l4x2wfg"}
