{"type":"operationStart","subtype":"profile","data":{"_id":"sz1eypZ7qVYoMkJ5","timestamp":"2023-05-18T18:43:52.995Z","state":"queued","mode":"standard","timeout":60000,"creationDate":"2023-05-18T18:43:52.999Z","modificationDate":"2023-05-18T18:43:52.999Z","shortid":"JqXm7_e","$entitySet":"profiles"},"doDiffs":false,"timestamp":1684435432997,"id":"30vv69hpq01czy6","previousOperationId":null,"operationId":"ehpy6hufqkyo7n4"}
{"type":"log","level":"info","message":"Render request 1 queued for execution and waiting for available worker","previousOperationId":"ehpy6hufqkyo7n4","timestamp":1684435432998,"id":"j13q7ggyktit4ua"}
{"type":"operationStart","subtype":"render","name":"anonymous","previousOperationId":"ehpy6hufqkyo7n4","timestamp":1684435433018,"id":"66s3qyaka1jyz4w","previousEventId":"30vv69hpq01czy6","operationId":"7imvha3ffr71qlk"}
{"type":"log","timestamp":1684435433019,"level":"info","message":"Starting rendering request 1","meta":{"rootId":"qgktohvxgmkl6n5","id":"qgktohvxgmkl6n5"},"id":"8qrqoxi3kkyfn28","previousOperationId":"7imvha3ffr71qlk"}
{"type":"log","timestamp":1684435433021,"level":"info","message":"Rendering anonymous template { recipe: chrome-pdf, engine: handlebars }","meta":{"rootId":"qgktohvxgmkl6n5","id":"qgktohvxgmkl6n5"},"id":"2o0pf02neupddmk","previousOperationId":"7imvha3ffr71qlk"}
{"type":"log","timestamp":1684435433021,"level":"debug","message":"Inline data specified.","meta":{"rootId":"qgktohvxgmkl6n5","id":"qgktohvxgmkl6n5"},"id":"jnlwv3ihvr0049r","previousOperationId":"7imvha3ffr71qlk"}
{"type":"log","timestamp":1684435433025,"level":"debug","message":"Base url not specified, skipping its injection.","meta":{"rootId":"qgktohvxgmkl6n5","id":"qgktohvxgmkl6n5"},"id":"xc8l6iwddx5efli","previousOperationId":"7imvha3ffr71qlk"}
{"type":"operationStart","subtype":"engine","name":"handlebars","timestamp":1684435433026,"id":"myt9iq0c1uhwq20","previousEventId":"66s3qyaka1jyz4w","operationId":"12w630xq54jhhfk","previousOperationId":"7imvha3ffr71qlk"}
{"type":"log","timestamp":1684435433026,"level":"debug","message":"Rendering engine handlebars","meta":{"rootId":"qgktohvxgmkl6n5","id":"qgktohvxgmkl6n5"},"id":"3vc3x73fj99bhfb","previousOperationId":"12w630xq54jhhfk"}
{"type":"operationEnd","operationId":"12w630xq54jhhfk","timestamp":1684435433598,"id":"ulktgar11gof27o","previousEventId":"myt9iq0c1uhwq20","previousOperationId":"12w630xq54jhhfk"}
{"type":"operationStart","subtype":"recipe","name":"chrome-pdf","timestamp":1684435433599,"id":"qvj3fw6a2oqguzj","previousEventId":"ulktgar11gof27o","operationId":"usue0h5906ti8tj","previousOperationId":"12w630xq54jhhfk"}
{"type":"log","timestamp":1684435433600,"level":"debug","message":"Executing recipe chrome-pdf","meta":{"rootId":"qgktohvxgmkl6n5","id":"qgktohvxgmkl6n5"},"id":"gyjrhlbjakelyl2","previousOperationId":"usue0h5906ti8tj"}
{"type":"log","timestamp":1684435433938,"level":"debug","message":"Converting with chrome HeadlessChrome/105.0.5173.0 using chrome-pool strategy","meta":{"rootId":"qgktohvxgmkl6n5","id":"qgktohvxgmkl6n5"},"id":"w91lb31v5cxz5ev","previousOperationId":"usue0h5906ti8tj"}
{"type":"log","timestamp":1684435434794,"level":"debug","message":"Page request: GET (document) file:///C:/Users/hp/AppData/Local/Temp/jsreport/autocleanup/2c292b89-67a8-4ed4-b78e-33eb98bf2630-chrome-pdf.html","meta":{"rootId":"qgktohvxgmkl6n5","id":"qgktohvxgmkl6n5"},"id":"opuk1qy2nvr56w8","previousOperationId":"usue0h5906ti8tj"}
{"type":"log","timestamp":1684435434806,"level":"debug","message":"Page request finished: GET (document) 200 file:///C:/Users/hp/AppData/Local/Temp/jsreport/autocleanup/2c292b89-67a8-4ed4-b78e-33eb98bf2630-chrome-pdf.html","meta":{"rootId":"qgktohvxgmkl6n5","id":"qgktohvxgmkl6n5"},"id":"hw9ecoh3j1kkcd9","previousOperationId":"usue0h5906ti8tj"}
{"type":"log","timestamp":1684435434899,"level":"debug","message":"Running chrome with params {\"timeout\":59235,\"margin\":{},\"printBackground\":true}","meta":{"rootId":"qgktohvxgmkl6n5","id":"qgktohvxgmkl6n5"},"id":"dol9dw4fy3oi0oc","previousOperationId":"usue0h5906ti8tj"}
{"type":"operationEnd","operationId":"usue0h5906ti8tj","timestamp":1684435435315,"id":"ikv1703sb9k57e2","previousEventId":"qvj3fw6a2oqguzj","previousOperationId":"usue0h5906ti8tj"}
{"type":"log","timestamp":1684435435316,"level":"debug","message":"Skipping storing report.","meta":{"rootId":"qgktohvxgmkl6n5","id":"qgktohvxgmkl6n5"},"id":"82pbcssq4wa4dvk","previousOperationId":"usue0h5906ti8tj"}
{"type":"log","timestamp":1684435435316,"level":"info","message":"Rendering request 1 finished in 2322 ms","meta":{"rootId":"qgktohvxgmkl6n5","id":"qgktohvxgmkl6n5"},"id":"61653omf0yayl2b","previousOperationId":"usue0h5906ti8tj"}
{"type":"operationEnd","subtype":"render","operationId":"7imvha3ffr71qlk","timestamp":1684435435316,"id":"1optert4smcf9sm","previousEventId":"ikv1703sb9k57e2","previousOperationId":"usue0h5906ti8tj"}
{"type":"operationEnd","doDiffs":false,"previousEventId":"30vv69hpq01czy6","previousOperationId":"ehpy6hufqkyo7n4","operationId":"ehpy6hufqkyo7n4","timestamp":1684435435319,"id":"v6x87nev5h72008"}
