{"type":"operationStart","subtype":"profile","data":{"_id":"mHdItZ945QZVAZSe","timestamp":"2023-05-17T18:55:01.459Z","state":"queued","mode":"standard","timeout":60000,"creationDate":"2023-05-17T18:55:01.462Z","modificationDate":"2023-05-17T18:55:01.462Z","shortid":"09cf1pV","$entitySet":"profiles"},"doDiffs":false,"timestamp":1684349701461,"id":"i2w4e9igmv615rx","previousOperationId":null,"operationId":"9wdwgezogpn8p0i"}
{"type":"log","level":"info","message":"Render request 1 queued for execution and waiting for available worker","previousOperationId":"9wdwgezogpn8p0i","timestamp":1684349701461,"id":"55zezcvbycnt227"}
{"type":"operationStart","subtype":"render","name":"anonymous","previousOperationId":"9wdwgezogpn8p0i","timestamp":1684349701476,"id":"eme2jgq9vk7ejge","previousEventId":"i2w4e9igmv615rx","operationId":"qvsw69k2erwrgd1"}
{"type":"log","timestamp":1684349701477,"level":"info","message":"Starting rendering request 1","meta":{"rootId":"qvlrwawonr7arxe","id":"qvlrwawonr7arxe"},"id":"xpxocevhkxxq4zc","previousOperationId":"qvsw69k2erwrgd1"}
{"type":"log","timestamp":1684349701479,"level":"info","message":"Rendering anonymous template { recipe: chrome-pdf, engine: handlebars }","meta":{"rootId":"qvlrwawonr7arxe","id":"qvlrwawonr7arxe"},"id":"ajt81a3ojmyrqny","previousOperationId":"qvsw69k2erwrgd1"}
{"type":"log","timestamp":1684349701479,"level":"debug","message":"Inline data specified.","meta":{"rootId":"qvlrwawonr7arxe","id":"qvlrwawonr7arxe"},"id":"0e58c8jh416ps4g","previousOperationId":"qvsw69k2erwrgd1"}
{"type":"log","timestamp":1684349701485,"level":"debug","message":"Base url not specified, skipping its injection.","meta":{"rootId":"qvlrwawonr7arxe","id":"qvlrwawonr7arxe"},"id":"4bw3tho8nhpdp2j","previousOperationId":"qvsw69k2erwrgd1"}
{"type":"operationStart","subtype":"engine","name":"handlebars","timestamp":1684349701487,"id":"9lvgzlx8f7wst8k","previousEventId":"eme2jgq9vk7ejge","operationId":"0zv33yugv6ydutb","previousOperationId":"qvsw69k2erwrgd1"}
{"type":"log","timestamp":1684349701487,"level":"debug","message":"Rendering engine handlebars","meta":{"rootId":"qvlrwawonr7arxe","id":"qvlrwawonr7arxe"},"id":"i7baos515mm9s2e","previousOperationId":"0zv33yugv6ydutb"}
{"type":"operationEnd","operationId":"0zv33yugv6ydutb","timestamp":1684349702840,"id":"klaq5evrfcl9zoh","previousEventId":"9lvgzlx8f7wst8k","previousOperationId":"0zv33yugv6ydutb"}
{"type":"operationStart","subtype":"recipe","name":"chrome-pdf","timestamp":1684349702841,"id":"wje8n6p56rcjwsi","previousEventId":"klaq5evrfcl9zoh","operationId":"6hisswqjdc0y0xo","previousOperationId":"0zv33yugv6ydutb"}
{"type":"log","timestamp":1684349702841,"level":"debug","message":"Executing recipe chrome-pdf","meta":{"rootId":"qvlrwawonr7arxe","id":"qvlrwawonr7arxe"},"id":"nxe87o90801jr50","previousOperationId":"6hisswqjdc0y0xo"}
{"type":"log","timestamp":1684349703445,"level":"debug","message":"Converting with chrome HeadlessChrome/105.0.5173.0 using chrome-pool strategy","meta":{"rootId":"qvlrwawonr7arxe","id":"qvlrwawonr7arxe"},"id":"jknuh2m8y120gbm","previousOperationId":"6hisswqjdc0y0xo"}
{"type":"log","timestamp":1684349703637,"level":"debug","message":"Page request: GET (document) file:///C:/Users/SACHIN~1/AppData/Local/Temp/jsreport/autocleanup/76730a3c-f113-4413-8076-e97b07e60a2b-chrome-pdf.html","meta":{"rootId":"qvlrwawonr7arxe","id":"qvlrwawonr7arxe"},"id":"u40tl01podgs5l3","previousOperationId":"6hisswqjdc0y0xo"}
{"type":"log","timestamp":1684349703655,"level":"debug","message":"Page request finished: GET (document) 200 file:///C:/Users/SACHIN~1/AppData/Local/Temp/jsreport/autocleanup/76730a3c-f113-4413-8076-e97b07e60a2b-chrome-pdf.html","meta":{"rootId":"qvlrwawonr7arxe","id":"qvlrwawonr7arxe"},"id":"y1tfsu4yhf0b4bk","previousOperationId":"6hisswqjdc0y0xo"}
{"type":"log","timestamp":1684349703748,"level":"debug","message":"Running chrome with params {\"timeout\":58467,\"margin\":{},\"printBackground\":true}","meta":{"rootId":"qvlrwawonr7arxe","id":"qvlrwawonr7arxe"},"id":"464v77ahu0szyb6","previousOperationId":"6hisswqjdc0y0xo"}
{"type":"operationEnd","operationId":"6hisswqjdc0y0xo","timestamp":1684349704039,"id":"wczyya0dju98be1","previousEventId":"wje8n6p56rcjwsi","previousOperationId":"6hisswqjdc0y0xo"}
{"type":"log","timestamp":1684349704040,"level":"debug","message":"Skipping storing report.","meta":{"rootId":"qvlrwawonr7arxe","id":"qvlrwawonr7arxe"},"id":"g2fyxhjwhvand53","previousOperationId":"6hisswqjdc0y0xo"}
{"type":"log","timestamp":1684349704040,"level":"info","message":"Rendering request 1 finished in 2581 ms","meta":{"rootId":"qvlrwawonr7arxe","id":"qvlrwawonr7arxe"},"id":"0ph7p2boe3cyon7","previousOperationId":"6hisswqjdc0y0xo"}
{"type":"operationEnd","subtype":"render","operationId":"qvsw69k2erwrgd1","timestamp":1684349704040,"id":"dunj6b4vcd5wtz8","previousEventId":"wczyya0dju98be1","previousOperationId":"6hisswqjdc0y0xo"}
{"type":"operationEnd","doDiffs":false,"previousEventId":"i2w4e9igmv615rx","previousOperationId":"9wdwgezogpn8p0i","operationId":"9wdwgezogpn8p0i","timestamp":1684349704045,"id":"affulg9t0ls43qw"}
