{"type":"operationStart","subtype":"profile","data":{"_id":"xjJAYiVSUDZurW9r","timestamp":"2023-05-17T19:00:35.077Z","state":"queued","mode":"standard","timeout":60000,"creationDate":"2023-05-17T19:00:35.080Z","modificationDate":"2023-05-17T19:00:35.080Z","shortid":"dPSjTnJ","$entitySet":"profiles"},"doDiffs":false,"timestamp":1684350035079,"id":"0pa7ftjl3j7bc8x","previousOperationId":null,"operationId":"izx9rlfdqigc54a"}
{"type":"log","level":"info","message":"Render request 1 queued for execution and waiting for available worker","previousOperationId":"izx9rlfdqigc54a","timestamp":1684350035079,"id":"dxxv52bi2ohzq9z"}
{"type":"operationStart","subtype":"render","name":"anonymous","previousOperationId":"izx9rlfdqigc54a","timestamp":1684350035094,"id":"q1z8jrgw392wj6f","previousEventId":"0pa7ftjl3j7bc8x","operationId":"66p59ok3tygazbz"}
{"type":"log","timestamp":1684350035095,"level":"info","message":"Starting rendering request 1","meta":{"rootId":"qxpj4mnn8dx4zmo","id":"qxpj4mnn8dx4zmo"},"id":"05s15qbi47jgkwa","previousOperationId":"66p59ok3tygazbz"}
{"type":"log","timestamp":1684350035097,"level":"info","message":"Rendering anonymous template { recipe: chrome-pdf, engine: handlebars }","meta":{"rootId":"qxpj4mnn8dx4zmo","id":"qxpj4mnn8dx4zmo"},"id":"x2x7lr83b5ecn2g","previousOperationId":"66p59ok3tygazbz"}
{"type":"log","timestamp":1684350035097,"level":"debug","message":"Inline data specified.","meta":{"rootId":"qxpj4mnn8dx4zmo","id":"qxpj4mnn8dx4zmo"},"id":"kh4j7f17gwla6y8","previousOperationId":"66p59ok3tygazbz"}
{"type":"log","timestamp":1684350035102,"level":"debug","message":"Base url not specified, skipping its injection.","meta":{"rootId":"qxpj4mnn8dx4zmo","id":"qxpj4mnn8dx4zmo"},"id":"wbjnev6x1zf9twm","previousOperationId":"66p59ok3tygazbz"}
{"type":"operationStart","subtype":"engine","name":"handlebars","timestamp":1684350035104,"id":"0bn48k1v9ainzjn","previousEventId":"q1z8jrgw392wj6f","operationId":"h2g2l5pdz1elmt9","previousOperationId":"66p59ok3tygazbz"}
{"type":"log","timestamp":1684350035104,"level":"debug","message":"Rendering engine handlebars","meta":{"rootId":"qxpj4mnn8dx4zmo","id":"qxpj4mnn8dx4zmo"},"id":"g44kegekyvqe8i7","previousOperationId":"h2g2l5pdz1elmt9"}
{"type":"operationEnd","operationId":"h2g2l5pdz1elmt9","timestamp":1684350035561,"id":"0c4c631jcy2439w","previousEventId":"0bn48k1v9ainzjn","previousOperationId":"h2g2l5pdz1elmt9"}
{"type":"operationStart","subtype":"recipe","name":"chrome-pdf","timestamp":1684350035562,"id":"byh27c1y2i82fco","previousEventId":"0c4c631jcy2439w","operationId":"eee8r648m9tu6nc","previousOperationId":"h2g2l5pdz1elmt9"}
{"type":"log","timestamp":1684350035562,"level":"debug","message":"Executing recipe chrome-pdf","meta":{"rootId":"qxpj4mnn8dx4zmo","id":"qxpj4mnn8dx4zmo"},"id":"djenovrtq4h3c2e","previousOperationId":"eee8r648m9tu6nc"}
{"type":"log","timestamp":1684350035982,"level":"debug","message":"Converting with chrome HeadlessChrome/105.0.5173.0 using chrome-pool strategy","meta":{"rootId":"qxpj4mnn8dx4zmo","id":"qxpj4mnn8dx4zmo"},"id":"54o7ufw1pedo16h","previousOperationId":"eee8r648m9tu6nc"}
{"type":"log","timestamp":1684350036163,"level":"debug","message":"Page request: GET (document) file:///C:/Users/SACHIN~1/AppData/Local/Temp/jsreport/autocleanup/c637d556-2b50-4289-a830-8b538a5e016b-chrome-pdf.html","meta":{"rootId":"qxpj4mnn8dx4zmo","id":"qxpj4mnn8dx4zmo"},"id":"4b23lt2sz57fzqr","previousOperationId":"eee8r648m9tu6nc"}
{"type":"log","timestamp":1684350036183,"level":"debug","message":"Page request finished: GET (document) 200 file:///C:/Users/SACHIN~1/AppData/Local/Temp/jsreport/autocleanup/c637d556-2b50-4289-a830-8b538a5e016b-chrome-pdf.html","meta":{"rootId":"qxpj4mnn8dx4zmo","id":"qxpj4mnn8dx4zmo"},"id":"k24or88o6rs1aa9","previousOperationId":"eee8r648m9tu6nc"}
{"type":"log","timestamp":1684350036266,"level":"debug","message":"Running chrome with params {\"timeout\":59401,\"margin\":{},\"printBackground\":true}","meta":{"rootId":"qxpj4mnn8dx4zmo","id":"qxpj4mnn8dx4zmo"},"id":"p1ricw2dwst15ot","previousOperationId":"eee8r648m9tu6nc"}
{"type":"operationEnd","operationId":"eee8r648m9tu6nc","timestamp":1684350036471,"id":"g7x881dw6bomkje","previousEventId":"byh27c1y2i82fco","previousOperationId":"eee8r648m9tu6nc"}
{"type":"log","timestamp":1684350036472,"level":"debug","message":"Skipping storing report.","meta":{"rootId":"qxpj4mnn8dx4zmo","id":"qxpj4mnn8dx4zmo"},"id":"7pr202kg6u3loos","previousOperationId":"eee8r648m9tu6nc"}
{"type":"log","timestamp":1684350036473,"level":"info","message":"Rendering request 1 finished in 1397 ms","meta":{"rootId":"qxpj4mnn8dx4zmo","id":"qxpj4mnn8dx4zmo"},"id":"c6pwgyurt4daij5","previousOperationId":"eee8r648m9tu6nc"}
{"type":"operationEnd","subtype":"render","operationId":"66p59ok3tygazbz","timestamp":1684350036473,"id":"8z5apipcfsx5qlg","previousEventId":"g7x881dw6bomkje","previousOperationId":"eee8r648m9tu6nc"}
{"type":"operationEnd","doDiffs":false,"previousEventId":"0pa7ftjl3j7bc8x","previousOperationId":"izx9rlfdqigc54a","operationId":"izx9rlfdqigc54a","timestamp":1684350036477,"id":"eh4h20bf6ejkoe6"}
