{"type":"operationStart","subtype":"profile","data":{"_id":"epL2xsH4vL7MkNJO","timestamp":"2023-05-16T07:55:48.735Z","state":"queued","mode":"standard","timeout":60000,"creationDate":"2023-05-16T07:55:48.737Z","modificationDate":"2023-05-16T07:55:48.737Z","shortid":"zp2aePn","$entitySet":"profiles"},"doDiffs":false,"timestamp":1684223748736,"id":"qv76jkckn3fikj8","previousOperationId":null,"operationId":"6f99szasdfbciqk"}
{"type":"log","level":"info","message":"Render request 1 queued for execution and waiting for available worker","previousOperationId":"6f99szasdfbciqk","timestamp":1684223748736,"id":"u4hk2crxdv9pa6x"}
{"type":"operationStart","subtype":"render","name":"anonymous","previousOperationId":"6f99szasdfbciqk","timestamp":1684223748750,"id":"b94khy01yidm1r2","previousEventId":"qv76jkckn3fikj8","operationId":"wogpj5lo6nbekim"}
{"type":"log","timestamp":1684223748751,"level":"info","message":"Starting rendering request 1","meta":{"rootId":"r0nc9wf49xp8m12","id":"r0nc9wf49xp8m12"},"id":"9fglwep0qsrtc0h","previousOperationId":"wogpj5lo6nbekim"}
{"type":"log","timestamp":1684223748752,"level":"info","message":"Rendering anonymous template { recipe: chrome-pdf, engine: handlebars }","meta":{"rootId":"r0nc9wf49xp8m12","id":"r0nc9wf49xp8m12"},"id":"2nitvj2qdf7drvw","previousOperationId":"wogpj5lo6nbekim"}
{"type":"log","timestamp":1684223748752,"level":"debug","message":"Inline data specified.","meta":{"rootId":"r0nc9wf49xp8m12","id":"r0nc9wf49xp8m12"},"id":"jdfdgzfvd8xu46f","previousOperationId":"wogpj5lo6nbekim"}
{"type":"log","timestamp":1684223748754,"level":"debug","message":"Base url not specified, skipping its injection.","meta":{"rootId":"r0nc9wf49xp8m12","id":"r0nc9wf49xp8m12"},"id":"wqy9bc8rgc35zjj","previousOperationId":"wogpj5lo6nbekim"}
{"type":"operationStart","subtype":"engine","name":"handlebars","timestamp":1684223748756,"id":"ubi4eqk3iol02b0","previousEventId":"b94khy01yidm1r2","operationId":"n9j2ol39iy2t3ej","previousOperationId":"wogpj5lo6nbekim"}
{"type":"log","timestamp":1684223748756,"level":"debug","message":"Rendering engine handlebars","meta":{"rootId":"r0nc9wf49xp8m12","id":"r0nc9wf49xp8m12"},"id":"y5c12681ozywjl2","previousOperationId":"n9j2ol39iy2t3ej"}
{"type":"operationEnd","operationId":"n9j2ol39iy2t3ej","timestamp":1684223749145,"id":"i9g3cj3p6y30i2c","previousEventId":"ubi4eqk3iol02b0","previousOperationId":"n9j2ol39iy2t3ej"}
{"type":"operationStart","subtype":"recipe","name":"chrome-pdf","timestamp":1684223749146,"id":"ysy63k3tjdz52bd","previousEventId":"i9g3cj3p6y30i2c","operationId":"k2oiahyvfqhk7qz","previousOperationId":"n9j2ol39iy2t3ej"}
{"type":"log","timestamp":1684223749146,"level":"debug","message":"Executing recipe chrome-pdf","meta":{"rootId":"r0nc9wf49xp8m12","id":"r0nc9wf49xp8m12"},"id":"2q5e82sv54x9wz3","previousOperationId":"k2oiahyvfqhk7qz"}
{"type":"log","timestamp":1684223749406,"level":"debug","message":"Converting with chrome HeadlessChrome/105.0.5173.0 using chrome-pool strategy","meta":{"rootId":"r0nc9wf49xp8m12","id":"r0nc9wf49xp8m12"},"id":"pwuqioq712mnumj","previousOperationId":"k2oiahyvfqhk7qz"}
{"type":"log","timestamp":1684223750788,"level":"debug","message":"Page request: GET (document) file:///C:/Users/hp/AppData/Local/Temp/jsreport/autocleanup/81bbd9f6-c86a-47e1-9008-50e65ae7bc72-chrome-pdf.html","meta":{"rootId":"r0nc9wf49xp8m12","id":"r0nc9wf49xp8m12"},"id":"v4ul3pbod7tcsx8","previousOperationId":"k2oiahyvfqhk7qz"}
{"type":"log","timestamp":1684223750799,"level":"debug","message":"Page request finished: GET (document) 200 file:///C:/Users/hp/AppData/Local/Temp/jsreport/autocleanup/81bbd9f6-c86a-47e1-9008-50e65ae7bc72-chrome-pdf.html","meta":{"rootId":"r0nc9wf49xp8m12","id":"r0nc9wf49xp8m12"},"id":"yk3c5mxq6apd01o","previousOperationId":"k2oiahyvfqhk7qz"}
{"type":"log","timestamp":1684223750839,"level":"debug","message":"Running chrome with params {\"timeout\":59455,\"margin\":{},\"printBackground\":true}","meta":{"rootId":"r0nc9wf49xp8m12","id":"r0nc9wf49xp8m12"},"id":"7c9hla9p9btb6zi","previousOperationId":"k2oiahyvfqhk7qz"}
{"type":"operationEnd","operationId":"k2oiahyvfqhk7qz","timestamp":1684223751008,"id":"mfzavhyc77u8n1w","previousEventId":"ysy63k3tjdz52bd","previousOperationId":"k2oiahyvfqhk7qz"}
{"type":"log","timestamp":1684223751009,"level":"debug","message":"Skipping storing report.","meta":{"rootId":"r0nc9wf49xp8m12","id":"r0nc9wf49xp8m12"},"id":"elg2a459ge99uz5","previousOperationId":"k2oiahyvfqhk7qz"}
{"type":"log","timestamp":1684223751009,"level":"info","message":"Rendering request 1 finished in 2275 ms","meta":{"rootId":"r0nc9wf49xp8m12","id":"r0nc9wf49xp8m12"},"id":"brb067jsc8xavgk","previousOperationId":"k2oiahyvfqhk7qz"}
{"type":"operationEnd","subtype":"render","operationId":"wogpj5lo6nbekim","timestamp":1684223751009,"id":"uv7kxu83s6r9ukj","previousEventId":"mfzavhyc77u8n1w","previousOperationId":"k2oiahyvfqhk7qz"}
{"type":"operationEnd","doDiffs":false,"previousEventId":"qv76jkckn3fikj8","previousOperationId":"6f99szasdfbciqk","operationId":"6f99szasdfbciqk","timestamp":1684223751011,"id":"64uq8kxp7gnoxru"}
