{"type":"operationStart","subtype":"profile","data":{"_id":"10Gj2Q4uI3Xkw83F","timestamp":"2023-05-19T06:15:21.726Z","state":"queued","mode":"standard","timeout":60000,"creationDate":"2023-05-19T06:15:21.730Z","modificationDate":"2023-05-19T06:15:21.730Z","shortid":"h2zb4xE","$entitySet":"profiles"},"doDiffs":false,"timestamp":1684476921729,"id":"dsto1m06nltlkng","previousOperationId":null,"operationId":"dvoi0bu7ndbg8a7"}
{"type":"log","level":"info","message":"Render request 4 queued for execution and waiting for available worker","previousOperationId":"dvoi0bu7ndbg8a7","timestamp":1684476921729,"id":"nau4a0e79o809dx"}
{"type":"operationStart","subtype":"render","name":"anonymous","previousOperationId":"dvoi0bu7ndbg8a7","timestamp":1684476921737,"id":"aq3txfxaxqzyaca","previousEventId":"dsto1m06nltlkng","operationId":"9mus1tzfvxomynd"}
{"type":"log","timestamp":1684476921737,"level":"info","message":"Starting rendering request 4","meta":{"rootId":"raknqms4px40hv8","id":"raknqms4px40hv8"},"id":"hsw2cx2g94li7jk","previousOperationId":"9mus1tzfvxomynd"}
{"type":"log","timestamp":1684476921738,"level":"info","message":"Rendering anonymous template { recipe: chrome-pdf, engine: handlebars }","meta":{"rootId":"raknqms4px40hv8","id":"raknqms4px40hv8"},"id":"mod7nlrzete9tji","previousOperationId":"9mus1tzfvxomynd"}
{"type":"log","timestamp":1684476921738,"level":"debug","message":"Inline data specified.","meta":{"rootId":"raknqms4px40hv8","id":"raknqms4px40hv8"},"id":"v1u0t8iahta1nd5","previousOperationId":"9mus1tzfvxomynd"}
{"type":"log","timestamp":1684476921739,"level":"debug","message":"Base url not specified, skipping its injection.","meta":{"rootId":"raknqms4px40hv8","id":"raknqms4px40hv8"},"id":"pwvhw2ew8gfzyyc","previousOperationId":"9mus1tzfvxomynd"}
{"type":"operationStart","subtype":"engine","name":"handlebars","timestamp":1684476921740,"id":"0snxqa17m9uchhu","previousEventId":"aq3txfxaxqzyaca","operationId":"y2tnp7ie5qoj1xs","previousOperationId":"9mus1tzfvxomynd"}
{"type":"log","timestamp":1684476921740,"level":"debug","message":"Rendering engine handlebars","meta":{"rootId":"raknqms4px40hv8","id":"raknqms4px40hv8"},"id":"htu6r5gmesmezxd","previousOperationId":"y2tnp7ie5qoj1xs"}
{"type":"operationEnd","operationId":"y2tnp7ie5qoj1xs","timestamp":1684476921752,"id":"3az3z7odf1jxvhy","previousEventId":"0snxqa17m9uchhu","previousOperationId":"y2tnp7ie5qoj1xs"}
{"type":"operationStart","subtype":"recipe","name":"chrome-pdf","timestamp":1684476921753,"id":"dc0942yvhewh1um","previousEventId":"3az3z7odf1jxvhy","operationId":"b11kf276wj0komq","previousOperationId":"y2tnp7ie5qoj1xs"}
{"type":"log","timestamp":1684476921753,"level":"debug","message":"Executing recipe chrome-pdf","meta":{"rootId":"raknqms4px40hv8","id":"raknqms4px40hv8"},"id":"zjljq7ld2asy89e","previousOperationId":"b11kf276wj0komq"}
{"type":"log","timestamp":1684476921774,"level":"debug","message":"Converting with chrome HeadlessChrome/105.0.5173.0 using chrome-pool strategy","meta":{"rootId":"raknqms4px40hv8","id":"raknqms4px40hv8"},"id":"bfm7jseps4xk8w0","previousOperationId":"b11kf276wj0komq"}
{"type":"log","timestamp":1684476921937,"level":"debug","message":"Page request: GET (document) file:///C:/Users/hp/AppData/Local/Temp/jsreport/autocleanup/467671b0-2431-4d4d-965e-938e1bae5792-chrome-pdf.html","meta":{"rootId":"raknqms4px40hv8","id":"raknqms4px40hv8"},"id":"9b1mvx7t5ii8fxz","previousOperationId":"b11kf276wj0komq"}
{"type":"log","timestamp":1684476921951,"level":"debug","message":"Page request finished: GET (document) 200 file:///C:/Users/hp/AppData/Local/Temp/jsreport/autocleanup/467671b0-2431-4d4d-965e-938e1bae5792-chrome-pdf.html","meta":{"rootId":"raknqms4px40hv8","id":"raknqms4px40hv8"},"id":"lggfodzqk4ykwdi","previousOperationId":"b11kf276wj0komq"}
{"type":"log","timestamp":1684476922051,"level":"debug","message":"Running chrome with params {\"timeout\":59970,\"margin\":{},\"printBackground\":true}","meta":{"rootId":"raknqms4px40hv8","id":"raknqms4px40hv8"},"id":"mjsrnyqgf3ex7wn","previousOperationId":"b11kf276wj0komq"}
{"type":"operationEnd","operationId":"b11kf276wj0komq","timestamp":1684476922494,"id":"rl3flrodbgswq6q","previousEventId":"dc0942yvhewh1um","previousOperationId":"b11kf276wj0komq"}
{"type":"log","timestamp":1684476922494,"level":"debug","message":"Skipping storing report.","meta":{"rootId":"raknqms4px40hv8","id":"raknqms4px40hv8"},"id":"tya3kdpzou331t4","previousOperationId":"b11kf276wj0komq"}
{"type":"log","timestamp":1684476922494,"level":"info","message":"Rendering request 4 finished in 769 ms","meta":{"rootId":"raknqms4px40hv8","id":"raknqms4px40hv8"},"id":"i4kfbf1woxc6g1t","previousOperationId":"b11kf276wj0komq"}
{"type":"operationEnd","subtype":"render","operationId":"9mus1tzfvxomynd","timestamp":1684476922494,"id":"kgi4j05qstgfgdm","previousEventId":"rl3flrodbgswq6q","previousOperationId":"b11kf276wj0komq"}
{"type":"operationEnd","doDiffs":false,"previousEventId":"dsto1m06nltlkng","previousOperationId":"dvoi0bu7ndbg8a7","operationId":"dvoi0bu7ndbg8a7","timestamp":1684476922497,"id":"39lvj8xjme44xf7"}
