{"type":"operationStart","subtype":"profile","data":{"_id":"Ayb7NNEp1OdzvM0H","timestamp":"2023-05-16T07:01:06.674Z","state":"queued","mode":"standard","timeout":60000,"creationDate":"2023-05-16T07:01:06.677Z","modificationDate":"2023-05-16T07:01:06.677Z","shortid":"8nLplyN","$entitySet":"profiles"},"doDiffs":false,"timestamp":1684220466676,"id":"ufmua4ogein3aib","previousOperationId":null,"operationId":"9vvqeizel68x3r5"}
{"type":"log","level":"info","message":"Render request 6 queued for execution and waiting for available worker","previousOperationId":"9vvqeizel68x3r5","timestamp":1684220466676,"id":"v359rm6ix9l0sao"}
{"type":"operationStart","subtype":"render","name":"anonymous","previousOperationId":"9vvqeizel68x3r5","timestamp":1684220466683,"id":"e9hfrqtf8e43bib","previousEventId":"ufmua4ogein3aib","operationId":"wl8xfqbelxpc31r"}
{"type":"log","timestamp":1684220466684,"level":"info","message":"Starting rendering request 6","meta":{"rootId":"rkmxfy9pizzadf9","id":"rkmxfy9pizzadf9"},"id":"mc3etmsxlvb8ej0","previousOperationId":"wl8xfqbelxpc31r"}
{"type":"log","timestamp":1684220466684,"level":"info","message":"Rendering anonymous template { recipe: chrome-pdf, engine: handlebars }","meta":{"rootId":"rkmxfy9pizzadf9","id":"rkmxfy9pizzadf9"},"id":"wm0qj7nho4q8mof","previousOperationId":"wl8xfqbelxpc31r"}
{"type":"log","timestamp":1684220466684,"level":"debug","message":"Inline data specified.","meta":{"rootId":"rkmxfy9pizzadf9","id":"rkmxfy9pizzadf9"},"id":"8s2a7ychbcf0p5m","previousOperationId":"wl8xfqbelxpc31r"}
{"type":"log","timestamp":1684220466686,"level":"debug","message":"Base url not specified, skipping its injection.","meta":{"rootId":"rkmxfy9pizzadf9","id":"rkmxfy9pizzadf9"},"id":"e26kf7jb0pveugx","previousOperationId":"wl8xfqbelxpc31r"}
{"type":"operationStart","subtype":"engine","name":"handlebars","timestamp":1684220466686,"id":"y6xg5cdmdwuijz9","previousEventId":"e9hfrqtf8e43bib","operationId":"fhwy39rqmhz7uk4","previousOperationId":"wl8xfqbelxpc31r"}
{"type":"log","timestamp":1684220466686,"level":"debug","message":"Rendering engine handlebars","meta":{"rootId":"rkmxfy9pizzadf9","id":"rkmxfy9pizzadf9"},"id":"cesq1rfulhuiidv","previousOperationId":"fhwy39rqmhz7uk4"}
{"type":"operationEnd","operationId":"fhwy39rqmhz7uk4","timestamp":1684220466698,"id":"tcx8xxm4run8pdo","previousEventId":"y6xg5cdmdwuijz9","previousOperationId":"fhwy39rqmhz7uk4"}
{"type":"operationStart","subtype":"recipe","name":"chrome-pdf","timestamp":1684220466698,"id":"4ya5ddlfjdv9pno","previousEventId":"tcx8xxm4run8pdo","operationId":"qtdnonodczhpqg8","previousOperationId":"fhwy39rqmhz7uk4"}
{"type":"log","timestamp":1684220466698,"level":"debug","message":"Executing recipe chrome-pdf","meta":{"rootId":"rkmxfy9pizzadf9","id":"rkmxfy9pizzadf9"},"id":"ruii1t4hdxxfajj","previousOperationId":"qtdnonodczhpqg8"}
{"type":"log","timestamp":1684220466706,"level":"debug","message":"Converting with chrome HeadlessChrome/105.0.5173.0 using chrome-pool strategy","meta":{"rootId":"rkmxfy9pizzadf9","id":"rkmxfy9pizzadf9"},"id":"xbdpd2rk2ffiba0","previousOperationId":"qtdnonodczhpqg8"}
{"type":"log","timestamp":1684220466851,"level":"debug","message":"Page request: GET (document) file:///C:/Users/hp/AppData/Local/Temp/jsreport/autocleanup/42c37c39-9860-488b-9741-fdd446dfaa0e-chrome-pdf.html","meta":{"rootId":"rkmxfy9pizzadf9","id":"rkmxfy9pizzadf9"},"id":"8t1jnmfspy2sztp","previousOperationId":"qtdnonodczhpqg8"}
{"type":"log","timestamp":1684220466862,"level":"debug","message":"Page request finished: GET (document) 200 file:///C:/Users/hp/AppData/Local/Temp/jsreport/autocleanup/42c37c39-9860-488b-9741-fdd446dfaa0e-chrome-pdf.html","meta":{"rootId":"rkmxfy9pizzadf9","id":"rkmxfy9pizzadf9"},"id":"8yqat3wv728ogrl","previousOperationId":"qtdnonodczhpqg8"}
{"type":"log","timestamp":1684220466908,"level":"debug","message":"Running chrome with params {\"timeout\":59972,\"margin\":{},\"printBackground\":true}","meta":{"rootId":"rkmxfy9pizzadf9","id":"rkmxfy9pizzadf9"},"id":"qlzvvhgyz1csvb3","previousOperationId":"qtdnonodczhpqg8"}
{"type":"operationEnd","operationId":"qtdnonodczhpqg8","timestamp":1684220467110,"id":"setlbabxr8tg5ka","previousEventId":"4ya5ddlfjdv9pno","previousOperationId":"qtdnonodczhpqg8"}
{"type":"log","timestamp":1684220467110,"level":"debug","message":"Skipping storing report.","meta":{"rootId":"rkmxfy9pizzadf9","id":"rkmxfy9pizzadf9"},"id":"mpnrd8q9m6r9zp4","previousOperationId":"qtdnonodczhpqg8"}
{"type":"log","timestamp":1684220467110,"level":"info","message":"Rendering request 6 finished in 437 ms","meta":{"rootId":"rkmxfy9pizzadf9","id":"rkmxfy9pizzadf9"},"id":"lli743ht6rbih0p","previousOperationId":"qtdnonodczhpqg8"}
{"type":"operationEnd","subtype":"render","operationId":"wl8xfqbelxpc31r","timestamp":1684220467110,"id":"qa0j0v74xe7p0z3","previousEventId":"setlbabxr8tg5ka","previousOperationId":"qtdnonodczhpqg8"}
{"type":"operationEnd","doDiffs":false,"previousEventId":"ufmua4ogein3aib","previousOperationId":"9vvqeizel68x3r5","operationId":"9vvqeizel68x3r5","timestamp":1684220467113,"id":"0a9n90com3fw7hy"}
