{"type":"operationStart","subtype":"profile","data":{"_id":"u3Xr1u4gmd4KWira","timestamp":"2023-05-19T08:52:23.210Z","state":"queued","mode":"standard","timeout":60000,"creationDate":"2023-05-19T08:52:23.212Z","modificationDate":"2023-05-19T08:52:23.212Z","shortid":"nqhADas","$entitySet":"profiles"},"doDiffs":false,"timestamp":1684486343211,"id":"6q3vmcgmwjdo4xe","previousOperationId":null,"operationId":"qj1t2pqi6439i38"}
{"type":"log","level":"info","message":"Render request 1 queued for execution and waiting for available worker","previousOperationId":"qj1t2pqi6439i38","timestamp":1684486343211,"id":"doprnals4ealzhm"}
{"type":"operationStart","subtype":"render","name":"anonymous","previousOperationId":"qj1t2pqi6439i38","timestamp":1684486343223,"id":"n843qxbdibj4bvz","previousEventId":"6q3vmcgmwjdo4xe","operationId":"86bnfzvdsw6psin"}
{"type":"log","timestamp":1684486343224,"level":"info","message":"Starting rendering request 1","meta":{"rootId":"rq9u23ywbcwg56p","id":"rq9u23ywbcwg56p"},"id":"y8pxyaibhz4f1yj","previousOperationId":"86bnfzvdsw6psin"}
{"type":"log","timestamp":1684486343225,"level":"info","message":"Rendering anonymous template { recipe: chrome-pdf, engine: handlebars }","meta":{"rootId":"rq9u23ywbcwg56p","id":"rq9u23ywbcwg56p"},"id":"7yr0u7tv2vr2dhi","previousOperationId":"86bnfzvdsw6psin"}
{"type":"log","timestamp":1684486343226,"level":"debug","message":"Inline data specified.","meta":{"rootId":"rq9u23ywbcwg56p","id":"rq9u23ywbcwg56p"},"id":"x1n6r0ymdvk7dw0","previousOperationId":"86bnfzvdsw6psin"}
{"type":"log","timestamp":1684486343231,"level":"debug","message":"Base url not specified, skipping its injection.","meta":{"rootId":"rq9u23ywbcwg56p","id":"rq9u23ywbcwg56p"},"id":"qr22mgpinvrkpmt","previousOperationId":"86bnfzvdsw6psin"}
{"type":"operationStart","subtype":"engine","name":"handlebars","timestamp":1684486343232,"id":"yqvi0yzlxhkwqup","previousEventId":"n843qxbdibj4bvz","operationId":"9oe5whsrzw7xkza","previousOperationId":"86bnfzvdsw6psin"}
{"type":"log","timestamp":1684486343232,"level":"debug","message":"Rendering engine handlebars","meta":{"rootId":"rq9u23ywbcwg56p","id":"rq9u23ywbcwg56p"},"id":"vz7m53kmf8ygcic","previousOperationId":"9oe5whsrzw7xkza"}
{"type":"operationEnd","operationId":"9oe5whsrzw7xkza","timestamp":1684486343543,"id":"j2us2dqqaew42mg","previousEventId":"yqvi0yzlxhkwqup","previousOperationId":"9oe5whsrzw7xkza"}
{"type":"operationStart","subtype":"recipe","name":"chrome-pdf","timestamp":1684486343544,"id":"c0z6k0a60hgun5q","previousEventId":"j2us2dqqaew42mg","operationId":"ingsv81y8h57g8q","previousOperationId":"9oe5whsrzw7xkza"}
{"type":"log","timestamp":1684486343544,"level":"debug","message":"Executing recipe chrome-pdf","meta":{"rootId":"rq9u23ywbcwg56p","id":"rq9u23ywbcwg56p"},"id":"a95zcjjw2iz3avq","previousOperationId":"ingsv81y8h57g8q"}
{"type":"log","timestamp":1684486343765,"level":"debug","message":"Converting with chrome HeadlessChrome/105.0.5173.0 using chrome-pool strategy","meta":{"rootId":"rq9u23ywbcwg56p","id":"rq9u23ywbcwg56p"},"id":"qyp8mx0nywtapqy","previousOperationId":"ingsv81y8h57g8q"}
{"type":"log","timestamp":1684486344483,"level":"debug","message":"Page request: GET (document) file:///C:/Users/hp/AppData/Local/Temp/jsreport/autocleanup/63a7bf5a-c643-49ec-b25a-d8bcc1d22ecd-chrome-pdf.html","meta":{"rootId":"rq9u23ywbcwg56p","id":"rq9u23ywbcwg56p"},"id":"idszenr4lazncqr","previousOperationId":"ingsv81y8h57g8q"}
{"type":"log","timestamp":1684486344490,"level":"debug","message":"Page request finished: GET (document) 200 file:///C:/Users/hp/AppData/Local/Temp/jsreport/autocleanup/63a7bf5a-c643-49ec-b25a-d8bcc1d22ecd-chrome-pdf.html","meta":{"rootId":"rq9u23ywbcwg56p","id":"rq9u23ywbcwg56p"},"id":"n8f09ym2ovej634","previousOperationId":"ingsv81y8h57g8q"}
{"type":"log","timestamp":1684486344550,"level":"debug","message":"Running chrome with params {\"timeout\":59568,\"margin\":{},\"printBackground\":true}","meta":{"rootId":"rq9u23ywbcwg56p","id":"rq9u23ywbcwg56p"},"id":"44zm1txajpban78","previousOperationId":"ingsv81y8h57g8q"}
{"type":"operationEnd","operationId":"ingsv81y8h57g8q","timestamp":1684486344777,"id":"scc79qpibs9p89x","previousEventId":"c0z6k0a60hgun5q","previousOperationId":"ingsv81y8h57g8q"}
{"type":"log","timestamp":1684486344777,"level":"debug","message":"Skipping storing report.","meta":{"rootId":"rq9u23ywbcwg56p","id":"rq9u23ywbcwg56p"},"id":"6y75fsvomjv2njs","previousOperationId":"ingsv81y8h57g8q"}
{"type":"log","timestamp":1684486344777,"level":"info","message":"Rendering request 1 finished in 1567 ms","meta":{"rootId":"rq9u23ywbcwg56p","id":"rq9u23ywbcwg56p"},"id":"b899b9v9xko0j79","previousOperationId":"ingsv81y8h57g8q"}
{"type":"operationEnd","subtype":"render","operationId":"86bnfzvdsw6psin","timestamp":1684486344777,"id":"t9ba5rvrj9fam9m","previousEventId":"scc79qpibs9p89x","previousOperationId":"ingsv81y8h57g8q"}
{"type":"operationEnd","doDiffs":false,"previousEventId":"6q3vmcgmwjdo4xe","previousOperationId":"qj1t2pqi6439i38","operationId":"qj1t2pqi6439i38","timestamp":1684486344780,"id":"x4np0g7g41lyctd"}
