{"type":"operationStart","subtype":"profile","data":{"_id":"yftn1CJWYGluoLbG","timestamp":"2023-04-18T13:48:06.376Z","state":"queued","mode":"standard","timeout":60000,"creationDate":"2023-04-18T13:48:06.378Z","modificationDate":"2023-04-18T13:48:06.378Z","shortid":"Rt4OIL4","$entitySet":"profiles"},"doDiffs":false,"timestamp":1681825686377,"id":"jrdpjauz4wtz5p1","previousOperationId":null,"operationId":"qrttqfn2c59uwss"}
{"type":"log","level":"info","message":"Render request 11 queued for execution and waiting for available worker","previousOperationId":"qrttqfn2c59uwss","timestamp":1681825686377,"id":"cdel11wqj69kv8i"}
{"type":"operationStart","subtype":"render","name":"anonymous","previousOperationId":"qrttqfn2c59uwss","timestamp":1681825686381,"id":"13a0q4bdjd6b2bx","previousEventId":"jrdpjauz4wtz5p1","operationId":"fckes0bu6as2cgq"}
{"type":"log","timestamp":1681825686381,"level":"info","message":"Starting rendering request 11","meta":{"rootId":"rsylolkcwkiaqsn","id":"rsylolkcwkiaqsn"},"id":"ne3r8jjntii9b3j","previousOperationId":"fckes0bu6as2cgq"}
{"type":"log","timestamp":1681825686381,"level":"info","message":"Rendering anonymous template { recipe: chrome-pdf, engine: handlebars }","meta":{"rootId":"rsylolkcwkiaqsn","id":"rsylolkcwkiaqsn"},"id":"98g8bzib6ly5x2o","previousOperationId":"fckes0bu6as2cgq"}
{"type":"log","timestamp":1681825686381,"level":"debug","message":"Inline data specified.","meta":{"rootId":"rsylolkcwkiaqsn","id":"rsylolkcwkiaqsn"},"id":"rthff88atprf9de","previousOperationId":"fckes0bu6as2cgq"}
{"type":"log","timestamp":1681825686383,"level":"debug","message":"Base url not specified, skipping its injection.","meta":{"rootId":"rsylolkcwkiaqsn","id":"rsylolkcwkiaqsn"},"id":"xraslbr1dy3u11k","previousOperationId":"fckes0bu6as2cgq"}
{"type":"operationStart","subtype":"engine","name":"handlebars","timestamp":1681825686384,"id":"44xxnu7zdstes0a","previousEventId":"13a0q4bdjd6b2bx","operationId":"0xa3xxk2d0z478j","previousOperationId":"fckes0bu6as2cgq"}
{"type":"log","timestamp":1681825686384,"level":"debug","message":"Rendering engine handlebars","meta":{"rootId":"rsylolkcwkiaqsn","id":"rsylolkcwkiaqsn"},"id":"2czc2w8wzqo3jlx","previousOperationId":"0xa3xxk2d0z478j"}
{"type":"operationEnd","operationId":"0xa3xxk2d0z478j","timestamp":1681825686394,"id":"sv6vsipkggqksrx","previousEventId":"44xxnu7zdstes0a","previousOperationId":"0xa3xxk2d0z478j"}
{"type":"operationStart","subtype":"recipe","name":"chrome-pdf","timestamp":1681825686394,"id":"vmzb7539foewurl","previousEventId":"sv6vsipkggqksrx","operationId":"lmg9ofiqmbwj8d2","previousOperationId":"0xa3xxk2d0z478j"}
{"type":"log","timestamp":1681825686394,"level":"debug","message":"Executing recipe chrome-pdf","meta":{"rootId":"rsylolkcwkiaqsn","id":"rsylolkcwkiaqsn"},"id":"152bqoirai5lpu9","previousOperationId":"lmg9ofiqmbwj8d2"}
{"type":"log","timestamp":1681825686402,"level":"debug","message":"Converting with chrome HeadlessChrome/105.0.5173.0 using chrome-pool strategy","meta":{"rootId":"rsylolkcwkiaqsn","id":"rsylolkcwkiaqsn"},"id":"xsknrg4vrenu19y","previousOperationId":"lmg9ofiqmbwj8d2"}
{"type":"log","timestamp":1681825686502,"level":"debug","message":"Page request: GET (document) file:///C:/Users/SACHIN~1/AppData/Local/Temp/jsreport/autocleanup/7cedc061-6b0d-418e-88e8-e86580aab726-chrome-pdf.html","meta":{"rootId":"rsylolkcwkiaqsn","id":"rsylolkcwkiaqsn"},"id":"vcsbvv2a4bqa8ge","previousOperationId":"lmg9ofiqmbwj8d2"}
{"type":"log","timestamp":1681825686515,"level":"debug","message":"Page request: GET (stylesheet) https://stackpath.bootstrapcdn.com/bootstrap/4.4.1/css/bootstrap.min.css","meta":{"rootId":"rsylolkcwkiaqsn","id":"rsylolkcwkiaqsn"},"id":"yat4otyfqn9j1kv","previousOperationId":"lmg9ofiqmbwj8d2"}
{"type":"log","timestamp":1681825686516,"level":"debug","message":"Page request finished: GET (document) 200 file:///C:/Users/SACHIN~1/AppData/Local/Temp/jsreport/autocleanup/7cedc061-6b0d-418e-88e8-e86580aab726-chrome-pdf.html","meta":{"rootId":"rsylolkcwkiaqsn","id":"rsylolkcwkiaqsn"},"id":"nfjelsni802cp4o","previousOperationId":"lmg9ofiqmbwj8d2"}
{"type":"log","timestamp":1681825686516,"level":"debug","message":"Page request: GET (image) https://assets-global.website-files.com/5ca4d1fd374efbecd845739f/611be296e1ecb589c495418a_JAS%20and%20Greencarrier.png","meta":{"rootId":"rsylolkcwkiaqsn","id":"rsylolkcwkiaqsn"},"id":"ytrfffm88yqcq5q","previousOperationId":"lmg9ofiqmbwj8d2"}
{"type":"log","timestamp":1681825686521,"level":"debug","message":"Page request finished: GET (image) 200 https://assets-global.website-files.com/5ca4d1fd374efbecd845739f/611be296e1ecb589c495418a_JAS%20and%20Greencarrier.png","meta":{"rootId":"rsylolkcwkiaqsn","id":"rsylolkcwkiaqsn"},"id":"3151rkho6vwn2az","previousOperationId":"lmg9ofiqmbwj8d2"}
{"type":"log","timestamp":1681825686526,"level":"debug","message":"Page request finished: GET (stylesheet) 200 https://stackpath.bootstrapcdn.com/bootstrap/4.4.1/css/bootstrap.min.css","meta":{"rootId":"rsylolkcwkiaqsn","id":"rsylolkcwkiaqsn"},"id":"3mcw76j44wyrhps","previousOperationId":"lmg9ofiqmbwj8d2"}
{"type":"log","timestamp":1681825686579,"level":"debug","message":"Running chrome with params {\"timeout\":59980,\"margin\":{},\"printBackground\":true}","meta":{"rootId":"rsylolkcwkiaqsn","id":"rsylolkcwkiaqsn"},"id":"5k7a9f7h6kqcix6","previousOperationId":"lmg9ofiqmbwj8d2"}
{"type":"operationEnd","operationId":"lmg9ofiqmbwj8d2","timestamp":1681825686976,"id":"r4w0q9j89tf71ug","previousEventId":"vmzb7539foewurl","previousOperationId":"lmg9ofiqmbwj8d2"}
{"type":"log","timestamp":1681825686976,"level":"debug","message":"Skipping storing report.","meta":{"rootId":"rsylolkcwkiaqsn","id":"rsylolkcwkiaqsn"},"id":"x1pw6e05wvbgf0p","previousOperationId":"lmg9ofiqmbwj8d2"}
{"type":"log","timestamp":1681825686976,"level":"info","message":"Rendering request 11 finished in 600 ms","meta":{"rootId":"rsylolkcwkiaqsn","id":"rsylolkcwkiaqsn"},"id":"xpjekupen7ep7ne","previousOperationId":"lmg9ofiqmbwj8d2"}
{"type":"operationEnd","subtype":"render","operationId":"fckes0bu6as2cgq","timestamp":1681825686976,"id":"9qxd0ujb04sn7hq","previousEventId":"r4w0q9j89tf71ug","previousOperationId":"lmg9ofiqmbwj8d2"}
{"type":"operationEnd","doDiffs":false,"previousEventId":"jrdpjauz4wtz5p1","previousOperationId":"qrttqfn2c59uwss","operationId":"qrttqfn2c59uwss","timestamp":1681825686980,"id":"pm1mnje9p535xw4"}
