{"type":"operationStart","subtype":"profile","data":{"_id":"sUpW9KyBqecM2qZX","timestamp":"2023-05-19T06:08:40.859Z","state":"queued","mode":"standard","timeout":60000,"creationDate":"2023-05-19T06:08:40.862Z","modificationDate":"2023-05-19T06:08:40.862Z","shortid":"UjfV5cM","$entitySet":"profiles"},"doDiffs":false,"timestamp":1684476520861,"id":"f8voghatwxhucyr","previousOperationId":null,"operationId":"ub20zq9hrcikgyb"}
{"type":"log","level":"info","message":"Render request 1 queued for execution and waiting for available worker","previousOperationId":"ub20zq9hrcikgyb","timestamp":1684476520861,"id":"h7lhfetbv1v7e81"}
{"type":"operationStart","subtype":"render","name":"anonymous","previousOperationId":"ub20zq9hrcikgyb","timestamp":1684476520876,"id":"92re21zl0h56hof","previousEventId":"f8voghatwxhucyr","operationId":"gy8e9uvwgyxi89h"}
{"type":"log","timestamp":1684476520877,"level":"info","message":"Starting rendering request 1","meta":{"rootId":"s428vvhy636pqjn","id":"s428vvhy636pqjn"},"id":"cwobjy5qh6cbmkk","previousOperationId":"gy8e9uvwgyxi89h"}
{"type":"log","timestamp":1684476520879,"level":"info","message":"Rendering anonymous template { recipe: chrome-pdf, engine: handlebars }","meta":{"rootId":"s428vvhy636pqjn","id":"s428vvhy636pqjn"},"id":"adi0gsfr2n644y7","previousOperationId":"gy8e9uvwgyxi89h"}
{"type":"log","timestamp":1684476520879,"level":"debug","message":"Inline data specified.","meta":{"rootId":"s428vvhy636pqjn","id":"s428vvhy636pqjn"},"id":"enortkpngj0hh6w","previousOperationId":"gy8e9uvwgyxi89h"}
{"type":"log","timestamp":1684476520882,"level":"debug","message":"Base url not specified, skipping its injection.","meta":{"rootId":"s428vvhy636pqjn","id":"s428vvhy636pqjn"},"id":"lmhn7pdjkcebqtt","previousOperationId":"gy8e9uvwgyxi89h"}
{"type":"operationStart","subtype":"engine","name":"handlebars","timestamp":1684476520883,"id":"8az0czm748jkkd0","previousEventId":"92re21zl0h56hof","operationId":"rke517grlehziuc","previousOperationId":"gy8e9uvwgyxi89h"}
{"type":"log","timestamp":1684476520883,"level":"debug","message":"Rendering engine handlebars","meta":{"rootId":"s428vvhy636pqjn","id":"s428vvhy636pqjn"},"id":"pnp4uo7fj8bl04n","previousOperationId":"rke517grlehziuc"}
{"type":"operationEnd","operationId":"rke517grlehziuc","timestamp":1684476523914,"id":"5ftmgu1oqpksdfp","previousEventId":"8az0czm748jkkd0","previousOperationId":"rke517grlehziuc"}
{"type":"operationStart","subtype":"recipe","name":"chrome-pdf","timestamp":1684476523915,"id":"gz831gg4lbl0rdp","previousEventId":"5ftmgu1oqpksdfp","operationId":"uw5mq99h9jbw53n","previousOperationId":"rke517grlehziuc"}
{"type":"log","timestamp":1684476523915,"level":"debug","message":"Executing recipe chrome-pdf","meta":{"rootId":"s428vvhy636pqjn","id":"s428vvhy636pqjn"},"id":"m9i6y1wedd9a4eq","previousOperationId":"uw5mq99h9jbw53n"}
{"type":"log","timestamp":1684476524509,"level":"debug","message":"Converting with chrome HeadlessChrome/105.0.5173.0 using chrome-pool strategy","meta":{"rootId":"s428vvhy636pqjn","id":"s428vvhy636pqjn"},"id":"apvcifptnseq6uo","previousOperationId":"uw5mq99h9jbw53n"}
{"type":"log","timestamp":1684476525556,"level":"debug","message":"Page request: GET (document) file:///C:/Users/hp/AppData/Local/Temp/jsreport/autocleanup/7f754f8e-a458-4340-8cd0-3f5e4e40db0f-chrome-pdf.html","meta":{"rootId":"s428vvhy636pqjn","id":"s428vvhy636pqjn"},"id":"jjqahju3qipa39m","previousOperationId":"uw5mq99h9jbw53n"}
{"type":"log","timestamp":1684476525570,"level":"debug","message":"Page request finished: GET (document) 200 file:///C:/Users/hp/AppData/Local/Temp/jsreport/autocleanup/7f754f8e-a458-4340-8cd0-3f5e4e40db0f-chrome-pdf.html","meta":{"rootId":"s428vvhy636pqjn","id":"s428vvhy636pqjn"},"id":"64kqnc3hm10b807","previousOperationId":"uw5mq99h9jbw53n"}
{"type":"log","timestamp":1684476525637,"level":"debug","message":"Running chrome with params {\"timeout\":56791,\"margin\":{},\"printBackground\":true}","meta":{"rootId":"s428vvhy636pqjn","id":"s428vvhy636pqjn"},"id":"l5g1y2h08swtb9y","previousOperationId":"uw5mq99h9jbw53n"}
{"type":"operationEnd","operationId":"uw5mq99h9jbw53n","timestamp":1684476525980,"id":"1969aukacv471ge","previousEventId":"gz831gg4lbl0rdp","previousOperationId":"uw5mq99h9jbw53n"}
{"type":"log","timestamp":1684476525980,"level":"debug","message":"Skipping storing report.","meta":{"rootId":"s428vvhy636pqjn","id":"s428vvhy636pqjn"},"id":"gy0yvuwcuzvijjr","previousOperationId":"uw5mq99h9jbw53n"}
{"type":"log","timestamp":1684476525981,"level":"info","message":"Rendering request 1 finished in 5123 ms","meta":{"rootId":"s428vvhy636pqjn","id":"s428vvhy636pqjn"},"id":"hmhmenxnflbfcv4","previousOperationId":"uw5mq99h9jbw53n"}
{"type":"operationEnd","subtype":"render","operationId":"gy8e9uvwgyxi89h","timestamp":1684476525981,"id":"ueerqezvf0gnq0i","previousEventId":"1969aukacv471ge","previousOperationId":"uw5mq99h9jbw53n"}
{"type":"operationEnd","doDiffs":false,"previousEventId":"f8voghatwxhucyr","previousOperationId":"ub20zq9hrcikgyb","operationId":"ub20zq9hrcikgyb","timestamp":1684476525984,"id":"3bkuo6o01dzyrnx"}
