{"type":"operationStart","subtype":"profile","data":{"_id":"jrQCUfGZtmGcu95A","timestamp":"2023-04-18T13:47:33.857Z","state":"queued","mode":"standard","timeout":60000,"creationDate":"2023-04-18T13:47:33.861Z","modificationDate":"2023-04-18T13:47:33.861Z","shortid":"NGrmwbu","$entitySet":"profiles"},"doDiffs":false,"timestamp":1681825653860,"id":"gf7fykh7gxtwr6l","previousOperationId":null,"operationId":"zge8mdtksadih86"}
{"type":"log","level":"info","message":"Render request 4 queued for execution and waiting for available worker","previousOperationId":"zge8mdtksadih86","timestamp":1681825653860,"id":"o635o7ugr0oa1ez"}
{"type":"operationStart","subtype":"render","name":"anonymous","previousOperationId":"zge8mdtksadih86","timestamp":1681825653868,"id":"3pic8mpbpslmir8","previousEventId":"gf7fykh7gxtwr6l","operationId":"pececd4wdrdjy5p"}
{"type":"log","timestamp":1681825653869,"level":"info","message":"Starting rendering request 4","meta":{"rootId":"s6g1755xom41f31","id":"s6g1755xom41f31"},"id":"qnjak4emd274mbd","previousOperationId":"pececd4wdrdjy5p"}
{"type":"log","timestamp":1681825653869,"level":"info","message":"Rendering anonymous template { recipe: chrome-pdf, engine: handlebars }","meta":{"rootId":"s6g1755xom41f31","id":"s6g1755xom41f31"},"id":"o12qma4tizkr2hx","previousOperationId":"pececd4wdrdjy5p"}
{"type":"log","timestamp":1681825653869,"level":"debug","message":"Inline data specified.","meta":{"rootId":"s6g1755xom41f31","id":"s6g1755xom41f31"},"id":"mf853zskczdhg4s","previousOperationId":"pececd4wdrdjy5p"}
{"type":"log","timestamp":1681825653871,"level":"debug","message":"Base url not specified, skipping its injection.","meta":{"rootId":"s6g1755xom41f31","id":"s6g1755xom41f31"},"id":"gknfexip5g4huo3","previousOperationId":"pececd4wdrdjy5p"}
{"type":"operationStart","subtype":"engine","name":"handlebars","timestamp":1681825653872,"id":"ar4r9y0x0zhuh2c","previousEventId":"3pic8mpbpslmir8","operationId":"ybtflnga7b3t1ro","previousOperationId":"pececd4wdrdjy5p"}
{"type":"log","timestamp":1681825653872,"level":"debug","message":"Rendering engine handlebars","meta":{"rootId":"s6g1755xom41f31","id":"s6g1755xom41f31"},"id":"h3xwh7hz4eiemlq","previousOperationId":"ybtflnga7b3t1ro"}
{"type":"operationEnd","operationId":"ybtflnga7b3t1ro","timestamp":1681825653890,"id":"v72iinkloupywrf","previousEventId":"ar4r9y0x0zhuh2c","previousOperationId":"ybtflnga7b3t1ro"}
{"type":"operationStart","subtype":"recipe","name":"chrome-pdf","timestamp":1681825653891,"id":"g039nckrmwns32s","previousEventId":"v72iinkloupywrf","operationId":"rdbwevrkybx3xu1","previousOperationId":"ybtflnga7b3t1ro"}
{"type":"log","timestamp":1681825653892,"level":"debug","message":"Executing recipe chrome-pdf","meta":{"rootId":"s6g1755xom41f31","id":"s6g1755xom41f31"},"id":"qplcic222p880tt","previousOperationId":"rdbwevrkybx3xu1"}
{"type":"log","timestamp":1681825653897,"level":"debug","message":"Converting with chrome HeadlessChrome/105.0.5173.0 using chrome-pool strategy","meta":{"rootId":"s6g1755xom41f31","id":"s6g1755xom41f31"},"id":"khrjv80rizm5i4p","previousOperationId":"rdbwevrkybx3xu1"}
{"type":"log","timestamp":1681825654094,"level":"debug","message":"Page request: GET (document) file:///C:/Users/SACHIN~1/AppData/Local/Temp/jsreport/autocleanup/6b178250-3e39-476c-86ac-1541c2e309ae-chrome-pdf.html","meta":{"rootId":"s6g1755xom41f31","id":"s6g1755xom41f31"},"id":"uviunzwwt666egw","previousOperationId":"rdbwevrkybx3xu1"}
{"type":"log","timestamp":1681825654112,"level":"debug","message":"Page request: GET (stylesheet) https://stackpath.bootstrapcdn.com/bootstrap/4.4.1/css/bootstrap.min.css","meta":{"rootId":"s6g1755xom41f31","id":"s6g1755xom41f31"},"id":"pzmzzs7c6t2yt1p","previousOperationId":"rdbwevrkybx3xu1"}
{"type":"log","timestamp":1681825654113,"level":"debug","message":"Page request finished: GET (document) 200 file:///C:/Users/SACHIN~1/AppData/Local/Temp/jsreport/autocleanup/6b178250-3e39-476c-86ac-1541c2e309ae-chrome-pdf.html","meta":{"rootId":"s6g1755xom41f31","id":"s6g1755xom41f31"},"id":"cxx6n6g6zupyb1i","previousOperationId":"rdbwevrkybx3xu1"}
{"type":"log","timestamp":1681825654113,"level":"debug","message":"Page request: GET (image) https://assets-global.website-files.com/5ca4d1fd374efbecd845739f/611be296e1ecb589c495418a_JAS%20and%20Greencarrier.png","meta":{"rootId":"s6g1755xom41f31","id":"s6g1755xom41f31"},"id":"91f1dh6mcxsgjfv","previousOperationId":"rdbwevrkybx3xu1"}
{"type":"log","timestamp":1681825654132,"level":"debug","message":"Page request finished: GET (stylesheet) 200 https://stackpath.bootstrapcdn.com/bootstrap/4.4.1/css/bootstrap.min.css","meta":{"rootId":"s6g1755xom41f31","id":"s6g1755xom41f31"},"id":"lawge67xcvo2fyv","previousOperationId":"rdbwevrkybx3xu1"}
{"type":"log","timestamp":1681825654134,"level":"debug","message":"Page request finished: GET (image) 200 https://assets-global.website-files.com/5ca4d1fd374efbecd845739f/611be296e1ecb589c495418a_JAS%20and%20Greencarrier.png","meta":{"rootId":"s6g1755xom41f31","id":"s6g1755xom41f31"},"id":"t919sb81twef5ww","previousOperationId":"rdbwevrkybx3xu1"}
{"type":"log","timestamp":1681825654252,"level":"debug","message":"Running chrome with params {\"timeout\":59961,\"margin\":{},\"printBackground\":true}","meta":{"rootId":"s6g1755xom41f31","id":"s6g1755xom41f31"},"id":"nnz67df5nqtvo2n","previousOperationId":"rdbwevrkybx3xu1"}
{"type":"operationEnd","operationId":"rdbwevrkybx3xu1","timestamp":1681825654502,"id":"ne7skgz2r5dg3cr","previousEventId":"g039nckrmwns32s","previousOperationId":"rdbwevrkybx3xu1"}
{"type":"log","timestamp":1681825654502,"level":"debug","message":"Skipping storing report.","meta":{"rootId":"s6g1755xom41f31","id":"s6g1755xom41f31"},"id":"dnbxla2x3ibe7qn","previousOperationId":"rdbwevrkybx3xu1"}
{"type":"log","timestamp":1681825654503,"level":"info","message":"Rendering request 4 finished in 647 ms","meta":{"rootId":"s6g1755xom41f31","id":"s6g1755xom41f31"},"id":"qqzozukwv7ax2ue","previousOperationId":"rdbwevrkybx3xu1"}
{"type":"operationEnd","subtype":"render","operationId":"pececd4wdrdjy5p","timestamp":1681825654503,"id":"9xyah44l9483hrx","previousEventId":"ne7skgz2r5dg3cr","previousOperationId":"rdbwevrkybx3xu1"}
{"type":"operationEnd","doDiffs":false,"previousEventId":"gf7fykh7gxtwr6l","previousOperationId":"zge8mdtksadih86","operationId":"zge8mdtksadih86","timestamp":1681825654505,"id":"ctr9ywkryfs8o9j"}
