{"type":"operationStart","subtype":"profile","data":{"_id":"fR303VVIc6GdZJCd","timestamp":"2023-05-19T06:12:06.615Z","state":"queued","mode":"standard","timeout":60000,"creationDate":"2023-05-19T06:12:06.619Z","modificationDate":"2023-05-19T06:12:06.619Z","shortid":"0pMtRjg","$entitySet":"profiles"},"doDiffs":false,"timestamp":1684476726618,"id":"d4u7r4nlzp9ud7e","previousOperationId":null,"operationId":"q9neyjg8d32kc7k"}
{"type":"log","level":"info","message":"Render request 1 queued for execution and waiting for available worker","previousOperationId":"q9neyjg8d32kc7k","timestamp":1684476726618,"id":"m43u87fg7fdll2v"}
{"type":"operationStart","subtype":"render","name":"anonymous","previousOperationId":"q9neyjg8d32kc7k","timestamp":1684476726639,"id":"zrkt0l4znl1z26m","previousEventId":"d4u7r4nlzp9ud7e","operationId":"bt0h0ast1ava13d"}
{"type":"log","timestamp":1684476726640,"level":"info","message":"Starting rendering request 1","meta":{"rootId":"ssleygpkuuwazlz","id":"ssleygpkuuwazlz"},"id":"va7p5gxeoczikmc","previousOperationId":"bt0h0ast1ava13d"}
{"type":"log","timestamp":1684476726641,"level":"info","message":"Rendering anonymous template { recipe: chrome-pdf, engine: handlebars }","meta":{"rootId":"ssleygpkuuwazlz","id":"ssleygpkuuwazlz"},"id":"dfn6hdbuy6wqwv4","previousOperationId":"bt0h0ast1ava13d"}
{"type":"log","timestamp":1684476726642,"level":"debug","message":"Inline data specified.","meta":{"rootId":"ssleygpkuuwazlz","id":"ssleygpkuuwazlz"},"id":"3ecz9heax2ioswh","previousOperationId":"bt0h0ast1ava13d"}
{"type":"log","timestamp":1684476726645,"level":"debug","message":"Base url not specified, skipping its injection.","meta":{"rootId":"ssleygpkuuwazlz","id":"ssleygpkuuwazlz"},"id":"effnz5tsscay2p1","previousOperationId":"bt0h0ast1ava13d"}
{"type":"operationStart","subtype":"engine","name":"handlebars","timestamp":1684476726647,"id":"0tbxz24sabijt6a","previousEventId":"zrkt0l4znl1z26m","operationId":"rur0xmfi1gg7i8q","previousOperationId":"bt0h0ast1ava13d"}
{"type":"log","timestamp":1684476726647,"level":"debug","message":"Rendering engine handlebars","meta":{"rootId":"ssleygpkuuwazlz","id":"ssleygpkuuwazlz"},"id":"sj3stw63nqts3vv","previousOperationId":"rur0xmfi1gg7i8q"}
{"type":"operationEnd","operationId":"rur0xmfi1gg7i8q","timestamp":1684476727198,"id":"wamgfhtb2wvosca","previousEventId":"0tbxz24sabijt6a","previousOperationId":"rur0xmfi1gg7i8q"}
{"type":"operationStart","subtype":"recipe","name":"chrome-pdf","timestamp":1684476727199,"id":"5whrvxlznymtxg5","previousEventId":"wamgfhtb2wvosca","operationId":"ro9p0ble32eo7kg","previousOperationId":"rur0xmfi1gg7i8q"}
{"type":"log","timestamp":1684476727199,"level":"debug","message":"Executing recipe chrome-pdf","meta":{"rootId":"ssleygpkuuwazlz","id":"ssleygpkuuwazlz"},"id":"d4btsoomogcum34","previousOperationId":"ro9p0ble32eo7kg"}
{"type":"log","timestamp":1684476727574,"level":"debug","message":"Converting with chrome HeadlessChrome/105.0.5173.0 using chrome-pool strategy","meta":{"rootId":"ssleygpkuuwazlz","id":"ssleygpkuuwazlz"},"id":"0wpcyxshhldhkil","previousOperationId":"ro9p0ble32eo7kg"}
{"type":"log","timestamp":1684476728484,"level":"debug","message":"Page request: GET (document) file:///C:/Users/hp/AppData/Local/Temp/jsreport/autocleanup/f4aa55b9-f5ac-4975-ad4c-edab7e050e81-chrome-pdf.html","meta":{"rootId":"ssleygpkuuwazlz","id":"ssleygpkuuwazlz"},"id":"k48jemv3j7ka849","previousOperationId":"ro9p0ble32eo7kg"}
{"type":"log","timestamp":1684476728497,"level":"debug","message":"Page request finished: GET (document) 200 file:///C:/Users/hp/AppData/Local/Temp/jsreport/autocleanup/f4aa55b9-f5ac-4975-ad4c-edab7e050e81-chrome-pdf.html","meta":{"rootId":"ssleygpkuuwazlz","id":"ssleygpkuuwazlz"},"id":"hmy1afwsd4tur7m","previousOperationId":"ro9p0ble32eo7kg"}
{"type":"log","timestamp":1684476728597,"level":"debug","message":"Running chrome with params {\"timeout\":59261,\"margin\":{},\"printBackground\":true}","meta":{"rootId":"ssleygpkuuwazlz","id":"ssleygpkuuwazlz"},"id":"lk2uwsb3m9f2cpt","previousOperationId":"ro9p0ble32eo7kg"}
{"type":"operationEnd","operationId":"ro9p0ble32eo7kg","timestamp":1684476729027,"id":"9ggkkhx0z6gjl57","previousEventId":"5whrvxlznymtxg5","previousOperationId":"ro9p0ble32eo7kg"}
{"type":"log","timestamp":1684476729027,"level":"debug","message":"Skipping storing report.","meta":{"rootId":"ssleygpkuuwazlz","id":"ssleygpkuuwazlz"},"id":"z3lx44o4k89lmnr","previousOperationId":"ro9p0ble32eo7kg"}
{"type":"log","timestamp":1684476729028,"level":"info","message":"Rendering request 1 finished in 2413 ms","meta":{"rootId":"ssleygpkuuwazlz","id":"ssleygpkuuwazlz"},"id":"10ds2dig37sx4gd","previousOperationId":"ro9p0ble32eo7kg"}
{"type":"operationEnd","subtype":"render","operationId":"bt0h0ast1ava13d","timestamp":1684476729028,"id":"o9ckjaikav8pf4t","previousEventId":"9ggkkhx0z6gjl57","previousOperationId":"ro9p0ble32eo7kg"}
{"type":"operationEnd","doDiffs":false,"previousEventId":"d4u7r4nlzp9ud7e","previousOperationId":"q9neyjg8d32kc7k","operationId":"q9neyjg8d32kc7k","timestamp":1684476729031,"id":"2epats5de0ngl94"}
