{"type":"operationStart","subtype":"profile","data":{"_id":"W4fBNU04rXkiTCeh","timestamp":"2023-04-13T05:31:10.679Z","state":"queued","mode":"standard","timeout":60000,"creationDate":"2023-04-13T05:31:10.686Z","modificationDate":"2023-04-13T05:31:10.686Z","shortid":"RmPRv7L","$entitySet":"profiles"},"doDiffs":false,"timestamp":1681363870685,"id":"eb461l8d7nqmxo9","previousOperationId":null,"operationId":"4aemixvcp7nsxvv"}
{"type":"log","level":"info","message":"Render request 1 queued for execution and waiting for available worker","previousOperationId":"4aemixvcp7nsxvv","timestamp":1681363870685,"id":"htd1rvsrphvif3j"}
{"type":"operationStart","subtype":"render","name":"anonymous","previousOperationId":"4aemixvcp7nsxvv","timestamp":1681363870720,"id":"97msvaw0ejs1mzu","previousEventId":"eb461l8d7nqmxo9","operationId":"qv8kcu4sydpzhit"}
{"type":"log","timestamp":1681363870720,"level":"info","message":"Starting rendering request 1","meta":{"rootId":"t7vcpflqhs3tlhr","id":"t7vcpflqhs3tlhr"},"id":"b9zhohdp2043ags","previousOperationId":"qv8kcu4sydpzhit"}
{"type":"log","timestamp":1681363870722,"level":"info","message":"Rendering anonymous template { recipe: chrome-pdf, engine: handlebars }","meta":{"rootId":"t7vcpflqhs3tlhr","id":"t7vcpflqhs3tlhr"},"id":"he26az08xspahpf","previousOperationId":"qv8kcu4sydpzhit"}
{"type":"log","timestamp":1681363870722,"level":"debug","message":"Inline data specified.","meta":{"rootId":"t7vcpflqhs3tlhr","id":"t7vcpflqhs3tlhr"},"id":"qtc38w8rjr4yciv","previousOperationId":"qv8kcu4sydpzhit"}
{"type":"log","timestamp":1681363870727,"level":"debug","message":"Base url not specified, skipping its injection.","meta":{"rootId":"t7vcpflqhs3tlhr","id":"t7vcpflqhs3tlhr"},"id":"ycha4w6ghddf8ps","previousOperationId":"qv8kcu4sydpzhit"}
{"type":"operationStart","subtype":"engine","name":"handlebars","timestamp":1681363870728,"id":"eaabyl56zpzv18c","previousEventId":"97msvaw0ejs1mzu","operationId":"xrfno1mzzkc5xmi","previousOperationId":"qv8kcu4sydpzhit"}
{"type":"log","timestamp":1681363870728,"level":"debug","message":"Rendering engine handlebars","meta":{"rootId":"t7vcpflqhs3tlhr","id":"t7vcpflqhs3tlhr"},"id":"1r9mzk1rg86do4b","previousOperationId":"xrfno1mzzkc5xmi"}
{"type":"operationEnd","operationId":"xrfno1mzzkc5xmi","timestamp":1681363871401,"id":"jxzv9i3hrywvor0","previousEventId":"eaabyl56zpzv18c","previousOperationId":"xrfno1mzzkc5xmi"}
{"type":"operationStart","subtype":"recipe","name":"chrome-pdf","timestamp":1681363871402,"id":"ckyq7b1g7xzk5y0","previousEventId":"jxzv9i3hrywvor0","operationId":"6pnjk2pis49is49","previousOperationId":"xrfno1mzzkc5xmi"}
{"type":"log","timestamp":1681363871402,"level":"debug","message":"Executing recipe chrome-pdf","meta":{"rootId":"t7vcpflqhs3tlhr","id":"t7vcpflqhs3tlhr"},"id":"rcfnlkzvztjdwy0","previousOperationId":"6pnjk2pis49is49"}
{"type":"log","timestamp":1681363872359,"level":"debug","message":"Converting with chrome HeadlessChrome/105.0.5173.0 using chrome-pool strategy","meta":{"rootId":"t7vcpflqhs3tlhr","id":"t7vcpflqhs3tlhr"},"id":"i1whzbq51unmd5o","previousOperationId":"6pnjk2pis49is49"}
{"type":"log","timestamp":1681363872592,"level":"debug","message":"Page request: GET (document) file:///C:/Users/SACHIN~1/AppData/Local/Temp/jsreport/autocleanup/2123a51d-0fa7-4480-852f-83c640b5081b-chrome-pdf.html","meta":{"rootId":"t7vcpflqhs3tlhr","id":"t7vcpflqhs3tlhr"},"id":"zridp5cry7q5aqv","previousOperationId":"6pnjk2pis49is49"}
{"type":"log","timestamp":1681363872605,"level":"debug","message":"Page request finished: GET (document) 200 file:///C:/Users/SACHIN~1/AppData/Local/Temp/jsreport/autocleanup/2123a51d-0fa7-4480-852f-83c640b5081b-chrome-pdf.html","meta":{"rootId":"t7vcpflqhs3tlhr","id":"t7vcpflqhs3tlhr"},"id":"lo2g3nc8xsnlbrf","previousOperationId":"6pnjk2pis49is49"}
{"type":"log","timestamp":1681363872607,"level":"debug","message":"Page request: GET (stylesheet) https://stackpath.bootstrapcdn.com/bootstrap/4.4.1/css/bootstrap.min.css","meta":{"rootId":"t7vcpflqhs3tlhr","id":"t7vcpflqhs3tlhr"},"id":"mbixw6f0e2013eb","previousOperationId":"6pnjk2pis49is49"}
{"type":"log","timestamp":1681363872608,"level":"debug","message":"Page request: GET (image) https://assets-global.website-files.com/5ca4d1fd374efbecd845739f/611be296e1ecb589c495418a_JAS%20and%20Greencarrier.png","meta":{"rootId":"t7vcpflqhs3tlhr","id":"t7vcpflqhs3tlhr"},"id":"vvmakyuvrevti1v","previousOperationId":"6pnjk2pis49is49"}
{"type":"log","timestamp":1681363873858,"level":"debug","message":"Page request finished: GET (stylesheet) 200 https://stackpath.bootstrapcdn.com/bootstrap/4.4.1/css/bootstrap.min.css","meta":{"rootId":"t7vcpflqhs3tlhr","id":"t7vcpflqhs3tlhr"},"id":"w1ko9ykrob9udp8","previousOperationId":"6pnjk2pis49is49"}
{"type":"log","timestamp":1681363874112,"level":"debug","message":"Page request finished: GET (image) 200 https://assets-global.website-files.com/5ca4d1fd374efbecd845739f/611be296e1ecb589c495418a_JAS%20and%20Greencarrier.png","meta":{"rootId":"t7vcpflqhs3tlhr","id":"t7vcpflqhs3tlhr"},"id":"0vkw9f9e0fku40p","previousOperationId":"6pnjk2pis49is49"}
{"type":"log","timestamp":1681363874115,"level":"debug","message":"Running chrome with params {\"timeout\":59108,\"margin\":{},\"printBackground\":true}","meta":{"rootId":"t7vcpflqhs3tlhr","id":"t7vcpflqhs3tlhr"},"id":"98uggpx6klo0b6k","previousOperationId":"6pnjk2pis49is49"}
{"type":"operationEnd","operationId":"6pnjk2pis49is49","timestamp":1681363874276,"id":"l8yvvz531b8yf9h","previousEventId":"ckyq7b1g7xzk5y0","previousOperationId":"6pnjk2pis49is49"}
{"type":"log","timestamp":1681363874276,"level":"debug","message":"Skipping storing report.","meta":{"rootId":"t7vcpflqhs3tlhr","id":"t7vcpflqhs3tlhr"},"id":"qv1miy4ia3qjpjr","previousOperationId":"6pnjk2pis49is49"}
{"type":"log","timestamp":1681363874276,"level":"info","message":"Rendering request 1 finished in 3598 ms","meta":{"rootId":"t7vcpflqhs3tlhr","id":"t7vcpflqhs3tlhr"},"id":"yaoreerea5d54ti","previousOperationId":"6pnjk2pis49is49"}
{"type":"operationEnd","subtype":"render","operationId":"qv8kcu4sydpzhit","timestamp":1681363874276,"id":"2q7owi9yn7y04nt","previousEventId":"l8yvvz531b8yf9h","previousOperationId":"6pnjk2pis49is49"}
{"type":"operationEnd","doDiffs":false,"previousEventId":"eb461l8d7nqmxo9","previousOperationId":"4aemixvcp7nsxvv","operationId":"4aemixvcp7nsxvv","timestamp":1681363874279,"id":"7rdd9t70upjtg4w"}
