{"type":"operationStart","subtype":"profile","data":{"_id":"LeT0L1rmriCJ9lL8","timestamp":"2023-05-16T13:51:37.763Z","state":"queued","mode":"standard","timeout":60000,"creationDate":"2023-05-16T13:51:37.765Z","modificationDate":"2023-05-16T13:51:37.765Z","shortid":"OI4lewe","$entitySet":"profiles"},"doDiffs":false,"timestamp":1684245097764,"id":"59xy8jchu7nwcxb","previousOperationId":null,"operationId":"c41lfs43x70u3h8"}
{"type":"log","level":"info","message":"Render request 1 queued for execution and waiting for available worker","previousOperationId":"c41lfs43x70u3h8","timestamp":1684245097764,"id":"i87ism1exz99i7r"}
{"type":"operationStart","subtype":"render","name":"anonymous","previousOperationId":"c41lfs43x70u3h8","timestamp":1684245097776,"id":"x3hu38d7pnl3nai","previousEventId":"59xy8jchu7nwcxb","operationId":"c1ekmfps9ofcftv"}
{"type":"log","timestamp":1684245097777,"level":"info","message":"Starting rendering request 1","meta":{"rootId":"t8vqmw1mgxlb35j","id":"t8vqmw1mgxlb35j"},"id":"6srxgy573e9910o","previousOperationId":"c1ekmfps9ofcftv"}
{"type":"log","timestamp":1684245097778,"level":"info","message":"Rendering anonymous template { recipe: chrome-pdf, engine: handlebars }","meta":{"rootId":"t8vqmw1mgxlb35j","id":"t8vqmw1mgxlb35j"},"id":"r0cgjzvdz9k1k62","previousOperationId":"c1ekmfps9ofcftv"}
{"type":"log","timestamp":1684245097779,"level":"debug","message":"Inline data specified.","meta":{"rootId":"t8vqmw1mgxlb35j","id":"t8vqmw1mgxlb35j"},"id":"2vfffqvve2y6mqe","previousOperationId":"c1ekmfps9ofcftv"}
{"type":"log","timestamp":1684245097781,"level":"debug","message":"Base url not specified, skipping its injection.","meta":{"rootId":"t8vqmw1mgxlb35j","id":"t8vqmw1mgxlb35j"},"id":"r5ccj9o6mgfz4p3","previousOperationId":"c1ekmfps9ofcftv"}
{"type":"operationStart","subtype":"engine","name":"handlebars","timestamp":1684245097782,"id":"5dys5g66u38c4li","previousEventId":"x3hu38d7pnl3nai","operationId":"tmynmuoo0zs7xcy","previousOperationId":"c1ekmfps9ofcftv"}
{"type":"log","timestamp":1684245097782,"level":"debug","message":"Rendering engine handlebars","meta":{"rootId":"t8vqmw1mgxlb35j","id":"t8vqmw1mgxlb35j"},"id":"jfj8j6dvtsrrkue","previousOperationId":"tmynmuoo0zs7xcy"}
{"type":"operationEnd","operationId":"tmynmuoo0zs7xcy","timestamp":1684245098155,"id":"m2pf0rgrwrqhfvp","previousEventId":"5dys5g66u38c4li","previousOperationId":"tmynmuoo0zs7xcy"}
{"type":"operationStart","subtype":"recipe","name":"chrome-pdf","timestamp":1684245098156,"id":"tk6ip8azjbaner6","previousEventId":"m2pf0rgrwrqhfvp","operationId":"7i31j4nvyydkyaa","previousOperationId":"tmynmuoo0zs7xcy"}
{"type":"log","timestamp":1684245098156,"level":"debug","message":"Executing recipe chrome-pdf","meta":{"rootId":"t8vqmw1mgxlb35j","id":"t8vqmw1mgxlb35j"},"id":"w20ome7o8lkgzbn","previousOperationId":"7i31j4nvyydkyaa"}
{"type":"log","timestamp":1684245098412,"level":"debug","message":"Converting with chrome HeadlessChrome/105.0.5173.0 using chrome-pool strategy","meta":{"rootId":"t8vqmw1mgxlb35j","id":"t8vqmw1mgxlb35j"},"id":"3y96ec7yzmzzqem","previousOperationId":"7i31j4nvyydkyaa"}
{"type":"log","timestamp":1684245099715,"level":"debug","message":"Page request: GET (document) file:///C:/Users/hp/AppData/Local/Temp/jsreport/autocleanup/2bf876d2-c54e-4605-ae63-3e6a70231e5d-chrome-pdf.html","meta":{"rootId":"t8vqmw1mgxlb35j","id":"t8vqmw1mgxlb35j"},"id":"88a0x0aiw5xgvp4","previousOperationId":"7i31j4nvyydkyaa"}
{"type":"log","timestamp":1684245099724,"level":"debug","message":"Page request finished: GET (document) 200 file:///C:/Users/hp/AppData/Local/Temp/jsreport/autocleanup/2bf876d2-c54e-4605-ae63-3e6a70231e5d-chrome-pdf.html","meta":{"rootId":"t8vqmw1mgxlb35j","id":"t8vqmw1mgxlb35j"},"id":"94ba49j8mxjeifu","previousOperationId":"7i31j4nvyydkyaa"}
{"type":"log","timestamp":1684245099759,"level":"debug","message":"Running chrome with params {\"timeout\":59480,\"margin\":{},\"printBackground\":true}","meta":{"rootId":"t8vqmw1mgxlb35j","id":"t8vqmw1mgxlb35j"},"id":"li1hmfosovbjm7w","previousOperationId":"7i31j4nvyydkyaa"}
{"type":"operationEnd","operationId":"7i31j4nvyydkyaa","timestamp":1684245099872,"id":"cdxx5jqyxagakv4","previousEventId":"tk6ip8azjbaner6","previousOperationId":"7i31j4nvyydkyaa"}
{"type":"log","timestamp":1684245099873,"level":"debug","message":"Skipping storing report.","meta":{"rootId":"t8vqmw1mgxlb35j","id":"t8vqmw1mgxlb35j"},"id":"ksreagq9r9s7nls","previousOperationId":"7i31j4nvyydkyaa"}
{"type":"log","timestamp":1684245099873,"level":"info","message":"Rendering request 1 finished in 2111 ms","meta":{"rootId":"t8vqmw1mgxlb35j","id":"t8vqmw1mgxlb35j"},"id":"r05n3njv03rjazj","previousOperationId":"7i31j4nvyydkyaa"}
{"type":"operationEnd","subtype":"render","operationId":"c1ekmfps9ofcftv","timestamp":1684245099873,"id":"pe0znpe5c8s9j7v","previousEventId":"cdxx5jqyxagakv4","previousOperationId":"7i31j4nvyydkyaa"}
{"type":"operationEnd","doDiffs":false,"previousEventId":"59xy8jchu7nwcxb","previousOperationId":"c41lfs43x70u3h8","operationId":"c41lfs43x70u3h8","timestamp":1684245099876,"id":"kdxg6q0p45quz2x"}
