{"type":"operationStart","subtype":"profile","data":{"_id":"mP1Tx2gylAkZTzXs","timestamp":"2023-05-19T06:13:24.486Z","state":"queued","mode":"standard","timeout":60000,"creationDate":"2023-05-19T06:13:24.490Z","modificationDate":"2023-05-19T06:13:24.490Z","shortid":"DZh7uvq","$entitySet":"profiles"},"doDiffs":false,"timestamp":1684476804489,"id":"xpvvufyoklzmofr","previousOperationId":null,"operationId":"c18vhww58b6x896"}
{"type":"log","level":"info","message":"Render request 3 queued for execution and waiting for available worker","previousOperationId":"c18vhww58b6x896","timestamp":1684476804489,"id":"vwesc85kyi18kb8"}
{"type":"operationStart","subtype":"render","name":"anonymous","previousOperationId":"c18vhww58b6x896","timestamp":1684476804497,"id":"vc26p40rfg3mloq","previousEventId":"xpvvufyoklzmofr","operationId":"faf4a483ywd6uk0"}
{"type":"log","timestamp":1684476804498,"level":"info","message":"Starting rendering request 3","meta":{"rootId":"t8w4bj0vo8yvcwy","id":"t8w4bj0vo8yvcwy"},"id":"hxdqrcybek0wrjk","previousOperationId":"faf4a483ywd6uk0"}
{"type":"log","timestamp":1684476804498,"level":"info","message":"Rendering anonymous template { recipe: chrome-pdf, engine: handlebars }","meta":{"rootId":"t8w4bj0vo8yvcwy","id":"t8w4bj0vo8yvcwy"},"id":"t5vrgp9ztzs96y7","previousOperationId":"faf4a483ywd6uk0"}
{"type":"log","timestamp":1684476804498,"level":"debug","message":"Inline data specified.","meta":{"rootId":"t8w4bj0vo8yvcwy","id":"t8w4bj0vo8yvcwy"},"id":"e1znovfjlplva9m","previousOperationId":"faf4a483ywd6uk0"}
{"type":"log","timestamp":1684476804500,"level":"debug","message":"Base url not specified, skipping its injection.","meta":{"rootId":"t8w4bj0vo8yvcwy","id":"t8w4bj0vo8yvcwy"},"id":"fpmpok4pwdyh9la","previousOperationId":"faf4a483ywd6uk0"}
{"type":"operationStart","subtype":"engine","name":"handlebars","timestamp":1684476804500,"id":"sjtq5o95dml7sqc","previousEventId":"vc26p40rfg3mloq","operationId":"3vxm6357mbnqtyu","previousOperationId":"faf4a483ywd6uk0"}
{"type":"log","timestamp":1684476804500,"level":"debug","message":"Rendering engine handlebars","meta":{"rootId":"t8w4bj0vo8yvcwy","id":"t8w4bj0vo8yvcwy"},"id":"lvnrwd8c5wljc5j","previousOperationId":"3vxm6357mbnqtyu"}
{"type":"operationEnd","operationId":"3vxm6357mbnqtyu","timestamp":1684476804510,"id":"iabcdfdvvcun9tj","previousEventId":"sjtq5o95dml7sqc","previousOperationId":"3vxm6357mbnqtyu"}
{"type":"operationStart","subtype":"recipe","name":"chrome-pdf","timestamp":1684476804511,"id":"dorjoc3lqd60um8","previousEventId":"iabcdfdvvcun9tj","operationId":"0xv9t4hrm63e4xv","previousOperationId":"3vxm6357mbnqtyu"}
{"type":"log","timestamp":1684476804511,"level":"debug","message":"Executing recipe chrome-pdf","meta":{"rootId":"t8w4bj0vo8yvcwy","id":"t8w4bj0vo8yvcwy"},"id":"9s4l1e8rm0dco66","previousOperationId":"0xv9t4hrm63e4xv"}
{"type":"log","timestamp":1684476804524,"level":"debug","message":"Converting with chrome HeadlessChrome/105.0.5173.0 using chrome-pool strategy","meta":{"rootId":"t8w4bj0vo8yvcwy","id":"t8w4bj0vo8yvcwy"},"id":"fot3crrkarbe122","previousOperationId":"0xv9t4hrm63e4xv"}
{"type":"log","timestamp":1684476804676,"level":"debug","message":"Page request: GET (document) file:///C:/Users/hp/AppData/Local/Temp/jsreport/autocleanup/ee123cfb-0128-4067-a2db-cfcc52f2205f-chrome-pdf.html","meta":{"rootId":"t8w4bj0vo8yvcwy","id":"t8w4bj0vo8yvcwy"},"id":"5yh44ck6epsq9py","previousOperationId":"0xv9t4hrm63e4xv"}
{"type":"log","timestamp":1684476804688,"level":"debug","message":"Page request finished: GET (document) 200 file:///C:/Users/hp/AppData/Local/Temp/jsreport/autocleanup/ee123cfb-0128-4067-a2db-cfcc52f2205f-chrome-pdf.html","meta":{"rootId":"t8w4bj0vo8yvcwy","id":"t8w4bj0vo8yvcwy"},"id":"6ezfk03fa3q03ak","previousOperationId":"0xv9t4hrm63e4xv"}
{"type":"log","timestamp":1684476804770,"level":"debug","message":"Running chrome with params {\"timeout\":59973,\"margin\":{},\"printBackground\":true}","meta":{"rootId":"t8w4bj0vo8yvcwy","id":"t8w4bj0vo8yvcwy"},"id":"bo5kbwclzezqlre","previousOperationId":"0xv9t4hrm63e4xv"}
{"type":"operationEnd","operationId":"0xv9t4hrm63e4xv","timestamp":1684476805184,"id":"abn0w18zdzlr9yd","previousEventId":"dorjoc3lqd60um8","previousOperationId":"0xv9t4hrm63e4xv"}
{"type":"log","timestamp":1684476805184,"level":"debug","message":"Skipping storing report.","meta":{"rootId":"t8w4bj0vo8yvcwy","id":"t8w4bj0vo8yvcwy"},"id":"nssnbgu1aw15aoq","previousOperationId":"0xv9t4hrm63e4xv"}
{"type":"log","timestamp":1684476805184,"level":"info","message":"Rendering request 3 finished in 698 ms","meta":{"rootId":"t8w4bj0vo8yvcwy","id":"t8w4bj0vo8yvcwy"},"id":"1ymxso23y2fukxg","previousOperationId":"0xv9t4hrm63e4xv"}
{"type":"operationEnd","subtype":"render","operationId":"faf4a483ywd6uk0","timestamp":1684476805184,"id":"8sj6d0w64eckre5","previousEventId":"abn0w18zdzlr9yd","previousOperationId":"0xv9t4hrm63e4xv"}
{"type":"operationEnd","doDiffs":false,"previousEventId":"xpvvufyoklzmofr","previousOperationId":"c18vhww58b6x896","operationId":"c18vhww58b6x896","timestamp":1684476805187,"id":"y8536wdiu3xnalb"}
