{"type":"operationStart","subtype":"profile","data":{"_id":"o6fgD4kQgAA3wpav","timestamp":"2023-05-19T08:45:25.145Z","state":"queued","mode":"standard","timeout":60000,"creationDate":"2023-05-19T08:45:25.147Z","modificationDate":"2023-05-19T08:45:25.147Z","shortid":"2Nw2sgb","$entitySet":"profiles"},"doDiffs":false,"timestamp":1684485925147,"id":"co5ng2pr51910x3","previousOperationId":null,"operationId":"0l13sujowzgrmc2"}
{"type":"log","level":"info","message":"Render request 3 queued for execution and waiting for available worker","previousOperationId":"0l13sujowzgrmc2","timestamp":1684485925147,"id":"gcwcakfw7oqhphm"}
{"type":"operationStart","subtype":"render","name":"anonymous","previousOperationId":"0l13sujowzgrmc2","timestamp":1684485925150,"id":"7qwhjw4alqst2yv","previousEventId":"co5ng2pr51910x3","operationId":"ztcxwnmr964do4u"}
{"type":"log","timestamp":1684485925151,"level":"info","message":"Starting rendering request 3","meta":{"rootId":"tfqwbgx5ig3u1hz","id":"tfqwbgx5ig3u1hz"},"id":"txbezqb8fmoesng","previousOperationId":"ztcxwnmr964do4u"}
{"type":"log","timestamp":1684485925151,"level":"info","message":"Rendering anonymous template { recipe: chrome-pdf, engine: handlebars }","meta":{"rootId":"tfqwbgx5ig3u1hz","id":"tfqwbgx5ig3u1hz"},"id":"6lr7g9aknuwv4mv","previousOperationId":"ztcxwnmr964do4u"}
{"type":"log","timestamp":1684485925151,"level":"debug","message":"Inline data specified.","meta":{"rootId":"tfqwbgx5ig3u1hz","id":"tfqwbgx5ig3u1hz"},"id":"nbs4mopxhbcbgj8","previousOperationId":"ztcxwnmr964do4u"}
{"type":"log","timestamp":1684485925154,"level":"debug","message":"Base url not specified, skipping its injection.","meta":{"rootId":"tfqwbgx5ig3u1hz","id":"tfqwbgx5ig3u1hz"},"id":"0wv2xqdvb1re47j","previousOperationId":"ztcxwnmr964do4u"}
{"type":"operationStart","subtype":"engine","name":"handlebars","timestamp":1684485925154,"id":"2bs9a7bx7qcguxu","previousEventId":"7qwhjw4alqst2yv","operationId":"tkiqfcw9ov2uyad","previousOperationId":"ztcxwnmr964do4u"}
{"type":"log","timestamp":1684485925154,"level":"debug","message":"Rendering engine handlebars","meta":{"rootId":"tfqwbgx5ig3u1hz","id":"tfqwbgx5ig3u1hz"},"id":"s5f2hv2a9zpp723","previousOperationId":"tkiqfcw9ov2uyad"}
{"type":"operationEnd","operationId":"tkiqfcw9ov2uyad","timestamp":1684485925161,"id":"iel195xsuaurgb8","previousEventId":"2bs9a7bx7qcguxu","previousOperationId":"tkiqfcw9ov2uyad"}
{"type":"operationStart","subtype":"recipe","name":"chrome-pdf","timestamp":1684485925161,"id":"4w0sjxf84lzga18","previousEventId":"iel195xsuaurgb8","operationId":"vaprnaerxqv23nc","previousOperationId":"tkiqfcw9ov2uyad"}
{"type":"log","timestamp":1684485925161,"level":"debug","message":"Executing recipe chrome-pdf","meta":{"rootId":"tfqwbgx5ig3u1hz","id":"tfqwbgx5ig3u1hz"},"id":"j1civpbf69n366t","previousOperationId":"vaprnaerxqv23nc"}
{"type":"log","timestamp":1684485925164,"level":"debug","message":"Converting with chrome HeadlessChrome/105.0.5173.0 using chrome-pool strategy","meta":{"rootId":"tfqwbgx5ig3u1hz","id":"tfqwbgx5ig3u1hz"},"id":"ljz2xudsk3j6y5f","previousOperationId":"vaprnaerxqv23nc"}
{"type":"log","timestamp":1684485925251,"level":"debug","message":"Page request: GET (document) file:///C:/Users/hp/AppData/Local/Temp/jsreport/autocleanup/035e8474-8bc6-4346-8c50-25ab175c34c5-chrome-pdf.html","meta":{"rootId":"tfqwbgx5ig3u1hz","id":"tfqwbgx5ig3u1hz"},"id":"5mb2704iv8u6pd5","previousOperationId":"vaprnaerxqv23nc"}
{"type":"log","timestamp":1684485925259,"level":"debug","message":"Page request finished: GET (document) 200 file:///C:/Users/hp/AppData/Local/Temp/jsreport/autocleanup/035e8474-8bc6-4346-8c50-25ab175c34c5-chrome-pdf.html","meta":{"rootId":"tfqwbgx5ig3u1hz","id":"tfqwbgx5ig3u1hz"},"id":"11t8k9hwurb9xm9","previousOperationId":"vaprnaerxqv23nc"}
{"type":"log","timestamp":1684485925311,"level":"debug","message":"Running chrome with params {\"timeout\":59982,\"margin\":{},\"printBackground\":true}","meta":{"rootId":"tfqwbgx5ig3u1hz","id":"tfqwbgx5ig3u1hz"},"id":"lc3otprmsdan9wm","previousOperationId":"vaprnaerxqv23nc"}
{"type":"operationEnd","operationId":"vaprnaerxqv23nc","timestamp":1684485925557,"id":"qwsqo5dhngc7vxg","previousEventId":"4w0sjxf84lzga18","previousOperationId":"vaprnaerxqv23nc"}
{"type":"log","timestamp":1684485925557,"level":"debug","message":"Skipping storing report.","meta":{"rootId":"tfqwbgx5ig3u1hz","id":"tfqwbgx5ig3u1hz"},"id":"htjwmlvvblzr6sp","previousOperationId":"vaprnaerxqv23nc"}
{"type":"log","timestamp":1684485925557,"level":"info","message":"Rendering request 3 finished in 412 ms","meta":{"rootId":"tfqwbgx5ig3u1hz","id":"tfqwbgx5ig3u1hz"},"id":"k4fvs6m3rpzsb4b","previousOperationId":"vaprnaerxqv23nc"}
{"type":"operationEnd","subtype":"render","operationId":"ztcxwnmr964do4u","timestamp":1684485925557,"id":"imrahbg1jjzxaix","previousEventId":"qwsqo5dhngc7vxg","previousOperationId":"vaprnaerxqv23nc"}
{"type":"operationEnd","doDiffs":false,"previousEventId":"co5ng2pr51910x3","previousOperationId":"0l13sujowzgrmc2","operationId":"0l13sujowzgrmc2","timestamp":1684485925558,"id":"5vprj68geqi5nt1"}
