{"type":"operationStart","subtype":"profile","data":{"_id":"RToBNPrOPBdtBCj9","timestamp":"2023-05-16T07:00:54.579Z","state":"queued","mode":"standard","timeout":60000,"creationDate":"2023-05-16T07:00:54.582Z","modificationDate":"2023-05-16T07:00:54.582Z","shortid":"ptBi6vY","$entitySet":"profiles"},"doDiffs":false,"timestamp":1684220454581,"id":"1id6298dv8sn9op","previousOperationId":null,"operationId":"appsxekd9vx0oax"}
{"type":"log","level":"info","message":"Render request 3 queued for execution and waiting for available worker","previousOperationId":"appsxekd9vx0oax","timestamp":1684220454581,"id":"pl11xznu8sa79xe"}
{"type":"operationStart","subtype":"render","name":"anonymous","previousOperationId":"appsxekd9vx0oax","timestamp":1684220454587,"id":"ck4xjjop6m4h819","previousEventId":"1id6298dv8sn9op","operationId":"ggccwjzf1zpujzr"}
{"type":"log","timestamp":1684220454587,"level":"info","message":"Starting rendering request 3","meta":{"rootId":"tj59q06hmyxezaz","id":"tj59q06hmyxezaz"},"id":"62mwxmjevn3wbws","previousOperationId":"ggccwjzf1zpujzr"}
{"type":"log","timestamp":1684220454588,"level":"info","message":"Rendering anonymous template { recipe: chrome-pdf, engine: handlebars }","meta":{"rootId":"tj59q06hmyxezaz","id":"tj59q06hmyxezaz"},"id":"gpex06uh42w4oc0","previousOperationId":"ggccwjzf1zpujzr"}
{"type":"log","timestamp":1684220454588,"level":"debug","message":"Inline data specified.","meta":{"rootId":"tj59q06hmyxezaz","id":"tj59q06hmyxezaz"},"id":"mq2o8hp844ba54w","previousOperationId":"ggccwjzf1zpujzr"}
{"type":"log","timestamp":1684220454591,"level":"debug","message":"Base url not specified, skipping its injection.","meta":{"rootId":"tj59q06hmyxezaz","id":"tj59q06hmyxezaz"},"id":"qgdc9j34o4g2z0h","previousOperationId":"ggccwjzf1zpujzr"}
{"type":"operationStart","subtype":"engine","name":"handlebars","timestamp":1684220454591,"id":"05zc9rz9ljc8vbf","previousEventId":"ck4xjjop6m4h819","operationId":"p9bohmc99dnbkoq","previousOperationId":"ggccwjzf1zpujzr"}
{"type":"log","timestamp":1684220454591,"level":"debug","message":"Rendering engine handlebars","meta":{"rootId":"tj59q06hmyxezaz","id":"tj59q06hmyxezaz"},"id":"hno4k0hzzssvlrg","previousOperationId":"p9bohmc99dnbkoq"}
{"type":"operationEnd","operationId":"p9bohmc99dnbkoq","timestamp":1684220454626,"id":"e9x9tjdgelj2q4s","previousEventId":"05zc9rz9ljc8vbf","previousOperationId":"p9bohmc99dnbkoq"}
{"type":"operationStart","subtype":"recipe","name":"chrome-pdf","timestamp":1684220454627,"id":"pqh38wlctkssfdz","previousEventId":"e9x9tjdgelj2q4s","operationId":"ntih6q2oztzaltq","previousOperationId":"p9bohmc99dnbkoq"}
{"type":"log","timestamp":1684220454627,"level":"debug","message":"Executing recipe chrome-pdf","meta":{"rootId":"tj59q06hmyxezaz","id":"tj59q06hmyxezaz"},"id":"9nbm0ymslw52e1i","previousOperationId":"ntih6q2oztzaltq"}
{"type":"log","timestamp":1684220454689,"level":"debug","message":"Converting with chrome HeadlessChrome/105.0.5173.0 using chrome-pool strategy","meta":{"rootId":"tj59q06hmyxezaz","id":"tj59q06hmyxezaz"},"id":"mf0f1cwz4n1mto3","previousOperationId":"ntih6q2oztzaltq"}
{"type":"log","timestamp":1684220454823,"level":"debug","message":"Page request: GET (document) file:///C:/Users/hp/AppData/Local/Temp/jsreport/autocleanup/a7940330-efe2-4281-8e84-4dc65256fa0b-chrome-pdf.html","meta":{"rootId":"tj59q06hmyxezaz","id":"tj59q06hmyxezaz"},"id":"dng2bxgs130up3c","previousOperationId":"ntih6q2oztzaltq"}
{"type":"log","timestamp":1684220454834,"level":"debug","message":"Page request finished: GET (document) 200 file:///C:/Users/hp/AppData/Local/Temp/jsreport/autocleanup/a7940330-efe2-4281-8e84-4dc65256fa0b-chrome-pdf.html","meta":{"rootId":"tj59q06hmyxezaz","id":"tj59q06hmyxezaz"},"id":"5ezlq2iwoawtr9c","previousOperationId":"ntih6q2oztzaltq"}
{"type":"log","timestamp":1684220454883,"level":"debug","message":"Running chrome with params {\"timeout\":59948,\"margin\":{},\"printBackground\":true}","meta":{"rootId":"tj59q06hmyxezaz","id":"tj59q06hmyxezaz"},"id":"kdlkj7so3f8ewvl","previousOperationId":"ntih6q2oztzaltq"}
{"type":"operationEnd","operationId":"ntih6q2oztzaltq","timestamp":1684220455084,"id":"uyahf4qepe8c0j2","previousEventId":"pqh38wlctkssfdz","previousOperationId":"ntih6q2oztzaltq"}
{"type":"log","timestamp":1684220455084,"level":"debug","message":"Skipping storing report.","meta":{"rootId":"tj59q06hmyxezaz","id":"tj59q06hmyxezaz"},"id":"o0elwfggwp6ty85","previousOperationId":"ntih6q2oztzaltq"}
{"type":"log","timestamp":1684220455084,"level":"info","message":"Rendering request 3 finished in 506 ms","meta":{"rootId":"tj59q06hmyxezaz","id":"tj59q06hmyxezaz"},"id":"m15p1cdnvhs7v9q","previousOperationId":"ntih6q2oztzaltq"}
{"type":"operationEnd","subtype":"render","operationId":"ggccwjzf1zpujzr","timestamp":1684220455084,"id":"8rgxevo5ub66yro","previousEventId":"uyahf4qepe8c0j2","previousOperationId":"ntih6q2oztzaltq"}
{"type":"operationEnd","doDiffs":false,"previousEventId":"1id6298dv8sn9op","previousOperationId":"appsxekd9vx0oax","operationId":"appsxekd9vx0oax","timestamp":1684220455087,"id":"g7uamn1dtug1lp3"}
