{"type":"operationStart","subtype":"profile","data":{"_id":"PxPX26p9gReHkEk2","timestamp":"2023-05-18T14:57:58.217Z","state":"queued","mode":"standard","timeout":60000,"creationDate":"2023-05-18T14:57:58.220Z","modificationDate":"2023-05-18T14:57:58.220Z","shortid":"hL0yfga","$entitySet":"profiles"},"doDiffs":false,"timestamp":1684421878219,"id":"k0stjhfjia1c36o","previousOperationId":null,"operationId":"7k73cj215n0x3d7"}
{"type":"log","level":"info","message":"Render request 1 queued for execution and waiting for available worker","previousOperationId":"7k73cj215n0x3d7","timestamp":1684421878219,"id":"7t5vl38ql2uhv2u"}
{"type":"operationStart","subtype":"render","name":"anonymous","previousOperationId":"7k73cj215n0x3d7","timestamp":1684421878239,"id":"h0nxinqaqe8zp4h","previousEventId":"k0stjhfjia1c36o","operationId":"qzcxr1bsvovm667"}
{"type":"log","timestamp":1684421878240,"level":"info","message":"Starting rendering request 1","meta":{"rootId":"tk4xky73g6r91kt","id":"tk4xky73g6r91kt"},"id":"n8nz7x4ryqrl829","previousOperationId":"qzcxr1bsvovm667"}
{"type":"log","timestamp":1684421878243,"level":"info","message":"Rendering anonymous template { recipe: chrome-pdf, engine: handlebars }","meta":{"rootId":"tk4xky73g6r91kt","id":"tk4xky73g6r91kt"},"id":"ap2yvi51w6bgpk3","previousOperationId":"qzcxr1bsvovm667"}
{"type":"log","timestamp":1684421878243,"level":"debug","message":"Inline data specified.","meta":{"rootId":"tk4xky73g6r91kt","id":"tk4xky73g6r91kt"},"id":"uon0cp3tcda8vex","previousOperationId":"qzcxr1bsvovm667"}
{"type":"log","timestamp":1684421878251,"level":"debug","message":"Base url not specified, skipping its injection.","meta":{"rootId":"tk4xky73g6r91kt","id":"tk4xky73g6r91kt"},"id":"4r7uz8wmoxprvtc","previousOperationId":"qzcxr1bsvovm667"}
{"type":"operationStart","subtype":"engine","name":"handlebars","timestamp":1684421878252,"id":"62co0ietrjsw94m","previousEventId":"h0nxinqaqe8zp4h","operationId":"37tmvr788ilub2r","previousOperationId":"qzcxr1bsvovm667"}
{"type":"log","timestamp":1684421878252,"level":"debug","message":"Rendering engine handlebars","meta":{"rootId":"tk4xky73g6r91kt","id":"tk4xky73g6r91kt"},"id":"lddxi9jzs0snghz","previousOperationId":"37tmvr788ilub2r"}
{"type":"operationEnd","operationId":"37tmvr788ilub2r","timestamp":1684421878818,"id":"g83qkylt8mq8v1g","previousEventId":"62co0ietrjsw94m","previousOperationId":"37tmvr788ilub2r"}
{"type":"operationStart","subtype":"recipe","name":"chrome-pdf","timestamp":1684421878819,"id":"87sbvx6e8ss0fdi","previousEventId":"g83qkylt8mq8v1g","operationId":"cnt29w2aucu6kbh","previousOperationId":"37tmvr788ilub2r"}
{"type":"log","timestamp":1684421878819,"level":"debug","message":"Executing recipe chrome-pdf","meta":{"rootId":"tk4xky73g6r91kt","id":"tk4xky73g6r91kt"},"id":"lxobtva5vi9umbm","previousOperationId":"cnt29w2aucu6kbh"}
{"type":"log","timestamp":1684421879230,"level":"debug","message":"Converting with chrome HeadlessChrome/105.0.5173.0 using chrome-pool strategy","meta":{"rootId":"tk4xky73g6r91kt","id":"tk4xky73g6r91kt"},"id":"161m0k2wqg19f2f","previousOperationId":"cnt29w2aucu6kbh"}
{"type":"log","timestamp":1684421880656,"level":"debug","message":"Page request: GET (document) file:///C:/Users/hp/AppData/Local/Temp/jsreport/autocleanup/dddeb584-a04c-4634-a75f-c9621652b39f-chrome-pdf.html","meta":{"rootId":"tk4xky73g6r91kt","id":"tk4xky73g6r91kt"},"id":"q533rfrzhh5kly9","previousOperationId":"cnt29w2aucu6kbh"}
{"type":"log","timestamp":1684421880668,"level":"debug","message":"Page request finished: GET (document) 200 file:///C:/Users/hp/AppData/Local/Temp/jsreport/autocleanup/dddeb584-a04c-4634-a75f-c9621652b39f-chrome-pdf.html","meta":{"rootId":"tk4xky73g6r91kt","id":"tk4xky73g6r91kt"},"id":"87lxzc8rtumtcox","previousOperationId":"cnt29w2aucu6kbh"}
{"type":"log","timestamp":1684421880703,"level":"debug","message":"Running chrome with params {\"timeout\":59211,\"margin\":{},\"printBackground\":true}","meta":{"rootId":"tk4xky73g6r91kt","id":"tk4xky73g6r91kt"},"id":"ve3rxfezbzyc26t","previousOperationId":"cnt29w2aucu6kbh"}
{"type":"operationEnd","operationId":"cnt29w2aucu6kbh","timestamp":1684421880796,"id":"s1icm8dlbqrl4n7","previousEventId":"87sbvx6e8ss0fdi","previousOperationId":"cnt29w2aucu6kbh"}
{"type":"log","timestamp":1684421880797,"level":"debug","message":"Skipping storing report.","meta":{"rootId":"tk4xky73g6r91kt","id":"tk4xky73g6r91kt"},"id":"agh9emte7c3xbee","previousOperationId":"cnt29w2aucu6kbh"}
{"type":"log","timestamp":1684421880797,"level":"info","message":"Rendering request 1 finished in 2580 ms","meta":{"rootId":"tk4xky73g6r91kt","id":"tk4xky73g6r91kt"},"id":"m3y36wx8gq75i3u","previousOperationId":"cnt29w2aucu6kbh"}
{"type":"operationEnd","subtype":"render","operationId":"qzcxr1bsvovm667","timestamp":1684421880797,"id":"s27c9pz3vugtc1j","previousEventId":"s1icm8dlbqrl4n7","previousOperationId":"cnt29w2aucu6kbh"}
{"type":"operationEnd","doDiffs":false,"previousEventId":"k0stjhfjia1c36o","previousOperationId":"7k73cj215n0x3d7","operationId":"7k73cj215n0x3d7","timestamp":1684421880801,"id":"gyw2eoc3hi5ppvt"}
