{"type":"operationStart","subtype":"profile","data":{"_id":"sXKhJZyRHX9b4Wtt","timestamp":"2023-05-17T20:01:10.096Z","state":"queued","mode":"standard","timeout":60000,"creationDate":"2023-05-17T20:01:10.396Z","modificationDate":"2023-05-17T20:01:10.396Z","shortid":"3w-LCXf","$entitySet":"profiles"},"doDiffs":false,"timestamp":1684353670396,"id":"49wwntzgeulun1e","previousOperationId":null,"operationId":"hi7kinsfuuviuxh"}
{"type":"log","level":"info","message":"Render request 5 queued for execution and waiting for available worker","previousOperationId":"hi7kinsfuuviuxh","timestamp":1684353670396,"id":"ze96q9qvu4clel5"}
{"type":"operationStart","subtype":"render","name":"anonymous","previousOperationId":"hi7kinsfuuviuxh","timestamp":1684353670429,"id":"v83iiy31qn35io8","previousEventId":"49wwntzgeulun1e","operationId":"hnkz5299z8d0ixz"}
{"type":"log","timestamp":1684353670431,"level":"info","message":"Starting rendering request 5","meta":{"rootId":"tp7vcvls02i0ozc","id":"tp7vcvls02i0ozc"},"id":"kpb66h592levevk","previousOperationId":"hnkz5299z8d0ixz"}
{"type":"log","timestamp":1684353670434,"level":"info","message":"Rendering anonymous template { recipe: chrome-pdf, engine: handlebars }","meta":{"rootId":"tp7vcvls02i0ozc","id":"tp7vcvls02i0ozc"},"id":"h2i80g8x350vqhe","previousOperationId":"hnkz5299z8d0ixz"}
{"type":"log","timestamp":1684353670435,"level":"debug","message":"Inline data specified.","meta":{"rootId":"tp7vcvls02i0ozc","id":"tp7vcvls02i0ozc"},"id":"kdttg5l9nmtw6ia","previousOperationId":"hnkz5299z8d0ixz"}
{"type":"log","timestamp":1684353670444,"level":"debug","message":"Base url not specified, skipping its injection.","meta":{"rootId":"tp7vcvls02i0ozc","id":"tp7vcvls02i0ozc"},"id":"3exn7ehv9cshxf4","previousOperationId":"hnkz5299z8d0ixz"}
{"type":"operationStart","subtype":"engine","name":"handlebars","timestamp":1684353670447,"id":"4t0aj06vr0rwba7","previousEventId":"v83iiy31qn35io8","operationId":"jj67x14twkjro3e","previousOperationId":"hnkz5299z8d0ixz"}
{"type":"log","timestamp":1684353670447,"level":"debug","message":"Rendering engine handlebars","meta":{"rootId":"tp7vcvls02i0ozc","id":"tp7vcvls02i0ozc"},"id":"xmxjkvshq4mn4v3","previousOperationId":"jj67x14twkjro3e"}
{"type":"operationEnd","operationId":"jj67x14twkjro3e","timestamp":1684353671270,"id":"uhrzorier8tw56t","previousEventId":"4t0aj06vr0rwba7","previousOperationId":"jj67x14twkjro3e"}
{"type":"operationStart","subtype":"recipe","name":"chrome-pdf","timestamp":1684353671271,"id":"1m8rqofdz1fp53d","previousEventId":"uhrzorier8tw56t","operationId":"fudrv8vpf88mfqz","previousOperationId":"jj67x14twkjro3e"}
{"type":"log","timestamp":1684353671271,"level":"debug","message":"Executing recipe chrome-pdf","meta":{"rootId":"tp7vcvls02i0ozc","id":"tp7vcvls02i0ozc"},"id":"lkj7j9m8kzlpetu","previousOperationId":"fudrv8vpf88mfqz"}
{"type":"log","timestamp":1684353671831,"level":"debug","message":"Converting with chrome HeadlessChrome/105.0.5173.0 using chrome-pool strategy","meta":{"rootId":"tp7vcvls02i0ozc","id":"tp7vcvls02i0ozc"},"id":"83fm915k4lmc9m3","previousOperationId":"fudrv8vpf88mfqz"}
{"type":"log","timestamp":1684353673498,"level":"debug","message":"Page request: GET (document) file:///C:/Users/hp/AppData/Local/Temp/jsreport/autocleanup/c14eaf71-e5c0-41df-96b6-0648ffc545f1-chrome-pdf.html","meta":{"rootId":"tp7vcvls02i0ozc","id":"tp7vcvls02i0ozc"},"id":"axzkae9ut9wyvnx","previousOperationId":"fudrv8vpf88mfqz"}
{"type":"log","timestamp":1684353673514,"level":"debug","message":"Page request finished: GET (document) 200 file:///C:/Users/hp/AppData/Local/Temp/jsreport/autocleanup/c14eaf71-e5c0-41df-96b6-0648ffc545f1-chrome-pdf.html","meta":{"rootId":"tp7vcvls02i0ozc","id":"tp7vcvls02i0ozc"},"id":"8p6z4wr7xdjnxkk","previousOperationId":"fudrv8vpf88mfqz"}
{"type":"log","timestamp":1684353673678,"level":"debug","message":"Running chrome with params {\"timeout\":58570,\"margin\":{},\"printBackground\":true}","meta":{"rootId":"tp7vcvls02i0ozc","id":"tp7vcvls02i0ozc"},"id":"gqouqjxvwb3smem","previousOperationId":"fudrv8vpf88mfqz"}
{"type":"operationEnd","operationId":"fudrv8vpf88mfqz","timestamp":1684353674304,"id":"aqipxsabqczo2t3","previousEventId":"1m8rqofdz1fp53d","previousOperationId":"fudrv8vpf88mfqz"}
{"type":"log","timestamp":1684353674305,"level":"debug","message":"Skipping storing report.","meta":{"rootId":"tp7vcvls02i0ozc","id":"tp7vcvls02i0ozc"},"id":"yw3r8vtj7r1u5fj","previousOperationId":"fudrv8vpf88mfqz"}
{"type":"log","timestamp":1684353674306,"level":"info","message":"Rendering request 5 finished in 4210 ms","meta":{"rootId":"tp7vcvls02i0ozc","id":"tp7vcvls02i0ozc"},"id":"cz5j0ydffoohhkg","previousOperationId":"fudrv8vpf88mfqz"}
{"type":"operationEnd","subtype":"render","operationId":"hnkz5299z8d0ixz","timestamp":1684353674306,"id":"wr37qhhlkwk361o","previousEventId":"aqipxsabqczo2t3","previousOperationId":"fudrv8vpf88mfqz"}
{"type":"operationEnd","doDiffs":false,"previousEventId":"49wwntzgeulun1e","previousOperationId":"hi7kinsfuuviuxh","operationId":"hi7kinsfuuviuxh","timestamp":1684353674309,"id":"43dovfvtb32aiu1"}
