{"type":"operationStart","subtype":"profile","data":{"_id":"m395R9FLRBDZ5rOq","timestamp":"2023-04-18T13:47:14.599Z","state":"queued","mode":"standard","timeout":60000,"creationDate":"2023-04-18T13:47:14.604Z","modificationDate":"2023-04-18T13:47:14.604Z","shortid":"JXkZxrS","$entitySet":"profiles"},"doDiffs":false,"timestamp":1681825634602,"id":"r4fdxuz4txa37cs","previousOperationId":null,"operationId":"pjwfql6omkwtks8"}
{"type":"log","level":"info","message":"Render request 3 queued for execution and waiting for available worker","previousOperationId":"pjwfql6omkwtks8","timestamp":1681825634602,"id":"0slr2vt321qvkwf"}
{"type":"operationStart","subtype":"render","name":"anonymous","previousOperationId":"pjwfql6omkwtks8","timestamp":1681825634612,"id":"dh1inqwocaklfnr","previousEventId":"r4fdxuz4txa37cs","operationId":"l9bvzf5lvhmi6uo"}
{"type":"log","timestamp":1681825634612,"level":"info","message":"Starting rendering request 3","meta":{"rootId":"twmfxi1u18v6gks","id":"twmfxi1u18v6gks"},"id":"j2g04vuv8t1aq19","previousOperationId":"l9bvzf5lvhmi6uo"}
{"type":"log","timestamp":1681825634612,"level":"info","message":"Rendering anonymous template { recipe: chrome-pdf, engine: handlebars }","meta":{"rootId":"twmfxi1u18v6gks","id":"twmfxi1u18v6gks"},"id":"k3o5xmkwco32m8v","previousOperationId":"l9bvzf5lvhmi6uo"}
{"type":"log","timestamp":1681825634612,"level":"debug","message":"Inline data specified.","meta":{"rootId":"twmfxi1u18v6gks","id":"twmfxi1u18v6gks"},"id":"s7sio8462o8yiko","previousOperationId":"l9bvzf5lvhmi6uo"}
{"type":"log","timestamp":1681825634615,"level":"debug","message":"Base url not specified, skipping its injection.","meta":{"rootId":"twmfxi1u18v6gks","id":"twmfxi1u18v6gks"},"id":"5cme1fsjhz8c1r3","previousOperationId":"l9bvzf5lvhmi6uo"}
{"type":"operationStart","subtype":"engine","name":"handlebars","timestamp":1681825634615,"id":"h17hs582c8xa2kz","previousEventId":"dh1inqwocaklfnr","operationId":"67g7y9ilm6xwd5d","previousOperationId":"l9bvzf5lvhmi6uo"}
{"type":"log","timestamp":1681825634615,"level":"debug","message":"Rendering engine handlebars","meta":{"rootId":"twmfxi1u18v6gks","id":"twmfxi1u18v6gks"},"id":"y72e5g4xy6cl3r5","previousOperationId":"67g7y9ilm6xwd5d"}
{"type":"operationEnd","operationId":"67g7y9ilm6xwd5d","timestamp":1681825634656,"id":"akul4620wium7qn","previousEventId":"h17hs582c8xa2kz","previousOperationId":"67g7y9ilm6xwd5d"}
{"type":"operationStart","subtype":"recipe","name":"chrome-pdf","timestamp":1681825634657,"id":"gea0o6ib3e1lvsn","previousEventId":"akul4620wium7qn","operationId":"m1jkzeltgg7qniw","previousOperationId":"67g7y9ilm6xwd5d"}
{"type":"log","timestamp":1681825634657,"level":"debug","message":"Executing recipe chrome-pdf","meta":{"rootId":"twmfxi1u18v6gks","id":"twmfxi1u18v6gks"},"id":"fznvx08ebeckbj1","previousOperationId":"m1jkzeltgg7qniw"}
{"type":"log","timestamp":1681825634664,"level":"debug","message":"Converting with chrome HeadlessChrome/105.0.5173.0 using chrome-pool strategy","meta":{"rootId":"twmfxi1u18v6gks","id":"twmfxi1u18v6gks"},"id":"pceakw99jpd2wsp","previousOperationId":"m1jkzeltgg7qniw"}
{"type":"log","timestamp":1681825634827,"level":"debug","message":"Page request: GET (document) file:///C:/Users/SACHIN~1/AppData/Local/Temp/jsreport/autocleanup/0a908093-7953-4b9c-9574-f903bed7c134-chrome-pdf.html","meta":{"rootId":"twmfxi1u18v6gks","id":"twmfxi1u18v6gks"},"id":"vg2o96qqbpyyust","previousOperationId":"m1jkzeltgg7qniw"}
{"type":"log","timestamp":1681825634846,"level":"debug","message":"Page request finished: GET (document) 200 file:///C:/Users/SACHIN~1/AppData/Local/Temp/jsreport/autocleanup/0a908093-7953-4b9c-9574-f903bed7c134-chrome-pdf.html","meta":{"rootId":"twmfxi1u18v6gks","id":"twmfxi1u18v6gks"},"id":"5auwucguy76z42k","previousOperationId":"m1jkzeltgg7qniw"}
{"type":"log","timestamp":1681825634846,"level":"debug","message":"Page request: GET (stylesheet) https://stackpath.bootstrapcdn.com/bootstrap/4.4.1/css/bootstrap.min.css","meta":{"rootId":"twmfxi1u18v6gks","id":"twmfxi1u18v6gks"},"id":"xkj1d60kstz2cen","previousOperationId":"m1jkzeltgg7qniw"}
{"type":"log","timestamp":1681825634847,"level":"debug","message":"Page request: GET (image) https://assets-global.website-files.com/5ca4d1fd374efbecd845739f/611be296e1ecb589c495418a_JAS%20and%20Greencarrier.png","meta":{"rootId":"twmfxi1u18v6gks","id":"twmfxi1u18v6gks"},"id":"hfpiswsu71114s5","previousOperationId":"m1jkzeltgg7qniw"}
{"type":"log","timestamp":1681825634856,"level":"debug","message":"Page request finished: GET (image) 200 https://assets-global.website-files.com/5ca4d1fd374efbecd845739f/611be296e1ecb589c495418a_JAS%20and%20Greencarrier.png","meta":{"rootId":"twmfxi1u18v6gks","id":"twmfxi1u18v6gks"},"id":"3my0of0d9c3929j","previousOperationId":"m1jkzeltgg7qniw"}
{"type":"log","timestamp":1681825634865,"level":"debug","message":"Page request finished: GET (stylesheet) 200 https://stackpath.bootstrapcdn.com/bootstrap/4.4.1/css/bootstrap.min.css","meta":{"rootId":"twmfxi1u18v6gks","id":"twmfxi1u18v6gks"},"id":"773d0z9k109k5rh","previousOperationId":"m1jkzeltgg7qniw"}
{"type":"log","timestamp":1681825634982,"level":"debug","message":"Running chrome with params {\"timeout\":59937,\"margin\":{},\"printBackground\":true}","meta":{"rootId":"twmfxi1u18v6gks","id":"twmfxi1u18v6gks"},"id":"hfm81zobbw3vdnm","previousOperationId":"m1jkzeltgg7qniw"}
{"type":"operationEnd","operationId":"m1jkzeltgg7qniw","timestamp":1681825635255,"id":"o2a68amax0r7a2u","previousEventId":"gea0o6ib3e1lvsn","previousOperationId":"m1jkzeltgg7qniw"}
{"type":"log","timestamp":1681825635255,"level":"debug","message":"Skipping storing report.","meta":{"rootId":"twmfxi1u18v6gks","id":"twmfxi1u18v6gks"},"id":"8ndyxrsndpj4b5j","previousOperationId":"m1jkzeltgg7qniw"}
{"type":"log","timestamp":1681825635255,"level":"info","message":"Rendering request 3 finished in 657 ms","meta":{"rootId":"twmfxi1u18v6gks","id":"twmfxi1u18v6gks"},"id":"qvdlqf0suuysrh5","previousOperationId":"m1jkzeltgg7qniw"}
{"type":"operationEnd","subtype":"render","operationId":"l9bvzf5lvhmi6uo","timestamp":1681825635255,"id":"qsxi5960n33k1f8","previousEventId":"o2a68amax0r7a2u","previousOperationId":"m1jkzeltgg7qniw"}
{"type":"operationEnd","doDiffs":false,"previousEventId":"r4fdxuz4txa37cs","previousOperationId":"pjwfql6omkwtks8","operationId":"pjwfql6omkwtks8","timestamp":1681825635258,"id":"gj51qmdeh4xeq33"}
