{"type":"operationStart","subtype":"profile","data":{"_id":"F4Wfg2JZ7INaM2Px","timestamp":"2023-05-18T18:53:44.977Z","state":"queued","mode":"standard","timeout":60000,"creationDate":"2023-05-18T18:53:44.981Z","modificationDate":"2023-05-18T18:53:44.981Z","shortid":"1nDrlOZ","$entitySet":"profiles"},"doDiffs":false,"timestamp":1684436024980,"id":"3y78dbbb8d3juea","previousOperationId":null,"operationId":"8qka7hyyegfyxsa"}
{"type":"log","level":"info","message":"Render request 4 queued for execution and waiting for available worker","previousOperationId":"8qka7hyyegfyxsa","timestamp":1684436024980,"id":"09tggbtoky6vkqk"}
{"type":"operationStart","subtype":"render","name":"anonymous","previousOperationId":"8qka7hyyegfyxsa","timestamp":1684436024988,"id":"rplgbnfl9t8o9us","previousEventId":"3y78dbbb8d3juea","operationId":"9im4e3z3mhe6ydr"}
{"type":"log","timestamp":1684436024988,"level":"info","message":"Starting rendering request 4","meta":{"rootId":"tx2urjdo4p45agn","id":"tx2urjdo4p45agn"},"id":"abx59tjgmi6zhnv","previousOperationId":"9im4e3z3mhe6ydr"}
{"type":"log","timestamp":1684436024988,"level":"info","message":"Rendering anonymous template { recipe: chrome-pdf, engine: handlebars }","meta":{"rootId":"tx2urjdo4p45agn","id":"tx2urjdo4p45agn"},"id":"ttnouo5oium6tqg","previousOperationId":"9im4e3z3mhe6ydr"}
{"type":"log","timestamp":1684436024988,"level":"debug","message":"Inline data specified.","meta":{"rootId":"tx2urjdo4p45agn","id":"tx2urjdo4p45agn"},"id":"qki3zcz6tri3kpp","previousOperationId":"9im4e3z3mhe6ydr"}
{"type":"log","timestamp":1684436024990,"level":"debug","message":"Base url not specified, skipping its injection.","meta":{"rootId":"tx2urjdo4p45agn","id":"tx2urjdo4p45agn"},"id":"egkjyjp6xo1vg50","previousOperationId":"9im4e3z3mhe6ydr"}
{"type":"operationStart","subtype":"engine","name":"handlebars","timestamp":1684436024990,"id":"kjoyo7n0d5e3olc","previousEventId":"rplgbnfl9t8o9us","operationId":"3rx7iphejn9lu1k","previousOperationId":"9im4e3z3mhe6ydr"}
{"type":"log","timestamp":1684436024990,"level":"debug","message":"Rendering engine handlebars","meta":{"rootId":"tx2urjdo4p45agn","id":"tx2urjdo4p45agn"},"id":"tt2nj0s6izvwijv","previousOperationId":"3rx7iphejn9lu1k"}
{"type":"operationEnd","operationId":"3rx7iphejn9lu1k","timestamp":1684436025000,"id":"spjch7cn7hsavd9","previousEventId":"kjoyo7n0d5e3olc","previousOperationId":"3rx7iphejn9lu1k"}
{"type":"operationStart","subtype":"recipe","name":"chrome-pdf","timestamp":1684436025001,"id":"ffnhp2nhrohy6tl","previousEventId":"spjch7cn7hsavd9","operationId":"id9gbgxz6408vua","previousOperationId":"3rx7iphejn9lu1k"}
{"type":"log","timestamp":1684436025001,"level":"debug","message":"Executing recipe chrome-pdf","meta":{"rootId":"tx2urjdo4p45agn","id":"tx2urjdo4p45agn"},"id":"yyhbe46rrstqpb4","previousOperationId":"id9gbgxz6408vua"}
{"type":"log","timestamp":1684436025008,"level":"debug","message":"Converting with chrome HeadlessChrome/105.0.5173.0 using chrome-pool strategy","meta":{"rootId":"tx2urjdo4p45agn","id":"tx2urjdo4p45agn"},"id":"3tu6h5ittusiy6c","previousOperationId":"id9gbgxz6408vua"}
{"type":"log","timestamp":1684436025164,"level":"debug","message":"Page request: GET (document) file:///C:/Users/hp/AppData/Local/Temp/jsreport/autocleanup/e47d04f0-c59d-43d6-95ec-6359a0f9cc1e-chrome-pdf.html","meta":{"rootId":"tx2urjdo4p45agn","id":"tx2urjdo4p45agn"},"id":"js5xfocohxcdxwl","previousOperationId":"id9gbgxz6408vua"}
{"type":"log","timestamp":1684436025175,"level":"debug","message":"Page request finished: GET (document) 200 file:///C:/Users/hp/AppData/Local/Temp/jsreport/autocleanup/e47d04f0-c59d-43d6-95ec-6359a0f9cc1e-chrome-pdf.html","meta":{"rootId":"tx2urjdo4p45agn","id":"tx2urjdo4p45agn"},"id":"qw1sl74d432gfjn","previousOperationId":"id9gbgxz6408vua"}
{"type":"log","timestamp":1684436025269,"level":"debug","message":"Running chrome with params {\"timeout\":59972,\"margin\":{},\"printBackground\":true}","meta":{"rootId":"tx2urjdo4p45agn","id":"tx2urjdo4p45agn"},"id":"io0unxrkf0daw3z","previousOperationId":"id9gbgxz6408vua"}
{"type":"operationEnd","operationId":"id9gbgxz6408vua","timestamp":1684436025697,"id":"phpsvmdjszd2w93","previousEventId":"ffnhp2nhrohy6tl","previousOperationId":"id9gbgxz6408vua"}
{"type":"log","timestamp":1684436025698,"level":"debug","message":"Skipping storing report.","meta":{"rootId":"tx2urjdo4p45agn","id":"tx2urjdo4p45agn"},"id":"h3qk0kj55nnrukb","previousOperationId":"id9gbgxz6408vua"}
{"type":"log","timestamp":1684436025698,"level":"info","message":"Rendering request 4 finished in 722 ms","meta":{"rootId":"tx2urjdo4p45agn","id":"tx2urjdo4p45agn"},"id":"0xcwqrzxs2cf4ip","previousOperationId":"id9gbgxz6408vua"}
{"type":"operationEnd","subtype":"render","operationId":"9im4e3z3mhe6ydr","timestamp":1684436025698,"id":"w3bil2l2k3rx2l1","previousEventId":"phpsvmdjszd2w93","previousOperationId":"id9gbgxz6408vua"}
{"type":"operationEnd","doDiffs":false,"previousEventId":"3y78dbbb8d3juea","previousOperationId":"8qka7hyyegfyxsa","operationId":"8qka7hyyegfyxsa","timestamp":1684436025701,"id":"9f3lorgdeehe1no"}
