{"type":"operationStart","subtype":"profile","data":{"_id":"MCNSnOMjpUoI9d3G","timestamp":"2023-05-15T08:25:26.333Z","state":"queued","mode":"standard","timeout":60000,"creationDate":"2023-05-15T08:25:26.337Z","modificationDate":"2023-05-15T08:25:26.337Z","shortid":"-H5N7RM","$entitySet":"profiles"},"doDiffs":false,"timestamp":1684139126336,"id":"s3jrkegunkqfsc6","previousOperationId":null,"operationId":"0qg67zek7kc0u9x"}
{"type":"log","level":"info","message":"Render request 4 queued for execution and waiting for available worker","previousOperationId":"0qg67zek7kc0u9x","timestamp":1684139126336,"id":"lv8h4kuc94x7kqt"}
{"type":"operationStart","subtype":"render","name":"anonymous","previousOperationId":"0qg67zek7kc0u9x","timestamp":1684139126345,"id":"cu1xu3l0fc51pnb","previousEventId":"s3jrkegunkqfsc6","operationId":"div5ch307a7ivgr"}
{"type":"log","timestamp":1684139126346,"level":"info","message":"Starting rendering request 4","meta":{"rootId":"ubbpbvo895cect7","id":"ubbpbvo895cect7"},"id":"xolor60br6yb8l1","previousOperationId":"div5ch307a7ivgr"}
{"type":"log","timestamp":1684139126346,"level":"info","message":"Rendering anonymous template { recipe: chrome-pdf, engine: handlebars }","meta":{"rootId":"ubbpbvo895cect7","id":"ubbpbvo895cect7"},"id":"orkm8vws29tb1oo","previousOperationId":"div5ch307a7ivgr"}
{"type":"log","timestamp":1684139126346,"level":"debug","message":"Inline data specified.","meta":{"rootId":"ubbpbvo895cect7","id":"ubbpbvo895cect7"},"id":"mwdyt55bvcagp6q","previousOperationId":"div5ch307a7ivgr"}
{"type":"log","timestamp":1684139126347,"level":"debug","message":"Base url not specified, skipping its injection.","meta":{"rootId":"ubbpbvo895cect7","id":"ubbpbvo895cect7"},"id":"1tvz44vzbxtqd3t","previousOperationId":"div5ch307a7ivgr"}
{"type":"operationStart","subtype":"engine","name":"handlebars","timestamp":1684139126348,"id":"v5akxnsiou4cpuv","previousEventId":"cu1xu3l0fc51pnb","operationId":"7jpurfupkftnhqu","previousOperationId":"div5ch307a7ivgr"}
{"type":"log","timestamp":1684139126348,"level":"debug","message":"Rendering engine handlebars","meta":{"rootId":"ubbpbvo895cect7","id":"ubbpbvo895cect7"},"id":"a3ius7nwcdafbd9","previousOperationId":"7jpurfupkftnhqu"}
{"type":"operationEnd","operationId":"7jpurfupkftnhqu","timestamp":1684139126359,"id":"5bpmlyq98uei58z","previousEventId":"v5akxnsiou4cpuv","previousOperationId":"7jpurfupkftnhqu"}
{"type":"operationStart","subtype":"recipe","name":"chrome-pdf","timestamp":1684139126360,"id":"wvkypv58rxoorck","previousEventId":"5bpmlyq98uei58z","operationId":"rqzrkyaovnqwsvi","previousOperationId":"7jpurfupkftnhqu"}
{"type":"log","timestamp":1684139126360,"level":"debug","message":"Executing recipe chrome-pdf","meta":{"rootId":"ubbpbvo895cect7","id":"ubbpbvo895cect7"},"id":"37hezjmjr7ymad2","previousOperationId":"rqzrkyaovnqwsvi"}
{"type":"log","timestamp":1684139126364,"level":"debug","message":"Converting with chrome HeadlessChrome/105.0.5173.0 using chrome-pool strategy","meta":{"rootId":"ubbpbvo895cect7","id":"ubbpbvo895cect7"},"id":"uehf3jl6l82zjal","previousOperationId":"rqzrkyaovnqwsvi"}
{"type":"log","timestamp":1684139126510,"level":"debug","message":"Page request: GET (document) file:///C:/Users/hp/AppData/Local/Temp/jsreport/autocleanup/4f16eb00-6145-4a29-a4df-23549081fc68-chrome-pdf.html","meta":{"rootId":"ubbpbvo895cect7","id":"ubbpbvo895cect7"},"id":"vte8ith72p7p73f","previousOperationId":"rqzrkyaovnqwsvi"}
{"type":"log","timestamp":1684139126522,"level":"debug","message":"Page request finished: GET (document) 200 file:///C:/Users/hp/AppData/Local/Temp/jsreport/autocleanup/4f16eb00-6145-4a29-a4df-23549081fc68-chrome-pdf.html","meta":{"rootId":"ubbpbvo895cect7","id":"ubbpbvo895cect7"},"id":"72tilbb5l3hkk7u","previousOperationId":"rqzrkyaovnqwsvi"}
{"type":"log","timestamp":1684139126569,"level":"debug","message":"Running chrome with params {\"timeout\":59969,\"margin\":{},\"printBackground\":true}","meta":{"rootId":"ubbpbvo895cect7","id":"ubbpbvo895cect7"},"id":"w3opdee9dj0l4t7","previousOperationId":"rqzrkyaovnqwsvi"}
{"type":"operationEnd","operationId":"rqzrkyaovnqwsvi","timestamp":1684139126763,"id":"qxq5bganyf2kgdb","previousEventId":"wvkypv58rxoorck","previousOperationId":"rqzrkyaovnqwsvi"}
{"type":"log","timestamp":1684139126763,"level":"debug","message":"Skipping storing report.","meta":{"rootId":"ubbpbvo895cect7","id":"ubbpbvo895cect7"},"id":"481n27eg3yeyr6f","previousOperationId":"rqzrkyaovnqwsvi"}
{"type":"log","timestamp":1684139126763,"level":"info","message":"Rendering request 4 finished in 431 ms","meta":{"rootId":"ubbpbvo895cect7","id":"ubbpbvo895cect7"},"id":"t5e0gblj2ef7l4l","previousOperationId":"rqzrkyaovnqwsvi"}
{"type":"operationEnd","subtype":"render","operationId":"div5ch307a7ivgr","timestamp":1684139126763,"id":"86nw0cd912ncdgd","previousEventId":"qxq5bganyf2kgdb","previousOperationId":"rqzrkyaovnqwsvi"}
{"type":"operationEnd","doDiffs":false,"previousEventId":"s3jrkegunkqfsc6","previousOperationId":"0qg67zek7kc0u9x","operationId":"0qg67zek7kc0u9x","timestamp":1684139126766,"id":"vuolee9rz4cet7f"}
