{"type":"operationStart","subtype":"profile","data":{"_id":"ESBkzAOqyDWmI5b3","timestamp":"2023-05-17T19:01:31.619Z","state":"queued","mode":"standard","timeout":60000,"creationDate":"2023-05-17T19:01:31.623Z","modificationDate":"2023-05-17T19:01:31.623Z","shortid":"ta7267U","$entitySet":"profiles"},"doDiffs":false,"timestamp":1684350091622,"id":"j3o2ebb3vj92ja3","previousOperationId":null,"operationId":"u149uelw0utmki8"}
{"type":"log","level":"info","message":"Render request 1 queued for execution and waiting for available worker","previousOperationId":"u149uelw0utmki8","timestamp":1684350091622,"id":"8g5kanmgesw3enn"}
{"type":"operationStart","subtype":"render","name":"anonymous","previousOperationId":"u149uelw0utmki8","timestamp":1684350091637,"id":"nkltwom7frz0235","previousEventId":"j3o2ebb3vj92ja3","operationId":"8eyyifb012j30ss"}
{"type":"log","timestamp":1684350091638,"level":"info","message":"Starting rendering request 1","meta":{"rootId":"ubvpla5imhjiyqp","id":"ubvpla5imhjiyqp"},"id":"cxvaml8zf4w8u7x","previousOperationId":"8eyyifb012j30ss"}
{"type":"log","timestamp":1684350091640,"level":"info","message":"Rendering anonymous template { recipe: chrome-pdf, engine: handlebars }","meta":{"rootId":"ubvpla5imhjiyqp","id":"ubvpla5imhjiyqp"},"id":"u0t7l5o6ewjg5f2","previousOperationId":"8eyyifb012j30ss"}
{"type":"log","timestamp":1684350091640,"level":"debug","message":"Inline data specified.","meta":{"rootId":"ubvpla5imhjiyqp","id":"ubvpla5imhjiyqp"},"id":"4wjqyjofmldafo4","previousOperationId":"8eyyifb012j30ss"}
{"type":"log","timestamp":1684350091643,"level":"debug","message":"Base url not specified, skipping its injection.","meta":{"rootId":"ubvpla5imhjiyqp","id":"ubvpla5imhjiyqp"},"id":"4y6g9nusbj2vwad","previousOperationId":"8eyyifb012j30ss"}
{"type":"operationStart","subtype":"engine","name":"handlebars","timestamp":1684350091645,"id":"aqmnt7rxg7e6id8","previousEventId":"nkltwom7frz0235","operationId":"6davtjdynft41lz","previousOperationId":"8eyyifb012j30ss"}
{"type":"log","timestamp":1684350091645,"level":"debug","message":"Rendering engine handlebars","meta":{"rootId":"ubvpla5imhjiyqp","id":"ubvpla5imhjiyqp"},"id":"dbsz5kmy2ta1scw","previousOperationId":"6davtjdynft41lz"}
{"type":"operationEnd","operationId":"6davtjdynft41lz","timestamp":1684350092124,"id":"j61sm0zuzwwjibf","previousEventId":"aqmnt7rxg7e6id8","previousOperationId":"6davtjdynft41lz"}
{"type":"operationStart","subtype":"recipe","name":"chrome-pdf","timestamp":1684350092125,"id":"xedichjn5uzvk0r","previousEventId":"j61sm0zuzwwjibf","operationId":"pmomejyb5vm4cic","previousOperationId":"6davtjdynft41lz"}
{"type":"log","timestamp":1684350092125,"level":"debug","message":"Executing recipe chrome-pdf","meta":{"rootId":"ubvpla5imhjiyqp","id":"ubvpla5imhjiyqp"},"id":"x01vzlyezb60h5h","previousOperationId":"pmomejyb5vm4cic"}
{"type":"log","timestamp":1684350092496,"level":"debug","message":"Converting with chrome HeadlessChrome/105.0.5173.0 using chrome-pool strategy","meta":{"rootId":"ubvpla5imhjiyqp","id":"ubvpla5imhjiyqp"},"id":"t0fi5gdcj7uck1z","previousOperationId":"pmomejyb5vm4cic"}
{"type":"log","timestamp":1684350092678,"level":"debug","message":"Page request: GET (document) file:///C:/Users/SACHIN~1/AppData/Local/Temp/jsreport/autocleanup/40d99d55-b026-42de-8d6e-b19b1698ce33-chrome-pdf.html","meta":{"rootId":"ubvpla5imhjiyqp","id":"ubvpla5imhjiyqp"},"id":"ovs2rflwg755f0q","previousOperationId":"pmomejyb5vm4cic"}
{"type":"log","timestamp":1684350092691,"level":"debug","message":"Page request finished: GET (document) 200 file:///C:/Users/SACHIN~1/AppData/Local/Temp/jsreport/autocleanup/40d99d55-b026-42de-8d6e-b19b1698ce33-chrome-pdf.html","meta":{"rootId":"ubvpla5imhjiyqp","id":"ubvpla5imhjiyqp"},"id":"h2ss95hjg28vf16","previousOperationId":"pmomejyb5vm4cic"}
{"type":"log","timestamp":1684350092734,"level":"debug","message":"Running chrome with params {\"timeout\":59371,\"margin\":{},\"printBackground\":true}","meta":{"rootId":"ubvpla5imhjiyqp","id":"ubvpla5imhjiyqp"},"id":"slt55apu8tfek7e","previousOperationId":"pmomejyb5vm4cic"}
{"type":"operationEnd","operationId":"pmomejyb5vm4cic","timestamp":1684350092917,"id":"2khg9utrlsbseqv","previousEventId":"xedichjn5uzvk0r","previousOperationId":"pmomejyb5vm4cic"}
{"type":"log","timestamp":1684350092918,"level":"debug","message":"Skipping storing report.","meta":{"rootId":"ubvpla5imhjiyqp","id":"ubvpla5imhjiyqp"},"id":"t9rs6y3na5hvzi2","previousOperationId":"pmomejyb5vm4cic"}
{"type":"log","timestamp":1684350092918,"level":"info","message":"Rendering request 1 finished in 1300 ms","meta":{"rootId":"ubvpla5imhjiyqp","id":"ubvpla5imhjiyqp"},"id":"xqwcmdk0kctsybn","previousOperationId":"pmomejyb5vm4cic"}
{"type":"operationEnd","subtype":"render","operationId":"8eyyifb012j30ss","timestamp":1684350092919,"id":"5efsdyo0hwv3ny6","previousEventId":"2khg9utrlsbseqv","previousOperationId":"pmomejyb5vm4cic"}
{"type":"operationEnd","doDiffs":false,"previousEventId":"j3o2ebb3vj92ja3","previousOperationId":"u149uelw0utmki8","operationId":"u149uelw0utmki8","timestamp":1684350092923,"id":"xgbylujcbvlcen9"}
