{"type":"operationStart","subtype":"profile","data":{"_id":"w9rl9gSD7hTJR6rs","timestamp":"2023-05-17T19:13:01.974Z","state":"queued","mode":"standard","timeout":60000,"creationDate":"2023-05-17T19:13:01.978Z","modificationDate":"2023-05-17T19:13:01.978Z","shortid":"3EenEe_","$entitySet":"profiles"},"doDiffs":false,"timestamp":1684350781976,"id":"okyzo4mdkb1c2le","previousOperationId":null,"operationId":"u53wsddzhyomdga"}
{"type":"log","level":"info","message":"Render request 2 queued for execution and waiting for available worker","previousOperationId":"u53wsddzhyomdga","timestamp":1684350781976,"id":"6xibndpazh1pf1i"}
{"type":"operationStart","subtype":"render","name":"anonymous","previousOperationId":"u53wsddzhyomdga","timestamp":1684350781993,"id":"krmcut9xhg4jako","previousEventId":"okyzo4mdkb1c2le","operationId":"4z5c2p4mov046ca"}
{"type":"log","timestamp":1684350781994,"level":"info","message":"Starting rendering request 2","meta":{"rootId":"uw1h3kc52kckh1x","id":"uw1h3kc52kckh1x"},"id":"ln2p2t4sl4vxibz","previousOperationId":"4z5c2p4mov046ca"}
{"type":"log","timestamp":1684350781995,"level":"info","message":"Rendering anonymous template { recipe: chrome-pdf, engine: handlebars }","meta":{"rootId":"uw1h3kc52kckh1x","id":"uw1h3kc52kckh1x"},"id":"2l97a2d0cjk6g7e","previousOperationId":"4z5c2p4mov046ca"}
{"type":"log","timestamp":1684350781995,"level":"debug","message":"Inline data specified.","meta":{"rootId":"uw1h3kc52kckh1x","id":"uw1h3kc52kckh1x"},"id":"1qn1d6emvx18c11","previousOperationId":"4z5c2p4mov046ca"}
{"type":"log","timestamp":1684350781999,"level":"debug","message":"Base url not specified, skipping its injection.","meta":{"rootId":"uw1h3kc52kckh1x","id":"uw1h3kc52kckh1x"},"id":"ysh3mxbwc54gd86","previousOperationId":"4z5c2p4mov046ca"}
{"type":"operationStart","subtype":"engine","name":"handlebars","timestamp":1684350782000,"id":"r9g3h0puk4ifc4h","previousEventId":"krmcut9xhg4jako","operationId":"j8v7g8gankj5qzj","previousOperationId":"4z5c2p4mov046ca"}
{"type":"log","timestamp":1684350782000,"level":"debug","message":"Rendering engine handlebars","meta":{"rootId":"uw1h3kc52kckh1x","id":"uw1h3kc52kckh1x"},"id":"bwey13r7jkp46br","previousOperationId":"j8v7g8gankj5qzj"}
{"type":"operationEnd","operationId":"j8v7g8gankj5qzj","timestamp":1684350782013,"id":"ehono7aivnjzbdf","previousEventId":"r9g3h0puk4ifc4h","previousOperationId":"j8v7g8gankj5qzj"}
{"type":"operationStart","subtype":"recipe","name":"chrome-pdf","timestamp":1684350782014,"id":"drqvk3aztqzllw2","previousEventId":"ehono7aivnjzbdf","operationId":"ysoctkibqkzby5a","previousOperationId":"j8v7g8gankj5qzj"}
{"type":"log","timestamp":1684350782014,"level":"debug","message":"Executing recipe chrome-pdf","meta":{"rootId":"uw1h3kc52kckh1x","id":"uw1h3kc52kckh1x"},"id":"qh7xovq58mi0pcn","previousOperationId":"ysoctkibqkzby5a"}
{"type":"log","timestamp":1684350782042,"level":"debug","message":"Converting with chrome HeadlessChrome/105.0.5173.0 using chrome-pool strategy","meta":{"rootId":"uw1h3kc52kckh1x","id":"uw1h3kc52kckh1x"},"id":"wkiw670v0bs8f7b","previousOperationId":"ysoctkibqkzby5a"}
{"type":"log","timestamp":1684350782242,"level":"debug","message":"Page request: GET (document) file:///C:/Users/hp/AppData/Local/Temp/jsreport/autocleanup/24fb10a9-d56f-42e6-9aeb-7fc73ae3dfcd-chrome-pdf.html","meta":{"rootId":"uw1h3kc52kckh1x","id":"uw1h3kc52kckh1x"},"id":"5lly6u0oj1jlyae","previousOperationId":"ysoctkibqkzby5a"}
{"type":"log","timestamp":1684350782253,"level":"debug","message":"Page request finished: GET (document) 200 file:///C:/Users/hp/AppData/Local/Temp/jsreport/autocleanup/24fb10a9-d56f-42e6-9aeb-7fc73ae3dfcd-chrome-pdf.html","meta":{"rootId":"uw1h3kc52kckh1x","id":"uw1h3kc52kckh1x"},"id":"1417ny6ndk7kqj1","previousOperationId":"ysoctkibqkzby5a"}
{"type":"log","timestamp":1684350782300,"level":"debug","message":"Running chrome with params {\"timeout\":59946,\"margin\":{},\"printBackground\":true}","meta":{"rootId":"uw1h3kc52kckh1x","id":"uw1h3kc52kckh1x"},"id":"h7dwlj1j2v0b7o3","previousOperationId":"ysoctkibqkzby5a"}
{"type":"operationEnd","operationId":"ysoctkibqkzby5a","timestamp":1684350782506,"id":"3pjunnqe3sfz2at","previousEventId":"drqvk3aztqzllw2","previousOperationId":"ysoctkibqkzby5a"}
{"type":"log","timestamp":1684350782506,"level":"debug","message":"Skipping storing report.","meta":{"rootId":"uw1h3kc52kckh1x","id":"uw1h3kc52kckh1x"},"id":"6dw4rx0lutxek8h","previousOperationId":"ysoctkibqkzby5a"}
{"type":"log","timestamp":1684350782506,"level":"info","message":"Rendering request 2 finished in 532 ms","meta":{"rootId":"uw1h3kc52kckh1x","id":"uw1h3kc52kckh1x"},"id":"60epurkjtd6644m","previousOperationId":"ysoctkibqkzby5a"}
{"type":"operationEnd","subtype":"render","operationId":"4z5c2p4mov046ca","timestamp":1684350782506,"id":"p06c0ycw2lsu9d4","previousEventId":"3pjunnqe3sfz2at","previousOperationId":"ysoctkibqkzby5a"}
{"type":"operationEnd","doDiffs":false,"previousEventId":"okyzo4mdkb1c2le","previousOperationId":"u53wsddzhyomdga","operationId":"u53wsddzhyomdga","timestamp":1684350782510,"id":"93qie27jzzg7kvb"}
