{"type":"operationStart","subtype":"profile","data":{"_id":"LH7kiylTCUObSsey","timestamp":"2023-04-24T05:26:49.689Z","state":"queued","mode":"standard","timeout":60000,"creationDate":"2023-04-24T05:26:49.697Z","modificationDate":"2023-04-24T05:26:49.697Z","shortid":"-IOuyj_","$entitySet":"profiles"},"doDiffs":false,"timestamp":1682314009696,"id":"8ajifsm1rqz7593","previousOperationId":null,"operationId":"347pprnemnc6u38"}
{"type":"log","level":"info","message":"Render request 1 queued for execution and waiting for available worker","previousOperationId":"347pprnemnc6u38","timestamp":1682314009696,"id":"8xtlxld9dzjm3ca"}
{"type":"operationStart","subtype":"render","name":"anonymous","previousOperationId":"347pprnemnc6u38","timestamp":1682314009720,"id":"esbsqq9q2h2p55p","previousEventId":"8ajifsm1rqz7593","operationId":"jrng93qj61f88ln"}
{"type":"log","timestamp":1682314009722,"level":"info","message":"Starting rendering request 1","meta":{"rootId":"va3zof2urfyu1fs","id":"va3zof2urfyu1fs"},"id":"bqs2919b6up4u4d","previousOperationId":"jrng93qj61f88ln"}
{"type":"log","timestamp":1682314009724,"level":"info","message":"Rendering anonymous template { recipe: chrome-pdf, engine: handlebars }","meta":{"rootId":"va3zof2urfyu1fs","id":"va3zof2urfyu1fs"},"id":"yjeyyypsw3jgihv","previousOperationId":"jrng93qj61f88ln"}
{"type":"log","timestamp":1682314009724,"level":"debug","message":"Inline data specified.","meta":{"rootId":"va3zof2urfyu1fs","id":"va3zof2urfyu1fs"},"id":"oksq250uqizz3r0","previousOperationId":"jrng93qj61f88ln"}
{"type":"log","timestamp":1682314009730,"level":"debug","message":"Base url not specified, skipping its injection.","meta":{"rootId":"va3zof2urfyu1fs","id":"va3zof2urfyu1fs"},"id":"rwd4r3tstj0hfno","previousOperationId":"jrng93qj61f88ln"}
{"type":"operationStart","subtype":"engine","name":"handlebars","timestamp":1682314009732,"id":"sjkml7h1ai6i9oj","previousEventId":"esbsqq9q2h2p55p","operationId":"ja4tffk8yptb5jk","previousOperationId":"jrng93qj61f88ln"}
{"type":"log","timestamp":1682314009732,"level":"debug","message":"Rendering engine handlebars","meta":{"rootId":"va3zof2urfyu1fs","id":"va3zof2urfyu1fs"},"id":"b9vm2nlx8b2llyq","previousOperationId":"ja4tffk8yptb5jk"}
{"type":"operationEnd","operationId":"ja4tffk8yptb5jk","timestamp":1682314012390,"id":"v7x2tl8a8yp174d","previousEventId":"sjkml7h1ai6i9oj","previousOperationId":"ja4tffk8yptb5jk"}
{"type":"operationStart","subtype":"recipe","name":"chrome-pdf","timestamp":1682314012391,"id":"qffqqxa7adgtpfz","previousEventId":"v7x2tl8a8yp174d","operationId":"230c3rj6hokk3r5","previousOperationId":"ja4tffk8yptb5jk"}
{"type":"log","timestamp":1682314012391,"level":"debug","message":"Executing recipe chrome-pdf","meta":{"rootId":"va3zof2urfyu1fs","id":"va3zof2urfyu1fs"},"id":"0o4c0atm4hvzlnu","previousOperationId":"230c3rj6hokk3r5"}
{"type":"log","timestamp":1682314012991,"level":"debug","message":"Converting with chrome HeadlessChrome/105.0.5173.0 using chrome-pool strategy","meta":{"rootId":"va3zof2urfyu1fs","id":"va3zof2urfyu1fs"},"id":"y14gt1pywd4yq0e","previousOperationId":"230c3rj6hokk3r5"}
{"type":"log","timestamp":1682314014564,"level":"debug","message":"Page request: GET (document) file:///C:/Users/hp/AppData/Local/Temp/jsreport/autocleanup/0a8484c6-4c05-405b-9472-61677f909e42-chrome-pdf.html","meta":{"rootId":"va3zof2urfyu1fs","id":"va3zof2urfyu1fs"},"id":"u0apmdnj4t7ddqn","previousOperationId":"230c3rj6hokk3r5"}
{"type":"log","timestamp":1682314014573,"level":"debug","message":"Page request finished: GET (document) 200 file:///C:/Users/hp/AppData/Local/Temp/jsreport/autocleanup/0a8484c6-4c05-405b-9472-61677f909e42-chrome-pdf.html","meta":{"rootId":"va3zof2urfyu1fs","id":"va3zof2urfyu1fs"},"id":"83ibx9w5useznme","previousOperationId":"230c3rj6hokk3r5"}
{"type":"log","timestamp":1682314014573,"level":"debug","message":"Page request: GET (stylesheet) https://stackpath.bootstrapcdn.com/bootstrap/4.4.1/css/bootstrap.min.css","meta":{"rootId":"va3zof2urfyu1fs","id":"va3zof2urfyu1fs"},"id":"2ppyrvhxytxig1i","previousOperationId":"230c3rj6hokk3r5"}
{"type":"log","timestamp":1682314014574,"level":"debug","message":"Page request: GET (image) https://assets-global.website-files.com/5ca4d1fd374efbecd845739f/611be296e1ecb589c495418a_JAS%20and%20Greencarrier.png","meta":{"rootId":"va3zof2urfyu1fs","id":"va3zof2urfyu1fs"},"id":"bp0wxj9p8gmlr7z","previousOperationId":"230c3rj6hokk3r5"}
{"type":"log","timestamp":1682314017459,"level":"debug","message":"Page request finished: GET (stylesheet) 200 https://stackpath.bootstrapcdn.com/bootstrap/4.4.1/css/bootstrap.min.css","meta":{"rootId":"va3zof2urfyu1fs","id":"va3zof2urfyu1fs"},"id":"0g1i76t6x3xdqam","previousOperationId":"230c3rj6hokk3r5"}
{"type":"log","timestamp":1682314017540,"level":"debug","message":"Page request finished: GET (image) 200 https://assets-global.website-files.com/5ca4d1fd374efbecd845739f/611be296e1ecb589c495418a_JAS%20and%20Greencarrier.png","meta":{"rootId":"va3zof2urfyu1fs","id":"va3zof2urfyu1fs"},"id":"ix18zu915e5853l","previousOperationId":"230c3rj6hokk3r5"}
{"type":"log","timestamp":1682314017544,"level":"debug","message":"Running chrome with params {\"timeout\":57156,\"margin\":{},\"printBackground\":true}","meta":{"rootId":"va3zof2urfyu1fs","id":"va3zof2urfyu1fs"},"id":"z3tqs5orkj5b3cz","previousOperationId":"230c3rj6hokk3r5"}
{"type":"operationEnd","operationId":"230c3rj6hokk3r5","timestamp":1682314017788,"id":"6d2affv6hbdyq15","previousEventId":"qffqqxa7adgtpfz","previousOperationId":"230c3rj6hokk3r5"}
{"type":"log","timestamp":1682314017789,"level":"debug","message":"Skipping storing report.","meta":{"rootId":"va3zof2urfyu1fs","id":"va3zof2urfyu1fs"},"id":"7bcrz0jkrt2781w","previousOperationId":"230c3rj6hokk3r5"}
{"type":"log","timestamp":1682314017789,"level":"info","message":"Rendering request 1 finished in 8101 ms","meta":{"rootId":"va3zof2urfyu1fs","id":"va3zof2urfyu1fs"},"id":"rbdq2lxqzn5jlg2","previousOperationId":"230c3rj6hokk3r5"}
{"type":"operationEnd","subtype":"render","operationId":"jrng93qj61f88ln","timestamp":1682314017790,"id":"gsnlol0lwtrwmi6","previousEventId":"6d2affv6hbdyq15","previousOperationId":"230c3rj6hokk3r5"}
{"type":"operationEnd","doDiffs":false,"previousEventId":"8ajifsm1rqz7593","previousOperationId":"347pprnemnc6u38","operationId":"347pprnemnc6u38","timestamp":1682314017793,"id":"orxq701k4hn1cri"}
