{"type":"operationStart","subtype":"profile","data":{"_id":"e08ykYVJVbUG2zzX","timestamp":"2023-05-16T07:28:37.449Z","state":"queued","mode":"standard","timeout":60000,"creationDate":"2023-05-16T07:28:37.452Z","modificationDate":"2023-05-16T07:28:37.452Z","shortid":"eD9y8b0","$entitySet":"profiles"},"doDiffs":false,"timestamp":1684222117451,"id":"o3un9n3q9x8ao5p","previousOperationId":null,"operationId":"e2yrzd6mp718oi1"}
{"type":"log","level":"info","message":"Render request 1 queued for execution and waiting for available worker","previousOperationId":"e2yrzd6mp718oi1","timestamp":1684222117451,"id":"0euxnww9yez821l"}
{"type":"operationStart","subtype":"render","name":"anonymous","previousOperationId":"e2yrzd6mp718oi1","timestamp":1684222117473,"id":"lvrpyo17h3d37rf","previousEventId":"o3un9n3q9x8ao5p","operationId":"koplhssnh7xzaku"}
{"type":"log","timestamp":1684222117474,"level":"info","message":"Starting rendering request 1","meta":{"rootId":"ve8th9dk5aw2l1i","id":"ve8th9dk5aw2l1i"},"id":"o7b2estf2ar3paf","previousOperationId":"koplhssnh7xzaku"}
{"type":"log","timestamp":1684222117477,"level":"info","message":"Rendering anonymous template { recipe: chrome-pdf, engine: handlebars }","meta":{"rootId":"ve8th9dk5aw2l1i","id":"ve8th9dk5aw2l1i"},"id":"c7kml4f29h51lgq","previousOperationId":"koplhssnh7xzaku"}
{"type":"log","timestamp":1684222117477,"level":"debug","message":"Inline data specified.","meta":{"rootId":"ve8th9dk5aw2l1i","id":"ve8th9dk5aw2l1i"},"id":"7z9ogaf6w5fe744","previousOperationId":"koplhssnh7xzaku"}
{"type":"log","timestamp":1684222117480,"level":"debug","message":"Base url not specified, skipping its injection.","meta":{"rootId":"ve8th9dk5aw2l1i","id":"ve8th9dk5aw2l1i"},"id":"a65qqq0fwyphlnt","previousOperationId":"koplhssnh7xzaku"}
{"type":"operationStart","subtype":"engine","name":"handlebars","timestamp":1684222117482,"id":"2tzu0v7van3ehkv","previousEventId":"lvrpyo17h3d37rf","operationId":"mz0mqlek7wyj4x0","previousOperationId":"koplhssnh7xzaku"}
{"type":"log","timestamp":1684222117482,"level":"debug","message":"Rendering engine handlebars","meta":{"rootId":"ve8th9dk5aw2l1i","id":"ve8th9dk5aw2l1i"},"id":"k40vvmu0vtn5fqr","previousOperationId":"mz0mqlek7wyj4x0"}
{"type":"operationEnd","operationId":"mz0mqlek7wyj4x0","timestamp":1684222118044,"id":"je865ni0txvtsuc","previousEventId":"2tzu0v7van3ehkv","previousOperationId":"mz0mqlek7wyj4x0"}
{"type":"operationStart","subtype":"recipe","name":"chrome-pdf","timestamp":1684222118045,"id":"kz65mzp6g525afr","previousEventId":"je865ni0txvtsuc","operationId":"tnazjx7jg30w8sh","previousOperationId":"mz0mqlek7wyj4x0"}
{"type":"log","timestamp":1684222118045,"level":"debug","message":"Executing recipe chrome-pdf","meta":{"rootId":"ve8th9dk5aw2l1i","id":"ve8th9dk5aw2l1i"},"id":"0fqu18os4wf5k9u","previousOperationId":"tnazjx7jg30w8sh"}
{"type":"log","timestamp":1684222118390,"level":"debug","message":"Converting with chrome HeadlessChrome/105.0.5173.0 using chrome-pool strategy","meta":{"rootId":"ve8th9dk5aw2l1i","id":"ve8th9dk5aw2l1i"},"id":"r3fvi8xe9ts64g4","previousOperationId":"tnazjx7jg30w8sh"}
{"type":"log","timestamp":1684222119869,"level":"debug","message":"Page request: GET (document) file:///C:/Users/hp/AppData/Local/Temp/jsreport/autocleanup/85bffd59-2ff8-41e7-aaa3-bbde02748176-chrome-pdf.html","meta":{"rootId":"ve8th9dk5aw2l1i","id":"ve8th9dk5aw2l1i"},"id":"r7knzub6uqpwuak","previousOperationId":"tnazjx7jg30w8sh"}
{"type":"log","timestamp":1684222119882,"level":"debug","message":"Page request finished: GET (document) 200 file:///C:/Users/hp/AppData/Local/Temp/jsreport/autocleanup/85bffd59-2ff8-41e7-aaa3-bbde02748176-chrome-pdf.html","meta":{"rootId":"ve8th9dk5aw2l1i","id":"ve8th9dk5aw2l1i"},"id":"b2xdvolmqie1gta","previousOperationId":"tnazjx7jg30w8sh"}
{"type":"log","timestamp":1684222119926,"level":"debug","message":"Running chrome with params {\"timeout\":59223,\"margin\":{},\"printBackground\":true}","meta":{"rootId":"ve8th9dk5aw2l1i","id":"ve8th9dk5aw2l1i"},"id":"xhscfesh5k2uvzw","previousOperationId":"tnazjx7jg30w8sh"}
{"type":"operationEnd","operationId":"tnazjx7jg30w8sh","timestamp":1684222120127,"id":"jcp1y71baxym9sf","previousEventId":"kz65mzp6g525afr","previousOperationId":"tnazjx7jg30w8sh"}
{"type":"log","timestamp":1684222120128,"level":"debug","message":"Skipping storing report.","meta":{"rootId":"ve8th9dk5aw2l1i","id":"ve8th9dk5aw2l1i"},"id":"xeh8nug5npyuqew","previousOperationId":"tnazjx7jg30w8sh"}
{"type":"log","timestamp":1684222120129,"level":"info","message":"Rendering request 1 finished in 2681 ms","meta":{"rootId":"ve8th9dk5aw2l1i","id":"ve8th9dk5aw2l1i"},"id":"l8ozj0fk5fjtif2","previousOperationId":"tnazjx7jg30w8sh"}
{"type":"operationEnd","subtype":"render","operationId":"koplhssnh7xzaku","timestamp":1684222120129,"id":"3khc7new8aazgb1","previousEventId":"jcp1y71baxym9sf","previousOperationId":"tnazjx7jg30w8sh"}
{"type":"operationEnd","doDiffs":false,"previousEventId":"o3un9n3q9x8ao5p","previousOperationId":"e2yrzd6mp718oi1","operationId":"e2yrzd6mp718oi1","timestamp":1684222120132,"id":"ypxtl47in1d6ymc"}
