{"type":"operationStart","subtype":"profile","data":{"_id":"5c5axJKJbjsYplly","timestamp":"2023-05-16T06:57:23.464Z","state":"queued","mode":"standard","timeout":60000,"creationDate":"2023-05-16T06:57:23.467Z","modificationDate":"2023-05-16T06:57:23.467Z","shortid":"ATyVAPL","$entitySet":"profiles"},"doDiffs":false,"timestamp":1684220243466,"id":"0hbdu8isnukyxu0","previousOperationId":null,"operationId":"rtzajph9eznb5a0"}
{"type":"log","level":"info","message":"Render request 1 queued for execution and waiting for available worker","previousOperationId":"rtzajph9eznb5a0","timestamp":1684220243466,"id":"aepvp36z6y61xm2"}
{"type":"operationStart","subtype":"render","name":"anonymous","previousOperationId":"rtzajph9eznb5a0","timestamp":1684220243484,"id":"er0d6vaw95vzf8m","previousEventId":"0hbdu8isnukyxu0","operationId":"8fucgdv0nbrhdji"}
{"type":"log","timestamp":1684220243485,"level":"info","message":"Starting rendering request 1","meta":{"rootId":"vpt0z7sv0ltjjk5","id":"vpt0z7sv0ltjjk5"},"id":"eggge7jo8ei91fo","previousOperationId":"8fucgdv0nbrhdji"}
{"type":"log","timestamp":1684220243487,"level":"info","message":"Rendering anonymous template { recipe: chrome-pdf, engine: handlebars }","meta":{"rootId":"vpt0z7sv0ltjjk5","id":"vpt0z7sv0ltjjk5"},"id":"hn2uqlecd2q68lu","previousOperationId":"8fucgdv0nbrhdji"}
{"type":"log","timestamp":1684220243488,"level":"debug","message":"Inline data specified.","meta":{"rootId":"vpt0z7sv0ltjjk5","id":"vpt0z7sv0ltjjk5"},"id":"94za3fczruokatl","previousOperationId":"8fucgdv0nbrhdji"}
{"type":"log","timestamp":1684220243492,"level":"debug","message":"Base url not specified, skipping its injection.","meta":{"rootId":"vpt0z7sv0ltjjk5","id":"vpt0z7sv0ltjjk5"},"id":"red28f8dwnpk1f4","previousOperationId":"8fucgdv0nbrhdji"}
{"type":"operationStart","subtype":"engine","name":"handlebars","timestamp":1684220243493,"id":"7uhm1082571fphk","previousEventId":"er0d6vaw95vzf8m","operationId":"mkipkdd87f70iw7","previousOperationId":"8fucgdv0nbrhdji"}
{"type":"log","timestamp":1684220243493,"level":"debug","message":"Rendering engine handlebars","meta":{"rootId":"vpt0z7sv0ltjjk5","id":"vpt0z7sv0ltjjk5"},"id":"hr0sx3n9rr1ypdf","previousOperationId":"mkipkdd87f70iw7"}
{"type":"operationEnd","operationId":"mkipkdd87f70iw7","timestamp":1684220244033,"id":"eb2o4dxf10vn0r3","previousEventId":"7uhm1082571fphk","previousOperationId":"mkipkdd87f70iw7"}
{"type":"operationStart","subtype":"recipe","name":"chrome-pdf","timestamp":1684220244034,"id":"p316cn5vhbemry1","previousEventId":"eb2o4dxf10vn0r3","operationId":"8lzp9p4ksaivk1n","previousOperationId":"mkipkdd87f70iw7"}
{"type":"log","timestamp":1684220244034,"level":"debug","message":"Executing recipe chrome-pdf","meta":{"rootId":"vpt0z7sv0ltjjk5","id":"vpt0z7sv0ltjjk5"},"id":"2sf0br24ecrrwv4","previousOperationId":"8lzp9p4ksaivk1n"}
{"type":"log","timestamp":1684220244402,"level":"debug","message":"Converting with chrome HeadlessChrome/105.0.5173.0 using chrome-pool strategy","meta":{"rootId":"vpt0z7sv0ltjjk5","id":"vpt0z7sv0ltjjk5"},"id":"8vh51z58x7h5260","previousOperationId":"8lzp9p4ksaivk1n"}
{"type":"log","timestamp":1684220245862,"level":"debug","message":"Page request: GET (document) file:///C:/Users/hp/AppData/Local/Temp/jsreport/autocleanup/19f3ea89-f302-4457-9f44-0e8f7345367c-chrome-pdf.html","meta":{"rootId":"vpt0z7sv0ltjjk5","id":"vpt0z7sv0ltjjk5"},"id":"6nppo9kidejm5sk","previousOperationId":"8lzp9p4ksaivk1n"}
{"type":"log","timestamp":1684220245874,"level":"debug","message":"Page request finished: GET (document) 200 file:///C:/Users/hp/AppData/Local/Temp/jsreport/autocleanup/19f3ea89-f302-4457-9f44-0e8f7345367c-chrome-pdf.html","meta":{"rootId":"vpt0z7sv0ltjjk5","id":"vpt0z7sv0ltjjk5"},"id":"rcshneua4ki0tx2","previousOperationId":"8lzp9p4ksaivk1n"}
{"type":"log","timestamp":1684220245926,"level":"debug","message":"Running chrome with params {\"timeout\":59260,\"margin\":{},\"printBackground\":true}","meta":{"rootId":"vpt0z7sv0ltjjk5","id":"vpt0z7sv0ltjjk5"},"id":"poex7ouupf3vqg0","previousOperationId":"8lzp9p4ksaivk1n"}
{"type":"operationEnd","operationId":"8lzp9p4ksaivk1n","timestamp":1684220246089,"id":"mx22s53zf15tbad","previousEventId":"p316cn5vhbemry1","previousOperationId":"8lzp9p4ksaivk1n"}
{"type":"log","timestamp":1684220246090,"level":"debug","message":"Skipping storing report.","meta":{"rootId":"vpt0z7sv0ltjjk5","id":"vpt0z7sv0ltjjk5"},"id":"hfgxstbjvtoe2vr","previousOperationId":"8lzp9p4ksaivk1n"}
{"type":"log","timestamp":1684220246091,"level":"info","message":"Rendering request 1 finished in 2628 ms","meta":{"rootId":"vpt0z7sv0ltjjk5","id":"vpt0z7sv0ltjjk5"},"id":"bxk0o0khy9ue5uy","previousOperationId":"8lzp9p4ksaivk1n"}
{"type":"operationEnd","subtype":"render","operationId":"8fucgdv0nbrhdji","timestamp":1684220246091,"id":"8to2jos4key265w","previousEventId":"mx22s53zf15tbad","previousOperationId":"8lzp9p4ksaivk1n"}
{"type":"operationEnd","doDiffs":false,"previousEventId":"0hbdu8isnukyxu0","previousOperationId":"rtzajph9eznb5a0","operationId":"rtzajph9eznb5a0","timestamp":1684220246094,"id":"7wp3tk31zk5fjog"}
