{"type":"operationStart","subtype":"profile","data":{"_id":"nJDQsQ29Yr0zrhiD","timestamp":"2023-04-21T11:07:33.536Z","state":"queued","mode":"standard","timeout":60000,"creationDate":"2023-04-21T11:07:33.543Z","modificationDate":"2023-04-21T11:07:33.543Z","shortid":"I1ML-5D","$entitySet":"profiles"},"doDiffs":false,"timestamp":1682075253542,"id":"y8wxhn4euobisb6","previousOperationId":null,"operationId":"vee5f7x838ylcai"}
{"type":"log","level":"info","message":"Render request 1 queued for execution and waiting for available worker","previousOperationId":"vee5f7x838ylcai","timestamp":1682075253542,"id":"q0l49r5rbfcb7vs"}
{"type":"operationStart","subtype":"render","name":"anonymous","previousOperationId":"vee5f7x838ylcai","timestamp":1682075253574,"id":"ka6lzhw9uq7rdhj","previousEventId":"y8wxhn4euobisb6","operationId":"l27gsquaglw1nzv"}
{"type":"log","timestamp":1682075253575,"level":"info","message":"Starting rendering request 1","meta":{"rootId":"vslqskwrhumdstu","id":"vslqskwrhumdstu"},"id":"8fxno0vcp3tli2s","previousOperationId":"l27gsquaglw1nzv"}
{"type":"log","timestamp":1682075253577,"level":"info","message":"Rendering anonymous template { recipe: chrome-pdf, engine: handlebars }","meta":{"rootId":"vslqskwrhumdstu","id":"vslqskwrhumdstu"},"id":"o96cafl2zbddu91","previousOperationId":"l27gsquaglw1nzv"}
{"type":"log","timestamp":1682075253578,"level":"debug","message":"Inline data specified.","meta":{"rootId":"vslqskwrhumdstu","id":"vslqskwrhumdstu"},"id":"2k22vymipg4tba2","previousOperationId":"l27gsquaglw1nzv"}
{"type":"log","timestamp":1682075253583,"level":"debug","message":"Base url not specified, skipping its injection.","meta":{"rootId":"vslqskwrhumdstu","id":"vslqskwrhumdstu"},"id":"iz3r16002h8xgly","previousOperationId":"l27gsquaglw1nzv"}
{"type":"operationStart","subtype":"engine","name":"handlebars","timestamp":1682075253585,"id":"bkevnh0qfmdydb5","previousEventId":"ka6lzhw9uq7rdhj","operationId":"q7124aq41j6dnwq","previousOperationId":"l27gsquaglw1nzv"}
{"type":"log","timestamp":1682075253585,"level":"debug","message":"Rendering engine handlebars","meta":{"rootId":"vslqskwrhumdstu","id":"vslqskwrhumdstu"},"id":"cgp67ddt4gr6k07","previousOperationId":"q7124aq41j6dnwq"}
{"type":"operationEnd","operationId":"q7124aq41j6dnwq","timestamp":1682075254181,"id":"bv6weij72qgh62e","previousEventId":"bkevnh0qfmdydb5","previousOperationId":"q7124aq41j6dnwq"}
{"type":"operationStart","subtype":"recipe","name":"chrome-pdf","timestamp":1682075254182,"id":"44695kr7ufe7xxa","previousEventId":"bv6weij72qgh62e","operationId":"1cquqjvqx83k9ww","previousOperationId":"q7124aq41j6dnwq"}
{"type":"log","timestamp":1682075254182,"level":"debug","message":"Executing recipe chrome-pdf","meta":{"rootId":"vslqskwrhumdstu","id":"vslqskwrhumdstu"},"id":"7de0dkb7zlrkgj7","previousOperationId":"1cquqjvqx83k9ww"}
{"type":"log","timestamp":1682075254643,"level":"debug","message":"Converting with chrome HeadlessChrome/105.0.5173.0 using chrome-pool strategy","meta":{"rootId":"vslqskwrhumdstu","id":"vslqskwrhumdstu"},"id":"6rlg5uoa1kpordn","previousOperationId":"1cquqjvqx83k9ww"}
{"type":"log","timestamp":1682075255476,"level":"debug","message":"Page request: GET (document) file:///C:/Users/hp/AppData/Local/Temp/jsreport/autocleanup/80609269-24f1-4eec-a221-156208169bbf-chrome-pdf.html","meta":{"rootId":"vslqskwrhumdstu","id":"vslqskwrhumdstu"},"id":"yo1slaakj1picfk","previousOperationId":"1cquqjvqx83k9ww"}
{"type":"log","timestamp":1682075255501,"level":"debug","message":"Page request finished: GET (document) 200 file:///C:/Users/hp/AppData/Local/Temp/jsreport/autocleanup/80609269-24f1-4eec-a221-156208169bbf-chrome-pdf.html","meta":{"rootId":"vslqskwrhumdstu","id":"vslqskwrhumdstu"},"id":"rdzd9c8cswn87o9","previousOperationId":"1cquqjvqx83k9ww"}
{"type":"log","timestamp":1682075255501,"level":"debug","message":"Page request: GET (stylesheet) https://stackpath.bootstrapcdn.com/bootstrap/4.4.1/css/bootstrap.min.css","meta":{"rootId":"vslqskwrhumdstu","id":"vslqskwrhumdstu"},"id":"9mldettii9k79dc","previousOperationId":"1cquqjvqx83k9ww"}
{"type":"log","timestamp":1682075255501,"level":"debug","message":"Page request: GET (image) https://assets-global.website-files.com/5ca4d1fd374efbecd845739f/611be296e1ecb589c495418a_JAS%20and%20Greencarrier.png","meta":{"rootId":"vslqskwrhumdstu","id":"vslqskwrhumdstu"},"id":"7npe6q3025d1nvz","previousOperationId":"1cquqjvqx83k9ww"}
{"type":"log","timestamp":1682075258527,"level":"debug","message":"Page request finished: GET (stylesheet) 200 https://stackpath.bootstrapcdn.com/bootstrap/4.4.1/css/bootstrap.min.css","meta":{"rootId":"vslqskwrhumdstu","id":"vslqskwrhumdstu"},"id":"00v7ml8or0noq4r","previousOperationId":"1cquqjvqx83k9ww"}
{"type":"log","timestamp":1682075258905,"level":"debug","message":"Page request finished: GET (image) 200 https://assets-global.website-files.com/5ca4d1fd374efbecd845739f/611be296e1ecb589c495418a_JAS%20and%20Greencarrier.png","meta":{"rootId":"vslqskwrhumdstu","id":"vslqskwrhumdstu"},"id":"v5sanw97u9b5le4","previousOperationId":"1cquqjvqx83k9ww"}
{"type":"log","timestamp":1682075258908,"level":"debug","message":"Running chrome with params {\"timeout\":59193,\"margin\":{},\"printBackground\":true}","meta":{"rootId":"vslqskwrhumdstu","id":"vslqskwrhumdstu"},"id":"fuqizw8a0qc9zdy","previousOperationId":"1cquqjvqx83k9ww"}
{"type":"operationEnd","operationId":"1cquqjvqx83k9ww","timestamp":1682075259131,"id":"4noaxk9fmkqzjcu","previousEventId":"44695kr7ufe7xxa","previousOperationId":"1cquqjvqx83k9ww"}
{"type":"log","timestamp":1682075259132,"level":"debug","message":"Skipping storing report.","meta":{"rootId":"vslqskwrhumdstu","id":"vslqskwrhumdstu"},"id":"8qycekbvryh4qlh","previousOperationId":"1cquqjvqx83k9ww"}
{"type":"log","timestamp":1682075259132,"level":"info","message":"Rendering request 1 finished in 5597 ms","meta":{"rootId":"vslqskwrhumdstu","id":"vslqskwrhumdstu"},"id":"wly5hbud8ol34sb","previousOperationId":"1cquqjvqx83k9ww"}
{"type":"operationEnd","subtype":"render","operationId":"l27gsquaglw1nzv","timestamp":1682075259132,"id":"clz9tfsink4funl","previousEventId":"4noaxk9fmkqzjcu","previousOperationId":"1cquqjvqx83k9ww"}
{"type":"operationEnd","doDiffs":false,"previousEventId":"y8wxhn4euobisb6","previousOperationId":"vee5f7x838ylcai","operationId":"vee5f7x838ylcai","timestamp":1682075259136,"id":"1t1ee4w8f0w1rpc"}
