{"type":"operationStart","subtype":"profile","data":{"_id":"OYUW1IXTwufA2jFE","timestamp":"2023-04-13T05:42:01.115Z","state":"queued","mode":"standard","timeout":60000,"creationDate":"2023-04-13T05:42:01.165Z","modificationDate":"2023-04-13T05:42:01.165Z","shortid":"w4Ahvy0","$entitySet":"profiles"},"doDiffs":false,"timestamp":1681364521125,"id":"zh09jswzebjr60d","previousOperationId":null,"operationId":"oxcm4k6whgd342x"}
{"type":"log","level":"info","message":"Render request 1 queued for execution and waiting for available worker","previousOperationId":"oxcm4k6whgd342x","timestamp":1681364521126,"id":"nu918rokhe4ov9b"}
{"type":"operationStart","subtype":"render","name":"anonymous","previousOperationId":"oxcm4k6whgd342x","timestamp":1681364521224,"id":"wzwp61kht6ufse5","previousEventId":"zh09jswzebjr60d","operationId":"7ivedpnviic87bw"}
{"type":"log","timestamp":1681364521225,"level":"info","message":"Starting rendering request 1","meta":{"rootId":"vu8f61f2vkx1nnr","id":"vu8f61f2vkx1nnr"},"id":"ixofbixk4ad4vxp","previousOperationId":"7ivedpnviic87bw"}
{"type":"log","timestamp":1681364521227,"level":"info","message":"Rendering anonymous template { recipe: chrome-pdf, engine: handlebars }","meta":{"rootId":"vu8f61f2vkx1nnr","id":"vu8f61f2vkx1nnr"},"id":"tom9rw4y31em857","previousOperationId":"7ivedpnviic87bw"}
{"type":"log","timestamp":1681364521227,"level":"debug","message":"Inline data specified.","meta":{"rootId":"vu8f61f2vkx1nnr","id":"vu8f61f2vkx1nnr"},"id":"9lymmshm38fwfsw","previousOperationId":"7ivedpnviic87bw"}
{"type":"log","timestamp":1681364521233,"level":"debug","message":"Base url not specified, skipping its injection.","meta":{"rootId":"vu8f61f2vkx1nnr","id":"vu8f61f2vkx1nnr"},"id":"ts0l5xc64p37jcr","previousOperationId":"7ivedpnviic87bw"}
{"type":"operationStart","subtype":"engine","name":"handlebars","timestamp":1681364521235,"id":"nmvw0ufpwniur9w","previousEventId":"wzwp61kht6ufse5","operationId":"m26gupiuslmq92q","previousOperationId":"7ivedpnviic87bw"}
{"type":"log","timestamp":1681364521235,"level":"debug","message":"Rendering engine handlebars","meta":{"rootId":"vu8f61f2vkx1nnr","id":"vu8f61f2vkx1nnr"},"id":"4qf4w16ocukzgfw","previousOperationId":"m26gupiuslmq92q"}
{"type":"operationEnd","operationId":"m26gupiuslmq92q","timestamp":1681364521903,"id":"2m6ws1xeh7ti2xi","previousEventId":"nmvw0ufpwniur9w","previousOperationId":"m26gupiuslmq92q"}
{"type":"operationStart","subtype":"recipe","name":"chrome-pdf","timestamp":1681364521904,"id":"9tbhbwqgq09iz0i","previousEventId":"2m6ws1xeh7ti2xi","operationId":"h46o0gcckha3c6g","previousOperationId":"m26gupiuslmq92q"}
{"type":"log","timestamp":1681364521904,"level":"debug","message":"Executing recipe chrome-pdf","meta":{"rootId":"vu8f61f2vkx1nnr","id":"vu8f61f2vkx1nnr"},"id":"qh1prlomb6dagqb","previousOperationId":"h46o0gcckha3c6g"}
{"type":"log","timestamp":1681364522857,"level":"debug","message":"Converting with chrome HeadlessChrome/105.0.5173.0 using chrome-pool strategy","meta":{"rootId":"vu8f61f2vkx1nnr","id":"vu8f61f2vkx1nnr"},"id":"inbfjnta5zmd625","previousOperationId":"h46o0gcckha3c6g"}
{"type":"log","timestamp":1681364523102,"level":"debug","message":"Page request: GET (document) file:///C:/Users/SACHIN~1/AppData/Local/Temp/jsreport/autocleanup/75d6365f-9377-4533-9eac-41a6e9a819f3-chrome-pdf.html","meta":{"rootId":"vu8f61f2vkx1nnr","id":"vu8f61f2vkx1nnr"},"id":"blmhrss34jxb5zv","previousOperationId":"h46o0gcckha3c6g"}
{"type":"log","timestamp":1681364523118,"level":"debug","message":"Page request finished: GET (document) 200 file:///C:/Users/SACHIN~1/AppData/Local/Temp/jsreport/autocleanup/75d6365f-9377-4533-9eac-41a6e9a819f3-chrome-pdf.html","meta":{"rootId":"vu8f61f2vkx1nnr","id":"vu8f61f2vkx1nnr"},"id":"gpz531bzsku6l1z","previousOperationId":"h46o0gcckha3c6g"}
{"type":"log","timestamp":1681364523119,"level":"debug","message":"Page request: GET (stylesheet) https://stackpath.bootstrapcdn.com/bootstrap/4.4.1/css/bootstrap.min.css","meta":{"rootId":"vu8f61f2vkx1nnr","id":"vu8f61f2vkx1nnr"},"id":"4sbyarspb7lpnn7","previousOperationId":"h46o0gcckha3c6g"}
{"type":"log","timestamp":1681364523122,"level":"debug","message":"Page request: GET (image) https://assets-global.website-files.com/5ca4d1fd374efbecd845739f/611be296e1ecb589c495418a_JAS%20and%20Greencarrier.png","meta":{"rootId":"vu8f61f2vkx1nnr","id":"vu8f61f2vkx1nnr"},"id":"602716ioz9ulz8g","previousOperationId":"h46o0gcckha3c6g"}
{"type":"log","timestamp":1681364524349,"level":"debug","message":"Page request finished: GET (image) 200 https://assets-global.website-files.com/5ca4d1fd374efbecd845739f/611be296e1ecb589c495418a_JAS%20and%20Greencarrier.png","meta":{"rootId":"vu8f61f2vkx1nnr","id":"vu8f61f2vkx1nnr"},"id":"tgcoy5peqayduol","previousOperationId":"h46o0gcckha3c6g"}
{"type":"log","timestamp":1681364524441,"level":"debug","message":"Page request finished: GET (stylesheet) 200 https://stackpath.bootstrapcdn.com/bootstrap/4.4.1/css/bootstrap.min.css","meta":{"rootId":"vu8f61f2vkx1nnr","id":"vu8f61f2vkx1nnr"},"id":"9r2j4oz7g6t1erc","previousOperationId":"h46o0gcckha3c6g"}
{"type":"log","timestamp":1681364524562,"level":"debug","message":"Running chrome with params {\"timeout\":58993,\"margin\":{},\"printBackground\":true}","meta":{"rootId":"vu8f61f2vkx1nnr","id":"vu8f61f2vkx1nnr"},"id":"l3zu54apb1vb1ei","previousOperationId":"h46o0gcckha3c6g"}
{"type":"operationEnd","operationId":"h46o0gcckha3c6g","timestamp":1681364525256,"id":"ol3ptddn5gty67j","previousEventId":"9tbhbwqgq09iz0i","previousOperationId":"h46o0gcckha3c6g"}
{"type":"log","timestamp":1681364525257,"level":"debug","message":"Skipping storing report.","meta":{"rootId":"vu8f61f2vkx1nnr","id":"vu8f61f2vkx1nnr"},"id":"wyfyaxc3u51wdtm","previousOperationId":"h46o0gcckha3c6g"}
{"type":"log","timestamp":1681364525257,"level":"info","message":"Rendering request 1 finished in 4143 ms","meta":{"rootId":"vu8f61f2vkx1nnr","id":"vu8f61f2vkx1nnr"},"id":"aw2tqy33wdhdayf","previousOperationId":"h46o0gcckha3c6g"}
{"type":"operationEnd","subtype":"render","operationId":"7ivedpnviic87bw","timestamp":1681364525257,"id":"lgvgg5m7fm332pf","previousEventId":"ol3ptddn5gty67j","previousOperationId":"h46o0gcckha3c6g"}
{"type":"operationEnd","doDiffs":false,"previousEventId":"zh09jswzebjr60d","previousOperationId":"oxcm4k6whgd342x","operationId":"oxcm4k6whgd342x","timestamp":1681364525261,"id":"cuzjevo9rdz76xs"}
