{"type":"operationStart","subtype":"profile","data":{"_id":"3KSVaSxIG8fiTJ60","timestamp":"2023-04-18T17:53:16.333Z","state":"queued","mode":"standard","timeout":60000,"creationDate":"2023-04-18T17:53:16.340Z","modificationDate":"2023-04-18T17:53:16.340Z","shortid":"SaS8x_R","$entitySet":"profiles"},"doDiffs":false,"timestamp":1681840396339,"id":"j4y8126zuve09di","previousOperationId":null,"operationId":"4v2r905c6da6oam"}
{"type":"log","level":"info","message":"Render request 1 queued for execution and waiting for available worker","previousOperationId":"4v2r905c6da6oam","timestamp":1681840396339,"id":"y80c45xj1aqo85k"}
{"type":"operationStart","subtype":"render","name":"anonymous","previousOperationId":"4v2r905c6da6oam","timestamp":1681840396359,"id":"wj31eu9lwk80tx2","previousEventId":"j4y8126zuve09di","operationId":"jteqtk8rmfbk5tp"}
{"type":"log","timestamp":1681840396361,"level":"info","message":"Starting rendering request 1","meta":{"rootId":"w2lvc4a21w7ivz9","id":"w2lvc4a21w7ivz9"},"id":"xzv2e97hqfe3b5g","previousOperationId":"jteqtk8rmfbk5tp"}
{"type":"log","timestamp":1681840396362,"level":"info","message":"Rendering anonymous template { recipe: chrome-pdf, engine: handlebars }","meta":{"rootId":"w2lvc4a21w7ivz9","id":"w2lvc4a21w7ivz9"},"id":"zyqg33uxyog6u1o","previousOperationId":"jteqtk8rmfbk5tp"}
{"type":"log","timestamp":1681840396362,"level":"debug","message":"Inline data specified.","meta":{"rootId":"w2lvc4a21w7ivz9","id":"w2lvc4a21w7ivz9"},"id":"b91ko76xst8f75s","previousOperationId":"jteqtk8rmfbk5tp"}
{"type":"log","timestamp":1681840396367,"level":"debug","message":"Base url not specified, skipping its injection.","meta":{"rootId":"w2lvc4a21w7ivz9","id":"w2lvc4a21w7ivz9"},"id":"q9mguyd5ajw6lkl","previousOperationId":"jteqtk8rmfbk5tp"}
{"type":"operationStart","subtype":"engine","name":"handlebars","timestamp":1681840396368,"id":"et94e41ua6rd14h","previousEventId":"wj31eu9lwk80tx2","operationId":"czv7wwte7vowpjj","previousOperationId":"jteqtk8rmfbk5tp"}
{"type":"log","timestamp":1681840396368,"level":"debug","message":"Rendering engine handlebars","meta":{"rootId":"w2lvc4a21w7ivz9","id":"w2lvc4a21w7ivz9"},"id":"p6k0c3d3ga3aw12","previousOperationId":"czv7wwte7vowpjj"}
{"type":"operationEnd","operationId":"czv7wwte7vowpjj","timestamp":1681840398853,"id":"49qc93aac1aaf5g","previousEventId":"et94e41ua6rd14h","previousOperationId":"czv7wwte7vowpjj"}
{"type":"operationStart","subtype":"recipe","name":"chrome-pdf","timestamp":1681840398854,"id":"wui0jbacwol1zye","previousEventId":"49qc93aac1aaf5g","operationId":"b8je4vawnb500vz","previousOperationId":"czv7wwte7vowpjj"}
{"type":"log","timestamp":1681840398854,"level":"debug","message":"Executing recipe chrome-pdf","meta":{"rootId":"w2lvc4a21w7ivz9","id":"w2lvc4a21w7ivz9"},"id":"48xjzf1kkrcikq7","previousOperationId":"b8je4vawnb500vz"}
{"type":"log","timestamp":1681840399407,"level":"debug","message":"Converting with chrome HeadlessChrome/105.0.5173.0 using chrome-pool strategy","meta":{"rootId":"w2lvc4a21w7ivz9","id":"w2lvc4a21w7ivz9"},"id":"f3kc4fl4qw2yg26","previousOperationId":"b8je4vawnb500vz"}
{"type":"log","timestamp":1681840400408,"level":"debug","message":"Page request: GET (document) file:///C:/Users/hp/AppData/Local/Temp/jsreport/autocleanup/5292a79e-b9ef-480f-ba6b-bb9ad8b1a90a-chrome-pdf.html","meta":{"rootId":"w2lvc4a21w7ivz9","id":"w2lvc4a21w7ivz9"},"id":"wx0lil7lj30vtgd","previousOperationId":"b8je4vawnb500vz"}
{"type":"log","timestamp":1681840400418,"level":"debug","message":"Page request finished: GET (document) 200 file:///C:/Users/hp/AppData/Local/Temp/jsreport/autocleanup/5292a79e-b9ef-480f-ba6b-bb9ad8b1a90a-chrome-pdf.html","meta":{"rootId":"w2lvc4a21w7ivz9","id":"w2lvc4a21w7ivz9"},"id":"deav3hkx8a29zj7","previousOperationId":"b8je4vawnb500vz"}
{"type":"log","timestamp":1681840400418,"level":"debug","message":"Page request: GET (stylesheet) https://stackpath.bootstrapcdn.com/bootstrap/4.4.1/css/bootstrap.min.css","meta":{"rootId":"w2lvc4a21w7ivz9","id":"w2lvc4a21w7ivz9"},"id":"b8c0f5o9n0svzjq","previousOperationId":"b8je4vawnb500vz"}
{"type":"log","timestamp":1681840400419,"level":"debug","message":"Page request: GET (image) https://assets-global.website-files.com/5ca4d1fd374efbecd845739f/611be296e1ecb589c495418a_JAS%20and%20Greencarrier.png","meta":{"rootId":"w2lvc4a21w7ivz9","id":"w2lvc4a21w7ivz9"},"id":"nmeg3yjiv3x06ce","previousOperationId":"b8je4vawnb500vz"}
{"type":"log","timestamp":1681840403653,"level":"debug","message":"Page request finished: GET (stylesheet) 200 https://stackpath.bootstrapcdn.com/bootstrap/4.4.1/css/bootstrap.min.css","meta":{"rootId":"w2lvc4a21w7ivz9","id":"w2lvc4a21w7ivz9"},"id":"9qes4takir8i0zh","previousOperationId":"b8je4vawnb500vz"}
{"type":"log","timestamp":1681840403655,"level":"debug","message":"Page request finished: GET (image) 200 https://assets-global.website-files.com/5ca4d1fd374efbecd845739f/611be296e1ecb589c495418a_JAS%20and%20Greencarrier.png","meta":{"rootId":"w2lvc4a21w7ivz9","id":"w2lvc4a21w7ivz9"},"id":"duwvt2ytp0rng9e","previousOperationId":"b8je4vawnb500vz"}
{"type":"log","timestamp":1681840403745,"level":"debug","message":"Running chrome with params {\"timeout\":57342,\"margin\":{},\"printBackground\":true}","meta":{"rootId":"w2lvc4a21w7ivz9","id":"w2lvc4a21w7ivz9"},"id":"6dpycay6l8gyy1e","previousOperationId":"b8je4vawnb500vz"}
{"type":"operationEnd","operationId":"b8je4vawnb500vz","timestamp":1681840403974,"id":"v0g55huw1d1n9h8","previousEventId":"wui0jbacwol1zye","previousOperationId":"b8je4vawnb500vz"}
{"type":"log","timestamp":1681840403975,"level":"debug","message":"Skipping storing report.","meta":{"rootId":"w2lvc4a21w7ivz9","id":"w2lvc4a21w7ivz9"},"id":"lic6vwzwnqeldi4","previousOperationId":"b8je4vawnb500vz"}
{"type":"log","timestamp":1681840403975,"level":"info","message":"Rendering request 1 finished in 7642 ms","meta":{"rootId":"w2lvc4a21w7ivz9","id":"w2lvc4a21w7ivz9"},"id":"4em2rn07wt1axmr","previousOperationId":"b8je4vawnb500vz"}
{"type":"operationEnd","subtype":"render","operationId":"jteqtk8rmfbk5tp","timestamp":1681840403975,"id":"umrqshintdtyp4x","previousEventId":"v0g55huw1d1n9h8","previousOperationId":"b8je4vawnb500vz"}
{"type":"operationEnd","doDiffs":false,"previousEventId":"j4y8126zuve09di","previousOperationId":"4v2r905c6da6oam","operationId":"4v2r905c6da6oam","timestamp":1681840403980,"id":"19lvg3mkv1eyi62"}
