{"type":"operationStart","subtype":"profile","data":{"_id":"JqoIDppdhk7zkcRr","timestamp":"2023-04-13T09:05:38.820Z","state":"queued","mode":"standard","timeout":60000,"creationDate":"2023-04-13T09:05:38.826Z","modificationDate":"2023-04-13T09:05:38.826Z","shortid":"4P5WfLN","$entitySet":"profiles"},"doDiffs":false,"timestamp":1681376738824,"id":"jnbjcf5hy7i7hvx","previousOperationId":null,"operationId":"bjpvxd9wfv8bn7s"}
{"type":"log","level":"info","message":"Render request 1 queued for execution and waiting for available worker","previousOperationId":"bjpvxd9wfv8bn7s","timestamp":1681376738824,"id":"uxq1btktiuuhlqm"}
{"type":"operationStart","subtype":"render","name":"anonymous","previousOperationId":"bjpvxd9wfv8bn7s","timestamp":1681376738844,"id":"yrp5shreitx2xf3","previousEventId":"jnbjcf5hy7i7hvx","operationId":"qoptn7p7ukqq2bz"}
{"type":"log","timestamp":1681376738845,"level":"info","message":"Starting rendering request 1","meta":{"rootId":"wmv7fai8mg1snpk","id":"wmv7fai8mg1snpk"},"id":"67xw56o06csq1up","previousOperationId":"qoptn7p7ukqq2bz"}
{"type":"log","timestamp":1681376738846,"level":"info","message":"Rendering anonymous template { recipe: chrome-pdf, engine: handlebars }","meta":{"rootId":"wmv7fai8mg1snpk","id":"wmv7fai8mg1snpk"},"id":"woqk9unkjvvu8jr","previousOperationId":"qoptn7p7ukqq2bz"}
{"type":"log","timestamp":1681376738847,"level":"debug","message":"Inline data specified.","meta":{"rootId":"wmv7fai8mg1snpk","id":"wmv7fai8mg1snpk"},"id":"xxenpe8iaiflgr8","previousOperationId":"qoptn7p7ukqq2bz"}
{"type":"log","timestamp":1681376738851,"level":"debug","message":"Base url not specified, skipping its injection.","meta":{"rootId":"wmv7fai8mg1snpk","id":"wmv7fai8mg1snpk"},"id":"u7q90ivoatne7gz","previousOperationId":"qoptn7p7ukqq2bz"}
{"type":"operationStart","subtype":"engine","name":"handlebars","timestamp":1681376738852,"id":"2bcf10ugmgzavrx","previousEventId":"yrp5shreitx2xf3","operationId":"xzwr8ct0gyzd7oq","previousOperationId":"qoptn7p7ukqq2bz"}
{"type":"log","timestamp":1681376738852,"level":"debug","message":"Rendering engine handlebars","meta":{"rootId":"wmv7fai8mg1snpk","id":"wmv7fai8mg1snpk"},"id":"z8agt38f61uauz0","previousOperationId":"xzwr8ct0gyzd7oq"}
{"type":"operationEnd","operationId":"xzwr8ct0gyzd7oq","timestamp":1681376741223,"id":"t8b6ut47vd0sdx3","previousEventId":"2bcf10ugmgzavrx","previousOperationId":"xzwr8ct0gyzd7oq"}
{"type":"operationStart","subtype":"recipe","name":"chrome-pdf","timestamp":1681376741224,"id":"cquegm98r96u5za","previousEventId":"t8b6ut47vd0sdx3","operationId":"bbmgz1f95bmge2n","previousOperationId":"xzwr8ct0gyzd7oq"}
{"type":"log","timestamp":1681376741224,"level":"debug","message":"Executing recipe chrome-pdf","meta":{"rootId":"wmv7fai8mg1snpk","id":"wmv7fai8mg1snpk"},"id":"pamnfmvezw4s0kk","previousOperationId":"bbmgz1f95bmge2n"}
{"type":"log","timestamp":1681376741870,"level":"debug","message":"Converting with chrome HeadlessChrome/105.0.5173.0 using chrome-pool strategy","meta":{"rootId":"wmv7fai8mg1snpk","id":"wmv7fai8mg1snpk"},"id":"icw2hotywbjq42h","previousOperationId":"bbmgz1f95bmge2n"}
{"type":"log","timestamp":1681376743004,"level":"debug","message":"Page request: GET (document) file:///C:/Users/hp/AppData/Local/Temp/jsreport/autocleanup/ef7accc9-7373-4bee-925c-118deef3e6e7-chrome-pdf.html","meta":{"rootId":"wmv7fai8mg1snpk","id":"wmv7fai8mg1snpk"},"id":"1ruahsdcs4crf50","previousOperationId":"bbmgz1f95bmge2n"}
{"type":"log","timestamp":1681376743023,"level":"debug","message":"Page request finished: GET (document) 200 file:///C:/Users/hp/AppData/Local/Temp/jsreport/autocleanup/ef7accc9-7373-4bee-925c-118deef3e6e7-chrome-pdf.html","meta":{"rootId":"wmv7fai8mg1snpk","id":"wmv7fai8mg1snpk"},"id":"5aizdjzg343lggp","previousOperationId":"bbmgz1f95bmge2n"}
{"type":"log","timestamp":1681376743023,"level":"debug","message":"Page request: GET (stylesheet) https://stackpath.bootstrapcdn.com/bootstrap/4.4.1/css/bootstrap.min.css","meta":{"rootId":"wmv7fai8mg1snpk","id":"wmv7fai8mg1snpk"},"id":"tnhsoxyjmwwmazu","previousOperationId":"bbmgz1f95bmge2n"}
{"type":"log","timestamp":1681376743024,"level":"debug","message":"Page request: GET (image) https://assets-global.website-files.com/5ca4d1fd374efbecd845739f/611be296e1ecb589c495418a_JAS%20and%20Greencarrier.png","meta":{"rootId":"wmv7fai8mg1snpk","id":"wmv7fai8mg1snpk"},"id":"7i36o9i4bpr1c4c","previousOperationId":"bbmgz1f95bmge2n"}
{"type":"log","timestamp":1681376746990,"level":"debug","message":"Page request finished: GET (image) 200 https://assets-global.website-files.com/5ca4d1fd374efbecd845739f/611be296e1ecb589c495418a_JAS%20and%20Greencarrier.png","meta":{"rootId":"wmv7fai8mg1snpk","id":"wmv7fai8mg1snpk"},"id":"7emgz8rrtf78qy6","previousOperationId":"bbmgz1f95bmge2n"}
{"type":"log","timestamp":1681376746996,"level":"debug","message":"Page request finished: GET (stylesheet) 200 https://stackpath.bootstrapcdn.com/bootstrap/4.4.1/css/bootstrap.min.css","meta":{"rootId":"wmv7fai8mg1snpk","id":"wmv7fai8mg1snpk"},"id":"t0jyl5jsmznwxmx","previousOperationId":"bbmgz1f95bmge2n"}
{"type":"log","timestamp":1681376747051,"level":"debug","message":"Running chrome with params {\"timeout\":57461,\"margin\":{},\"printBackground\":true}","meta":{"rootId":"wmv7fai8mg1snpk","id":"wmv7fai8mg1snpk"},"id":"pa3ng5wlyvzy4w2","previousOperationId":"bbmgz1f95bmge2n"}
{"type":"operationEnd","operationId":"bbmgz1f95bmge2n","timestamp":1681376747196,"id":"3lasb3keumgepup","previousEventId":"cquegm98r96u5za","previousOperationId":"bbmgz1f95bmge2n"}
{"type":"log","timestamp":1681376747196,"level":"debug","message":"Skipping storing report.","meta":{"rootId":"wmv7fai8mg1snpk","id":"wmv7fai8mg1snpk"},"id":"kkqp6zzg1xd6tmm","previousOperationId":"bbmgz1f95bmge2n"}
{"type":"log","timestamp":1681376747197,"level":"info","message":"Rendering request 1 finished in 8378 ms","meta":{"rootId":"wmv7fai8mg1snpk","id":"wmv7fai8mg1snpk"},"id":"da5cne52mjkyy4h","previousOperationId":"bbmgz1f95bmge2n"}
{"type":"operationEnd","subtype":"render","operationId":"qoptn7p7ukqq2bz","timestamp":1681376747197,"id":"xw7bccekphhtwmz","previousEventId":"3lasb3keumgepup","previousOperationId":"bbmgz1f95bmge2n"}
{"type":"operationEnd","doDiffs":false,"previousEventId":"jnbjcf5hy7i7hvx","previousOperationId":"bjpvxd9wfv8bn7s","operationId":"bjpvxd9wfv8bn7s","timestamp":1681376747199,"id":"fro8jzrtkew3xti"}
