{"type":"operationStart","subtype":"profile","data":{"_id":"QzlXhEdmI2k4JNPo","timestamp":"2023-05-15T08:17:36.152Z","state":"queued","mode":"standard","timeout":60000,"creationDate":"2023-05-15T08:17:36.154Z","modificationDate":"2023-05-15T08:17:36.154Z","shortid":"jMNTTG1","$entitySet":"profiles"},"doDiffs":false,"timestamp":1684138656153,"id":"ld0e46zch0m46gu","previousOperationId":null,"operationId":"oqud7xikzwppuz5"}
{"type":"log","level":"info","message":"Render request 2 queued for execution and waiting for available worker","previousOperationId":"oqud7xikzwppuz5","timestamp":1684138656154,"id":"casfsx7o8ty2chs"}
{"type":"operationStart","subtype":"render","name":"anonymous","previousOperationId":"oqud7xikzwppuz5","timestamp":1684138656161,"id":"n777e4q4pxv42ag","previousEventId":"ld0e46zch0m46gu","operationId":"wxjskhfuf5pqjfu"}
{"type":"log","timestamp":1684138656162,"level":"info","message":"Starting rendering request 2","meta":{"rootId":"xuaydj6p2ertepg","id":"xuaydj6p2ertepg"},"id":"f4afm7a9lh8wt0x","previousOperationId":"wxjskhfuf5pqjfu"}
{"type":"log","timestamp":1684138656164,"level":"info","message":"Rendering anonymous template { recipe: chrome-pdf, engine: handlebars }","meta":{"rootId":"xuaydj6p2ertepg","id":"xuaydj6p2ertepg"},"id":"5sit5zur4tvwuqp","previousOperationId":"wxjskhfuf5pqjfu"}
{"type":"log","timestamp":1684138656164,"level":"debug","message":"Inline data specified.","meta":{"rootId":"xuaydj6p2ertepg","id":"xuaydj6p2ertepg"},"id":"ubwxp9g4ee3a1ky","previousOperationId":"wxjskhfuf5pqjfu"}
{"type":"log","timestamp":1684138656167,"level":"debug","message":"Base url not specified, skipping its injection.","meta":{"rootId":"xuaydj6p2ertepg","id":"xuaydj6p2ertepg"},"id":"m13q8hwgcqx11ed","previousOperationId":"wxjskhfuf5pqjfu"}
{"type":"operationStart","subtype":"engine","name":"handlebars","timestamp":1684138656168,"id":"oogm61ds9ncpiyg","previousEventId":"n777e4q4pxv42ag","operationId":"fgkxja1sn0vtf0v","previousOperationId":"wxjskhfuf5pqjfu"}
{"type":"log","timestamp":1684138656168,"level":"debug","message":"Rendering engine handlebars","meta":{"rootId":"xuaydj6p2ertepg","id":"xuaydj6p2ertepg"},"id":"ckd6gh04e89n2ug","previousOperationId":"fgkxja1sn0vtf0v"}
{"type":"operationEnd","operationId":"fgkxja1sn0vtf0v","timestamp":1684138656603,"id":"ez3pe51g35o4ih4","previousEventId":"oogm61ds9ncpiyg","previousOperationId":"fgkxja1sn0vtf0v"}
{"type":"operationStart","subtype":"recipe","name":"chrome-pdf","timestamp":1684138656603,"id":"pv01rtdj72279qe","previousEventId":"ez3pe51g35o4ih4","operationId":"arosr2cqodif42u","previousOperationId":"fgkxja1sn0vtf0v"}
{"type":"log","timestamp":1684138656603,"level":"debug","message":"Executing recipe chrome-pdf","meta":{"rootId":"xuaydj6p2ertepg","id":"xuaydj6p2ertepg"},"id":"uwedbrthjik5dbu","previousOperationId":"arosr2cqodif42u"}
{"type":"log","timestamp":1684138657304,"level":"debug","message":"Converting with chrome HeadlessChrome/105.0.5173.0 using chrome-pool strategy","meta":{"rootId":"xuaydj6p2ertepg","id":"xuaydj6p2ertepg"},"id":"ephr4q37ejhdeni","previousOperationId":"arosr2cqodif42u"}
{"type":"log","timestamp":1684138658920,"level":"debug","message":"Page request: GET (document) file:///C:/Users/hp/AppData/Local/Temp/jsreport/autocleanup/520350d1-eef5-405e-b4ad-7ce73fba84ab-chrome-pdf.html","meta":{"rootId":"xuaydj6p2ertepg","id":"xuaydj6p2ertepg"},"id":"48jm4twlgds5rt4","previousOperationId":"arosr2cqodif42u"}
{"type":"log","timestamp":1684138658935,"level":"debug","message":"Page request finished: GET (document) 200 file:///C:/Users/hp/AppData/Local/Temp/jsreport/autocleanup/520350d1-eef5-405e-b4ad-7ce73fba84ab-chrome-pdf.html","meta":{"rootId":"xuaydj6p2ertepg","id":"xuaydj6p2ertepg"},"id":"ylkvfy08pma66zw","previousOperationId":"arosr2cqodif42u"}
{"type":"log","timestamp":1684138658985,"level":"debug","message":"Running chrome with params {\"timeout\":59416,\"margin\":{},\"printBackground\":true}","meta":{"rootId":"xuaydj6p2ertepg","id":"xuaydj6p2ertepg"},"id":"bi7dbqro77ahry4","previousOperationId":"arosr2cqodif42u"}
{"type":"operationEnd","operationId":"arosr2cqodif42u","timestamp":1684138659148,"id":"l1aiwmsqzax7w6c","previousEventId":"pv01rtdj72279qe","previousOperationId":"arosr2cqodif42u"}
{"type":"log","timestamp":1684138659149,"level":"debug","message":"Skipping storing report.","meta":{"rootId":"xuaydj6p2ertepg","id":"xuaydj6p2ertepg"},"id":"axzqyffpv6yxmbe","previousOperationId":"arosr2cqodif42u"}
{"type":"log","timestamp":1684138659150,"level":"info","message":"Rendering request 2 finished in 2999 ms","meta":{"rootId":"xuaydj6p2ertepg","id":"xuaydj6p2ertepg"},"id":"5eqmb2mkgjs6cq0","previousOperationId":"arosr2cqodif42u"}
{"type":"operationEnd","subtype":"render","operationId":"wxjskhfuf5pqjfu","timestamp":1684138659150,"id":"qliijcqshigc60q","previousEventId":"l1aiwmsqzax7w6c","previousOperationId":"arosr2cqodif42u"}
{"type":"operationEnd","doDiffs":false,"previousEventId":"ld0e46zch0m46gu","previousOperationId":"oqud7xikzwppuz5","operationId":"oqud7xikzwppuz5","timestamp":1684138659195,"id":"vciqs7majmuefmy"}
