{"type":"operationStart","subtype":"profile","data":{"_id":"UkODYDYoTZdKXjep","timestamp":"2023-05-16T07:00:51.437Z","state":"queued","mode":"standard","timeout":60000,"creationDate":"2023-05-16T07:00:51.440Z","modificationDate":"2023-05-16T07:00:51.440Z","shortid":"ovL-Z_X","$entitySet":"profiles"},"doDiffs":false,"timestamp":1684220451439,"id":"5as498dpvmciie0","previousOperationId":null,"operationId":"y8wgn2zzduzluox"}
{"type":"log","level":"info","message":"Render request 2 queued for execution and waiting for available worker","previousOperationId":"y8wgn2zzduzluox","timestamp":1684220451439,"id":"frf27cxj90h60hm"}
{"type":"operationStart","subtype":"render","name":"anonymous","previousOperationId":"y8wgn2zzduzluox","timestamp":1684220451453,"id":"cahpybeoeg0pk66","previousEventId":"5as498dpvmciie0","operationId":"mnm2fygwaoga2bv"}
{"type":"log","timestamp":1684220451453,"level":"info","message":"Starting rendering request 2","meta":{"rootId":"xux834cmbc73d44","id":"xux834cmbc73d44"},"id":"1ttqqukwxs1l25c","previousOperationId":"mnm2fygwaoga2bv"}
{"type":"log","timestamp":1684220451453,"level":"info","message":"Rendering anonymous template { recipe: chrome-pdf, engine: handlebars }","meta":{"rootId":"xux834cmbc73d44","id":"xux834cmbc73d44"},"id":"ailk5oxm7zycemd","previousOperationId":"mnm2fygwaoga2bv"}
{"type":"log","timestamp":1684220451453,"level":"debug","message":"Inline data specified.","meta":{"rootId":"xux834cmbc73d44","id":"xux834cmbc73d44"},"id":"fe35x8o5e6rd7ih","previousOperationId":"mnm2fygwaoga2bv"}
{"type":"log","timestamp":1684220451456,"level":"debug","message":"Base url not specified, skipping its injection.","meta":{"rootId":"xux834cmbc73d44","id":"xux834cmbc73d44"},"id":"zukvlirqdqsbc51","previousOperationId":"mnm2fygwaoga2bv"}
{"type":"operationStart","subtype":"engine","name":"handlebars","timestamp":1684220451457,"id":"yf3ilj401f23jmk","previousEventId":"cahpybeoeg0pk66","operationId":"t56ocbv00i8rp0m","previousOperationId":"mnm2fygwaoga2bv"}
{"type":"log","timestamp":1684220451457,"level":"debug","message":"Rendering engine handlebars","meta":{"rootId":"xux834cmbc73d44","id":"xux834cmbc73d44"},"id":"habchw93ahcx7xo","previousOperationId":"t56ocbv00i8rp0m"}
{"type":"operationEnd","operationId":"t56ocbv00i8rp0m","timestamp":1684220451467,"id":"j95r0wdel2d330k","previousEventId":"yf3ilj401f23jmk","previousOperationId":"t56ocbv00i8rp0m"}
{"type":"operationStart","subtype":"recipe","name":"chrome-pdf","timestamp":1684220451468,"id":"q9x1oxsqyy4p3z0","previousEventId":"j95r0wdel2d330k","operationId":"f74in8g0454i6ty","previousOperationId":"t56ocbv00i8rp0m"}
{"type":"log","timestamp":1684220451468,"level":"debug","message":"Executing recipe chrome-pdf","meta":{"rootId":"xux834cmbc73d44","id":"xux834cmbc73d44"},"id":"1v8xppu8fjwik0u","previousOperationId":"f74in8g0454i6ty"}
{"type":"log","timestamp":1684220451483,"level":"debug","message":"Converting with chrome HeadlessChrome/105.0.5173.0 using chrome-pool strategy","meta":{"rootId":"xux834cmbc73d44","id":"xux834cmbc73d44"},"id":"1cbvkf12faswj0u","previousOperationId":"f74in8g0454i6ty"}
{"type":"log","timestamp":1684220451657,"level":"debug","message":"Page request: GET (document) file:///C:/Users/hp/AppData/Local/Temp/jsreport/autocleanup/ad05676d-3ecc-4533-9766-16640813195a-chrome-pdf.html","meta":{"rootId":"xux834cmbc73d44","id":"xux834cmbc73d44"},"id":"g1cjzxqv9rudbvp","previousOperationId":"f74in8g0454i6ty"}
{"type":"log","timestamp":1684220451670,"level":"debug","message":"Page request finished: GET (document) 200 file:///C:/Users/hp/AppData/Local/Temp/jsreport/autocleanup/ad05676d-3ecc-4533-9766-16640813195a-chrome-pdf.html","meta":{"rootId":"xux834cmbc73d44","id":"xux834cmbc73d44"},"id":"gp95cv5u2f7mayv","previousOperationId":"f74in8g0454i6ty"}
{"type":"log","timestamp":1684220451735,"level":"debug","message":"Running chrome with params {\"timeout\":59966,\"margin\":{},\"printBackground\":true}","meta":{"rootId":"xux834cmbc73d44","id":"xux834cmbc73d44"},"id":"3cep2qj3aj7prq7","previousOperationId":"f74in8g0454i6ty"}
{"type":"operationEnd","operationId":"f74in8g0454i6ty","timestamp":1684220451981,"id":"ohfin95wm23hn7r","previousEventId":"q9x1oxsqyy4p3z0","previousOperationId":"f74in8g0454i6ty"}
{"type":"log","timestamp":1684220451981,"level":"debug","message":"Skipping storing report.","meta":{"rootId":"xux834cmbc73d44","id":"xux834cmbc73d44"},"id":"xrmajf1ji4bxrjy","previousOperationId":"f74in8g0454i6ty"}
{"type":"log","timestamp":1684220451981,"level":"info","message":"Rendering request 2 finished in 545 ms","meta":{"rootId":"xux834cmbc73d44","id":"xux834cmbc73d44"},"id":"lbjmgkxs5un8cz7","previousOperationId":"f74in8g0454i6ty"}
{"type":"operationEnd","subtype":"render","operationId":"mnm2fygwaoga2bv","timestamp":1684220451981,"id":"lpcp1f944f2814b","previousEventId":"ohfin95wm23hn7r","previousOperationId":"f74in8g0454i6ty"}
{"type":"operationEnd","doDiffs":false,"previousEventId":"5as498dpvmciie0","previousOperationId":"y8wgn2zzduzluox","operationId":"y8wgn2zzduzluox","timestamp":1684220451984,"id":"84eplgooz9b5vk2"}
