{"type":"operationStart","subtype":"profile","data":{"_id":"LxK8QVNwwVt0P9Hi","timestamp":"2023-05-15T08:23:39.386Z","state":"queued","mode":"standard","timeout":60000,"creationDate":"2023-05-15T08:23:39.391Z","modificationDate":"2023-05-15T08:23:39.391Z","shortid":"kcLBafR","$entitySet":"profiles"},"doDiffs":false,"timestamp":1684139019389,"id":"5yj4u35cr9sa52g","previousOperationId":null,"operationId":"rak3xxl858aqw1c"}
{"type":"log","level":"info","message":"Render request 3 queued for execution and waiting for available worker","previousOperationId":"rak3xxl858aqw1c","timestamp":1684139019389,"id":"z7aesqv7s1o8f95"}
{"type":"operationStart","subtype":"render","name":"anonymous","previousOperationId":"rak3xxl858aqw1c","timestamp":1684139019400,"id":"n8vsz2hw1uvcygu","previousEventId":"5yj4u35cr9sa52g","operationId":"9xkwbmeinz84nde"}
{"type":"log","timestamp":1684139019401,"level":"info","message":"Starting rendering request 3","meta":{"rootId":"y82ycvlysic2qup","id":"y82ycvlysic2qup"},"id":"unlzhen3oqywvbf","previousOperationId":"9xkwbmeinz84nde"}
{"type":"log","timestamp":1684139019401,"level":"info","message":"Rendering anonymous template { recipe: chrome-pdf, engine: handlebars }","meta":{"rootId":"y82ycvlysic2qup","id":"y82ycvlysic2qup"},"id":"5n692mmsascthz9","previousOperationId":"9xkwbmeinz84nde"}
{"type":"log","timestamp":1684139019401,"level":"debug","message":"Inline data specified.","meta":{"rootId":"y82ycvlysic2qup","id":"y82ycvlysic2qup"},"id":"3uy4df3iq0cqwtq","previousOperationId":"9xkwbmeinz84nde"}
{"type":"log","timestamp":1684139019403,"level":"debug","message":"Base url not specified, skipping its injection.","meta":{"rootId":"y82ycvlysic2qup","id":"y82ycvlysic2qup"},"id":"p53a8y7trydo0s2","previousOperationId":"9xkwbmeinz84nde"}
{"type":"operationStart","subtype":"engine","name":"handlebars","timestamp":1684139019404,"id":"3owgpgvuln62u4q","previousEventId":"n8vsz2hw1uvcygu","operationId":"8idnsji6zpg68ai","previousOperationId":"9xkwbmeinz84nde"}
{"type":"log","timestamp":1684139019404,"level":"debug","message":"Rendering engine handlebars","meta":{"rootId":"y82ycvlysic2qup","id":"y82ycvlysic2qup"},"id":"lmbaiww9dk0fsn8","previousOperationId":"8idnsji6zpg68ai"}
{"type":"operationEnd","operationId":"8idnsji6zpg68ai","timestamp":1684139019417,"id":"7labv3boftub2kc","previousEventId":"3owgpgvuln62u4q","previousOperationId":"8idnsji6zpg68ai"}
{"type":"operationStart","subtype":"recipe","name":"chrome-pdf","timestamp":1684139019418,"id":"qc5dmtw8pdgpxig","previousEventId":"7labv3boftub2kc","operationId":"1635gavwqepnwon","previousOperationId":"8idnsji6zpg68ai"}
{"type":"log","timestamp":1684139019418,"level":"debug","message":"Executing recipe chrome-pdf","meta":{"rootId":"y82ycvlysic2qup","id":"y82ycvlysic2qup"},"id":"2370bsr6q1ym1dz","previousOperationId":"1635gavwqepnwon"}
{"type":"log","timestamp":1684139019424,"level":"debug","message":"Converting with chrome HeadlessChrome/105.0.5173.0 using chrome-pool strategy","meta":{"rootId":"y82ycvlysic2qup","id":"y82ycvlysic2qup"},"id":"vax4jw5opwx86td","previousOperationId":"1635gavwqepnwon"}
{"type":"log","timestamp":1684139019573,"level":"debug","message":"Page request: GET (document) file:///C:/Users/hp/AppData/Local/Temp/jsreport/autocleanup/3e1d0d42-ae3f-46f7-9a01-a7d1bf3c14a4-chrome-pdf.html","meta":{"rootId":"y82ycvlysic2qup","id":"y82ycvlysic2qup"},"id":"j1ihe4w3re6qo42","previousOperationId":"1635gavwqepnwon"}
{"type":"log","timestamp":1684139019584,"level":"debug","message":"Page request finished: GET (document) 200 file:///C:/Users/hp/AppData/Local/Temp/jsreport/autocleanup/3e1d0d42-ae3f-46f7-9a01-a7d1bf3c14a4-chrome-pdf.html","meta":{"rootId":"y82ycvlysic2qup","id":"y82ycvlysic2qup"},"id":"bjyuvj93s50cs68","previousOperationId":"1635gavwqepnwon"}
{"type":"log","timestamp":1684139019637,"level":"debug","message":"Running chrome with params {\"timeout\":59965,\"margin\":{},\"printBackground\":true}","meta":{"rootId":"y82ycvlysic2qup","id":"y82ycvlysic2qup"},"id":"15zimmaj2t3zjs1","previousOperationId":"1635gavwqepnwon"}
{"type":"operationEnd","operationId":"1635gavwqepnwon","timestamp":1684139019820,"id":"mbqjeuwhileysuf","previousEventId":"qc5dmtw8pdgpxig","previousOperationId":"1635gavwqepnwon"}
{"type":"log","timestamp":1684139019820,"level":"debug","message":"Skipping storing report.","meta":{"rootId":"y82ycvlysic2qup","id":"y82ycvlysic2qup"},"id":"it4jdkbjufgs3ou","previousOperationId":"1635gavwqepnwon"}
{"type":"log","timestamp":1684139019820,"level":"info","message":"Rendering request 3 finished in 434 ms","meta":{"rootId":"y82ycvlysic2qup","id":"y82ycvlysic2qup"},"id":"rqqyggop3d9o5kx","previousOperationId":"1635gavwqepnwon"}
{"type":"operationEnd","subtype":"render","operationId":"9xkwbmeinz84nde","timestamp":1684139019820,"id":"l0q65c3rshlrwnk","previousEventId":"mbqjeuwhileysuf","previousOperationId":"1635gavwqepnwon"}
{"type":"operationEnd","doDiffs":false,"previousEventId":"5yj4u35cr9sa52g","previousOperationId":"rak3xxl858aqw1c","operationId":"rak3xxl858aqw1c","timestamp":1684139019824,"id":"2e9yzd423zvr620"}
