{"type":"operationStart","subtype":"profile","data":{"_id":"D9BnQgDbySqrkyF8","timestamp":"2023-04-21T08:38:37.774Z","state":"queued","mode":"standard","timeout":60000,"creationDate":"2023-04-21T08:38:37.782Z","modificationDate":"2023-04-21T08:38:37.782Z","shortid":"pQbp7zD","$entitySet":"profiles"},"doDiffs":false,"timestamp":1682066317780,"id":"iyp177fv3jh8rt9","previousOperationId":null,"operationId":"woyk52m7od4cfyf"}
{"type":"log","level":"info","message":"Render request 1 queued for execution and waiting for available worker","previousOperationId":"woyk52m7od4cfyf","timestamp":1682066317780,"id":"q0japp1dhejb4o4"}
{"type":"operationStart","subtype":"render","name":"anonymous","previousOperationId":"woyk52m7od4cfyf","timestamp":1682066317816,"id":"z61solb1g4tu54s","previousEventId":"iyp177fv3jh8rt9","operationId":"jnmx60krtficeut"}
{"type":"log","timestamp":1682066317818,"level":"info","message":"Starting rendering request 1","meta":{"rootId":"yaedtaytvtv8b8l","id":"yaedtaytvtv8b8l"},"id":"06x5irnwve12525","previousOperationId":"jnmx60krtficeut"}
{"type":"log","timestamp":1682066317821,"level":"info","message":"Rendering anonymous template { recipe: chrome-pdf, engine: handlebars }","meta":{"rootId":"yaedtaytvtv8b8l","id":"yaedtaytvtv8b8l"},"id":"ro16pqs4e4r5b2s","previousOperationId":"jnmx60krtficeut"}
{"type":"log","timestamp":1682066317821,"level":"debug","message":"Inline data specified.","meta":{"rootId":"yaedtaytvtv8b8l","id":"yaedtaytvtv8b8l"},"id":"ialkzlil5hspfok","previousOperationId":"jnmx60krtficeut"}
{"type":"log","timestamp":1682066317832,"level":"debug","message":"Base url not specified, skipping its injection.","meta":{"rootId":"yaedtaytvtv8b8l","id":"yaedtaytvtv8b8l"},"id":"7ezxujip07ak6ak","previousOperationId":"jnmx60krtficeut"}
{"type":"operationStart","subtype":"engine","name":"handlebars","timestamp":1682066317834,"id":"rvqjwpazvy6hmxy","previousEventId":"z61solb1g4tu54s","operationId":"m2ho88ituwzd740","previousOperationId":"jnmx60krtficeut"}
{"type":"log","timestamp":1682066317834,"level":"debug","message":"Rendering engine handlebars","meta":{"rootId":"yaedtaytvtv8b8l","id":"yaedtaytvtv8b8l"},"id":"p00pw6r4bhrtvfx","previousOperationId":"m2ho88ituwzd740"}
{"type":"operationEnd","operationId":"m2ho88ituwzd740","timestamp":1682066320733,"id":"z2j5d0q3brjtxui","previousEventId":"rvqjwpazvy6hmxy","previousOperationId":"m2ho88ituwzd740"}
{"type":"operationStart","subtype":"recipe","name":"chrome-pdf","timestamp":1682066320734,"id":"vzjrnlh7skz8q6h","previousEventId":"z2j5d0q3brjtxui","operationId":"a20ox2p0usbauzd","previousOperationId":"m2ho88ituwzd740"}
{"type":"log","timestamp":1682066320734,"level":"debug","message":"Executing recipe chrome-pdf","meta":{"rootId":"yaedtaytvtv8b8l","id":"yaedtaytvtv8b8l"},"id":"2ng211i12z4sssv","previousOperationId":"a20ox2p0usbauzd"}
{"type":"log","timestamp":1682066321548,"level":"debug","message":"Converting with chrome HeadlessChrome/105.0.5173.0 using chrome-pool strategy","meta":{"rootId":"yaedtaytvtv8b8l","id":"yaedtaytvtv8b8l"},"id":"thqosy5jpso62u3","previousOperationId":"a20ox2p0usbauzd"}
{"type":"log","timestamp":1682066322569,"level":"debug","message":"Page request: GET (document) file:///C:/Users/hp/AppData/Local/Temp/jsreport/autocleanup/3c01bc0f-1833-467c-b7b8-8c927393db8b-chrome-pdf.html","meta":{"rootId":"yaedtaytvtv8b8l","id":"yaedtaytvtv8b8l"},"id":"gmc2g68vcsiusxs","previousOperationId":"a20ox2p0usbauzd"}
{"type":"log","timestamp":1682066322579,"level":"debug","message":"Page request: GET (stylesheet) https://stackpath.bootstrapcdn.com/bootstrap/4.4.1/css/bootstrap.min.css","meta":{"rootId":"yaedtaytvtv8b8l","id":"yaedtaytvtv8b8l"},"id":"8d4tbbnultahs17","previousOperationId":"a20ox2p0usbauzd"}
{"type":"log","timestamp":1682066322579,"level":"debug","message":"Page request finished: GET (document) 200 file:///C:/Users/hp/AppData/Local/Temp/jsreport/autocleanup/3c01bc0f-1833-467c-b7b8-8c927393db8b-chrome-pdf.html","meta":{"rootId":"yaedtaytvtv8b8l","id":"yaedtaytvtv8b8l"},"id":"ogahfq8bjgy2mp3","previousOperationId":"a20ox2p0usbauzd"}
{"type":"log","timestamp":1682066322580,"level":"debug","message":"Page request: GET (image) https://assets-global.website-files.com/5ca4d1fd374efbecd845739f/611be296e1ecb589c495418a_JAS%20and%20Greencarrier.png","meta":{"rootId":"yaedtaytvtv8b8l","id":"yaedtaytvtv8b8l"},"id":"moeb4gcfw7hbz6h","previousOperationId":"a20ox2p0usbauzd"}
{"type":"log","timestamp":1682066325599,"level":"debug","message":"Page request finished: GET (image) 200 https://assets-global.website-files.com/5ca4d1fd374efbecd845739f/611be296e1ecb589c495418a_JAS%20and%20Greencarrier.png","meta":{"rootId":"yaedtaytvtv8b8l","id":"yaedtaytvtv8b8l"},"id":"y21hi7l0c6z6c6b","previousOperationId":"a20ox2p0usbauzd"}
{"type":"log","timestamp":1682066325880,"level":"debug","message":"Page request finished: GET (stylesheet) 200 https://stackpath.bootstrapcdn.com/bootstrap/4.4.1/css/bootstrap.min.css","meta":{"rootId":"yaedtaytvtv8b8l","id":"yaedtaytvtv8b8l"},"id":"2f9kskolm9fun01","previousOperationId":"a20ox2p0usbauzd"}
{"type":"log","timestamp":1682066325968,"level":"debug","message":"Running chrome with params {\"timeout\":56902,\"margin\":{},\"printBackground\":true}","meta":{"rootId":"yaedtaytvtv8b8l","id":"yaedtaytvtv8b8l"},"id":"0oa0wtpzkqovc8f","previousOperationId":"a20ox2p0usbauzd"}
{"type":"operationEnd","operationId":"a20ox2p0usbauzd","timestamp":1682066326189,"id":"9161epmah1zejuj","previousEventId":"vzjrnlh7skz8q6h","previousOperationId":"a20ox2p0usbauzd"}
{"type":"log","timestamp":1682066326190,"level":"debug","message":"Skipping storing report.","meta":{"rootId":"yaedtaytvtv8b8l","id":"yaedtaytvtv8b8l"},"id":"17rx6x48iynzn5e","previousOperationId":"a20ox2p0usbauzd"}
{"type":"log","timestamp":1682066326191,"level":"info","message":"Rendering request 1 finished in 8418 ms","meta":{"rootId":"yaedtaytvtv8b8l","id":"yaedtaytvtv8b8l"},"id":"nvevx5zv2o3lok5","previousOperationId":"a20ox2p0usbauzd"}
{"type":"operationEnd","subtype":"render","operationId":"jnmx60krtficeut","timestamp":1682066326191,"id":"uur4fm0be6k66ri","previousEventId":"9161epmah1zejuj","previousOperationId":"a20ox2p0usbauzd"}
{"type":"operationEnd","doDiffs":false,"previousEventId":"iyp177fv3jh8rt9","previousOperationId":"woyk52m7od4cfyf","operationId":"woyk52m7od4cfyf","timestamp":1682066326195,"id":"f4cipcoaa3gcnuo"}
