{"type":"operationStart","subtype":"profile","data":{"_id":"vsXH4elCLdNN2Ebh","timestamp":"2023-05-16T05:44:13.680Z","state":"queued","mode":"standard","timeout":60000,"creationDate":"2023-05-16T05:44:13.682Z","modificationDate":"2023-05-16T05:44:13.682Z","shortid":"qXqCAKN","$entitySet":"profiles"},"doDiffs":false,"timestamp":1684215853681,"id":"043b20gznf8xo9b","previousOperationId":null,"operationId":"kytp6on4wpsnqs3"}
{"type":"log","level":"info","message":"Render request 7 queued for execution and waiting for available worker","previousOperationId":"kytp6on4wpsnqs3","timestamp":1684215853681,"id":"hw8xyu6mkvimmrf"}
{"type":"operationStart","subtype":"render","name":"anonymous","previousOperationId":"kytp6on4wpsnqs3","timestamp":1684215853686,"id":"sfl23f54vmeam3w","previousEventId":"043b20gznf8xo9b","operationId":"esw30lrazd48ii7"}
{"type":"log","timestamp":1684215853686,"level":"info","message":"Starting rendering request 7","meta":{"rootId":"yfuanpa2z6f6wag","id":"yfuanpa2z6f6wag"},"id":"qbn3tfbwt52xydn","previousOperationId":"esw30lrazd48ii7"}
{"type":"log","timestamp":1684215853686,"level":"info","message":"Rendering anonymous template { recipe: chrome-pdf, engine: handlebars }","meta":{"rootId":"yfuanpa2z6f6wag","id":"yfuanpa2z6f6wag"},"id":"lnvqae3xtynnwrw","previousOperationId":"esw30lrazd48ii7"}
{"type":"log","timestamp":1684215853687,"level":"debug","message":"Inline data specified.","meta":{"rootId":"yfuanpa2z6f6wag","id":"yfuanpa2z6f6wag"},"id":"mimcw5mku3spg5w","previousOperationId":"esw30lrazd48ii7"}
{"type":"log","timestamp":1684215853687,"level":"debug","message":"Base url not specified, skipping its injection.","meta":{"rootId":"yfuanpa2z6f6wag","id":"yfuanpa2z6f6wag"},"id":"suwdmi2kodxy290","previousOperationId":"esw30lrazd48ii7"}
{"type":"operationStart","subtype":"engine","name":"handlebars","timestamp":1684215853688,"id":"2pl967adb9orlry","previousEventId":"sfl23f54vmeam3w","operationId":"lfim973iqy3vmgj","previousOperationId":"esw30lrazd48ii7"}
{"type":"log","timestamp":1684215853688,"level":"debug","message":"Rendering engine handlebars","meta":{"rootId":"yfuanpa2z6f6wag","id":"yfuanpa2z6f6wag"},"id":"pjdutjf37br6b9j","previousOperationId":"lfim973iqy3vmgj"}
{"type":"operationEnd","operationId":"lfim973iqy3vmgj","timestamp":1684215853702,"id":"0gna8yae77ti1qg","previousEventId":"2pl967adb9orlry","previousOperationId":"lfim973iqy3vmgj"}
{"type":"operationStart","subtype":"recipe","name":"chrome-pdf","timestamp":1684215853702,"id":"1cb6cdlwmprbni7","previousEventId":"0gna8yae77ti1qg","operationId":"h02yedq9bc3rd8i","previousOperationId":"lfim973iqy3vmgj"}
{"type":"log","timestamp":1684215853702,"level":"debug","message":"Executing recipe chrome-pdf","meta":{"rootId":"yfuanpa2z6f6wag","id":"yfuanpa2z6f6wag"},"id":"fw85bdaij4d6vjq","previousOperationId":"h02yedq9bc3rd8i"}
{"type":"log","timestamp":1684215854019,"level":"debug","message":"Converting with chrome HeadlessChrome/105.0.5173.0 using chrome-pool strategy","meta":{"rootId":"yfuanpa2z6f6wag","id":"yfuanpa2z6f6wag"},"id":"0sjo4m7o743xoe9","previousOperationId":"h02yedq9bc3rd8i"}
{"type":"log","timestamp":1684215855480,"level":"debug","message":"Page request: GET (document) file:///C:/Users/hp/AppData/Local/Temp/jsreport/autocleanup/85262b8d-920b-49ba-b66c-6d9a0b926586-chrome-pdf.html","meta":{"rootId":"yfuanpa2z6f6wag","id":"yfuanpa2z6f6wag"},"id":"1h6pf3dsef3244p","previousOperationId":"h02yedq9bc3rd8i"}
{"type":"log","timestamp":1684215855493,"level":"debug","message":"Page request finished: GET (document) 200 file:///C:/Users/hp/AppData/Local/Temp/jsreport/autocleanup/85262b8d-920b-49ba-b66c-6d9a0b926586-chrome-pdf.html","meta":{"rootId":"yfuanpa2z6f6wag","id":"yfuanpa2z6f6wag"},"id":"s8wq7xmntb6xzso","previousOperationId":"h02yedq9bc3rd8i"}
{"type":"log","timestamp":1684215855551,"level":"debug","message":"Running chrome with params {\"timeout\":59974,\"margin\":{},\"printBackground\":true}","meta":{"rootId":"yfuanpa2z6f6wag","id":"yfuanpa2z6f6wag"},"id":"azhiwpi6fwstiy7","previousOperationId":"h02yedq9bc3rd8i"}
{"type":"operationEnd","operationId":"h02yedq9bc3rd8i","timestamp":1684215855771,"id":"scl0yysuuy6ioj0","previousEventId":"1cb6cdlwmprbni7","previousOperationId":"h02yedq9bc3rd8i"}
{"type":"log","timestamp":1684215855771,"level":"debug","message":"Skipping storing report.","meta":{"rootId":"yfuanpa2z6f6wag","id":"yfuanpa2z6f6wag"},"id":"macnrcdz7vorlgy","previousOperationId":"h02yedq9bc3rd8i"}
{"type":"log","timestamp":1684215855771,"level":"info","message":"Rendering request 7 finished in 2092 ms","meta":{"rootId":"yfuanpa2z6f6wag","id":"yfuanpa2z6f6wag"},"id":"k9fuqk24pjehpfg","previousOperationId":"h02yedq9bc3rd8i"}
{"type":"operationEnd","subtype":"render","operationId":"esw30lrazd48ii7","timestamp":1684215855772,"id":"h7i6gd8xb35q8cq","previousEventId":"scl0yysuuy6ioj0","previousOperationId":"h02yedq9bc3rd8i"}
{"type":"operationEnd","doDiffs":false,"previousEventId":"043b20gznf8xo9b","previousOperationId":"kytp6on4wpsnqs3","operationId":"kytp6on4wpsnqs3","timestamp":1684215855774,"id":"w4hpjngn4ncbgv0"}
