{"type":"operationStart","subtype":"profile","data":{"_id":"hg7wP32JzndnFKHE","timestamp":"2023-05-19T08:40:21.368Z","state":"queued","mode":"standard","timeout":60000,"creationDate":"2023-05-19T08:40:21.373Z","modificationDate":"2023-05-19T08:40:21.373Z","shortid":"hrEp_M7","$entitySet":"profiles"},"doDiffs":false,"timestamp":1684485621371,"id":"16zzncsd2roqndm","previousOperationId":null,"operationId":"ctbxbi0ep7ro2yw"}
{"type":"log","level":"info","message":"Render request 2 queued for execution and waiting for available worker","previousOperationId":"ctbxbi0ep7ro2yw","timestamp":1684485621371,"id":"n4ccdxpphgxo877"}
{"type":"operationStart","subtype":"render","name":"anonymous","previousOperationId":"ctbxbi0ep7ro2yw","timestamp":1684485621381,"id":"l0pnpirwpkgsz3l","previousEventId":"16zzncsd2roqndm","operationId":"imq4up0i0wktuka"}
{"type":"log","timestamp":1684485621381,"level":"info","message":"Starting rendering request 2","meta":{"rootId":"yjk409qh4g99c76","id":"yjk409qh4g99c76"},"id":"6dfsnrtm1iimtan","previousOperationId":"imq4up0i0wktuka"}
{"type":"log","timestamp":1684485621381,"level":"info","message":"Rendering anonymous template { recipe: chrome-pdf, engine: handlebars }","meta":{"rootId":"yjk409qh4g99c76","id":"yjk409qh4g99c76"},"id":"yptgzr8ewm5ay6k","previousOperationId":"imq4up0i0wktuka"}
{"type":"log","timestamp":1684485621382,"level":"debug","message":"Inline data specified.","meta":{"rootId":"yjk409qh4g99c76","id":"yjk409qh4g99c76"},"id":"oo4j01bxg7z0zvg","previousOperationId":"imq4up0i0wktuka"}
{"type":"log","timestamp":1684485621384,"level":"debug","message":"Base url not specified, skipping its injection.","meta":{"rootId":"yjk409qh4g99c76","id":"yjk409qh4g99c76"},"id":"zvaaanvnzp0o2se","previousOperationId":"imq4up0i0wktuka"}
{"type":"operationStart","subtype":"engine","name":"handlebars","timestamp":1684485621384,"id":"9k98ds06uomj21i","previousEventId":"l0pnpirwpkgsz3l","operationId":"oivxbr1m47nuecp","previousOperationId":"imq4up0i0wktuka"}
{"type":"log","timestamp":1684485621384,"level":"debug","message":"Rendering engine handlebars","meta":{"rootId":"yjk409qh4g99c76","id":"yjk409qh4g99c76"},"id":"tfq4zku557jm5t5","previousOperationId":"oivxbr1m47nuecp"}
{"type":"operationEnd","operationId":"oivxbr1m47nuecp","timestamp":1684485621415,"id":"o2gaf1l86bw6pgn","previousEventId":"9k98ds06uomj21i","previousOperationId":"oivxbr1m47nuecp"}
{"type":"operationStart","subtype":"recipe","name":"chrome-pdf","timestamp":1684485621417,"id":"toppwnugxr3qzkl","previousEventId":"o2gaf1l86bw6pgn","operationId":"sacgw1b8bp1xl7k","previousOperationId":"oivxbr1m47nuecp"}
{"type":"log","timestamp":1684485621417,"level":"debug","message":"Executing recipe chrome-pdf","meta":{"rootId":"yjk409qh4g99c76","id":"yjk409qh4g99c76"},"id":"ozsfa5wd6gfcva9","previousOperationId":"sacgw1b8bp1xl7k"}
{"type":"log","timestamp":1684485621423,"level":"debug","message":"Converting with chrome HeadlessChrome/105.0.5173.0 using chrome-pool strategy","meta":{"rootId":"yjk409qh4g99c76","id":"yjk409qh4g99c76"},"id":"o6371aas16youb5","previousOperationId":"sacgw1b8bp1xl7k"}
{"type":"log","timestamp":1684485621614,"level":"debug","message":"Page request: GET (document) file:///C:/Users/hp/AppData/Local/Temp/jsreport/autocleanup/7e8ff812-0561-4f51-a9ec-148ed7d49d0d-chrome-pdf.html","meta":{"rootId":"yjk409qh4g99c76","id":"yjk409qh4g99c76"},"id":"de58w9kksl9gxud","previousOperationId":"sacgw1b8bp1xl7k"}
{"type":"log","timestamp":1684485621629,"level":"debug","message":"Page request finished: GET (document) 200 file:///C:/Users/hp/AppData/Local/Temp/jsreport/autocleanup/7e8ff812-0561-4f51-a9ec-148ed7d49d0d-chrome-pdf.html","meta":{"rootId":"yjk409qh4g99c76","id":"yjk409qh4g99c76"},"id":"pyr7fnmvn3bu7h9","previousOperationId":"sacgw1b8bp1xl7k"}
{"type":"log","timestamp":1684485621769,"level":"debug","message":"Running chrome with params {\"timeout\":59946,\"margin\":{},\"printBackground\":true}","meta":{"rootId":"yjk409qh4g99c76","id":"yjk409qh4g99c76"},"id":"6cnl91q5uekj8q3","previousOperationId":"sacgw1b8bp1xl7k"}
{"type":"operationEnd","operationId":"sacgw1b8bp1xl7k","timestamp":1684485622341,"id":"8gn1y5bs7rah2fd","previousEventId":"toppwnugxr3qzkl","previousOperationId":"sacgw1b8bp1xl7k"}
{"type":"log","timestamp":1684485622341,"level":"debug","message":"Skipping storing report.","meta":{"rootId":"yjk409qh4g99c76","id":"yjk409qh4g99c76"},"id":"z6hcoohnv7oiodc","previousOperationId":"sacgw1b8bp1xl7k"}
{"type":"log","timestamp":1684485622341,"level":"info","message":"Rendering request 2 finished in 974 ms","meta":{"rootId":"yjk409qh4g99c76","id":"yjk409qh4g99c76"},"id":"ztn1gctjryup4fp","previousOperationId":"sacgw1b8bp1xl7k"}
{"type":"operationEnd","subtype":"render","operationId":"imq4up0i0wktuka","timestamp":1684485622341,"id":"zn0pnffijnpr770","previousEventId":"8gn1y5bs7rah2fd","previousOperationId":"sacgw1b8bp1xl7k"}
{"type":"operationEnd","doDiffs":false,"previousEventId":"16zzncsd2roqndm","previousOperationId":"ctbxbi0ep7ro2yw","operationId":"ctbxbi0ep7ro2yw","timestamp":1684485622345,"id":"kvm4s4drt7c94y1"}
