{"type":"operationStart","subtype":"profile","data":{"_id":"C5mtM6lsGVP1Zlj6","timestamp":"2023-05-18T18:39:14.873Z","state":"queued","mode":"standard","timeout":60000,"creationDate":"2023-05-18T18:39:14.877Z","modificationDate":"2023-05-18T18:39:14.877Z","shortid":"Hugxuqi","$entitySet":"profiles"},"doDiffs":false,"timestamp":1684435154876,"id":"lm8hcr0zd8c6qhl","previousOperationId":null,"operationId":"ihin8ki2my1jo9s"}
{"type":"log","level":"info","message":"Render request 1 queued for execution and waiting for available worker","previousOperationId":"ihin8ki2my1jo9s","timestamp":1684435154876,"id":"uaqwvyhrgi4vi5n"}
{"type":"operationStart","subtype":"render","name":"anonymous","previousOperationId":"ihin8ki2my1jo9s","timestamp":1684435154895,"id":"argjo6t11ry4s29","previousEventId":"lm8hcr0zd8c6qhl","operationId":"8szn9y945v52gpr"}
{"type":"log","timestamp":1684435154897,"level":"info","message":"Starting rendering request 1","meta":{"rootId":"ynwrier9pa8w5an","id":"ynwrier9pa8w5an"},"id":"6d5zyx2vpvsj67s","previousOperationId":"8szn9y945v52gpr"}
{"type":"log","timestamp":1684435154899,"level":"info","message":"Rendering anonymous template { recipe: chrome-pdf, engine: handlebars }","meta":{"rootId":"ynwrier9pa8w5an","id":"ynwrier9pa8w5an"},"id":"ukzo827mz8815ex","previousOperationId":"8szn9y945v52gpr"}
{"type":"log","timestamp":1684435154899,"level":"debug","message":"Inline data specified.","meta":{"rootId":"ynwrier9pa8w5an","id":"ynwrier9pa8w5an"},"id":"8ryt0qkwrrep72z","previousOperationId":"8szn9y945v52gpr"}
{"type":"log","timestamp":1684435154905,"level":"debug","message":"Base url not specified, skipping its injection.","meta":{"rootId":"ynwrier9pa8w5an","id":"ynwrier9pa8w5an"},"id":"kiu63u533e9313u","previousOperationId":"8szn9y945v52gpr"}
{"type":"operationStart","subtype":"engine","name":"handlebars","timestamp":1684435154906,"id":"sor01qhc0e34749","previousEventId":"argjo6t11ry4s29","operationId":"7e4bojcrquadx6u","previousOperationId":"8szn9y945v52gpr"}
{"type":"log","timestamp":1684435154907,"level":"debug","message":"Rendering engine handlebars","meta":{"rootId":"ynwrier9pa8w5an","id":"ynwrier9pa8w5an"},"id":"3yvqvuopd5jvbwo","previousOperationId":"7e4bojcrquadx6u"}
{"type":"operationEnd","operationId":"7e4bojcrquadx6u","timestamp":1684435155422,"id":"80rkx3ohqlopny2","previousEventId":"sor01qhc0e34749","previousOperationId":"7e4bojcrquadx6u"}
{"type":"operationStart","subtype":"recipe","name":"chrome-pdf","timestamp":1684435155423,"id":"kapq53n4qeza1ux","previousEventId":"80rkx3ohqlopny2","operationId":"ig9fcievcv9cn63","previousOperationId":"7e4bojcrquadx6u"}
{"type":"log","timestamp":1684435155423,"level":"debug","message":"Executing recipe chrome-pdf","meta":{"rootId":"ynwrier9pa8w5an","id":"ynwrier9pa8w5an"},"id":"y5o8r48760o5lus","previousOperationId":"ig9fcievcv9cn63"}
{"type":"log","timestamp":1684435155776,"level":"debug","message":"Converting with chrome HeadlessChrome/105.0.5173.0 using chrome-pool strategy","meta":{"rootId":"ynwrier9pa8w5an","id":"ynwrier9pa8w5an"},"id":"ujlwcpnax8fi454","previousOperationId":"ig9fcievcv9cn63"}
{"type":"log","timestamp":1684435156642,"level":"debug","message":"Page request: GET (document) file:///C:/Users/hp/AppData/Local/Temp/jsreport/autocleanup/4a5cdd79-f6d7-440e-8431-07981e27f224-chrome-pdf.html","meta":{"rootId":"ynwrier9pa8w5an","id":"ynwrier9pa8w5an"},"id":"sej671z2cde5196","previousOperationId":"ig9fcievcv9cn63"}
{"type":"log","timestamp":1684435156654,"level":"debug","message":"Page request finished: GET (document) 200 file:///C:/Users/hp/AppData/Local/Temp/jsreport/autocleanup/4a5cdd79-f6d7-440e-8431-07981e27f224-chrome-pdf.html","meta":{"rootId":"ynwrier9pa8w5an","id":"ynwrier9pa8w5an"},"id":"ku3cvd0mqh1cmpi","previousOperationId":"ig9fcievcv9cn63"}
{"type":"log","timestamp":1684435156707,"level":"debug","message":"Running chrome with params {\"timeout\":59295,\"margin\":{},\"printBackground\":true}","meta":{"rootId":"ynwrier9pa8w5an","id":"ynwrier9pa8w5an"},"id":"zy7pl5krs95la9n","previousOperationId":"ig9fcievcv9cn63"}
{"type":"operationEnd","operationId":"ig9fcievcv9cn63","timestamp":1684435156869,"id":"rbmf9vogp210us9","previousEventId":"kapq53n4qeza1ux","previousOperationId":"ig9fcievcv9cn63"}
{"type":"log","timestamp":1684435156870,"level":"debug","message":"Skipping storing report.","meta":{"rootId":"ynwrier9pa8w5an","id":"ynwrier9pa8w5an"},"id":"e4lfy8ipl3uv429","previousOperationId":"ig9fcievcv9cn63"}
{"type":"log","timestamp":1684435156870,"level":"info","message":"Rendering request 1 finished in 1998 ms","meta":{"rootId":"ynwrier9pa8w5an","id":"ynwrier9pa8w5an"},"id":"3uewoq1wfitqvyg","previousOperationId":"ig9fcievcv9cn63"}
{"type":"operationEnd","subtype":"render","operationId":"8szn9y945v52gpr","timestamp":1684435156870,"id":"fbjxthd9ytt8rou","previousEventId":"rbmf9vogp210us9","previousOperationId":"ig9fcievcv9cn63"}
{"type":"operationEnd","doDiffs":false,"previousEventId":"lm8hcr0zd8c6qhl","previousOperationId":"ihin8ki2my1jo9s","operationId":"ihin8ki2my1jo9s","timestamp":1684435156873,"id":"ls2xlq0kzp32zg0"}
