{"type":"operationStart","subtype":"profile","data":{"_id":"JIRQxtuw4fFQuzSn","timestamp":"2023-04-13T05:23:56.229Z","state":"queued","mode":"standard","timeout":60000,"creationDate":"2023-04-13T05:23:56.235Z","modificationDate":"2023-04-13T05:23:56.235Z","shortid":"ia_XieY","$entitySet":"profiles"},"doDiffs":false,"timestamp":1681363436233,"id":"dr8spiow0ixelx7","previousOperationId":null,"operationId":"q19suhhpq6mupmx"}
{"type":"log","level":"info","message":"Render request 1 queued for execution and waiting for available worker","previousOperationId":"q19suhhpq6mupmx","timestamp":1681363436234,"id":"c4t88g0m3fo4aul"}
{"type":"operationStart","subtype":"render","name":"anonymous","previousOperationId":"q19suhhpq6mupmx","timestamp":1681363436284,"id":"v1t3cw4q5kcznl1","previousEventId":"dr8spiow0ixelx7","operationId":"ykuw7sige61rcw0"}
{"type":"log","timestamp":1681363436285,"level":"info","message":"Starting rendering request 1","meta":{"rootId":"yxso6kqr657ffmh","id":"yxso6kqr657ffmh"},"id":"5it9m41rk1sd7vh","previousOperationId":"ykuw7sige61rcw0"}
{"type":"log","timestamp":1681363436286,"level":"info","message":"Rendering anonymous template { recipe: chrome-pdf, engine: handlebars }","meta":{"rootId":"yxso6kqr657ffmh","id":"yxso6kqr657ffmh"},"id":"h0xf9os05a8pgtl","previousOperationId":"ykuw7sige61rcw0"}
{"type":"log","timestamp":1681363436287,"level":"debug","message":"Inline data specified.","meta":{"rootId":"yxso6kqr657ffmh","id":"yxso6kqr657ffmh"},"id":"0bticzg1cjeyv1s","previousOperationId":"ykuw7sige61rcw0"}
{"type":"log","timestamp":1681363436292,"level":"debug","message":"Base url not specified, skipping its injection.","meta":{"rootId":"yxso6kqr657ffmh","id":"yxso6kqr657ffmh"},"id":"dehmjeu2cg0340i","previousOperationId":"ykuw7sige61rcw0"}
{"type":"operationStart","subtype":"engine","name":"handlebars","timestamp":1681363436293,"id":"1yeia72eo7fkr18","previousEventId":"v1t3cw4q5kcznl1","operationId":"tqgoohtsrcvhinx","previousOperationId":"ykuw7sige61rcw0"}
{"type":"log","timestamp":1681363436293,"level":"debug","message":"Rendering engine handlebars","meta":{"rootId":"yxso6kqr657ffmh","id":"yxso6kqr657ffmh"},"id":"szej6c5y5n9rfki","previousOperationId":"tqgoohtsrcvhinx"}
{"type":"operationEnd","operationId":"tqgoohtsrcvhinx","timestamp":1681363436914,"id":"4mi4v34a9yg0gvr","previousEventId":"1yeia72eo7fkr18","previousOperationId":"tqgoohtsrcvhinx"}
{"type":"operationStart","subtype":"recipe","name":"chrome-pdf","timestamp":1681363436915,"id":"i1ifpvqj13cfjih","previousEventId":"4mi4v34a9yg0gvr","operationId":"n469p6ml1jyx5l2","previousOperationId":"tqgoohtsrcvhinx"}
{"type":"log","timestamp":1681363436915,"level":"debug","message":"Executing recipe chrome-pdf","meta":{"rootId":"yxso6kqr657ffmh","id":"yxso6kqr657ffmh"},"id":"hj598tii4cqj5ry","previousOperationId":"n469p6ml1jyx5l2"}
{"type":"log","timestamp":1681363437725,"level":"debug","message":"Converting with chrome HeadlessChrome/105.0.5173.0 using chrome-pool strategy","meta":{"rootId":"yxso6kqr657ffmh","id":"yxso6kqr657ffmh"},"id":"f6p0rnm6gmkh070","previousOperationId":"n469p6ml1jyx5l2"}
{"type":"log","timestamp":1681363437969,"level":"debug","message":"Page request: GET (document) file:///C:/Users/SACHIN~1/AppData/Local/Temp/jsreport/autocleanup/18716cd6-8573-4f2c-85a3-c7c4b3629d16-chrome-pdf.html","meta":{"rootId":"yxso6kqr657ffmh","id":"yxso6kqr657ffmh"},"id":"1gh0wwjg24jp89n","previousOperationId":"n469p6ml1jyx5l2"}
{"type":"log","timestamp":1681363437983,"level":"debug","message":"Page request finished: GET (document) 200 file:///C:/Users/SACHIN~1/AppData/Local/Temp/jsreport/autocleanup/18716cd6-8573-4f2c-85a3-c7c4b3629d16-chrome-pdf.html","meta":{"rootId":"yxso6kqr657ffmh","id":"yxso6kqr657ffmh"},"id":"9t6vwhfu0zzqcbg","previousOperationId":"n469p6ml1jyx5l2"}
{"type":"log","timestamp":1681363437997,"level":"debug","message":"Page request: GET (stylesheet) https://stackpath.bootstrapcdn.com/bootstrap/4.4.1/css/bootstrap.min.css","meta":{"rootId":"yxso6kqr657ffmh","id":"yxso6kqr657ffmh"},"id":"u2tvd8juhc60too","previousOperationId":"n469p6ml1jyx5l2"}
{"type":"log","timestamp":1681363437998,"level":"debug","message":"Page request: GET (image) https://assets-global.website-files.com/5ca4d1fd374efbecd845739f/611be296e1ecb589c495418a_JAS%20and%20Greencarrier.png","meta":{"rootId":"yxso6kqr657ffmh","id":"yxso6kqr657ffmh"},"id":"whzjj0r0tah6ngv","previousOperationId":"n469p6ml1jyx5l2"}
{"type":"log","timestamp":1681363438722,"level":"debug","message":"Page request finished: GET (stylesheet) 200 https://stackpath.bootstrapcdn.com/bootstrap/4.4.1/css/bootstrap.min.css","meta":{"rootId":"yxso6kqr657ffmh","id":"yxso6kqr657ffmh"},"id":"rpey8ljsjursfoh","previousOperationId":"n469p6ml1jyx5l2"}
{"type":"log","timestamp":1681363438998,"level":"debug","message":"Page request finished: GET (image) 200 https://assets-global.website-files.com/5ca4d1fd374efbecd845739f/611be296e1ecb589c495418a_JAS%20and%20Greencarrier.png","meta":{"rootId":"yxso6kqr657ffmh","id":"yxso6kqr657ffmh"},"id":"4mmgn8fbftisbd7","previousOperationId":"n469p6ml1jyx5l2"}
{"type":"log","timestamp":1681363439003,"level":"debug","message":"Running chrome with params {\"timeout\":59151,\"margin\":{},\"printBackground\":true}","meta":{"rootId":"yxso6kqr657ffmh","id":"yxso6kqr657ffmh"},"id":"gktg706c4jebng6","previousOperationId":"n469p6ml1jyx5l2"}
{"type":"operationEnd","operationId":"n469p6ml1jyx5l2","timestamp":1681363439199,"id":"dctepmyxoosi2x5","previousEventId":"i1ifpvqj13cfjih","previousOperationId":"n469p6ml1jyx5l2"}
{"type":"log","timestamp":1681363439199,"level":"debug","message":"Skipping storing report.","meta":{"rootId":"yxso6kqr657ffmh","id":"yxso6kqr657ffmh"},"id":"jdtkhmsg0uijtin","previousOperationId":"n469p6ml1jyx5l2"}
{"type":"log","timestamp":1681363439200,"level":"info","message":"Rendering request 1 finished in 2971 ms","meta":{"rootId":"yxso6kqr657ffmh","id":"yxso6kqr657ffmh"},"id":"xzelrd27s7xr2mh","previousOperationId":"n469p6ml1jyx5l2"}
{"type":"operationEnd","subtype":"render","operationId":"ykuw7sige61rcw0","timestamp":1681363439200,"id":"foy0t967c9vfyas","previousEventId":"dctepmyxoosi2x5","previousOperationId":"n469p6ml1jyx5l2"}
{"type":"operationEnd","doDiffs":false,"previousEventId":"dr8spiow0ixelx7","previousOperationId":"q19suhhpq6mupmx","operationId":"q19suhhpq6mupmx","timestamp":1681363439202,"id":"adaresv8tv8e6p4"}
