{"type":"operationStart","subtype":"profile","data":{"_id":"8nxZrUL4DIWlD1La","timestamp":"2023-05-18T15:28:30.585Z","state":"queued","mode":"standard","timeout":60000,"creationDate":"2023-05-18T15:28:30.588Z","modificationDate":"2023-05-18T15:28:30.588Z","shortid":"rQl4cyf","$entitySet":"profiles"},"doDiffs":false,"timestamp":1684423710587,"id":"dmsvhxsv819xwnt","previousOperationId":null,"operationId":"09akhw7bnxm5adl"}
{"type":"log","level":"info","message":"Render request 1 queued for execution and waiting for available worker","previousOperationId":"09akhw7bnxm5adl","timestamp":1684423710587,"id":"zldedf76lsuqm80"}
{"type":"operationStart","subtype":"render","name":"anonymous","previousOperationId":"09akhw7bnxm5adl","timestamp":1684423710601,"id":"t64ulqg8h2c4jq1","previousEventId":"dmsvhxsv819xwnt","operationId":"xj8u1fbplurhzix"}
{"type":"log","timestamp":1684423710602,"level":"info","message":"Starting rendering request 1","meta":{"rootId":"z7fqfczrudr6pka","id":"z7fqfczrudr6pka"},"id":"s1mwoz9cy42ptk5","previousOperationId":"xj8u1fbplurhzix"}
{"type":"log","timestamp":1684423710604,"level":"info","message":"Rendering anonymous template { recipe: chrome-pdf, engine: handlebars }","meta":{"rootId":"z7fqfczrudr6pka","id":"z7fqfczrudr6pka"},"id":"nd3u5qcor0umiru","previousOperationId":"xj8u1fbplurhzix"}
{"type":"log","timestamp":1684423710604,"level":"debug","message":"Inline data specified.","meta":{"rootId":"z7fqfczrudr6pka","id":"z7fqfczrudr6pka"},"id":"nocvrhr2lf5etz9","previousOperationId":"xj8u1fbplurhzix"}
{"type":"log","timestamp":1684423710607,"level":"debug","message":"Base url not specified, skipping its injection.","meta":{"rootId":"z7fqfczrudr6pka","id":"z7fqfczrudr6pka"},"id":"25x5p40o2ioqkt3","previousOperationId":"xj8u1fbplurhzix"}
{"type":"operationStart","subtype":"engine","name":"handlebars","timestamp":1684423710608,"id":"1z9jkqdwpfovz3n","previousEventId":"t64ulqg8h2c4jq1","operationId":"a8x2po5sjpk4i40","previousOperationId":"xj8u1fbplurhzix"}
{"type":"log","timestamp":1684423710608,"level":"debug","message":"Rendering engine handlebars","meta":{"rootId":"z7fqfczrudr6pka","id":"z7fqfczrudr6pka"},"id":"bmq69p9lmsrmcah","previousOperationId":"a8x2po5sjpk4i40"}
{"type":"operationEnd","operationId":"a8x2po5sjpk4i40","timestamp":1684423711051,"id":"q2yqbk6zwlxsko7","previousEventId":"1z9jkqdwpfovz3n","previousOperationId":"a8x2po5sjpk4i40"}
{"type":"operationStart","subtype":"recipe","name":"chrome-pdf","timestamp":1684423711052,"id":"8ovojlymc4djtja","previousEventId":"q2yqbk6zwlxsko7","operationId":"1foxgtgdkswu166","previousOperationId":"a8x2po5sjpk4i40"}
{"type":"log","timestamp":1684423711052,"level":"debug","message":"Executing recipe chrome-pdf","meta":{"rootId":"z7fqfczrudr6pka","id":"z7fqfczrudr6pka"},"id":"ik38oupltzqtg6l","previousOperationId":"1foxgtgdkswu166"}
{"type":"log","timestamp":1684423711311,"level":"debug","message":"Converting with chrome HeadlessChrome/105.0.5173.0 using chrome-pool strategy","meta":{"rootId":"z7fqfczrudr6pka","id":"z7fqfczrudr6pka"},"id":"b6uvxb7n2y1hnfb","previousOperationId":"1foxgtgdkswu166"}
{"type":"log","timestamp":1684423712653,"level":"debug","message":"Page request: GET (document) file:///C:/Users/hp/AppData/Local/Temp/jsreport/autocleanup/717cb4a7-52f8-4433-a3b4-b1a812815fd8-chrome-pdf.html","meta":{"rootId":"z7fqfczrudr6pka","id":"z7fqfczrudr6pka"},"id":"n0aqnmsdgdvcshl","previousOperationId":"1foxgtgdkswu166"}
{"type":"log","timestamp":1684423712663,"level":"debug","message":"Page request finished: GET (document) 200 file:///C:/Users/hp/AppData/Local/Temp/jsreport/autocleanup/717cb4a7-52f8-4433-a3b4-b1a812815fd8-chrome-pdf.html","meta":{"rootId":"z7fqfczrudr6pka","id":"z7fqfczrudr6pka"},"id":"ekef597onninsgf","previousOperationId":"1foxgtgdkswu166"}
{"type":"log","timestamp":1684423712759,"level":"debug","message":"Running chrome with params {\"timeout\":59405,\"margin\":{},\"printBackground\":true}","meta":{"rootId":"z7fqfczrudr6pka","id":"z7fqfczrudr6pka"},"id":"goysyygc3tzpb4w","previousOperationId":"1foxgtgdkswu166"}
{"type":"operationEnd","operationId":"1foxgtgdkswu166","timestamp":1684423713052,"id":"ibwa14nieybe7no","previousEventId":"8ovojlymc4djtja","previousOperationId":"1foxgtgdkswu166"}
{"type":"log","timestamp":1684423713052,"level":"debug","message":"Skipping storing report.","meta":{"rootId":"z7fqfczrudr6pka","id":"z7fqfczrudr6pka"},"id":"rzvfmuu1xb7ure5","previousOperationId":"1foxgtgdkswu166"}
{"type":"log","timestamp":1684423713053,"level":"info","message":"Rendering request 1 finished in 2468 ms","meta":{"rootId":"z7fqfczrudr6pka","id":"z7fqfczrudr6pka"},"id":"t5ar3i2d791yvrz","previousOperationId":"1foxgtgdkswu166"}
{"type":"operationEnd","subtype":"render","operationId":"xj8u1fbplurhzix","timestamp":1684423713053,"id":"0z7qr4pvz8148nn","previousEventId":"ibwa14nieybe7no","previousOperationId":"1foxgtgdkswu166"}
{"type":"operationEnd","doDiffs":false,"previousEventId":"dmsvhxsv819xwnt","previousOperationId":"09akhw7bnxm5adl","operationId":"09akhw7bnxm5adl","timestamp":1684423713055,"id":"5j82lzhe5jsqz04"}
