{"type":"operationStart","subtype":"profile","data":{"_id":"kd16uYGLUkgcSz3v","timestamp":"2023-05-17T20:01:47.993Z","state":"queued","mode":"standard","timeout":60000,"creationDate":"2023-05-17T20:01:48.123Z","modificationDate":"2023-05-17T20:01:48.123Z","shortid":"SmZI2Xb","$entitySet":"profiles"},"doDiffs":false,"timestamp":1684353708123,"id":"985c363mg8y4hki","previousOperationId":null,"operationId":"npgp963ct4fqzky"}
{"type":"log","level":"info","message":"Render request 16 queued for execution and waiting for available worker","previousOperationId":"npgp963ct4fqzky","timestamp":1684353708123,"id":"sy48jo2t7dcrft5"}
{"type":"operationStart","subtype":"render","name":"anonymous","previousOperationId":"npgp963ct4fqzky","timestamp":1684353710457,"id":"il5n4sdqy8ejjxl","previousEventId":"985c363mg8y4hki","operationId":"ce2kjsfyfa6ubp5"}
{"type":"log","timestamp":1684353710457,"level":"info","message":"Starting rendering request 16","meta":{"rootId":"z9ts92lfqz963h6","id":"z9ts92lfqz963h6"},"id":"a9gahp8sk7jkpf8","previousOperationId":"ce2kjsfyfa6ubp5"}
{"type":"log","timestamp":1684353710457,"level":"info","message":"Rendering anonymous template { recipe: chrome-pdf, engine: handlebars }","meta":{"rootId":"z9ts92lfqz963h6","id":"z9ts92lfqz963h6"},"id":"p95z092n9ymh93k","previousOperationId":"ce2kjsfyfa6ubp5"}
{"type":"log","timestamp":1684353710457,"level":"debug","message":"Inline data specified.","meta":{"rootId":"z9ts92lfqz963h6","id":"z9ts92lfqz963h6"},"id":"n60awbtsb9njrvr","previousOperationId":"ce2kjsfyfa6ubp5"}
{"type":"log","timestamp":1684353710459,"level":"debug","message":"Base url not specified, skipping its injection.","meta":{"rootId":"z9ts92lfqz963h6","id":"z9ts92lfqz963h6"},"id":"n9dngc542bbemqa","previousOperationId":"ce2kjsfyfa6ubp5"}
{"type":"operationStart","subtype":"engine","name":"handlebars","timestamp":1684353710460,"id":"mfkow5x33tmiyhd","previousEventId":"il5n4sdqy8ejjxl","operationId":"uvnrjlu6lctv4bz","previousOperationId":"ce2kjsfyfa6ubp5"}
{"type":"log","timestamp":1684353710460,"level":"debug","message":"Rendering engine handlebars","meta":{"rootId":"z9ts92lfqz963h6","id":"z9ts92lfqz963h6"},"id":"lgtv40vnm0799m8","previousOperationId":"uvnrjlu6lctv4bz"}
{"type":"operationEnd","operationId":"uvnrjlu6lctv4bz","timestamp":1684353710478,"id":"fywpa99dsdbtlbj","previousEventId":"mfkow5x33tmiyhd","previousOperationId":"uvnrjlu6lctv4bz"}
{"type":"operationStart","subtype":"recipe","name":"chrome-pdf","timestamp":1684353710480,"id":"k4ep39mhy0e0syp","previousEventId":"fywpa99dsdbtlbj","operationId":"hh6dqobnk84p30r","previousOperationId":"uvnrjlu6lctv4bz"}
{"type":"log","timestamp":1684353710480,"level":"debug","message":"Executing recipe chrome-pdf","meta":{"rootId":"z9ts92lfqz963h6","id":"z9ts92lfqz963h6"},"id":"1p35945zalku9fi","previousOperationId":"hh6dqobnk84p30r"}
{"type":"log","timestamp":1684353710485,"level":"debug","message":"Converting with chrome HeadlessChrome/105.0.5173.0 using chrome-pool strategy","meta":{"rootId":"z9ts92lfqz963h6","id":"z9ts92lfqz963h6"},"id":"67rtbnzxfcoqhvw","previousOperationId":"hh6dqobnk84p30r"}
{"type":"log","timestamp":1684353710700,"level":"debug","message":"Page request: GET (document) file:///C:/Users/hp/AppData/Local/Temp/jsreport/autocleanup/30f52182-6dbe-46af-9898-0057fa491c8b-chrome-pdf.html","meta":{"rootId":"z9ts92lfqz963h6","id":"z9ts92lfqz963h6"},"id":"jjqnk47wrx6pp7z","previousOperationId":"hh6dqobnk84p30r"}
{"type":"log","timestamp":1684353710719,"level":"debug","message":"Page request finished: GET (document) 200 file:///C:/Users/hp/AppData/Local/Temp/jsreport/autocleanup/30f52182-6dbe-46af-9898-0057fa491c8b-chrome-pdf.html","meta":{"rootId":"z9ts92lfqz963h6","id":"z9ts92lfqz963h6"},"id":"b0p5o2c2oiy9a86","previousOperationId":"hh6dqobnk84p30r"}
{"type":"log","timestamp":1684353710932,"level":"debug","message":"Running chrome with params {\"timeout\":57508,\"margin\":{},\"printBackground\":true}","meta":{"rootId":"z9ts92lfqz963h6","id":"z9ts92lfqz963h6"},"id":"xyrbn836pb08f1g","previousOperationId":"hh6dqobnk84p30r"}
{"type":"operationEnd","operationId":"hh6dqobnk84p30r","timestamp":1684353711560,"id":"mux51m2e3n9lr91","previousEventId":"k4ep39mhy0e0syp","previousOperationId":"hh6dqobnk84p30r"}
{"type":"log","timestamp":1684353711560,"level":"debug","message":"Skipping storing report.","meta":{"rootId":"z9ts92lfqz963h6","id":"z9ts92lfqz963h6"},"id":"g5uk49icgjmk7o0","previousOperationId":"hh6dqobnk84p30r"}
{"type":"log","timestamp":1684353711560,"level":"info","message":"Rendering request 16 finished in 3569 ms","meta":{"rootId":"z9ts92lfqz963h6","id":"z9ts92lfqz963h6"},"id":"6i6lcfkzsoor0u5","previousOperationId":"hh6dqobnk84p30r"}
{"type":"operationEnd","subtype":"render","operationId":"ce2kjsfyfa6ubp5","timestamp":1684353711560,"id":"r3ijnehvrnrtq6j","previousEventId":"mux51m2e3n9lr91","previousOperationId":"hh6dqobnk84p30r"}
{"type":"operationEnd","doDiffs":false,"previousEventId":"985c363mg8y4hki","previousOperationId":"npgp963ct4fqzky","operationId":"npgp963ct4fqzky","timestamp":1684353711656,"id":"9xokf6ypbuir1ds"}
