{"type":"operationStart","subtype":"profile","data":{"_id":"RGzsd4znNWiFGIZ1","timestamp":"2023-05-18T14:51:51.002Z","state":"queued","mode":"standard","timeout":60000,"creationDate":"2023-05-18T14:51:51.005Z","modificationDate":"2023-05-18T14:51:51.005Z","shortid":"Vrmdleo","$entitySet":"profiles"},"doDiffs":false,"timestamp":1684421511004,"id":"odulcppnqyqeenc","previousOperationId":null,"operationId":"qs2ildmcagd7635"}
{"type":"log","level":"info","message":"Render request 1 queued for execution and waiting for available worker","previousOperationId":"qs2ildmcagd7635","timestamp":1684421511004,"id":"lcnd6qwhdmpq6yv"}
{"type":"operationStart","subtype":"render","name":"anonymous","previousOperationId":"qs2ildmcagd7635","timestamp":1684421511025,"id":"qvdk09eo20st7ea","previousEventId":"odulcppnqyqeenc","operationId":"nrisjbc1aso6zuv"}
{"type":"log","timestamp":1684421511026,"level":"info","message":"Starting rendering request 1","meta":{"rootId":"zc53d3za3spikxx","id":"zc53d3za3spikxx"},"id":"xpmwdtzbcwms5pg","previousOperationId":"nrisjbc1aso6zuv"}
{"type":"log","timestamp":1684421511028,"level":"info","message":"Rendering anonymous template { recipe: chrome-pdf, engine: handlebars }","meta":{"rootId":"zc53d3za3spikxx","id":"zc53d3za3spikxx"},"id":"9wih9spyy0x3lna","previousOperationId":"nrisjbc1aso6zuv"}
{"type":"log","timestamp":1684421511029,"level":"debug","message":"Inline data specified.","meta":{"rootId":"zc53d3za3spikxx","id":"zc53d3za3spikxx"},"id":"o1yiolom1kt76ak","previousOperationId":"nrisjbc1aso6zuv"}
{"type":"log","timestamp":1684421511032,"level":"debug","message":"Base url not specified, skipping its injection.","meta":{"rootId":"zc53d3za3spikxx","id":"zc53d3za3spikxx"},"id":"svnth79pigjjtwd","previousOperationId":"nrisjbc1aso6zuv"}
{"type":"operationStart","subtype":"engine","name":"handlebars","timestamp":1684421511034,"id":"llzko47igiasu1o","previousEventId":"qvdk09eo20st7ea","operationId":"1r97ho7eg30qugs","previousOperationId":"nrisjbc1aso6zuv"}
{"type":"log","timestamp":1684421511034,"level":"debug","message":"Rendering engine handlebars","meta":{"rootId":"zc53d3za3spikxx","id":"zc53d3za3spikxx"},"id":"focy112s0buyzno","previousOperationId":"1r97ho7eg30qugs"}
{"type":"operationEnd","operationId":"1r97ho7eg30qugs","timestamp":1684421511588,"id":"3p7wkww3es57kng","previousEventId":"llzko47igiasu1o","previousOperationId":"1r97ho7eg30qugs"}
{"type":"operationStart","subtype":"recipe","name":"chrome-pdf","timestamp":1684421511589,"id":"a6rtj2fuq8wnf0u","previousEventId":"3p7wkww3es57kng","operationId":"hp4n4x1l461l2yi","previousOperationId":"1r97ho7eg30qugs"}
{"type":"log","timestamp":1684421511589,"level":"debug","message":"Executing recipe chrome-pdf","meta":{"rootId":"zc53d3za3spikxx","id":"zc53d3za3spikxx"},"id":"xpj0wq07jormh6j","previousOperationId":"hp4n4x1l461l2yi"}
{"type":"log","timestamp":1684421511955,"level":"debug","message":"Converting with chrome HeadlessChrome/105.0.5173.0 using chrome-pool strategy","meta":{"rootId":"zc53d3za3spikxx","id":"zc53d3za3spikxx"},"id":"3dtslkdeg4pp50j","previousOperationId":"hp4n4x1l461l2yi"}
{"type":"log","timestamp":1684421513410,"level":"debug","message":"Page request: GET (document) file:///C:/Users/hp/AppData/Local/Temp/jsreport/autocleanup/e7af3db0-50a3-4c39-b22c-ee251934cc99-chrome-pdf.html","meta":{"rootId":"zc53d3za3spikxx","id":"zc53d3za3spikxx"},"id":"x2mwtkvu7akag19","previousOperationId":"hp4n4x1l461l2yi"}
{"type":"log","timestamp":1684421513424,"level":"debug","message":"Page request finished: GET (document) 200 file:///C:/Users/hp/AppData/Local/Temp/jsreport/autocleanup/e7af3db0-50a3-4c39-b22c-ee251934cc99-chrome-pdf.html","meta":{"rootId":"zc53d3za3spikxx","id":"zc53d3za3spikxx"},"id":"4ulfvdh7oe8bhdh","previousOperationId":"hp4n4x1l461l2yi"}
{"type":"log","timestamp":1684421513517,"level":"debug","message":"Running chrome with params {\"timeout\":59259,\"margin\":{},\"printBackground\":true}","meta":{"rootId":"zc53d3za3spikxx","id":"zc53d3za3spikxx"},"id":"8m099rz0s0gdgc1","previousOperationId":"hp4n4x1l461l2yi"}
{"type":"operationEnd","operationId":"hp4n4x1l461l2yi","timestamp":1684421513930,"id":"9cnbgnw3quonkbx","previousEventId":"a6rtj2fuq8wnf0u","previousOperationId":"hp4n4x1l461l2yi"}
{"type":"log","timestamp":1684421513930,"level":"debug","message":"Skipping storing report.","meta":{"rootId":"zc53d3za3spikxx","id":"zc53d3za3spikxx"},"id":"a4vcq5tdzshwsvh","previousOperationId":"hp4n4x1l461l2yi"}
{"type":"log","timestamp":1684421513931,"level":"info","message":"Rendering request 1 finished in 2930 ms","meta":{"rootId":"zc53d3za3spikxx","id":"zc53d3za3spikxx"},"id":"6xp64jpeykedyid","previousOperationId":"hp4n4x1l461l2yi"}
{"type":"operationEnd","subtype":"render","operationId":"nrisjbc1aso6zuv","timestamp":1684421513931,"id":"kuag34jzuxcujnb","previousEventId":"9cnbgnw3quonkbx","previousOperationId":"hp4n4x1l461l2yi"}
{"type":"operationEnd","doDiffs":false,"previousEventId":"odulcppnqyqeenc","previousOperationId":"qs2ildmcagd7635","operationId":"qs2ildmcagd7635","timestamp":1684421513935,"id":"jp9cp5rwoholudj"}
