{"type":"operationStart","subtype":"profile","data":{"_id":"z9kmH58o7VbuNnQ0","timestamp":"2023-04-13T05:40:28.047Z","state":"queued","mode":"standard","timeout":60000,"creationDate":"2023-04-13T05:40:28.055Z","modificationDate":"2023-04-13T05:40:28.055Z","shortid":"ID0k74_","$entitySet":"profiles"},"doDiffs":false,"timestamp":1681364428053,"id":"7m1df05a8eskbkz","previousOperationId":null,"operationId":"7dxxbeqxfwj013p"}
{"type":"log","level":"info","message":"Render request 1 queued for execution and waiting for available worker","previousOperationId":"7dxxbeqxfwj013p","timestamp":1681364428053,"id":"xoko1xgfagt777p"}
{"type":"operationStart","subtype":"render","name":"anonymous","previousOperationId":"7dxxbeqxfwj013p","timestamp":1681364428106,"id":"ypsfsyyck1430mp","previousEventId":"7m1df05a8eskbkz","operationId":"ph147xp8y01xp9w"}
{"type":"log","timestamp":1681364428108,"level":"info","message":"Starting rendering request 1","meta":{"rootId":"zem3dhv197b4koq","id":"zem3dhv197b4koq"},"id":"5h6q8zzelym0fy3","previousOperationId":"ph147xp8y01xp9w"}
{"type":"log","timestamp":1681364428110,"level":"info","message":"Rendering anonymous template { recipe: chrome-pdf, engine: handlebars }","meta":{"rootId":"zem3dhv197b4koq","id":"zem3dhv197b4koq"},"id":"ye4hodoy5e1845u","previousOperationId":"ph147xp8y01xp9w"}
{"type":"log","timestamp":1681364428110,"level":"debug","message":"Inline data specified.","meta":{"rootId":"zem3dhv197b4koq","id":"zem3dhv197b4koq"},"id":"vaz0uw4irgy0iqw","previousOperationId":"ph147xp8y01xp9w"}
{"type":"log","timestamp":1681364428119,"level":"debug","message":"Base url not specified, skipping its injection.","meta":{"rootId":"zem3dhv197b4koq","id":"zem3dhv197b4koq"},"id":"0sjwz90vc3zedyw","previousOperationId":"ph147xp8y01xp9w"}
{"type":"operationStart","subtype":"engine","name":"handlebars","timestamp":1681364428121,"id":"2d2bhdwuozkhhh3","previousEventId":"ypsfsyyck1430mp","operationId":"igbushhpfym1qnt","previousOperationId":"ph147xp8y01xp9w"}
{"type":"log","timestamp":1681364428121,"level":"debug","message":"Rendering engine handlebars","meta":{"rootId":"zem3dhv197b4koq","id":"zem3dhv197b4koq"},"id":"tdu14bk916fqfml","previousOperationId":"igbushhpfym1qnt"}
{"type":"operationEnd","operationId":"igbushhpfym1qnt","timestamp":1681364429232,"id":"j45uz4ij2kxljmm","previousEventId":"2d2bhdwuozkhhh3","previousOperationId":"igbushhpfym1qnt"}
{"type":"operationStart","subtype":"recipe","name":"chrome-pdf","timestamp":1681364429234,"id":"vrbb376xeeaptbs","previousEventId":"j45uz4ij2kxljmm","operationId":"0vx7mjo74g38up0","previousOperationId":"igbushhpfym1qnt"}
{"type":"log","timestamp":1681364429234,"level":"debug","message":"Executing recipe chrome-pdf","meta":{"rootId":"zem3dhv197b4koq","id":"zem3dhv197b4koq"},"id":"as1m2druhfoz630","previousOperationId":"0vx7mjo74g38up0"}
{"type":"log","timestamp":1681364430534,"level":"debug","message":"Converting with chrome HeadlessChrome/105.0.5173.0 using chrome-pool strategy","meta":{"rootId":"zem3dhv197b4koq","id":"zem3dhv197b4koq"},"id":"0o81y3nsouzjceo","previousOperationId":"0vx7mjo74g38up0"}
{"type":"log","timestamp":1681364430970,"level":"debug","message":"Page request: GET (document) file:///C:/Users/SACHIN~1/AppData/Local/Temp/jsreport/autocleanup/96bcf538-8d94-4057-80d1-e59433c2ef24-chrome-pdf.html","meta":{"rootId":"zem3dhv197b4koq","id":"zem3dhv197b4koq"},"id":"9nb2cjh9h1r23e1","previousOperationId":"0vx7mjo74g38up0"}
{"type":"log","timestamp":1681364430987,"level":"debug","message":"Page request finished: GET (document) 200 file:///C:/Users/SACHIN~1/AppData/Local/Temp/jsreport/autocleanup/96bcf538-8d94-4057-80d1-e59433c2ef24-chrome-pdf.html","meta":{"rootId":"zem3dhv197b4koq","id":"zem3dhv197b4koq"},"id":"29idpmqryl4q7cq","previousOperationId":"0vx7mjo74g38up0"}
{"type":"log","timestamp":1681364430992,"level":"debug","message":"Page request: GET (stylesheet) https://stackpath.bootstrapcdn.com/bootstrap/4.4.1/css/bootstrap.min.css","meta":{"rootId":"zem3dhv197b4koq","id":"zem3dhv197b4koq"},"id":"ilt8vyt17zf82kf","previousOperationId":"0vx7mjo74g38up0"}
{"type":"log","timestamp":1681364430994,"level":"debug","message":"Page request: GET (image) https://assets-global.website-files.com/5ca4d1fd374efbecd845739f/611be296e1ecb589c495418a_JAS%20and%20Greencarrier.png","meta":{"rootId":"zem3dhv197b4koq","id":"zem3dhv197b4koq"},"id":"dq4w14qns9hihnq","previousOperationId":"0vx7mjo74g38up0"}
{"type":"log","timestamp":1681364434760,"level":"debug","message":"Page request finished: GET (image) 200 https://assets-global.website-files.com/5ca4d1fd374efbecd845739f/611be296e1ecb589c495418a_JAS%20and%20Greencarrier.png","meta":{"rootId":"zem3dhv197b4koq","id":"zem3dhv197b4koq"},"id":"e521bd0ejzgw92x","previousOperationId":"0vx7mjo74g38up0"}
{"type":"log","timestamp":1681364435058,"level":"debug","message":"Page request finished: GET (stylesheet) 200 https://stackpath.bootstrapcdn.com/bootstrap/4.4.1/css/bootstrap.min.css","meta":{"rootId":"zem3dhv197b4koq","id":"zem3dhv197b4koq"},"id":"9u58ih5jn2i4l4o","previousOperationId":"0vx7mjo74g38up0"}
{"type":"log","timestamp":1681364435161,"level":"debug","message":"Running chrome with params {\"timeout\":58606,\"margin\":{},\"printBackground\":true}","meta":{"rootId":"zem3dhv197b4koq","id":"zem3dhv197b4koq"},"id":"4idsr524s5bswkt","previousOperationId":"0vx7mjo74g38up0"}
{"type":"operationEnd","operationId":"0vx7mjo74g38up0","timestamp":1681364435474,"id":"xtkp3i78o5q68qq","previousEventId":"vrbb376xeeaptbs","previousOperationId":"0vx7mjo74g38up0"}
{"type":"log","timestamp":1681364435475,"level":"debug","message":"Skipping storing report.","meta":{"rootId":"zem3dhv197b4koq","id":"zem3dhv197b4koq"},"id":"a357aavtcc58qex","previousOperationId":"0vx7mjo74g38up0"}
{"type":"log","timestamp":1681364435475,"level":"info","message":"Rendering request 1 finished in 7429 ms","meta":{"rootId":"zem3dhv197b4koq","id":"zem3dhv197b4koq"},"id":"5rek81s53u57y8o","previousOperationId":"0vx7mjo74g38up0"}
{"type":"operationEnd","subtype":"render","operationId":"ph147xp8y01xp9w","timestamp":1681364435476,"id":"1tey171f4o315p6","previousEventId":"xtkp3i78o5q68qq","previousOperationId":"0vx7mjo74g38up0"}
{"type":"operationEnd","doDiffs":false,"previousEventId":"7m1df05a8eskbkz","previousOperationId":"7dxxbeqxfwj013p","operationId":"7dxxbeqxfwj013p","timestamp":1681364435479,"id":"vrs4x6a4kkzxlue"}
