{"type":"operationStart","subtype":"profile","data":{"_id":"lxyOwQEZebEZYuhW","timestamp":"2023-04-13T06:12:42.820Z","state":"queued","mode":"standard","timeout":60000,"creationDate":"2023-04-13T06:12:42.823Z","modificationDate":"2023-04-13T06:12:42.823Z","shortid":"KrLHzEQ","$entitySet":"profiles"},"doDiffs":false,"timestamp":1681366362821,"id":"kkxigrz0wvts5by","previousOperationId":null,"operationId":"6xsr858gxy36mei"}
{"type":"log","level":"info","message":"Render request 1 queued for execution and waiting for available worker","previousOperationId":"6xsr858gxy36mei","timestamp":1681366362822,"id":"zn9a2zfl88vizur"}
{"type":"operationStart","subtype":"render","name":"anonymous","previousOperationId":"6xsr858gxy36mei","timestamp":1681366362838,"id":"jai8vbmfvse68tb","previousEventId":"kkxigrz0wvts5by","operationId":"ybx0n94ahz6olw7"}
{"type":"log","timestamp":1681366362840,"level":"info","message":"Starting rendering request 1","meta":{"rootId":"zi2u2r13mbp7qaw","id":"zi2u2r13mbp7qaw"},"id":"9n2fmjg7w98kwxk","previousOperationId":"ybx0n94ahz6olw7"}
{"type":"log","timestamp":1681366362843,"level":"info","message":"Rendering anonymous template { recipe: chrome-pdf, engine: handlebars }","meta":{"rootId":"zi2u2r13mbp7qaw","id":"zi2u2r13mbp7qaw"},"id":"6ms9t854sdzvt4d","previousOperationId":"ybx0n94ahz6olw7"}
{"type":"log","timestamp":1681366362843,"level":"debug","message":"Inline data specified.","meta":{"rootId":"zi2u2r13mbp7qaw","id":"zi2u2r13mbp7qaw"},"id":"eyxgyz00ka91wlx","previousOperationId":"ybx0n94ahz6olw7"}
{"type":"log","timestamp":1681366362851,"level":"debug","message":"Base url not specified, skipping its injection.","meta":{"rootId":"zi2u2r13mbp7qaw","id":"zi2u2r13mbp7qaw"},"id":"wfwvqemdwp40xfm","previousOperationId":"ybx0n94ahz6olw7"}
{"type":"operationStart","subtype":"engine","name":"handlebars","timestamp":1681366362853,"id":"rsxa9uspvu5rw6r","previousEventId":"jai8vbmfvse68tb","operationId":"2u6nd9qnbwqab5r","previousOperationId":"ybx0n94ahz6olw7"}
{"type":"log","timestamp":1681366362853,"level":"debug","message":"Rendering engine handlebars","meta":{"rootId":"zi2u2r13mbp7qaw","id":"zi2u2r13mbp7qaw"},"id":"3fw43y4914a0q8q","previousOperationId":"2u6nd9qnbwqab5r"}
{"type":"operationEnd","operationId":"2u6nd9qnbwqab5r","timestamp":1681366363636,"id":"jeaj2pu06eu7woy","previousEventId":"rsxa9uspvu5rw6r","previousOperationId":"2u6nd9qnbwqab5r"}
{"type":"operationStart","subtype":"recipe","name":"chrome-pdf","timestamp":1681366363637,"id":"qyipwkb9kv8yie9","previousEventId":"jeaj2pu06eu7woy","operationId":"58yg6qmxhrwpexi","previousOperationId":"2u6nd9qnbwqab5r"}
{"type":"log","timestamp":1681366363637,"level":"debug","message":"Executing recipe chrome-pdf","meta":{"rootId":"zi2u2r13mbp7qaw","id":"zi2u2r13mbp7qaw"},"id":"9n562dd1j26n3xz","previousOperationId":"58yg6qmxhrwpexi"}
{"type":"log","timestamp":1681366364148,"level":"debug","message":"Converting with chrome HeadlessChrome/105.0.5173.0 using chrome-pool strategy","meta":{"rootId":"zi2u2r13mbp7qaw","id":"zi2u2r13mbp7qaw"},"id":"juho7fz3mwnd6f8","previousOperationId":"58yg6qmxhrwpexi"}
{"type":"log","timestamp":1681366364269,"level":"debug","message":"Page request: GET (document) file:///C:/Users/SACHIN~1/AppData/Local/Temp/jsreport/autocleanup/dde99043-70c8-4230-9b78-a29c7b29499c-chrome-pdf.html","meta":{"rootId":"zi2u2r13mbp7qaw","id":"zi2u2r13mbp7qaw"},"id":"fhe9anyml8azlo7","previousOperationId":"58yg6qmxhrwpexi"}
{"type":"log","timestamp":1681366364284,"level":"debug","message":"Page request finished: GET (document) 200 file:///C:/Users/SACHIN~1/AppData/Local/Temp/jsreport/autocleanup/dde99043-70c8-4230-9b78-a29c7b29499c-chrome-pdf.html","meta":{"rootId":"zi2u2r13mbp7qaw","id":"zi2u2r13mbp7qaw"},"id":"rbt9clskpr0j28s","previousOperationId":"58yg6qmxhrwpexi"}
{"type":"log","timestamp":1681366364284,"level":"debug","message":"Page request: GET (stylesheet) https://stackpath.bootstrapcdn.com/bootstrap/4.4.1/css/bootstrap.min.css","meta":{"rootId":"zi2u2r13mbp7qaw","id":"zi2u2r13mbp7qaw"},"id":"vk2hftvavcd481o","previousOperationId":"58yg6qmxhrwpexi"}
{"type":"log","timestamp":1681366364285,"level":"debug","message":"Page request: GET (image) https://assets-global.website-files.com/5ca4d1fd374efbecd845739f/611be296e1ecb589c495418a_JAS%20and%20Greencarrier.png","meta":{"rootId":"zi2u2r13mbp7qaw","id":"zi2u2r13mbp7qaw"},"id":"mtah50vm1ikx02o","previousOperationId":"58yg6qmxhrwpexi"}
{"type":"log","timestamp":1681366367511,"level":"debug","message":"Page request finished: GET (image) 200 https://assets-global.website-files.com/5ca4d1fd374efbecd845739f/611be296e1ecb589c495418a_JAS%20and%20Greencarrier.png","meta":{"rootId":"zi2u2r13mbp7qaw","id":"zi2u2r13mbp7qaw"},"id":"savub3z96f845jg","previousOperationId":"58yg6qmxhrwpexi"}
{"type":"log","timestamp":1681366367621,"level":"debug","message":"Page request finished: GET (stylesheet) 200 https://stackpath.bootstrapcdn.com/bootstrap/4.4.1/css/bootstrap.min.css","meta":{"rootId":"zi2u2r13mbp7qaw","id":"zi2u2r13mbp7qaw"},"id":"o3z8l5nzq6n1zxg","previousOperationId":"58yg6qmxhrwpexi"}
{"type":"log","timestamp":1681366367745,"level":"debug","message":"Running chrome with params {\"timeout\":59043,\"margin\":{},\"printBackground\":true}","meta":{"rootId":"zi2u2r13mbp7qaw","id":"zi2u2r13mbp7qaw"},"id":"5wk0ohu7r0plfy9","previousOperationId":"58yg6qmxhrwpexi"}
{"type":"operationEnd","operationId":"58yg6qmxhrwpexi","timestamp":1681366368028,"id":"gqoorh5imkhdne0","previousEventId":"qyipwkb9kv8yie9","previousOperationId":"58yg6qmxhrwpexi"}
{"type":"log","timestamp":1681366368029,"level":"debug","message":"Skipping storing report.","meta":{"rootId":"zi2u2r13mbp7qaw","id":"zi2u2r13mbp7qaw"},"id":"l99tmqte6syveuf","previousOperationId":"58yg6qmxhrwpexi"}
{"type":"log","timestamp":1681366368029,"level":"info","message":"Rendering request 1 finished in 5210 ms","meta":{"rootId":"zi2u2r13mbp7qaw","id":"zi2u2r13mbp7qaw"},"id":"v80usi8jnjy6j85","previousOperationId":"58yg6qmxhrwpexi"}
{"type":"operationEnd","subtype":"render","operationId":"ybx0n94ahz6olw7","timestamp":1681366368029,"id":"j6gnkvk7nbwpjqr","previousEventId":"gqoorh5imkhdne0","previousOperationId":"58yg6qmxhrwpexi"}
{"type":"operationEnd","doDiffs":false,"previousEventId":"kkxigrz0wvts5by","previousOperationId":"6xsr858gxy36mei","operationId":"6xsr858gxy36mei","timestamp":1681366368033,"id":"ja6872oh9oxh3sx"}
