{"type":"operationStart","subtype":"profile","data":{"_id":"iFNnCpU89QlQePZa","timestamp":"2023-05-16T06:44:45.996Z","state":"queued","mode":"standard","timeout":60000,"creationDate":"2023-05-16T06:44:46.003Z","modificationDate":"2023-05-16T06:44:46.003Z","shortid":"Ms2Iqto","$entitySet":"profiles"},"doDiffs":false,"timestamp":1684219486001,"id":"x42ulb8lbnillh2","previousOperationId":null,"operationId":"3vb64w8qcb1qjdr"}
{"type":"log","level":"info","message":"Render request 1 queued for execution and waiting for available worker","previousOperationId":"3vb64w8qcb1qjdr","timestamp":1684219486001,"id":"wlt47sdx5xx6uk9"}
{"type":"operationStart","subtype":"render","name":"anonymous","previousOperationId":"3vb64w8qcb1qjdr","timestamp":1684219486019,"id":"ofmi8lnt52sins6","previousEventId":"x42ulb8lbnillh2","operationId":"23hg3plnbmfw7zr"}
{"type":"log","timestamp":1684219486021,"level":"info","message":"Starting rendering request 1","meta":{"rootId":"zjzh4me1u9wh6jw","id":"zjzh4me1u9wh6jw"},"id":"ih0srgf856eqieq","previousOperationId":"23hg3plnbmfw7zr"}
{"type":"log","timestamp":1684219486023,"level":"info","message":"Rendering anonymous template { recipe: chrome-pdf, engine: handlebars }","meta":{"rootId":"zjzh4me1u9wh6jw","id":"zjzh4me1u9wh6jw"},"id":"pc3bypzrmn70xsc","previousOperationId":"23hg3plnbmfw7zr"}
{"type":"log","timestamp":1684219486024,"level":"debug","message":"Inline data specified.","meta":{"rootId":"zjzh4me1u9wh6jw","id":"zjzh4me1u9wh6jw"},"id":"4cw9a1ynjs3z216","previousOperationId":"23hg3plnbmfw7zr"}
{"type":"log","timestamp":1684219486028,"level":"debug","message":"Base url not specified, skipping its injection.","meta":{"rootId":"zjzh4me1u9wh6jw","id":"zjzh4me1u9wh6jw"},"id":"2982cmhf0yah9op","previousOperationId":"23hg3plnbmfw7zr"}
{"type":"operationStart","subtype":"engine","name":"handlebars","timestamp":1684219486030,"id":"623pw66niawnvab","previousEventId":"ofmi8lnt52sins6","operationId":"m6l24n2wa2wuge1","previousOperationId":"23hg3plnbmfw7zr"}
{"type":"log","timestamp":1684219486030,"level":"debug","message":"Rendering engine handlebars","meta":{"rootId":"zjzh4me1u9wh6jw","id":"zjzh4me1u9wh6jw"},"id":"13ofrzujsnl1zos","previousOperationId":"m6l24n2wa2wuge1"}
{"type":"operationEnd","operationId":"m6l24n2wa2wuge1","timestamp":1684219487323,"id":"9d0b8xfxym4hn0b","previousEventId":"623pw66niawnvab","previousOperationId":"m6l24n2wa2wuge1"}
{"type":"operationStart","subtype":"recipe","name":"chrome-pdf","timestamp":1684219487324,"id":"gb7s1cglphqyti7","previousEventId":"9d0b8xfxym4hn0b","operationId":"zmdxpu2fo6vnnau","previousOperationId":"m6l24n2wa2wuge1"}
{"type":"log","timestamp":1684219487324,"level":"debug","message":"Executing recipe chrome-pdf","meta":{"rootId":"zjzh4me1u9wh6jw","id":"zjzh4me1u9wh6jw"},"id":"ff2qfo22wcqa691","previousOperationId":"zmdxpu2fo6vnnau"}
{"type":"log","timestamp":1684219488118,"level":"debug","message":"Converting with chrome HeadlessChrome/105.0.5173.0 using chrome-pool strategy","meta":{"rootId":"zjzh4me1u9wh6jw","id":"zjzh4me1u9wh6jw"},"id":"m1xgsa0ct54dic1","previousOperationId":"zmdxpu2fo6vnnau"}
{"type":"log","timestamp":1684219489848,"level":"debug","message":"Page request: GET (document) file:///C:/Users/hp/AppData/Local/Temp/jsreport/autocleanup/b7776def-f311-4797-9654-4fb45cfd0d8b-chrome-pdf.html","meta":{"rootId":"zjzh4me1u9wh6jw","id":"zjzh4me1u9wh6jw"},"id":"8uab2cmjtudrapx","previousOperationId":"zmdxpu2fo6vnnau"}
{"type":"log","timestamp":1684219489863,"level":"debug","message":"Page request finished: GET (document) 200 file:///C:/Users/hp/AppData/Local/Temp/jsreport/autocleanup/b7776def-f311-4797-9654-4fb45cfd0d8b-chrome-pdf.html","meta":{"rootId":"zjzh4me1u9wh6jw","id":"zjzh4me1u9wh6jw"},"id":"13m7enhc7j712ph","previousOperationId":"zmdxpu2fo6vnnau"}
{"type":"log","timestamp":1684219489920,"level":"debug","message":"Running chrome with params {\"timeout\":58430,\"margin\":{},\"printBackground\":true}","meta":{"rootId":"zjzh4me1u9wh6jw","id":"zjzh4me1u9wh6jw"},"id":"u37vt48c7bmrx4p","previousOperationId":"zmdxpu2fo6vnnau"}
{"type":"operationEnd","operationId":"zmdxpu2fo6vnnau","timestamp":1684219490099,"id":"5ghsdw59gtt0kbr","previousEventId":"gb7s1cglphqyti7","previousOperationId":"zmdxpu2fo6vnnau"}
{"type":"log","timestamp":1684219490100,"level":"debug","message":"Skipping storing report.","meta":{"rootId":"zjzh4me1u9wh6jw","id":"zjzh4me1u9wh6jw"},"id":"5xeosvjqtgpssnp","previousOperationId":"zmdxpu2fo6vnnau"}
{"type":"log","timestamp":1684219490101,"level":"info","message":"Rendering request 1 finished in 4106 ms","meta":{"rootId":"zjzh4me1u9wh6jw","id":"zjzh4me1u9wh6jw"},"id":"rsofnl12c7mqggc","previousOperationId":"zmdxpu2fo6vnnau"}
{"type":"operationEnd","subtype":"render","operationId":"23hg3plnbmfw7zr","timestamp":1684219490101,"id":"nrvc58iqv83fgtm","previousEventId":"5ghsdw59gtt0kbr","previousOperationId":"zmdxpu2fo6vnnau"}
{"type":"operationEnd","doDiffs":false,"previousEventId":"x42ulb8lbnillh2","previousOperationId":"3vb64w8qcb1qjdr","operationId":"3vb64w8qcb1qjdr","timestamp":1684219490104,"id":"kxfawy35hcaekhl"}
