{"type":"operationStart","subtype":"profile","data":{"_id":"Jl0kvmPYsjzHPGnD","timestamp":"2023-04-18T13:47:52.083Z","state":"queued","mode":"standard","timeout":60000,"creationDate":"2023-04-18T13:47:52.088Z","modificationDate":"2023-04-18T13:47:52.088Z","shortid":"u_JWuUr","$entitySet":"profiles"},"doDiffs":false,"timestamp":1681825672086,"id":"8opd5jgptxfwr2c","previousOperationId":null,"operationId":"034ufmc2bnglawm"}
{"type":"log","level":"info","message":"Render request 8 queued for execution and waiting for available worker","previousOperationId":"034ufmc2bnglawm","timestamp":1681825672086,"id":"pex4ytvzs2ag106"}
{"type":"operationStart","subtype":"render","name":"anonymous","previousOperationId":"034ufmc2bnglawm","timestamp":1681825672095,"id":"ecrc9hacfiyrqoy","previousEventId":"8opd5jgptxfwr2c","operationId":"rwvdi1yj3twozsn"}
{"type":"log","timestamp":1681825672095,"level":"info","message":"Starting rendering request 8","meta":{"rootId":"zlq8pn9e3e13nog","id":"zlq8pn9e3e13nog"},"id":"u8aeo2yb9tgtcws","previousOperationId":"rwvdi1yj3twozsn"}
{"type":"log","timestamp":1681825672095,"level":"info","message":"Rendering anonymous template { recipe: chrome-pdf, engine: handlebars }","meta":{"rootId":"zlq8pn9e3e13nog","id":"zlq8pn9e3e13nog"},"id":"tb2q7862iibg4tm","previousOperationId":"rwvdi1yj3twozsn"}
{"type":"log","timestamp":1681825672096,"level":"debug","message":"Inline data specified.","meta":{"rootId":"zlq8pn9e3e13nog","id":"zlq8pn9e3e13nog"},"id":"hgsovuvp4089ew8","previousOperationId":"rwvdi1yj3twozsn"}
{"type":"log","timestamp":1681825672099,"level":"debug","message":"Base url not specified, skipping its injection.","meta":{"rootId":"zlq8pn9e3e13nog","id":"zlq8pn9e3e13nog"},"id":"gygibmchsrfzpn5","previousOperationId":"rwvdi1yj3twozsn"}
{"type":"operationStart","subtype":"engine","name":"handlebars","timestamp":1681825672100,"id":"lgpeo9bc45yk3tw","previousEventId":"ecrc9hacfiyrqoy","operationId":"ibjs4gujfzxu3vl","previousOperationId":"rwvdi1yj3twozsn"}
{"type":"log","timestamp":1681825672100,"level":"debug","message":"Rendering engine handlebars","meta":{"rootId":"zlq8pn9e3e13nog","id":"zlq8pn9e3e13nog"},"id":"scjty0xz0s5cbho","previousOperationId":"ibjs4gujfzxu3vl"}
{"type":"operationEnd","operationId":"ibjs4gujfzxu3vl","timestamp":1681825672119,"id":"f61lk47fkrn1dfy","previousEventId":"lgpeo9bc45yk3tw","previousOperationId":"ibjs4gujfzxu3vl"}
{"type":"operationStart","subtype":"recipe","name":"chrome-pdf","timestamp":1681825672120,"id":"i61y8x3jqq91kpw","previousEventId":"f61lk47fkrn1dfy","operationId":"34g8vfq34zvoce3","previousOperationId":"ibjs4gujfzxu3vl"}
{"type":"log","timestamp":1681825672120,"level":"debug","message":"Executing recipe chrome-pdf","meta":{"rootId":"zlq8pn9e3e13nog","id":"zlq8pn9e3e13nog"},"id":"v54ja8mdcvpt4a7","previousOperationId":"34g8vfq34zvoce3"}
{"type":"log","timestamp":1681825672124,"level":"debug","message":"Converting with chrome HeadlessChrome/105.0.5173.0 using chrome-pool strategy","meta":{"rootId":"zlq8pn9e3e13nog","id":"zlq8pn9e3e13nog"},"id":"imkiq409p2s3zkq","previousOperationId":"34g8vfq34zvoce3"}
{"type":"log","timestamp":1681825672304,"level":"debug","message":"Page request: GET (document) file:///C:/Users/SACHIN~1/AppData/Local/Temp/jsreport/autocleanup/033c2724-58db-43aa-adbd-263a4202b672-chrome-pdf.html","meta":{"rootId":"zlq8pn9e3e13nog","id":"zlq8pn9e3e13nog"},"id":"45iww6wuiejpbh6","previousOperationId":"34g8vfq34zvoce3"}
{"type":"log","timestamp":1681825672315,"level":"debug","message":"Page request finished: GET (document) 200 file:///C:/Users/SACHIN~1/AppData/Local/Temp/jsreport/autocleanup/033c2724-58db-43aa-adbd-263a4202b672-chrome-pdf.html","meta":{"rootId":"zlq8pn9e3e13nog","id":"zlq8pn9e3e13nog"},"id":"njdkcr72htkey47","previousOperationId":"34g8vfq34zvoce3"}
{"type":"log","timestamp":1681825672315,"level":"debug","message":"Page request: GET (stylesheet) https://stackpath.bootstrapcdn.com/bootstrap/4.4.1/css/bootstrap.min.css","meta":{"rootId":"zlq8pn9e3e13nog","id":"zlq8pn9e3e13nog"},"id":"z6qg0ba41vegzye","previousOperationId":"34g8vfq34zvoce3"}
{"type":"log","timestamp":1681825672316,"level":"debug","message":"Page request: GET (image) https://assets-global.website-files.com/5ca4d1fd374efbecd845739f/611be296e1ecb589c495418a_JAS%20and%20Greencarrier.png","meta":{"rootId":"zlq8pn9e3e13nog","id":"zlq8pn9e3e13nog"},"id":"9mudyf7mmugqfwu","previousOperationId":"34g8vfq34zvoce3"}
{"type":"log","timestamp":1681825672322,"level":"debug","message":"Page request finished: GET (image) 200 https://assets-global.website-files.com/5ca4d1fd374efbecd845739f/611be296e1ecb589c495418a_JAS%20and%20Greencarrier.png","meta":{"rootId":"zlq8pn9e3e13nog","id":"zlq8pn9e3e13nog"},"id":"kmx38a5oibzt5gx","previousOperationId":"34g8vfq34zvoce3"}
{"type":"log","timestamp":1681825672328,"level":"debug","message":"Page request finished: GET (stylesheet) 200 https://stackpath.bootstrapcdn.com/bootstrap/4.4.1/css/bootstrap.min.css","meta":{"rootId":"zlq8pn9e3e13nog","id":"zlq8pn9e3e13nog"},"id":"8jnyxqnuocojzyn","previousOperationId":"34g8vfq34zvoce3"}
{"type":"log","timestamp":1681825672439,"level":"debug","message":"Running chrome with params {\"timeout\":59961,\"margin\":{},\"printBackground\":true}","meta":{"rootId":"zlq8pn9e3e13nog","id":"zlq8pn9e3e13nog"},"id":"ki0vmf7ug1ddtdp","previousOperationId":"34g8vfq34zvoce3"}
{"type":"operationEnd","operationId":"34g8vfq34zvoce3","timestamp":1681825672821,"id":"qznj6ih984m4h3h","previousEventId":"i61y8x3jqq91kpw","previousOperationId":"34g8vfq34zvoce3"}
{"type":"log","timestamp":1681825672821,"level":"debug","message":"Skipping storing report.","meta":{"rootId":"zlq8pn9e3e13nog","id":"zlq8pn9e3e13nog"},"id":"gx030utgj451is5","previousOperationId":"34g8vfq34zvoce3"}
{"type":"log","timestamp":1681825672821,"level":"info","message":"Rendering request 8 finished in 738 ms","meta":{"rootId":"zlq8pn9e3e13nog","id":"zlq8pn9e3e13nog"},"id":"sdkgtrcda32xgbt","previousOperationId":"34g8vfq34zvoce3"}
{"type":"operationEnd","subtype":"render","operationId":"rwvdi1yj3twozsn","timestamp":1681825672821,"id":"ujxe36rch11aiml","previousEventId":"qznj6ih984m4h3h","previousOperationId":"34g8vfq34zvoce3"}
{"type":"operationEnd","doDiffs":false,"previousEventId":"8opd5jgptxfwr2c","previousOperationId":"034ufmc2bnglawm","operationId":"034ufmc2bnglawm","timestamp":1681825672825,"id":"m6pos30vadng9hz"}
