{"type":"operationStart","subtype":"profile","data":{"_id":"vxvyGQG3UX8q4R3w","timestamp":"2023-04-27T20:49:51.991Z","state":"queued","mode":"standard","timeout":60000,"creationDate":"2023-04-27T20:49:51.993Z","modificationDate":"2023-04-27T20:49:51.993Z","shortid":"iRLfgxV","$entitySet":"profiles"},"doDiffs":false,"timestamp":1682628591993,"id":"rgfpcasq1xxk3hh","previousOperationId":null,"operationId":"w2k4zltsu5x8gxp"}
{"type":"log","level":"info","message":"Render request 1 queued for execution and waiting for available worker","previousOperationId":"w2k4zltsu5x8gxp","timestamp":1682628591993,"id":"mu21hiwqsibw2m6"}
{"type":"operationStart","subtype":"render","name":"anonymous","previousOperationId":"w2k4zltsu5x8gxp","timestamp":1682628592005,"id":"xpeo91e7jzsaszt","previousEventId":"rgfpcasq1xxk3hh","operationId":"y1ezui2nynoo5t8"}
{"type":"log","timestamp":1682628592006,"level":"info","message":"Starting rendering request 1","meta":{"rootId":"zq2dxqp7keqnyrk","id":"zq2dxqp7keqnyrk"},"id":"9efawaf7j8tuler","previousOperationId":"y1ezui2nynoo5t8"}
{"type":"log","timestamp":1682628592007,"level":"info","message":"Rendering anonymous template { recipe: chrome-pdf, engine: handlebars }","meta":{"rootId":"zq2dxqp7keqnyrk","id":"zq2dxqp7keqnyrk"},"id":"s4n379v1gth5dua","previousOperationId":"y1ezui2nynoo5t8"}
{"type":"log","timestamp":1682628592007,"level":"debug","message":"Inline data specified.","meta":{"rootId":"zq2dxqp7keqnyrk","id":"zq2dxqp7keqnyrk"},"id":"wygoos90vrqbj1b","previousOperationId":"y1ezui2nynoo5t8"}
{"type":"log","timestamp":1682628592011,"level":"debug","message":"Base url not specified, skipping its injection.","meta":{"rootId":"zq2dxqp7keqnyrk","id":"zq2dxqp7keqnyrk"},"id":"m5jwn7j2xxyz3dc","previousOperationId":"y1ezui2nynoo5t8"}
{"type":"operationStart","subtype":"engine","name":"handlebars","timestamp":1682628592012,"id":"hcnxzkwr8xj5f3d","previousEventId":"xpeo91e7jzsaszt","operationId":"xkgigg9whg2nadh","previousOperationId":"y1ezui2nynoo5t8"}
{"type":"log","timestamp":1682628592012,"level":"debug","message":"Rendering engine handlebars","meta":{"rootId":"zq2dxqp7keqnyrk","id":"zq2dxqp7keqnyrk"},"id":"wqi24dlzx3ou7gl","previousOperationId":"xkgigg9whg2nadh"}
{"type":"operationEnd","operationId":"xkgigg9whg2nadh","timestamp":1682628592828,"id":"a9u9wtdej2eq2zj","previousEventId":"hcnxzkwr8xj5f3d","previousOperationId":"xkgigg9whg2nadh"}
{"type":"operationStart","subtype":"recipe","name":"chrome-pdf","timestamp":1682628592829,"id":"pcuwnqhsjqgtgcz","previousEventId":"a9u9wtdej2eq2zj","operationId":"maiw5yofo36zqt0","previousOperationId":"xkgigg9whg2nadh"}
{"type":"log","timestamp":1682628592829,"level":"debug","message":"Executing recipe chrome-pdf","meta":{"rootId":"zq2dxqp7keqnyrk","id":"zq2dxqp7keqnyrk"},"id":"e51di5lh9w3wgpj","previousOperationId":"maiw5yofo36zqt0"}
{"type":"log","timestamp":1682628593197,"level":"debug","message":"Converting with chrome HeadlessChrome/105.0.5173.0 using chrome-pool strategy","meta":{"rootId":"zq2dxqp7keqnyrk","id":"zq2dxqp7keqnyrk"},"id":"h89sm9eiywy8ajt","previousOperationId":"maiw5yofo36zqt0"}
{"type":"log","timestamp":1682628593340,"level":"debug","message":"Page request: GET (document) file:///C:/Users/SACHIN~1/AppData/Local/Temp/jsreport/autocleanup/71a457cd-f858-4c56-bd7b-d9597551e680-chrome-pdf.html","meta":{"rootId":"zq2dxqp7keqnyrk","id":"zq2dxqp7keqnyrk"},"id":"kphnx3balyaizb3","previousOperationId":"maiw5yofo36zqt0"}
{"type":"log","timestamp":1682628593349,"level":"debug","message":"Page request finished: GET (document) 200 file:///C:/Users/SACHIN~1/AppData/Local/Temp/jsreport/autocleanup/71a457cd-f858-4c56-bd7b-d9597551e680-chrome-pdf.html","meta":{"rootId":"zq2dxqp7keqnyrk","id":"zq2dxqp7keqnyrk"},"id":"lru9ffutvrqf238","previousOperationId":"maiw5yofo36zqt0"}
{"type":"log","timestamp":1682628593350,"level":"debug","message":"Page request: GET (stylesheet) https://stackpath.bootstrapcdn.com/bootstrap/4.4.1/css/bootstrap.min.css","meta":{"rootId":"zq2dxqp7keqnyrk","id":"zq2dxqp7keqnyrk"},"id":"fp61vy3xbgqjb0m","previousOperationId":"maiw5yofo36zqt0"}
{"type":"log","timestamp":1682628593350,"level":"debug","message":"Page request: GET (image) https://assets-global.website-files.com/5ca4d1fd374efbecd845739f/611be296e1ecb589c495418a_JAS%20and%20Greencarrier.png","meta":{"rootId":"zq2dxqp7keqnyrk","id":"zq2dxqp7keqnyrk"},"id":"oa546b8zhivcy29","previousOperationId":"maiw5yofo36zqt0"}
{"type":"log","timestamp":1682628595802,"level":"debug","message":"Page request finished: GET (image) 200 https://assets-global.website-files.com/5ca4d1fd374efbecd845739f/611be296e1ecb589c495418a_JAS%20and%20Greencarrier.png","meta":{"rootId":"zq2dxqp7keqnyrk","id":"zq2dxqp7keqnyrk"},"id":"3uo72vnopq7a098","previousOperationId":"maiw5yofo36zqt0"}
{"type":"log","timestamp":1682628595994,"level":"debug","message":"Page request finished: GET (stylesheet) 200 https://stackpath.bootstrapcdn.com/bootstrap/4.4.1/css/bootstrap.min.css","meta":{"rootId":"zq2dxqp7keqnyrk","id":"zq2dxqp7keqnyrk"},"id":"1tt121872exc1u3","previousOperationId":"maiw5yofo36zqt0"}
{"type":"log","timestamp":1682628596054,"level":"debug","message":"Running chrome with params {\"timeout\":59058,\"margin\":{},\"printBackground\":true}","meta":{"rootId":"zq2dxqp7keqnyrk","id":"zq2dxqp7keqnyrk"},"id":"ibfxhw01jh03z6n","previousOperationId":"maiw5yofo36zqt0"}
{"type":"operationEnd","operationId":"maiw5yofo36zqt0","timestamp":1682628596231,"id":"nuf4d3hz7a0ncuh","previousEventId":"pcuwnqhsjqgtgcz","previousOperationId":"maiw5yofo36zqt0"}
{"type":"log","timestamp":1682628596231,"level":"debug","message":"Skipping storing report.","meta":{"rootId":"zq2dxqp7keqnyrk","id":"zq2dxqp7keqnyrk"},"id":"r0447vc7x4tbnvg","previousOperationId":"maiw5yofo36zqt0"}
{"type":"log","timestamp":1682628596232,"level":"info","message":"Rendering request 1 finished in 4241 ms","meta":{"rootId":"zq2dxqp7keqnyrk","id":"zq2dxqp7keqnyrk"},"id":"fho84sjr0kze4gw","previousOperationId":"maiw5yofo36zqt0"}
{"type":"operationEnd","subtype":"render","operationId":"y1ezui2nynoo5t8","timestamp":1682628596232,"id":"bh6g5vmeekjnh0y","previousEventId":"nuf4d3hz7a0ncuh","previousOperationId":"maiw5yofo36zqt0"}
{"type":"operationEnd","doDiffs":false,"previousEventId":"rgfpcasq1xxk3hh","previousOperationId":"w2k4zltsu5x8gxp","operationId":"w2k4zltsu5x8gxp","timestamp":1682628596234,"id":"lwq572a4ldnsk82"}
