{"type":"operationStart","subtype":"profile","data":{"_id":"hEwDEWIDmVn97cIT","timestamp":"2023-04-13T05:26:28.899Z","state":"queued","mode":"standard","timeout":60000,"creationDate":"2023-04-13T05:26:28.906Z","modificationDate":"2023-04-13T05:26:28.906Z","shortid":"VDi8mKO","$entitySet":"profiles"},"doDiffs":false,"timestamp":1681363588904,"id":"q89hxa00sdrlke0","previousOperationId":null,"operationId":"1fi7tliqoacveyc"}
{"type":"log","level":"info","message":"Render request 1 queued for execution and waiting for available worker","previousOperationId":"1fi7tliqoacveyc","timestamp":1681363588905,"id":"dzlp720m5zrbmfc"}
{"type":"operationStart","subtype":"render","name":"anonymous","previousOperationId":"1fi7tliqoacveyc","timestamp":1681363588954,"id":"90zfkzspvhyk7b2","previousEventId":"q89hxa00sdrlke0","operationId":"kap2vzjas7akhln"}
{"type":"log","timestamp":1681363588954,"level":"info","message":"Starting rendering request 1","meta":{"rootId":"zucu4lemyov75xc","id":"zucu4lemyov75xc"},"id":"oixqrwk65jz16zt","previousOperationId":"kap2vzjas7akhln"}
{"type":"log","timestamp":1681363588956,"level":"info","message":"Rendering anonymous template { recipe: chrome-pdf, engine: handlebars }","meta":{"rootId":"zucu4lemyov75xc","id":"zucu4lemyov75xc"},"id":"ydkqkprh01l93xt","previousOperationId":"kap2vzjas7akhln"}
{"type":"log","timestamp":1681363588956,"level":"debug","message":"Inline data specified.","meta":{"rootId":"zucu4lemyov75xc","id":"zucu4lemyov75xc"},"id":"xwcqx5cp5aj40ic","previousOperationId":"kap2vzjas7akhln"}
{"type":"log","timestamp":1681363588959,"level":"debug","message":"Base url not specified, skipping its injection.","meta":{"rootId":"zucu4lemyov75xc","id":"zucu4lemyov75xc"},"id":"qfcm78e2wwj5wuk","previousOperationId":"kap2vzjas7akhln"}
{"type":"operationStart","subtype":"engine","name":"handlebars","timestamp":1681363588960,"id":"qp1g9hdjyzpfoc5","previousEventId":"90zfkzspvhyk7b2","operationId":"53ld1vomt917pl8","previousOperationId":"kap2vzjas7akhln"}
{"type":"log","timestamp":1681363588960,"level":"debug","message":"Rendering engine handlebars","meta":{"rootId":"zucu4lemyov75xc","id":"zucu4lemyov75xc"},"id":"nwymkiov2j3lx0f","previousOperationId":"53ld1vomt917pl8"}
{"type":"operationEnd","operationId":"53ld1vomt917pl8","timestamp":1681363589517,"id":"ldhx8dtua8ztiuq","previousEventId":"qp1g9hdjyzpfoc5","previousOperationId":"53ld1vomt917pl8"}
{"type":"operationStart","subtype":"recipe","name":"chrome-pdf","timestamp":1681363589518,"id":"sy3205geprhx5e6","previousEventId":"ldhx8dtua8ztiuq","operationId":"cf1pite6dmhc3zk","previousOperationId":"53ld1vomt917pl8"}
{"type":"log","timestamp":1681363589518,"level":"debug","message":"Executing recipe chrome-pdf","meta":{"rootId":"zucu4lemyov75xc","id":"zucu4lemyov75xc"},"id":"vkdgw98013cc9am","previousOperationId":"cf1pite6dmhc3zk"}
{"type":"log","timestamp":1681363590664,"level":"debug","message":"Converting with chrome HeadlessChrome/105.0.5173.0 using chrome-pool strategy","meta":{"rootId":"zucu4lemyov75xc","id":"zucu4lemyov75xc"},"id":"4l819kn5ffbnwz8","previousOperationId":"cf1pite6dmhc3zk"}
{"type":"log","timestamp":1681363590813,"level":"debug","message":"Page request: GET (document) file:///C:/Users/SACHIN~1/AppData/Local/Temp/jsreport/autocleanup/b1eb11b2-217c-45d0-bf1c-ef62b739e0cf-chrome-pdf.html","meta":{"rootId":"zucu4lemyov75xc","id":"zucu4lemyov75xc"},"id":"e4njc574ujs4zb6","previousOperationId":"cf1pite6dmhc3zk"}
{"type":"log","timestamp":1681363590829,"level":"debug","message":"Page request finished: GET (document) 200 file:///C:/Users/SACHIN~1/AppData/Local/Temp/jsreport/autocleanup/b1eb11b2-217c-45d0-bf1c-ef62b739e0cf-chrome-pdf.html","meta":{"rootId":"zucu4lemyov75xc","id":"zucu4lemyov75xc"},"id":"gc4uurx4sgsyv9k","previousOperationId":"cf1pite6dmhc3zk"}
{"type":"log","timestamp":1681363590830,"level":"debug","message":"Page request: GET (stylesheet) https://stackpath.bootstrapcdn.com/bootstrap/4.4.1/css/bootstrap.min.css","meta":{"rootId":"zucu4lemyov75xc","id":"zucu4lemyov75xc"},"id":"xrjkqvjjra2flqi","previousOperationId":"cf1pite6dmhc3zk"}
{"type":"log","timestamp":1681363590831,"level":"debug","message":"Page request: GET (image) https://assets-global.website-files.com/5ca4d1fd374efbecd845739f/611be296e1ecb589c495418a_JAS%20and%20Greencarrier.png","meta":{"rootId":"zucu4lemyov75xc","id":"zucu4lemyov75xc"},"id":"dakyd67gdjnnj66","previousOperationId":"cf1pite6dmhc3zk"}
{"type":"log","timestamp":1681363592053,"level":"debug","message":"Page request finished: GET (stylesheet) 200 https://stackpath.bootstrapcdn.com/bootstrap/4.4.1/css/bootstrap.min.css","meta":{"rootId":"zucu4lemyov75xc","id":"zucu4lemyov75xc"},"id":"xhl44zvxruq95uh","previousOperationId":"cf1pite6dmhc3zk"}
{"type":"log","timestamp":1681363592094,"level":"debug","message":"Page request finished: GET (image) 200 https://assets-global.website-files.com/5ca4d1fd374efbecd845739f/611be296e1ecb589c495418a_JAS%20and%20Greencarrier.png","meta":{"rootId":"zucu4lemyov75xc","id":"zucu4lemyov75xc"},"id":"bi775ib5aiv22vi","previousOperationId":"cf1pite6dmhc3zk"}
{"type":"log","timestamp":1681363592097,"level":"debug","message":"Running chrome with params {\"timeout\":59228,\"margin\":{},\"printBackground\":true}","meta":{"rootId":"zucu4lemyov75xc","id":"zucu4lemyov75xc"},"id":"ykvoy1ptf4lwotr","previousOperationId":"cf1pite6dmhc3zk"}
{"type":"operationEnd","operationId":"cf1pite6dmhc3zk","timestamp":1681363592259,"id":"4zpwkw0b8tw09ym","previousEventId":"sy3205geprhx5e6","previousOperationId":"cf1pite6dmhc3zk"}
{"type":"log","timestamp":1681363592259,"level":"debug","message":"Skipping storing report.","meta":{"rootId":"zucu4lemyov75xc","id":"zucu4lemyov75xc"},"id":"7lxdlixcrokatx9","previousOperationId":"cf1pite6dmhc3zk"}
{"type":"log","timestamp":1681363592259,"level":"info","message":"Rendering request 1 finished in 3361 ms","meta":{"rootId":"zucu4lemyov75xc","id":"zucu4lemyov75xc"},"id":"cvkcv6wyzj1nscn","previousOperationId":"cf1pite6dmhc3zk"}
{"type":"operationEnd","subtype":"render","operationId":"kap2vzjas7akhln","timestamp":1681363592259,"id":"fettpa3661me8zy","previousEventId":"4zpwkw0b8tw09ym","previousOperationId":"cf1pite6dmhc3zk"}
{"type":"operationEnd","doDiffs":false,"previousEventId":"q89hxa00sdrlke0","previousOperationId":"1fi7tliqoacveyc","operationId":"1fi7tliqoacveyc","timestamp":1681363592262,"id":"beo09a9lawst2za"}
